SOLVERNAME,STD
BENCHNAME,/nfs/scratch/bzchartu/sat_comp_18/ex025_19.cnf
running lrb Bench '/nfs/scratch/bzchartu/sat_comp_18/ex025_19.cnf' on cumu01-02
WARNING! DIMACS header mismatch: wrong number of variables.
Command exited with non-zero status 20
	Command being timed: "/nfs/scratch/bzchartu/programs/maplechronobt_proof_analyze/sources/simp/glucose_release -det=lrb /nfs/scratch/bzchartu/sat_comp_18/ex025_19.cnf -cpu-lim=50000 -drup-file=/local_ssd/proof.drat"
	User time (seconds): 22470.32
	System time (seconds): 47.47
	Percent of CPU this job got: 99%
	Elapsed (wall clock) time (h:mm:ss or m:ss): 6:15:17
	Average shared text size (kbytes): 0
	Average unshared data size (kbytes): 0
	Average stack size (kbytes): 0
	Average total size (kbytes): 0
	Maximum resident set size (kbytes): 478328
	Average resident set size (kbytes): 0
	Major (requiring I/O) page faults: 3
	Minor (reclaiming a frame) page faults: 39483622
	Voluntary context switches: 928
	Involuntary context switches: 17757
	Swaps: 0
	File system inputs: 119056
	File system outputs: 26945656
	Socket messages sent: 0
	Socket messages received: 0
	Signals delivered: 0
	Page size (bytes): 4096
	Exit status: 20
SOLVE_W_TIME,	Elapsed (wall clock) time (h:mm:ss or m:ss): 6:15:17
c This is MapleLCMDistChronoBT.
c WARNING: for repeatability, setting FPU to use double precision
c Analyzer is deactivated by mode: 1 and dyn: 1
c ============================[ Problem Statistics ]=============================
c |                                                                             |
c |  Number of variables:        213579                                         |
c |  Number of clauses:         1939231                                         |
c |  Parse time:                   0.55 s                                       |
c |  Eliminated clauses:           2.05 Mb                                      |
c Reduced to 77185 vars, 757874 cls (grow=0)
c |  Eliminated clauses:           3.28 Mb                                      |
c Reduced to 51618 vars, 855113 cls (grow=8)
c cl_inc_rate=1.128, var_dec_rate=1.495
c |  Eliminated clauses:           3.62 Mb                                      |
c Reduced to 46783 vars, 911974 cls (grow=16)
c cl_inc_rate=1.066, var_dec_rate=1.103
c |  Eliminated clauses:           4.02 Mb                                      |
c Reduced to 41387 vars, 1032155 cls (grow=32)
c cl_inc_rate=1.132, var_dec_rate=1.130
c No. effective iterative eliminations: 3
c |  Simplification time:          5.26 s                                       |
c |                                                                             |
c running deterministic with LRB
c ============================[ Search Statistics ]==============================
c | Conflicts |          ORIGINAL         |          LEARNT          | Progress |
c |           |    Vars  Clauses Literals |    Limit  Clauses Lit/Cl |          |
c ===============================================================================
c ===============================================================================
c restarts              : 93288
c conflicts             : 70948691       (3157 /sec)
c decisions             : 116238769      (0.00 % random) (5173 /sec)
c propagations          : 41775165302    (1859129 /sec)
c conflict literals     : 2891243491     (38.22 % deleted)
c backtracks            : 70946452       (NCB 100% , CB 0%)
c Memory used           : 595.00 MB
c CPU time              : 22470.3 s

s UNSATISFIABLE
DRAT_SIZE: 13472816	/local_ssd/proof.drat
s UNSATISFIABLE
/local_ssd/proof.drat
	Command being timed: "/nfs/scratch/bzchartu/programs/maplechronobt_proof_analyze/drat-trim/drat-trim /nfs/scratch/bzchartu/sat_comp_18/ex025_19.cnf /local/proof.drat -L /local_ssd/proof.lrat -t 2000000"
	User time (seconds): 29570.82
	System time (seconds): 364.19
	Percent of CPU this job got: 99%
	Elapsed (wall clock) time (h:mm:ss or m:ss): 8:19:20
	Average shared text size (kbytes): 0
	Average unshared data size (kbytes): 0
	Average stack size (kbytes): 0
	Average total size (kbytes): 0
	Maximum resident set size (kbytes): 29987188
	Average resident set size (kbytes): 0
	Major (requiring I/O) page faults: 1
	Minor (reclaiming a frame) page faults: 562381993
	Voluntary context switches: 6039
	Involuntary context switches: 9091
	Swaps: 0
	File system inputs: 96
	File system outputs: 55893368
	Socket messages sent: 0
	Socket messages received: 0
	Signals delivered: 0
	Page size (bytes): 4096
	Exit status: 0
DRAT_W_TIME,	Elapsed (wall clock) time (h:mm:ss or m:ss): 8:19:20
c turning on binary mode checking
c parsing input formula with 213602 variables and 1974699 clauses
c finished parsing, read 13796157336 bytes from proof file
c detected empty clause; start verification via backward checking
c 141937 of 1974699 clauses in core                            
c 24088040 of 73328098 lemmas in core using 2882024217 resolution steps
c 0 RAT lemmas in core; 2107 redundant literals in core lemmas
s VERIFIED
c verification time: 29959.459 seconds
LRAT_SIZE: 27946684	/local_ssd/proof.lrat
s VERIFIED
/local_ssd/proof.lrat
	Command being timed: "/nfs/scratch/bzchartu/programs/maplechronobt_proof_analyze/drat-trim/lrat-check /nfs/scratch/bzchartu/sat_comp_18/ex025_19.cnf /local_ssd/proof.lrat"
	User time (seconds): 652.59
	System time (seconds): 11.53
	Percent of CPU this job got: 82%
	Elapsed (wall clock) time (h:mm:ss or m:ss): 13:21.57
	Average shared text size (kbytes): 0
	Average unshared data size (kbytes): 0
	Average stack size (kbytes): 0
	Average total size (kbytes): 0
	Maximum resident set size (kbytes): 4190732
	Average resident set size (kbytes): 0
	Major (requiring I/O) page faults: 0
	Minor (reclaiming a frame) page faults: 1704870
	Voluntary context switches: 867
	Involuntary context switches: 811
	Swaps: 0
	File system inputs: 19032344
	File system outputs: 8
	Socket messages sent: 0
	Socket messages received: 0
	Signals delivered: 0
	Page size (bytes): 4096
	Exit status: 0
LRAT_W_TIME,	Elapsed (wall clock) time (h:mm:ss or m:ss): 13:21.57
c parsed a formula with 213602 variables and 1974699 clauses
c VERIFIED
c Added clauses = 26062739.  Deleted clauses = 26062243.  Max live clauses = 1974699
c verification time = 801.44 secs
c VERIFIED
OVERVIEW_HEADER,benchmark,solve mem,solve time,drat kb,drat sec,lrat kb,lrat sec,restarts,decisions,conflicts,propagations
OVERVIEW_CSV,/nfs/scratch/bzchartu/sat_comp_18/ex025_19.cnf,	Elapsed (wall clock) time (h:mm:ss or m:ss): 6:15:17,	Maximum resident set size (kbytes): 478328,13472816	/local_ssd/proof.drat,	Elapsed (wall clock) time (h:mm:ss or m:ss): 8:19:20,27946684	/local_ssd/proof.lrat,	Elapsed (wall clock) time (h:mm:ss or m:ss): 13:21.57,c restarts              : 93288,c decisions             : 116238769      (0.00 % random) (5173 /sec),c conflicts             : 70948691       (3157 /sec),c propagations          : 41775165302    (1859129 /sec)
