SOLVERNAME,STD
BENCHNAME,/nfs/scratch/bzchartu/sat_comp_18/mchess_18.cnf
running lrb Bench '/nfs/scratch/bzchartu/sat_comp_18/mchess_18.cnf' on cumu01-05
Command exited with non-zero status 20
	Command being timed: "/nfs/scratch/bzchartu/programs/maplechronobt_proof_analyze/sources/simp/glucose_release -det=lrb /nfs/scratch/bzchartu/sat_comp_18/mchess_18.cnf -cpu-lim=50000 -drup-file=/local_ssd/proof.drat"
	User time (seconds): 20195.28
	System time (seconds): 36.49
	Percent of CPU this job got: 99%
	Elapsed (wall clock) time (h:mm:ss or m:ss): 5:37:12
	Average shared text size (kbytes): 0
	Average unshared data size (kbytes): 0
	Average stack size (kbytes): 0
	Average total size (kbytes): 0
	Maximum resident set size (kbytes): 208244
	Average resident set size (kbytes): 0
	Major (requiring I/O) page faults: 3
	Minor (reclaiming a frame) page faults: 21068699
	Voluntary context switches: 1396
	Involuntary context switches: 14120
	Swaps: 0
	File system inputs: 38952
	File system outputs: 36995472
	Socket messages sent: 0
	Socket messages received: 0
	Signals delivered: 0
	Page size (bytes): 4096
	Exit status: 20
SOLVE_W_TIME,	Elapsed (wall clock) time (h:mm:ss or m:ss): 5:37:12
c This is MapleLCMDistChronoBT.
c WARNING: for repeatability, setting FPU to use double precision
c Analyzer is deactivated by mode: 1 and dyn: 1
c ============================[ Problem Statistics ]=============================
c |                                                                             |
c |  Number of variables:           612                                         |
c |  Number of clauses:            2044                                         |
c |  Parse time:                   0.00 s                                       |
c |  Eliminated clauses:           0.01 Mb                                      |
c Reduced to 431 vars, 1717 cls (grow=0)
c No iterative elimination performed. (vars=431, c/v ratio=4.0)
c |  Simplification time:          0.00 s                                       |
c |                                                                             |
c running deterministic with LRB
c ============================[ Search Statistics ]==============================
c | Conflicts |          ORIGINAL         |          LEARNT          | Progress |
c |           |    Vars  Clauses Literals |    Limit  Clauses Lit/Cl |          |
c ===============================================================================
c ===============================================================================
c restarts              : 285254
c conflicts             : 251412677      (12449 /sec)
c decisions             : 292016613      (0.00 % random) (14460 /sec)
c propagations          : 4561823563     (225886 /sec)
c conflict literals     : 4745454366     (30.33 % deleted)
c backtracks            : 251412676      (NCB 100% , CB 0%)
c Memory used           : 235.00 MB
c CPU time              : 20195.3 s

s UNSATISFIABLE
DRAT_SIZE: 18497732	/local_ssd/proof.drat
s UNSATISFIABLE
/local_ssd/proof.drat
Command terminated by signal 11
	Command being timed: "/nfs/scratch/bzchartu/programs/maplechronobt_proof_analyze/drat-trim/drat-trim /nfs/scratch/bzchartu/sat_comp_18/mchess_18.cnf /local/proof.drat -L /local_ssd/proof.lrat -t 2000000"
	User time (seconds): 208220.83
	System time (seconds): 2015.69
	Percent of CPU this job got: 99%
	Elapsed (wall clock) time (h:mm:ss or m:ss): 58:24:08
	Average shared text size (kbytes): 0
	Average unshared data size (kbytes): 0
	Average stack size (kbytes): 0
	Average total size (kbytes): 0
	Maximum resident set size (kbytes): 59882776
	Average resident set size (kbytes): 0
	Major (requiring I/O) page faults: 6592
	Minor (reclaiming a frame) page faults: 2637134793
	Voluntary context switches: 6614
	Involuntary context switches: 256070
	Swaps: 0
	File system inputs: 114816
	File system outputs: 0
	Socket messages sent: 0
	Socket messages received: 0
	Signals delivered: 0
	Page size (bytes): 4096
	Exit status: 0
DRAT_W_TIME,	Elapsed (wall clock) time (h:mm:ss or m:ss): 58:24:08
LRAT_SIZE: 0	/local_ssd/proof.lrat
/local_ssd/proof.lrat
NOT FINISHED: drat verification failed (10)

OVERVIEW_HEADER,benchmark,solve mem,solve time,drat kb,drat sec,lrat kb,lrat sec,restarts,decisions,conflicts,propagations
OVERVIEW_CSV,/nfs/scratch/bzchartu/sat_comp_18/mchess_18.cnf,	Elapsed (wall clock) time (h:mm:ss or m:ss): 5:37:12,	Maximum resident set size (kbytes): 208244,18497732	/local_ssd/proof.drat,	Elapsed (wall clock) time (h:mm:ss or m:ss): 58:24:08,0	/local_ssd/proof.lrat,	Elapsed (wall clock) time (h:mm:ss or m:ss): 0:0.0,c restarts              : 285254,c decisions             : 292016613      (0.00 % random) (14460 /sec),c conflicts             : 251412677       (12449 /sec),c propagations          : 4561823563    (225886 /sec)
