SOLVERNAME,ANA
ANA_TMP_CONFIG,'/local_ssd/proof.dat'
BENCHNAME,/nfs/scratch/bzchartu/unsat_2018_solved/avg_true-unreach-call.i.cnf
running lrb Bench '/nfs/scratch/bzchartu/unsat_2018_solved/avg_true-unreach-call.i.cnf' on cumu01-08
Command exited with non-zero status 20
	Command being timed: "/nfs/scratch/bzchartu/programs/maplechronobt_proof_analyze/sources/simp/glucose_release_ana -det=lrb /nfs/scratch/bzchartu/unsat_2018_solved/avg_true-unreach-call.i.cnf -cpu-lim=10000 -analyzer-tmp-file=/local_ssd/proof.dat -lrat-file=/local_ssd/proof.lrat"
	User time (seconds): 3130.18
	System time (seconds): 56.00
	Percent of CPU this job got: 99%
	Elapsed (wall clock) time (h:mm:ss or m:ss): 53:07.86
	Average shared text size (kbytes): 0
	Average unshared data size (kbytes): 0
	Average stack size (kbytes): 0
	Average total size (kbytes): 0
	Maximum resident set size (kbytes): 39386164
	Average resident set size (kbytes): 0
	Major (requiring I/O) page faults: 15
	Minor (reclaiming a frame) page faults: 22320360
	Voluntary context switches: 273
	Involuntary context switches: 2683
	Swaps: 0
	File system inputs: 12152
	File system outputs: 104797360
	Socket messages sent: 0
	Socket messages received: 0
	Signals delivered: 0
	Page size (bytes): 4096
	Exit status: 20
SOLVE_W_TIME,	Elapsed (wall clock) time (h:mm:ss or m:ss): 53:07.86
c This is MapleLCMDistChronoBT.
c WARNING: for repeatability, setting FPU to use double precision
c Sat Analyzer will analyze result
c Analyzer will dump LRAT to '/local_ssd/proof.lrat'
c ============================[ Problem Statistics ]=============================
c |                                                                             |
c |  Number of variables:         73998                                         |
c |  Number of clauses:          296809                                         |
c |  Parse time:                   0.16 s                                       |
c |  Eliminated clauses:           1.24 Mb                                      |
c Reduced to 24828 vars, 155851 cls (grow=0)
c |  Eliminated clauses:           1.73 Mb                                      |
c Reduced to 19110 vars, 152783 cls (grow=8)
c cl_inc_rate=0.980, var_dec_rate=1.299
c |  Eliminated clauses:           1.86 Mb                                      |
c Reduced to 17791 vars, 160726 cls (grow=16)
c cl_inc_rate=1.052, var_dec_rate=1.074
c |  Eliminated clauses:           2.37 Mb                                      |
c Reduced to 14196 vars, 230554 cls (grow=32)
c cl_inc_rate=1.434, var_dec_rate=1.253
c No. effective iterative eliminations: 3
c |  Simplification time:          0.74 s                                       |
c |                                                                             |
c running deterministic with LRB
c ============================[ Search Statistics ]==============================
c | Conflicts |          ORIGINAL         |          LEARNT          | Progress |
c |           |    Vars  Clauses Literals |    Limit  Clauses Lit/Cl |          |
c ===============================================================================
reserve 85196788 on /local_ssd/proof.dat
reserve 138444788 on /local_ssd/proof.dat
reserve 224972788 on /local_ssd/proof.dat
reserve 365580788 on /local_ssd/proof.dat
reserve 594074612 on /local_ssd/proof.dat
reserve 965372916 on /local_ssd/proof.dat
reserve 1568732660 on /local_ssd/proof.dat
reserve 2549194740 on /local_ssd/proof.dat
reserve 4142441460 on /local_ssd/proof.dat
reserve 6731472372 on /local_ssd/proof.dat
reserve 10938643444 on /local_ssd/proof.dat
reserve 17775300596 on /local_ssd/proof.dat
reserve 28884863476 on /local_ssd/proof.dat
reserve 46937905652 on /local_ssd/proof.dat
c ===============================================================================
c restarts              : 37553
c conflicts             : 27305644       (8920 /sec)
c decisions             : 42775530       (0.00 % random) (13973 /sec)
c propagations          : 6720460283     (2195313 /sec)
c conflict literals     : 1302959611     (36.69 % deleted)
c backtracks            : 27305498       (NCB 100% , CB 0%)
c Memory used           : 44978.00 MB
c CPU time              : 3061.28 s

s UNSATISFIABLE
Marking proof: 28.668 seconds
c Dumping LRAT: 40.236 seconds
c Analyze time: 	68.904 seconds
c Analyze used disk storage:	40145.3 MB
LRAT_SIZE: 3468028	/local_ssd/proof.lrat
s UNSATISFIABLE
/local_ssd/proof.lrat
	Command being timed: "/nfs/scratch/bzchartu/programs/maplechronobt_proof_analyze/drat-trim/lrat-check /nfs/scratch/bzchartu/unsat_2018_solved/avg_true-unreach-call.i.cnf /local_ssd/proof.lrat"
	User time (seconds): 70.66
	System time (seconds): 1.06
	Percent of CPU this job got: 99%
	Elapsed (wall clock) time (h:mm:ss or m:ss): 1:11.73
	Average shared text size (kbytes): 0
	Average unshared data size (kbytes): 0
	Average stack size (kbytes): 0
	Average total size (kbytes): 0
	Maximum resident set size (kbytes): 381264
	Average resident set size (kbytes): 0
	Major (requiring I/O) page faults: 0
	Minor (reclaiming a frame) page faults: 117666
	Voluntary context switches: 19
	Involuntary context switches: 85
	Swaps: 0
	File system inputs: 0
	File system outputs: 8
	Socket messages sent: 0
	Socket messages received: 0
	Signals delivered: 0
	Page size (bytes): 4096
	Exit status: 0
LRAT_W_TIME,	Elapsed (wall clock) time (h:mm:ss or m:ss): 1:11.73
c parsed a formula with 73998 variables and 303969 clauses
c VERIFIED
c Added clauses = 4112250.  Deleted clauses = 3844736.  Max live clauses = 400726
c verification time = 71.71 secs
c VERIFIED
OVERVIEW_HEADER,benchmark,solve mem,solve time,drat kb,drat sec,lrat kb,lrat sec,restarts,decisions,conflicts,propagations,mark proof sec,dump lrat sec, ana sec, anamem mb
OVERVIEW_CSV,/nfs/scratch/bzchartu/unsat_2018_solved/avg_true-unreach-call.i.cnf,	Maximum resident set size (kbytes): 39386164,	Elapsed (wall clock) time (h:mm:ss or m:ss): 53:07.86,0,0,3468028	/local_ssd/proof.lrat,	Elapsed (wall clock) time (h:mm:ss or m:ss): 1:11.73,c restarts              : 37553,c decisions             : 42775530       (0.00 % random) (13973 /sec),c conflicts             : 27305644       (8920 /sec),c propagations          : 6720460283     (2195313 /sec),Marking proof: 28.668 seconds,c Dumping LRAT: 40.236 seconds,c Analyze time: 	68.904 seconds,c Analyze used disk storage:	40145.3 MB
