SOLVERNAME,ANA
ANA_TMP_CONFIG,'/local_ssd/proof.dat'
BENCHNAME,/nfs/scratch/bzchartu/unsat_2018_solved/cms-scheel-md4-families-r24-c6-p0-5-10-11-17-18.cnf
running lrb Bench '/nfs/scratch/bzchartu/unsat_2018_solved/cms-scheel-md4-families-r24-c6-p0-5-10-11-17-18.cnf' on cumu02-02
Command exited with non-zero status 20
	Command being timed: "/nfs/scratch/bzchartu/programs/maplechronobt_proof_analyze/sources/simp/glucose_release_ana -det=lrb /nfs/scratch/bzchartu/unsat_2018_solved/cms-scheel-md4-families-r24-c6-p0-5-10-11-17-18.cnf -cpu-lim=10000 -analyzer-tmp-file=/local_ssd/proof.dat -lrat-file=/local_ssd/proof.lrat"
	User time (seconds): 117.00
	System time (seconds): 1.28
	Percent of CPU this job got: 99%
	Elapsed (wall clock) time (h:mm:ss or m:ss): 1:58.28
	Average shared text size (kbytes): 0
	Average unshared data size (kbytes): 0
	Average stack size (kbytes): 0
	Average total size (kbytes): 0
	Maximum resident set size (kbytes): 1210236
	Average resident set size (kbytes): 0
	Major (requiring I/O) page faults: 9
	Minor (reclaiming a frame) page faults: 477791
	Voluntary context switches: 21
	Involuntary context switches: 134
	Swaps: 0
	File system inputs: 7768
	File system outputs: 2318776
	Socket messages sent: 0
	Socket messages received: 0
	Signals delivered: 0
	Page size (bytes): 4096
	Exit status: 20
SOLVE_W_TIME,	Elapsed (wall clock) time (h:mm:ss or m:ss): 1:58.28
c This is MapleLCMDistChronoBT.
c WARNING: for repeatability, setting FPU to use double precision
c Sat Analyzer will analyze result
c Analyzer will dump LRAT to '/local_ssd/proof.lrat'
c ============================[ Problem Statistics ]=============================
c |                                                                             |
c |  Number of variables:         29691                                         |
c |  Number of clauses:           91670                                         |
c |  Parse time:                   0.07 s                                       |
c |  Eliminated clauses:           0.81 Mb                                      |
c Reduced to 11529 vars, 62199 cls (grow=0)
c |  Eliminated clauses:           0.87 Mb                                      |
c Reduced to 10626 vars, 63321 cls (grow=8)
c cl_inc_rate=1.018, var_dec_rate=1.085
c |  Eliminated clauses:           0.96 Mb                                      |
c Reduced to 9960 vars, 68385 cls (grow=16)
c cl_inc_rate=1.080, var_dec_rate=1.067
c No. effective iterative eliminations: 2
c |  Simplification time:          0.21 s                                       |
c |                                                                             |
c running deterministic with LRB
c ============================[ Search Statistics ]==============================
c | Conflicts |          ORIGINAL         |          LEARNT          | Progress |
c |           |    Vars  Clauses Literals |    Limit  Clauses Lit/Cl |          |
c ===============================================================================
reserve 85196788 on /local_ssd/proof.dat
reserve 138444788 on /local_ssd/proof.dat
reserve 224972788 on /local_ssd/proof.dat
reserve 365580788 on /local_ssd/proof.dat
reserve 594074612 on /local_ssd/proof.dat
reserve 965372916 on /local_ssd/proof.dat
reserve 1568732660 on /local_ssd/proof.dat
c ===============================================================================
c restarts              : 4823
c conflicts             : 2749830        (23587 /sec)
c decisions             : 9067195        (0.00 % random) (77777 /sec)
c propagations          : 169354367      (1452688 /sec)
c conflict literals     : 102637053      (10.83 % deleted)
c backtracks            : 2748789        (NCB 100% , CB 0%)
c Memory used           : 1617.00 MB
c CPU time              : 116.58 s

s UNSATISFIABLE
Marking proof: 0.008 seconds
c Dumping LRAT: 0.408 seconds
c Analyze time: 	0.416 seconds
c Analyze used disk storage:	1135.16 MB
LRAT_SIZE: 4924	/local_ssd/proof.lrat
s UNSATISFIABLE
/local_ssd/proof.lrat
	Command being timed: "/nfs/scratch/bzchartu/programs/maplechronobt_proof_analyze/drat-trim/lrat-check /nfs/scratch/bzchartu/unsat_2018_solved/cms-scheel-md4-families-r24-c6-p0-5-10-11-17-18.cnf /local_ssd/proof.lrat"
	User time (seconds): 0.20
	System time (seconds): 0.01
	Percent of CPU this job got: 98%
	Elapsed (wall clock) time (h:mm:ss or m:ss): 0:00.22
	Average shared text size (kbytes): 0
	Average unshared data size (kbytes): 0
	Average stack size (kbytes): 0
	Average total size (kbytes): 0
	Maximum resident set size (kbytes): 14740
	Average resident set size (kbytes): 0
	Major (requiring I/O) page faults: 0
	Minor (reclaiming a frame) page faults: 3648
	Voluntary context switches: 17
	Involuntary context switches: 1
	Swaps: 0
	File system inputs: 0
	File system outputs: 8
	Socket messages sent: 0
	Socket messages received: 0
	Signals delivered: 0
	Page size (bytes): 4096
	Exit status: 0
LRAT_W_TIME,	Elapsed (wall clock) time (h:mm:ss or m:ss): 0:00.22
c parsed a formula with 29691 variables and 94139 clauses
c VERIFIED
c Added clauses = 148138.  Deleted clauses = 100182.  Max live clauses = 94139
c verification time = 0.22 secs
c VERIFIED
OVERVIEW_HEADER,benchmark,solve mem,solve time,drat kb,drat sec,lrat kb,lrat sec,restarts,decisions,conflicts,propagations,mark proof sec,dump lrat sec, ana sec, anamem mb
OVERVIEW_CSV,/nfs/scratch/bzchartu/unsat_2018_solved/cms-scheel-md4-families-r24-c6-p0-5-10-11-17-18.cnf,	Maximum resident set size (kbytes): 1210236,	Elapsed (wall clock) time (h:mm:ss or m:ss): 1:58.28,0,0,4924	/local_ssd/proof.lrat,	Elapsed (wall clock) time (h:mm:ss or m:ss): 0:00.22,c restarts              : 4823,c decisions             : 9067195        (0.00 % random) (77777 /sec),c conflicts             : 2749830        (23587 /sec),c propagations          : 169354367      (1452688 /sec),Marking proof: 0.008 seconds,c Dumping LRAT: 0.408 seconds,c Analyze time: 	0.416 seconds,c Analyze used disk storage:	1135.16 MB
