SOLVERNAME,ANA
ANA_TMP_CONFIG,'/local_ssd/proof.dat'
BENCHNAME,/nfs/scratch/bzchartu/unsat_2018_solved/ae_rphp035_05.cnf
running lrb Bench '/nfs/scratch/bzchartu/unsat_2018_solved/ae_rphp035_05.cnf' on cumu01-15
Command exited with non-zero status 20
	Command being timed: "/nfs/scratch/bzchartu/programs/maplechronobt_proof_analyze/sources/simp/glucose_release_ana -det=lrb /nfs/scratch/bzchartu/unsat_2018_solved/ae_rphp035_05.cnf -cpu-lim=10000 -analyzer-tmp-file=/local_ssd/proof.dat -lrat-file=/local_ssd/proof.lrat"
	User time (seconds): 488.85
	System time (seconds): 5.05
	Percent of CPU this job got: 99%
	Elapsed (wall clock) time (h:mm:ss or m:ss): 8:13.96
	Average shared text size (kbytes): 0
	Average unshared data size (kbytes): 0
	Average stack size (kbytes): 0
	Average total size (kbytes): 0
	Maximum resident set size (kbytes): 2892856
	Average resident set size (kbytes): 0
	Major (requiring I/O) page faults: 11
	Minor (reclaiming a frame) page faults: 1887873
	Voluntary context switches: 53
	Involuntary context switches: 282
	Swaps: 0
	File system inputs: 3560
	File system outputs: 16360168
	Socket messages sent: 0
	Socket messages received: 0
	Signals delivered: 0
	Page size (bytes): 4096
	Exit status: 20
SOLVE_W_TIME,	Elapsed (wall clock) time (h:mm:ss or m:ss): 8:13.96
c This is MapleLCMDistChronoBT.
c WARNING: for repeatability, setting FPU to use double precision
c Sat Analyzer will analyze result
c Analyzer will dump LRAT to '/local_ssd/proof.lrat'
c ============================[ Problem Statistics ]=============================
c |                                                                             |
c |  Number of variables:          2977                                         |
c |  Number of clauses:            6728                                         |
c |  Parse time:                   0.00 s                                       |
c |  Eliminated clauses:           0.06 Mb                                      |
c Reduced to 326 vars, 3937 cls (grow=0)
c No iterative elimination performed. (vars=326, c/v ratio=12.1)
c |  Simplification time:          0.02 s                                       |
c |                                                                             |
c running deterministic with LRB
c ============================[ Search Statistics ]==============================
c | Conflicts |          ORIGINAL         |          LEARNT          | Progress |
c |           |    Vars  Clauses Literals |    Limit  Clauses Lit/Cl |          |
c ===============================================================================
reserve 85196788 on /local_ssd/proof.dat
reserve 138444788 on /local_ssd/proof.dat
reserve 224972788 on /local_ssd/proof.dat
reserve 365580788 on /local_ssd/proof.dat
reserve 594074612 on /local_ssd/proof.dat
reserve 965372916 on /local_ssd/proof.dat
reserve 1568732660 on /local_ssd/proof.dat
reserve 2549194740 on /local_ssd/proof.dat
reserve 4142441460 on /local_ssd/proof.dat
c ===============================================================================
c restarts              : 16535
c conflicts             : 9969428        (21862 /sec)
c decisions             : 38522778       (0.00 % random) (84478 /sec)
c propagations          : 254450008      (557995 /sec)
c conflict literals     : 190863551      (32.96 % deleted)
c backtracks            : 9969290        (NCB 100% , CB 0%)
c Memory used           : 4068.00 MB
c CPU time              : 456.008 s

s UNSATISFIABLE
Marking proof: 7.108 seconds
c Dumping LRAT: 25.732 seconds
c Analyze time: 	32.844 seconds
c Analyze used disk storage:	2903.36 MB
LRAT_SIZE: 1770872	/local_ssd/proof.lrat
s UNSATISFIABLE
/local_ssd/proof.lrat
	Command being timed: "/nfs/scratch/bzchartu/programs/maplechronobt_proof_analyze/drat-trim/lrat-check /nfs/scratch/bzchartu/unsat_2018_solved/ae_rphp035_05.cnf /local_ssd/proof.lrat"
	User time (seconds): 41.26
	System time (seconds): 0.74
	Percent of CPU this job got: 99%
	Elapsed (wall clock) time (h:mm:ss or m:ss): 0:42.01
	Average shared text size (kbytes): 0
	Average unshared data size (kbytes): 0
	Average stack size (kbytes): 0
	Average total size (kbytes): 0
	Maximum resident set size (kbytes): 774668
	Average resident set size (kbytes): 0
	Major (requiring I/O) page faults: 0
	Minor (reclaiming a frame) page faults: 209427
	Voluntary context switches: 19
	Involuntary context switches: 14
	Swaps: 0
	File system inputs: 0
	File system outputs: 8
	Socket messages sent: 0
	Socket messages received: 0
	Signals delivered: 0
	Page size (bytes): 4096
	Exit status: 0
LRAT_W_TIME,	Elapsed (wall clock) time (h:mm:ss or m:ss): 0:42.01
c parsed a formula with 2977 variables and 6728 clauses
c VERIFIED
c Added clauses = 9647064.  Deleted clauses = 9568170.  Max live clauses = 150917
c verification time = 41.99 secs
c VERIFIED
OVERVIEW_HEADER,benchmark,solve mem,solve time,drat kb,drat sec,lrat kb,lrat sec,restarts,decisions,conflicts,propagations,mark proof sec,dump lrat sec, ana sec, anamem mb
OVERVIEW_CSV,/nfs/scratch/bzchartu/unsat_2018_solved/ae_rphp035_05.cnf,	Maximum resident set size (kbytes): 2892856,	Elapsed (wall clock) time (h:mm:ss or m:ss): 8:13.96,0,0,1770872	/local_ssd/proof.lrat,	Elapsed (wall clock) time (h:mm:ss or m:ss): 0:42.01,c restarts              : 16535,c decisions             : 38522778       (0.00 % random) (84478 /sec),c conflicts             : 9969428        (21862 /sec),c propagations          : 254450008      (557995 /sec),Marking proof: 7.108 seconds,c Dumping LRAT: 25.732 seconds,c Analyze time: 	32.844 seconds,c Analyze used disk storage:	2903.36 MB
