SOLVERNAME,ANA
ANA_TMP_CONFIG,'/local_ssd/proof.dat'
BENCHNAME,/nfs/scratch/bzchartu/unsat_2018_solved/by-X-2-7-100.cnf
running lrb Bench '/nfs/scratch/bzchartu/unsat_2018_solved/by-X-2-7-100.cnf' on cumu01-01
Command exited with non-zero status 20
	Command being timed: "/nfs/scratch/bzchartu/programs/maplechronobt_proof_analyze/sources/simp/glucose_release_ana -det=lrb /nfs/scratch/bzchartu/unsat_2018_solved/by-X-2-7-100.cnf -cpu-lim=10000 -analyzer-tmp-file=/local_ssd/proof.dat -lrat-file=/local_ssd/proof.lrat"
	User time (seconds): 1143.73
	System time (seconds): 2.38
	Percent of CPU this job got: 99%
	Elapsed (wall clock) time (h:mm:ss or m:ss): 19:06.14
	Average shared text size (kbytes): 0
	Average unshared data size (kbytes): 0
	Average stack size (kbytes): 0
	Average total size (kbytes): 0
	Maximum resident set size (kbytes): 951692
	Average resident set size (kbytes): 0
	Major (requiring I/O) page faults: 7
	Minor (reclaiming a frame) page faults: 1353203
	Voluntary context switches: 37
	Involuntary context switches: 732
	Swaps: 0
	File system inputs: 128344
	File system outputs: 4085536
	Socket messages sent: 0
	Socket messages received: 0
	Signals delivered: 0
	Page size (bytes): 4096
	Exit status: 20
SOLVE_W_TIME,	Elapsed (wall clock) time (h:mm:ss or m:ss): 19:06.14
c This is MapleLCMDistChronoBT.
c WARNING: for repeatability, setting FPU to use double precision
c Sat Analyzer will analyze result
c Analyzer will dump LRAT to '/local_ssd/proof.lrat'
c ============================[ Problem Statistics ]=============================
c |                                                                             |
reserve 85196788 on /local_ssd/proof.dat
reserve 138444788 on /local_ssd/proof.dat
reserve 224972788 on /local_ssd/proof.dat
c |  Number of variables:         62000                                         |
c |  Number of clauses:         2698301                                         |
c |  Parse time:                   0.78 s                                       |
c |  Eliminated clauses:           0.01 Mb                                      |
c Reduced to 59831 vars, 2651245 cls (grow=0)
c No iterative elimination performed. (vars=59831, c/v ratio=44.3)
c |  Simplification time:          1.57 s                                       |
c |                                                                             |
c running deterministic with LRB
c ============================[ Search Statistics ]==============================
c | Conflicts |          ORIGINAL         |          LEARNT          | Progress |
c |           |    Vars  Clauses Literals |    Limit  Clauses Lit/Cl |          |
c ===============================================================================
reserve 365580788 on /local_ssd/proof.dat
reserve 594074612 on /local_ssd/proof.dat
reserve 965372916 on /local_ssd/proof.dat
c ===============================================================================
c restarts              : 1322
c conflicts             : 562713         (495 /sec)
c decisions             : 945345         (0.00 % random) (831 /sec)
c propagations          : 1726714072     (1518530 /sec)
c conflict literals     : 17142129       (25.75 % deleted)
c backtracks            : 562712         (NCB 100% , CB 0%)
c Memory used           : 1266.00 MB
c CPU time              : 1137.1 s

s UNSATISFIABLE
Marking proof: 2.308 seconds
c Dumping LRAT: 4.288 seconds
c Analyze time: 	6.596 seconds
c Analyze used disk storage:	788.211 MB
LRAT_SIZE: 397528	/local_ssd/proof.lrat
s UNSATISFIABLE
/local_ssd/proof.lrat
	Command being timed: "/nfs/scratch/bzchartu/programs/maplechronobt_proof_analyze/drat-trim/lrat-check /nfs/scratch/bzchartu/unsat_2018_solved/by-X-2-7-100.cnf /local_ssd/proof.lrat"
	User time (seconds): 9.40
	System time (seconds): 0.10
	Percent of CPU this job got: 99%
	Elapsed (wall clock) time (h:mm:ss or m:ss): 0:09.52
	Average shared text size (kbytes): 0
	Average unshared data size (kbytes): 0
	Average stack size (kbytes): 0
	Average total size (kbytes): 0
	Maximum resident set size (kbytes): 149524
	Average resident set size (kbytes): 0
	Major (requiring I/O) page faults: 0
	Minor (reclaiming a frame) page faults: 70372
	Voluntary context switches: 19
	Involuntary context switches: 8
	Swaps: 0
	File system inputs: 0
	File system outputs: 8
	Socket messages sent: 0
	Socket messages received: 0
	Signals delivered: 0
	Page size (bytes): 4096
	Exit status: 0
LRAT_W_TIME,	Elapsed (wall clock) time (h:mm:ss or m:ss): 0:09.52
c parsed a formula with 62000 variables and 3259670 clauses
c VERIFIED
c Added clauses = 3734031.  Deleted clauses = 3207668.  Max live clauses = 3259670
c verification time = 9.50 secs
c VERIFIED
OVERVIEW_HEADER,benchmark,solve mem,solve time,drat kb,drat sec,lrat kb,lrat sec,restarts,decisions,conflicts,propagations,mark proof sec,dump lrat sec, ana sec, anamem mb
OVERVIEW_CSV,/nfs/scratch/bzchartu/unsat_2018_solved/by-X-2-7-100.cnf,	Maximum resident set size (kbytes): 951692,	Elapsed (wall clock) time (h:mm:ss or m:ss): 19:06.14,0,0,397528	/local_ssd/proof.lrat,	Elapsed (wall clock) time (h:mm:ss or m:ss): 0:09.52,c restarts              : 1322,c decisions             : 945345         (0.00 % random) (831 /sec),c conflicts             : 562713         (495 /sec),c propagations          : 1726714072     (1518530 /sec),Marking proof: 2.308 seconds,c Dumping LRAT: 4.288 seconds,c Analyze time: 	6.596 seconds,c Analyze used disk storage:	788.211 MB
