SOLVERNAME,ANA
ANA_TMP_CONFIG,'/local_ssd/proof.dat'
BENCHNAME,/nfs/scratch/bzchartu/unsat_2018_solved/quadratic_loose_error.c.cnf
running lrb Bench '/nfs/scratch/bzchartu/unsat_2018_solved/quadratic_loose_error.c.cnf' on cumu01-15
Command exited with non-zero status 20
	Command being timed: "/nfs/scratch/bzchartu/programs/maplechronobt_proof_analyze/sources/simp/glucose_release_ana -det=lrb /nfs/scratch/bzchartu/unsat_2018_solved/quadratic_loose_error.c.cnf -cpu-lim=10000 -analyzer-tmp-file=/local_ssd/proof.dat -lrat-file=/local_ssd/proof.lrat"
	User time (seconds): 206.66
	System time (seconds): 3.57
	Percent of CPU this job got: 99%
	Elapsed (wall clock) time (h:mm:ss or m:ss): 3:30.60
	Average shared text size (kbytes): 0
	Average unshared data size (kbytes): 0
	Average stack size (kbytes): 0
	Average total size (kbytes): 0
	Maximum resident set size (kbytes): 2177516
	Average resident set size (kbytes): 0
	Major (requiring I/O) page faults: 9
	Minor (reclaiming a frame) page faults: 1651307
	Voluntary context switches: 26
	Involuntary context switches: 194
	Swaps: 0
	File system inputs: 17208
	File system outputs: 9428440
	Socket messages sent: 0
	Socket messages received: 0
	Signals delivered: 0
	Page size (bytes): 4096
	Exit status: 20
SOLVE_W_TIME,	Elapsed (wall clock) time (h:mm:ss or m:ss): 3:30.60
c This is MapleLCMDistChronoBT.
c WARNING: for repeatability, setting FPU to use double precision
c Sat Analyzer will analyze result
c Analyzer will dump LRAT to '/local_ssd/proof.lrat'
c ============================[ Problem Statistics ]=============================
c |                                                                             |
c |  Number of variables:         92741                                         |
c |  Number of clauses:          430696                                         |
c |  Parse time:                   0.18 s                                       |
c |  Eliminated clauses:           0.94 Mb                                      |
c Reduced to 72047 vars, 388660 cls (grow=0)
reserve 85196788 on /local_ssd/proof.dat
c |  Eliminated clauses:           2.69 Mb                                      |
c Reduced to 51751 vars, 387500 cls (grow=8)
c cl_inc_rate=0.997, var_dec_rate=1.392
c |  Eliminated clauses:           3.03 Mb                                      |
c Reduced to 48772 vars, 404989 cls (grow=16)
c cl_inc_rate=1.045, var_dec_rate=1.061
reserve 138444788 on /local_ssd/proof.dat
c |  Eliminated clauses:           4.22 Mb                                      |
c Reduced to 41207 vars, 568626 cls (grow=32)
c cl_inc_rate=1.404, var_dec_rate=1.184
c No. effective iterative eliminations: 3
c |  Simplification time:          2.08 s                                       |
c |                                                                             |
c running deterministic with LRB
c ============================[ Search Statistics ]==============================
c | Conflicts |          ORIGINAL         |          LEARNT          | Progress |
c |           |    Vars  Clauses Literals |    Limit  Clauses Lit/Cl |          |
c ===============================================================================
reserve 224972788 on /local_ssd/proof.dat
reserve 365580788 on /local_ssd/proof.dat
reserve 594074612 on /local_ssd/proof.dat
reserve 965372916 on /local_ssd/proof.dat
reserve 1568732660 on /local_ssd/proof.dat
reserve 2549194740 on /local_ssd/proof.dat
c ===============================================================================
c restarts              : 1502
c conflicts             : 658931         (3613 /sec)
c decisions             : 4430711        (0.00 % random) (24293 /sec)
c propagations          : 595773780      (3266519 /sec)
c conflict literals     : 27060627       (55.68 % deleted)
c backtracks            : 656790         (NCB 99% , CB 1%)
c Memory used           : 2589.00 MB
c CPU time              : 182.388 s

s UNSATISFIABLE
Marking proof: 12.816 seconds
c Dumping LRAT: 11.436 seconds
c Analyze time: 	24.252 seconds
c Analyze used disk storage:	2090.61 MB
LRAT_SIZE: 1054612	/local_ssd/proof.lrat
s UNSATISFIABLE
/local_ssd/proof.lrat
	Command being timed: "/nfs/scratch/bzchartu/programs/maplechronobt_proof_analyze/drat-trim/lrat-check /nfs/scratch/bzchartu/unsat_2018_solved/quadratic_loose_error.c.cnf /local_ssd/proof.lrat"
	User time (seconds): 22.69
	System time (seconds): 0.39
	Percent of CPU this job got: 99%
	Elapsed (wall clock) time (h:mm:ss or m:ss): 0:23.09
	Average shared text size (kbytes): 0
	Average unshared data size (kbytes): 0
	Average stack size (kbytes): 0
	Average total size (kbytes): 0
	Maximum resident set size (kbytes): 90164
	Average resident set size (kbytes): 0
	Major (requiring I/O) page faults: 0
	Minor (reclaiming a frame) page faults: 38944
	Voluntary context switches: 17
	Involuntary context switches: 10
	Swaps: 0
	File system inputs: 0
	File system outputs: 8
	Socket messages sent: 0
	Socket messages received: 0
	Signals delivered: 0
	Page size (bytes): 4096
	Exit status: 0
LRAT_W_TIME,	Elapsed (wall clock) time (h:mm:ss or m:ss): 0:23.09
c parsed a formula with 92741 variables and 431755 clauses
c VERIFIED
c Added clauses = 1090430.  Deleted clauses = 797617.  Max live clauses = 431755
c verification time = 23.09 secs
c VERIFIED
OVERVIEW_HEADER,benchmark,solve mem,solve time,drat kb,drat sec,lrat kb,lrat sec,restarts,decisions,conflicts,propagations,mark proof sec,dump lrat sec, ana sec, anamem mb
OVERVIEW_CSV,/nfs/scratch/bzchartu/unsat_2018_solved/quadratic_loose_error.c.cnf,	Maximum resident set size (kbytes): 2177516,	Elapsed (wall clock) time (h:mm:ss or m:ss): 3:30.60,0,0,1054612	/local_ssd/proof.lrat,	Elapsed (wall clock) time (h:mm:ss or m:ss): 0:23.09,c restarts              : 1502,c decisions             : 4430711        (0.00 % random) (24293 /sec),c conflicts             : 658931         (3613 /sec),c propagations          : 595773780      (3266519 /sec),Marking proof: 12.816 seconds,c Dumping LRAT: 11.436 seconds,c Analyze time: 	24.252 seconds,c Analyze used disk storage:	2090.61 MB
