SOLVERNAME,ANA
ANA_TMP_CONFIG,'/local_ssd/proof.dat'
BENCHNAME,/nfs/scratch/bzchartu/unsat_2018_solved/T122.2.0.cnf
running lrb Bench '/nfs/scratch/bzchartu/unsat_2018_solved/T122.2.0.cnf' on cumu01-15
Command exited with non-zero status 20
	Command being timed: "/nfs/scratch/bzchartu/programs/maplechronobt_proof_analyze/sources/simp/glucose_release_ana -det=lrb /nfs/scratch/bzchartu/unsat_2018_solved/T122.2.0.cnf -cpu-lim=10000 -analyzer-tmp-file=/local_ssd/proof.dat -lrat-file=/local_ssd/proof.lrat"
	User time (seconds): 301.30
	System time (seconds): 6.38
	Percent of CPU this job got: 99%
	Elapsed (wall clock) time (h:mm:ss or m:ss): 5:07.81
	Average shared text size (kbytes): 0
	Average unshared data size (kbytes): 0
	Average stack size (kbytes): 0
	Average total size (kbytes): 0
	Maximum resident set size (kbytes): 4180108
	Average resident set size (kbytes): 0
	Major (requiring I/O) page faults: 10
	Minor (reclaiming a frame) page faults: 4550408
	Voluntary context switches: 45
	Involuntary context switches: 1745
	Swaps: 0
	File system inputs: 474424
	File system outputs: 7955392
	Socket messages sent: 0
	Socket messages received: 0
	Signals delivered: 0
	Page size (bytes): 4096
	Exit status: 20
SOLVE_W_TIME,	Elapsed (wall clock) time (h:mm:ss or m:ss): 5:07.81
c This is MapleLCMDistChronoBT.
c WARNING: for repeatability, setting FPU to use double precision
c Sat Analyzer will analyze result
c Analyzer will dump LRAT to '/local_ssd/proof.lrat'
c ============================[ Problem Statistics ]=============================
c |                                                                             |
reserve 85196788 on /local_ssd/proof.dat
reserve 138444788 on /local_ssd/proof.dat
reserve 224972788 on /local_ssd/proof.dat
reserve 365580788 on /local_ssd/proof.dat
reserve 594074612 on /local_ssd/proof.dat
c |  Number of variables:       3124990                                         |
c |  Number of clauses:        10787124                                         |
c |  Parse time:                   5.23 s                                       |
reserve 965372916 on /local_ssd/proof.dat
reserve 1568732660 on /local_ssd/proof.dat
c |  Eliminated clauses:         119.66 Mb                                      |
c Reduced to 577879 vars, 3438380 cls (grow=0)
reserve 2549194740 on /local_ssd/proof.dat
c |  Eliminated clauses:         136.05 Mb                                      |
c Reduced to 376845 vars, 3490975 cls (grow=8)
c cl_inc_rate=1.015, var_dec_rate=1.533
c |  Eliminated clauses:         139.17 Mb                                      |
c Reduced to 347502 vars, 3628640 cls (grow=16)
c cl_inc_rate=1.039, var_dec_rate=1.084
c |  Eliminated clauses:         144.62 Mb                                      |
c Reduced to 308520 vars, 3826859 cls (grow=32)
c cl_inc_rate=1.055, var_dec_rate=1.126
c |  Eliminated clauses:         152.91 Mb                                      |
c Reduced to 259702 vars, 4688898 cls (grow=64)
c cl_inc_rate=1.225, var_dec_rate=1.188
c No. effective iterative eliminations: 4
c |  Simplification time:         79.66 s                                       |
c |                                                                             |
c running deterministic with LRB
c ============================[ Search Statistics ]==============================
c | Conflicts |          ORIGINAL         |          LEARNT          | Progress |
c |           |    Vars  Clauses Literals |    Limit  Clauses Lit/Cl |          |
c ===============================================================================
reserve 4142441460 on /local_ssd/proof.dat
c ===============================================================================
c restarts              : 712
c conflicts             : 284455         (969 /sec)
c decisions             : 4487242        (0.00 % random) (15281 /sec)
c propagations          : 430832086      (1467152 /sec)
c conflict literals     : 10480879       (30.16 % deleted)
c backtracks            : 282963         (NCB 98% , CB 2%)
c Memory used           : 5782.00 MB
c CPU time              : 293.652 s

s UNSATISFIABLE
Marking proof: 2.216 seconds
c Dumping LRAT: 5.224 seconds
c Analyze time: 	7.44 seconds
c Analyze used disk storage:	2805.46 MB
LRAT_SIZE: 342256	/local_ssd/proof.lrat
s UNSATISFIABLE
/local_ssd/proof.lrat
	Command being timed: "/nfs/scratch/bzchartu/programs/maplechronobt_proof_analyze/drat-trim/lrat-check /nfs/scratch/bzchartu/unsat_2018_solved/T122.2.0.cnf /local_ssd/proof.lrat"
	User time (seconds): 10.57
	System time (seconds): 0.60
	Percent of CPU this job got: 99%
	Elapsed (wall clock) time (h:mm:ss or m:ss): 0:11.19
	Average shared text size (kbytes): 0
	Average unshared data size (kbytes): 0
	Average stack size (kbytes): 0
	Average total size (kbytes): 0
	Maximum resident set size (kbytes): 1324396
	Average resident set size (kbytes): 0
	Major (requiring I/O) page faults: 0
	Minor (reclaiming a frame) page faults: 388332
	Voluntary context switches: 17
	Involuntary context switches: 10
	Swaps: 0
	File system inputs: 0
	File system outputs: 8
	Socket messages sent: 0
	Socket messages received: 0
	Signals delivered: 0
	Page size (bytes): 4096
	Exit status: 0
LRAT_W_TIME,	Elapsed (wall clock) time (h:mm:ss or m:ss): 0:11.19
c parsed a formula with 3124990 variables and 10787124 clauses
c VERIFIED
c Added clauses = 11863024.  Deleted clauses = 10916829.  Max live clauses = 10787124
c verification time = 11.15 secs
c VERIFIED
OVERVIEW_HEADER,benchmark,solve mem,solve time,drat kb,drat sec,lrat kb,lrat sec,restarts,decisions,conflicts,propagations,mark proof sec,dump lrat sec, ana sec, anamem mb
OVERVIEW_CSV,/nfs/scratch/bzchartu/unsat_2018_solved/T122.2.0.cnf,	Maximum resident set size (kbytes): 4180108,	Elapsed (wall clock) time (h:mm:ss or m:ss): 5:07.81,0,0,342256	/local_ssd/proof.lrat,	Elapsed (wall clock) time (h:mm:ss or m:ss): 0:11.19,c restarts              : 712,c decisions             : 4487242        (0.00 % random) (15281 /sec),c conflicts             : 284455         (969 /sec),c propagations          : 430832086      (1467152 /sec),Marking proof: 2.216 seconds,c Dumping LRAT: 5.224 seconds,c Analyze time: 	7.44 seconds,c Analyze used disk storage:	2805.46 MB
