SOLVERNAME,ANA
ANA_TMP_CONFIG,'/local_ssd/proof.dat'
BENCHNAME,/nfs/scratch/bzchartu/unsat_2018_solved/Nb29T6.cnf
running lrb Bench '/nfs/scratch/bzchartu/unsat_2018_solved/Nb29T6.cnf' on cumu02-14
Command exited with non-zero status 20
	Command being timed: "/nfs/scratch/bzchartu/programs/maplechronobt_proof_analyze/sources/simp/glucose_release_ana -det=lrb /nfs/scratch/bzchartu/unsat_2018_solved/Nb29T6.cnf -cpu-lim=10000 -analyzer-tmp-file=/local_ssd/proof.dat -lrat-file=/local_ssd/proof.lrat"
	User time (seconds): 236.29
	System time (seconds): 1.91
	Percent of CPU this job got: 99%
	Elapsed (wall clock) time (h:mm:ss or m:ss): 3:58.29
	Average shared text size (kbytes): 0
	Average unshared data size (kbytes): 0
	Average stack size (kbytes): 0
	Average total size (kbytes): 0
	Maximum resident set size (kbytes): 879876
	Average resident set size (kbytes): 0
	Major (requiring I/O) page faults: 6
	Minor (reclaiming a frame) page faults: 1576642
	Voluntary context switches: 21
	Involuntary context switches: 336
	Swaps: 0
	File system inputs: 86272
	File system outputs: 1774896
	Socket messages sent: 0
	Socket messages received: 0
	Signals delivered: 0
	Page size (bytes): 4096
	Exit status: 20
SOLVE_W_TIME,	Elapsed (wall clock) time (h:mm:ss or m:ss): 3:58.29
c This is MapleLCMDistChronoBT.
c WARNING: for repeatability, setting FPU to use double precision
c Sat Analyzer will analyze result
c Analyzer will dump LRAT to '/local_ssd/proof.lrat'
c ============================[ Problem Statistics ]=============================
c |                                                                             |
reserve 85196788 on /local_ssd/proof.dat
c |  Number of variables:        432123                                         |
c |  Number of clauses:         1917480                                         |
c |  Parse time:                   0.66 s                                       |
reserve 138444788 on /local_ssd/proof.dat
reserve 224972788 on /local_ssd/proof.dat
c |  Eliminated clauses:          10.97 Mb                                      |
c Reduced to 240375 vars, 1917480 cls (grow=0)
reserve 365580788 on /local_ssd/proof.dat
c |  Eliminated clauses:          20.12 Mb                                      |
c Reduced to 144501 vars, 2300976 cls (grow=8)
c cl_inc_rate=1.200, var_dec_rate=1.663
c No. effective iterative eliminations: 1
c |  Simplification time:          4.23 s                                       |
c |                                                                             |
c running deterministic with LRB
c ============================[ Search Statistics ]==============================
c | Conflicts |          ORIGINAL         |          LEARNT          | Progress |
c |           |    Vars  Clauses Literals |    Limit  Clauses Lit/Cl |          |
c ===============================================================================
reserve 594074612 on /local_ssd/proof.dat
c ===============================================================================
c restarts              : 1315
c conflicts             : 583330         (2495 /sec)
c decisions             : 73509469       (0.00 % random) (314358 /sec)
c propagations          : 529357109      (2263758 /sec)
c conflict literals     : 13409370       (18.43 % deleted)
c backtracks            : 578510         (NCB 96% , CB 4%)
c Memory used           : 1120.00 MB
c CPU time              : 233.84 s

s UNSATISFIABLE
Marking proof: 0.636 seconds
c Dumping LRAT: 1.74 seconds
c Analyze time: 	2.376 seconds
c Analyze used disk storage:	544.035 MB
LRAT_SIZE: 165868	/local_ssd/proof.lrat
s UNSATISFIABLE
/local_ssd/proof.lrat
	Command being timed: "/nfs/scratch/bzchartu/programs/maplechronobt_proof_analyze/drat-trim/lrat-check /nfs/scratch/bzchartu/unsat_2018_solved/Nb29T6.cnf /local_ssd/proof.lrat"
	User time (seconds): 3.77
	System time (seconds): 0.14
	Percent of CPU this job got: 99%
	Elapsed (wall clock) time (h:mm:ss or m:ss): 0:03.92
	Average shared text size (kbytes): 0
	Average unshared data size (kbytes): 0
	Average stack size (kbytes): 0
	Average total size (kbytes): 0
	Maximum resident set size (kbytes): 224000
	Average resident set size (kbytes): 0
	Major (requiring I/O) page faults: 0
	Minor (reclaiming a frame) page faults: 57537
	Voluntary context switches: 17
	Involuntary context switches: 4
	Swaps: 0
	File system inputs: 0
	File system outputs: 8
	Socket messages sent: 0
	Socket messages received: 0
	Signals delivered: 0
	Page size (bytes): 4096
	Exit status: 0
LRAT_W_TIME,	Elapsed (wall clock) time (h:mm:ss or m:ss): 0:03.92
c parsed a formula with 432123 variables and 1917480 clauses
c VERIFIED
c Added clauses = 2486418.  Deleted clauses = 2345894.  Max live clauses = 1917480
c verification time = 3.91 secs
c VERIFIED
OVERVIEW_HEADER,benchmark,solve mem,solve time,drat kb,drat sec,lrat kb,lrat sec,restarts,decisions,conflicts,propagations,mark proof sec,dump lrat sec, ana sec, anamem mb
OVERVIEW_CSV,/nfs/scratch/bzchartu/unsat_2018_solved/Nb29T6.cnf,	Maximum resident set size (kbytes): 879876,	Elapsed (wall clock) time (h:mm:ss or m:ss): 3:58.29,0,0,165868	/local_ssd/proof.lrat,	Elapsed (wall clock) time (h:mm:ss or m:ss): 0:03.92,c restarts              : 1315,c decisions             : 73509469       (0.00 % random) (314358 /sec),c conflicts             : 583330         (2495 /sec),c propagations          : 529357109      (2263758 /sec),Marking proof: 0.636 seconds,c Dumping LRAT: 1.74 seconds,c Analyze time: 	2.376 seconds,c Analyze used disk storage:	544.035 MB
