SOLVERNAME,ANA
ANA_TMP_CONFIG,'/local_ssd/proof.dat'
BENCHNAME,/nfs/scratch/bzchartu/unsat_2018_solved/gto_p60c241.cnf
running lrb Bench '/nfs/scratch/bzchartu/unsat_2018_solved/gto_p60c241.cnf' on cumu01-13
Command exited with non-zero status 20
	Command being timed: "/nfs/scratch/bzchartu/programs/maplechronobt_proof_analyze/sources/simp/glucose_release_ana -det=lrb /nfs/scratch/bzchartu/unsat_2018_solved/gto_p60c241.cnf -cpu-lim=10000 -analyzer-tmp-file=/local_ssd/proof.dat -lrat-file=/local_ssd/proof.lrat"
	User time (seconds): 61.16
	System time (seconds): 0.84
	Percent of CPU this job got: 99%
	Elapsed (wall clock) time (h:mm:ss or m:ss): 1:02.04
	Average shared text size (kbytes): 0
	Average unshared data size (kbytes): 0
	Average stack size (kbytes): 0
	Average total size (kbytes): 0
	Maximum resident set size (kbytes): 514304
	Average resident set size (kbytes): 0
	Major (requiring I/O) page faults: 9
	Minor (reclaiming a frame) page faults: 269644
	Voluntary context switches: 42
	Involuntary context switches: 100
	Swaps: 0
	File system inputs: 39616
	File system outputs: 2105952
	Socket messages sent: 0
	Socket messages received: 0
	Signals delivered: 0
	Page size (bytes): 4096
	Exit status: 20
SOLVE_W_TIME,	Elapsed (wall clock) time (h:mm:ss or m:ss): 1:02.04
c This is MapleLCMDistChronoBT.
c WARNING: for repeatability, setting FPU to use double precision
c Sat Analyzer will analyze result
c Analyzer will dump LRAT to '/local_ssd/proof.lrat'
c ============================[ Problem Statistics ]=============================
c |                                                                             |
c |  Number of variables:          1046                                         |
c |  Number of clauses:            2849                                         |
c |  Parse time:                   0.00 s                                       |
c |  Eliminated clauses:           0.02 Mb                                      |
c Reduced to 128 vars, 513 cls (grow=0)
c No iterative elimination performed. (vars=128, c/v ratio=4.0)
c |  Simplification time:          0.01 s                                       |
c |                                                                             |
c running deterministic with LRB
c ============================[ Search Statistics ]==============================
c | Conflicts |          ORIGINAL         |          LEARNT          | Progress |
c |           |    Vars  Clauses Literals |    Limit  Clauses Lit/Cl |          |
c ===============================================================================
reserve 85196788 on /local_ssd/proof.dat
reserve 138444788 on /local_ssd/proof.dat
reserve 224972788 on /local_ssd/proof.dat
reserve 365580788 on /local_ssd/proof.dat
reserve 594074612 on /local_ssd/proof.dat
c ===============================================================================
c restarts              : 2554
c conflicts             : 1302824        (23612 /sec)
c decisions             : 1496611        (0.00 % random) (27124 /sec)
c propagations          : 25134568       (455534 /sec)
c conflict literals     : 26958252       (35.31 % deleted)
c backtracks            : 1302823        (NCB 100% , CB 0%)
c Memory used           : 608.00 MB
c CPU time              : 55.176 s

s UNSATISFIABLE
Marking proof: 1.832 seconds
c Dumping LRAT: 4.156 seconds
c Analyze time: 	5.988 seconds
c Analyze used disk storage:	498.059 MB
LRAT_SIZE: 326496	/local_ssd/proof.lrat
s UNSATISFIABLE
/local_ssd/proof.lrat
	Command being timed: "/nfs/scratch/bzchartu/programs/maplechronobt_proof_analyze/drat-trim/lrat-check /nfs/scratch/bzchartu/unsat_2018_solved/gto_p60c241.cnf /local_ssd/proof.lrat"
	User time (seconds): 7.63
	System time (seconds): 0.17
	Percent of CPU this job got: 99%
	Elapsed (wall clock) time (h:mm:ss or m:ss): 0:07.80
	Average shared text size (kbytes): 0
	Average unshared data size (kbytes): 0
	Average stack size (kbytes): 0
	Average total size (kbytes): 0
	Maximum resident set size (kbytes): 110308
	Average resident set size (kbytes): 0
	Major (requiring I/O) page faults: 0
	Minor (reclaiming a frame) page faults: 29664
	Voluntary context switches: 18
	Involuntary context switches: 6
	Swaps: 0
	File system inputs: 0
	File system outputs: 8
	Socket messages sent: 0
	Socket messages received: 0
	Signals delivered: 0
	Page size (bytes): 4096
	Exit status: 0
LRAT_W_TIME,	Elapsed (wall clock) time (h:mm:ss or m:ss): 0:07.80
c parsed a formula with 1046 variables and 3673 clauses
c VERIFIED
c Added clauses = 1271232.  Deleted clauses = 1237313.  Max live clauses = 48358
c verification time = 7.80 secs
c VERIFIED
OVERVIEW_HEADER,benchmark,solve mem,solve time,drat kb,drat sec,lrat kb,lrat sec,restarts,decisions,conflicts,propagations,mark proof sec,dump lrat sec, ana sec, anamem mb
OVERVIEW_CSV,/nfs/scratch/bzchartu/unsat_2018_solved/gto_p60c241.cnf,	Maximum resident set size (kbytes): 514304,	Elapsed (wall clock) time (h:mm:ss or m:ss): 1:02.04,0,0,326496	/local_ssd/proof.lrat,	Elapsed (wall clock) time (h:mm:ss or m:ss): 0:07.80,c restarts              : 2554,c decisions             : 1496611        (0.00 % random) (27124 /sec),c conflicts             : 1302824        (23612 /sec),c propagations          : 25134568       (455534 /sec),Marking proof: 1.832 seconds,c Dumping LRAT: 4.156 seconds,c Analyze time: 	5.988 seconds,c Analyze used disk storage:	498.059 MB
