SOLVERNAME,ANA
ANA_TMP_CONFIG,'/local_ssd/proof.dat'
BENCHNAME,/nfs/scratch/bzchartu/unsat_2018_solved/cz-alt-3-7.cnf
running lrb Bench '/nfs/scratch/bzchartu/unsat_2018_solved/cz-alt-3-7.cnf' on cumu02-12
Command exited with non-zero status 20
	Command being timed: "/nfs/scratch/bzchartu/programs/maplechronobt_proof_analyze/sources/simp/glucose_release_ana -det=lrb /nfs/scratch/bzchartu/unsat_2018_solved/cz-alt-3-7.cnf -cpu-lim=10000 -analyzer-tmp-file=/local_ssd/proof.dat -lrat-file=/local_ssd/proof.lrat"
	User time (seconds): 1852.54
	System time (seconds): 10.08
	Percent of CPU this job got: 99%
	Elapsed (wall clock) time (h:mm:ss or m:ss): 31:05.47
	Average shared text size (kbytes): 0
	Average unshared data size (kbytes): 0
	Average stack size (kbytes): 0
	Average total size (kbytes): 0
	Maximum resident set size (kbytes): 4723852
	Average resident set size (kbytes): 0
	Major (requiring I/O) page faults: 11
	Minor (reclaiming a frame) page faults: 4725207
	Voluntary context switches: 142
	Involuntary context switches: 1625
	Swaps: 0
	File system inputs: 3376
	File system outputs: 33230248
	Socket messages sent: 0
	Socket messages received: 0
	Signals delivered: 0
	Page size (bytes): 4096
	Exit status: 20
SOLVE_W_TIME,	Elapsed (wall clock) time (h:mm:ss or m:ss): 31:05.47
c This is MapleLCMDistChronoBT.
c WARNING: for repeatability, setting FPU to use double precision
c Sat Analyzer will analyze result
c Analyzer will dump LRAT to '/local_ssd/proof.lrat'
c ============================[ Problem Statistics ]=============================
c |                                                                             |
c |  Number of variables:         12145                                         |
c |  Number of clauses:          100033                                         |
c |  Parse time:                   0.06 s                                       |
c |  Eliminated clauses:           0.01 Mb                                      |
c Reduced to 11720 vars, 89459 cls (grow=0)
c |  Eliminated clauses:           0.06 Mb                                      |
c Reduced to 10797 vars, 93912 cls (grow=8)
c cl_inc_rate=1.050, var_dec_rate=1.085
c |  Eliminated clauses:           0.10 Mb                                      |
c Reduced to 10132 vars, 99791 cls (grow=16)
c cl_inc_rate=1.063, var_dec_rate=1.066
c |  Eliminated clauses:           0.19 Mb                                      |
c Reduced to 9011 vars, 116171 cls (grow=32)
c cl_inc_rate=1.164, var_dec_rate=1.124
c No. effective iterative eliminations: 3
c |  Simplification time:          0.20 s                                       |
c |                                                                             |
c running deterministic with LRB
c ============================[ Search Statistics ]==============================
c | Conflicts |          ORIGINAL         |          LEARNT          | Progress |
c |           |    Vars  Clauses Literals |    Limit  Clauses Lit/Cl |          |
c ===============================================================================
reserve 85196788 on /local_ssd/proof.dat
reserve 138444788 on /local_ssd/proof.dat
reserve 224972788 on /local_ssd/proof.dat
reserve 365580788 on /local_ssd/proof.dat
reserve 594074612 on /local_ssd/proof.dat
reserve 965372916 on /local_ssd/proof.dat
reserve 1568732660 on /local_ssd/proof.dat
reserve 2549194740 on /local_ssd/proof.dat
reserve 4142441460 on /local_ssd/proof.dat
reserve 6731472372 on /local_ssd/proof.dat
c ===============================================================================
c restarts              : 8873
c conflicts             : 5545851        (3105 /sec)
c decisions             : 6935623        (0.00 % random) (3884 /sec)
c propagations          : 4365601965     (2444570 /sec)
c conflict literals     : 179593480      (33.49 % deleted)
c backtracks            : 5545849        (NCB 100% , CB 0%)
c Memory used           : 6537.00 MB
c CPU time              : 1785.84 s

s UNSATISFIABLE
Marking proof: 23.524 seconds
c Dumping LRAT: 43.176 seconds
c Analyze time: 	66.7 seconds
c Analyze used disk storage:	4759.84 MB
LRAT_SIZE: 3473616	/local_ssd/proof.lrat
s UNSATISFIABLE
/local_ssd/proof.lrat
	Command being timed: "/nfs/scratch/bzchartu/programs/maplechronobt_proof_analyze/drat-trim/lrat-check /nfs/scratch/bzchartu/unsat_2018_solved/cz-alt-3-7.cnf /local_ssd/proof.lrat"
	User time (seconds): 78.12
	System time (seconds): 1.08
	Percent of CPU this job got: 99%
	Elapsed (wall clock) time (h:mm:ss or m:ss): 1:19.21
	Average shared text size (kbytes): 0
	Average unshared data size (kbytes): 0
	Average stack size (kbytes): 0
	Average total size (kbytes): 0
	Maximum resident set size (kbytes): 667624
	Average resident set size (kbytes): 0
	Major (requiring I/O) page faults: 0
	Minor (reclaiming a frame) page faults: 188077
	Voluntary context switches: 19
	Involuntary context switches: 22
	Swaps: 0
	File system inputs: 0
	File system outputs: 8
	Socket messages sent: 0
	Socket messages received: 0
	Signals delivered: 0
	Page size (bytes): 4096
	Exit status: 0
LRAT_W_TIME,	Elapsed (wall clock) time (h:mm:ss or m:ss): 1:19.21
c parsed a formula with 12145 variables and 108383 clauses
c VERIFIED
c Added clauses = 5378606.  Deleted clauses = 5238118.  Max live clauses = 232813
c verification time = 79.18 secs
c VERIFIED
OVERVIEW_HEADER,benchmark,solve mem,solve time,drat kb,drat sec,lrat kb,lrat sec,restarts,decisions,conflicts,propagations,mark proof sec,dump lrat sec, ana sec, anamem mb
OVERVIEW_CSV,/nfs/scratch/bzchartu/unsat_2018_solved/cz-alt-3-7.cnf,	Maximum resident set size (kbytes): 4723852,	Elapsed (wall clock) time (h:mm:ss or m:ss): 31:05.47,0,0,3473616	/local_ssd/proof.lrat,	Elapsed (wall clock) time (h:mm:ss or m:ss): 1:19.21,c restarts              : 8873,c decisions             : 6935623        (0.00 % random) (3884 /sec),c conflicts             : 5545851        (3105 /sec),c propagations          : 4365601965     (2444570 /sec),Marking proof: 23.524 seconds,c Dumping LRAT: 43.176 seconds,c Analyze time: 	66.7 seconds,c Analyze used disk storage:	4759.84 MB
