SOLVERNAME,ANA
ANA_TMP_CONFIG,'/local_ssd/proof.dat'
BENCHNAME,/nfs/scratch/bzchartu/unsat_2018_solved/T92.2.0.cnf
running lrb Bench '/nfs/scratch/bzchartu/unsat_2018_solved/T92.2.0.cnf' on cumu01-13
Command exited with non-zero status 20
	Command being timed: "/nfs/scratch/bzchartu/programs/maplechronobt_proof_analyze/sources/simp/glucose_release_ana -det=lrb /nfs/scratch/bzchartu/unsat_2018_solved/T92.2.0.cnf -cpu-lim=10000 -analyzer-tmp-file=/local_ssd/proof.dat -lrat-file=/local_ssd/proof.lrat"
	User time (seconds): 304.85
	System time (seconds): 7.20
	Percent of CPU this job got: 99%
	Elapsed (wall clock) time (h:mm:ss or m:ss): 5:12.12
	Average shared text size (kbytes): 0
	Average unshared data size (kbytes): 0
	Average stack size (kbytes): 0
	Average total size (kbytes): 0
	Maximum resident set size (kbytes): 4108196
	Average resident set size (kbytes): 0
	Major (requiring I/O) page faults: 10
	Minor (reclaiming a frame) page faults: 6180311
	Voluntary context switches: 29
	Involuntary context switches: 1392
	Swaps: 0
	File system inputs: 477936
	File system outputs: 6653040
	Socket messages sent: 0
	Socket messages received: 0
	Signals delivered: 0
	Page size (bytes): 4096
	Exit status: 20
SOLVE_W_TIME,	Elapsed (wall clock) time (h:mm:ss or m:ss): 5:12.12
c This is MapleLCMDistChronoBT.
c WARNING: for repeatability, setting FPU to use double precision
c Sat Analyzer will analyze result
c Analyzer will dump LRAT to '/local_ssd/proof.lrat'
c ============================[ Problem Statistics ]=============================
c |                                                                             |
reserve 85196788 on /local_ssd/proof.dat
reserve 138444788 on /local_ssd/proof.dat
reserve 224972788 on /local_ssd/proof.dat
reserve 365580788 on /local_ssd/proof.dat
reserve 594074612 on /local_ssd/proof.dat
c |  Number of variables:       3151111                                         |
c |  Number of clauses:        10869059                                         |
c |  Parse time:                   5.14 s                                       |
reserve 965372916 on /local_ssd/proof.dat
reserve 1568732660 on /local_ssd/proof.dat
c |  Eliminated clauses:         120.49 Mb                                      |
c Reduced to 585211 vars, 3490655 cls (grow=0)
reserve 2549194740 on /local_ssd/proof.dat
c |  Eliminated clauses:         137.15 Mb                                      |
c Reduced to 381078 vars, 3536797 cls (grow=8)
c cl_inc_rate=1.013, var_dec_rate=1.536
c |  Eliminated clauses:         140.35 Mb                                      |
c Reduced to 350813 vars, 3676651 cls (grow=16)
c cl_inc_rate=1.040, var_dec_rate=1.086
c |  Eliminated clauses:         145.87 Mb                                      |
c Reduced to 311260 vars, 3881051 cls (grow=32)
c cl_inc_rate=1.056, var_dec_rate=1.127
c |  Eliminated clauses:         154.22 Mb                                      |
c Reduced to 261979 vars, 4747278 cls (grow=64)
c cl_inc_rate=1.223, var_dec_rate=1.188
c No. effective iterative eliminations: 4
c |  Simplification time:         83.26 s                                       |
c |                                                                             |
c running deterministic with LRB
c ============================[ Search Statistics ]==============================
c | Conflicts |          ORIGINAL         |          LEARNT          | Progress |
c |           |    Vars  Clauses Literals |    Limit  Clauses Lit/Cl |          |
c ===============================================================================
reserve 4142441460 on /local_ssd/proof.dat
c ===============================================================================
c restarts              : 729
c conflicts             : 273540         (912 /sec)
c decisions             : 3269931        (0.00 % random) (10900 /sec)
c propagations          : 437344956      (1457894 /sec)
c conflict literals     : 8050595        (28.31 % deleted)
c backtracks            : 272051         (NCB 98% , CB 2%)
c Memory used           : 5846.00 MB
c CPU time              : 299.984 s

s UNSATISFIABLE
Marking proof: 0.636 seconds
c Dumping LRAT: 4.008 seconds
c Analyze time: 	4.648 seconds
c Analyze used disk storage:	2698.22 MB
LRAT_SIZE: 211000	/local_ssd/proof.lrat
s UNSATISFIABLE
/local_ssd/proof.lrat
	Command being timed: "/nfs/scratch/bzchartu/programs/maplechronobt_proof_analyze/drat-trim/lrat-check /nfs/scratch/bzchartu/unsat_2018_solved/T92.2.0.cnf /local_ssd/proof.lrat"
	User time (seconds): 8.04
	System time (seconds): 0.68
	Percent of CPU this job got: 99%
	Elapsed (wall clock) time (h:mm:ss or m:ss): 0:08.74
	Average shared text size (kbytes): 0
	Average unshared data size (kbytes): 0
	Average stack size (kbytes): 0
	Average total size (kbytes): 0
	Maximum resident set size (kbytes): 1326024
	Average resident set size (kbytes): 0
	Major (requiring I/O) page faults: 0
	Minor (reclaiming a frame) page faults: 388906
	Voluntary context switches: 19
	Involuntary context switches: 4
	Swaps: 0
	File system inputs: 0
	File system outputs: 8
	Socket messages sent: 0
	Socket messages received: 0
	Signals delivered: 0
	Page size (bytes): 4096
	Exit status: 0
LRAT_W_TIME,	Elapsed (wall clock) time (h:mm:ss or m:ss): 0:08.74
c parsed a formula with 3151111 variables and 10869059 clauses
c VERIFIED
c Added clauses = 11580339.  Deleted clauses = 11066272.  Max live clauses = 10869059
c verification time = 8.68 secs
c VERIFIED
OVERVIEW_HEADER,benchmark,solve mem,solve time,drat kb,drat sec,lrat kb,lrat sec,restarts,decisions,conflicts,propagations,mark proof sec,dump lrat sec, ana sec, anamem mb
OVERVIEW_CSV,/nfs/scratch/bzchartu/unsat_2018_solved/T92.2.0.cnf,	Maximum resident set size (kbytes): 4108196,	Elapsed (wall clock) time (h:mm:ss or m:ss): 5:12.12,0,0,211000	/local_ssd/proof.lrat,	Elapsed (wall clock) time (h:mm:ss or m:ss): 0:08.74,c restarts              : 729,c decisions             : 3269931        (0.00 % random) (10900 /sec),c conflicts             : 273540         (912 /sec),c propagations          : 437344956      (1457894 /sec),Marking proof: 0.636 seconds,c Dumping LRAT: 4.008 seconds,c Analyze time: 	4.648 seconds,c Analyze used disk storage:	2698.22 MB
