SOLVERNAME,ANA
ANA_TMP_CONFIG,'/local_ssd/proof.dat'
BENCHNAME,/nfs/scratch/bzchartu/unsat_2018_solved/a_rphp045_05.cnf
running lrb Bench '/nfs/scratch/bzchartu/unsat_2018_solved/a_rphp045_05.cnf' on cumu01-09
Command exited with non-zero status 20
	Command being timed: "/nfs/scratch/bzchartu/programs/maplechronobt_proof_analyze/sources/simp/glucose_release_ana -det=lrb /nfs/scratch/bzchartu/unsat_2018_solved/a_rphp045_05.cnf -cpu-lim=10000 -analyzer-tmp-file=/local_ssd/proof.dat -lrat-file=/local_ssd/proof.lrat"
	User time (seconds): 4423.59
	System time (seconds): 63.87
	Percent of CPU this job got: 98%
	Elapsed (wall clock) time (h:mm:ss or m:ss): 1:15:38
	Average shared text size (kbytes): 0
	Average unshared data size (kbytes): 0
	Average stack size (kbytes): 0
	Average total size (kbytes): 0
	Maximum resident set size (kbytes): 20860708
	Average resident set size (kbytes): 0
	Major (requiring I/O) page faults: 15
	Minor (reclaiming a frame) page faults: 29409306
	Voluntary context switches: 322
	Involuntary context switches: 3933
	Swaps: 0
	File system inputs: 3600
	File system outputs: 141749264
	Socket messages sent: 0
	Socket messages received: 0
	Signals delivered: 0
	Page size (bytes): 4096
	Exit status: 20
SOLVE_W_TIME,	Elapsed (wall clock) time (h:mm:ss or m:ss): 1:15:38
c This is MapleLCMDistChronoBT.
c WARNING: for repeatability, setting FPU to use double precision
c Sat Analyzer will analyze result
c Analyzer will dump LRAT to '/local_ssd/proof.lrat'
c ============================[ Problem Statistics ]=============================
c |                                                                             |
c |  Number of variables:           472                                         |
c |  Number of clauses:            6643                                         |
c |  Parse time:                   0.00 s                                       |
c |  Eliminated clauses:           0.00 Mb                                      |
c Reduced to 426 vars, 6362 cls (grow=0)
c No iterative elimination performed. (vars=426, c/v ratio=14.9)
c |  Simplification time:          0.02 s                                       |
c |                                                                             |
c running deterministic with LRB
c ============================[ Search Statistics ]==============================
c | Conflicts |          ORIGINAL         |          LEARNT          | Progress |
c |           |    Vars  Clauses Literals |    Limit  Clauses Lit/Cl |          |
c ===============================================================================
reserve 85196788 on /local_ssd/proof.dat
reserve 138444788 on /local_ssd/proof.dat
reserve 224972788 on /local_ssd/proof.dat
reserve 365580788 on /local_ssd/proof.dat
reserve 594074612 on /local_ssd/proof.dat
reserve 965372916 on /local_ssd/proof.dat
reserve 1568732660 on /local_ssd/proof.dat
reserve 2549194740 on /local_ssd/proof.dat
reserve 4142441460 on /local_ssd/proof.dat
reserve 6731472372 on /local_ssd/proof.dat
reserve 10938643444 on /local_ssd/proof.dat
reserve 17775300596 on /local_ssd/proof.dat
reserve 28884863476 on /local_ssd/proof.dat
c ===============================================================================
c restarts              : 68032
c conflicts             : 53722306       (12910 /sec)
c decisions             : 342306611      (0.00 % random) (82261 /sec)
c propagations          : 1752563899     (421165 /sec)
c conflict literals     : 1747401908     (29.89 % deleted)
c backtracks            : 53694145       (NCB 100% , CB 0%)
c Memory used           : 27850.00 MB
c CPU time              : 4161.23 s

s UNSATISFIABLE
Marking proof: 58.488 seconds
c Dumping LRAT: 203.876 seconds
c Analyze time: 	262.364 seconds
c Analyze used disk storage:	21189.9 MB
LRAT_SIZE: 13542108	/local_ssd/proof.lrat
s UNSATISFIABLE
/local_ssd/proof.lrat
	Command being timed: "/nfs/scratch/bzchartu/programs/maplechronobt_proof_analyze/drat-trim/lrat-check /nfs/scratch/bzchartu/unsat_2018_solved/a_rphp045_05.cnf /local_ssd/proof.lrat"
	User time (seconds): 321.80
	System time (seconds): 5.40
	Percent of CPU this job got: 100%
	Elapsed (wall clock) time (h:mm:ss or m:ss): 5:27.21
	Average shared text size (kbytes): 0
	Average unshared data size (kbytes): 0
	Average stack size (kbytes): 0
	Average total size (kbytes): 0
	Maximum resident set size (kbytes): 6608056
	Average resident set size (kbytes): 0
	Major (requiring I/O) page faults: 0
	Minor (reclaiming a frame) page faults: 1696235
	Voluntary context switches: 19
	Involuntary context switches: 410
	Swaps: 0
	File system inputs: 0
	File system outputs: 8
	Socket messages sent: 0
	Socket messages received: 0
	Signals delivered: 0
	Page size (bytes): 4096
	Exit status: 0
LRAT_W_TIME,	Elapsed (wall clock) time (h:mm:ss or m:ss): 5:27.21
c parsed a formula with 472 variables and 6643 clauses
c VERIFIED
c Added clauses = 51355563.  Deleted clauses = 51227098.  Max live clauses = 310574
c verification time = 326.99 secs
c VERIFIED
OVERVIEW_HEADER,benchmark,solve mem,solve time,drat kb,drat sec,lrat kb,lrat sec,restarts,decisions,conflicts,propagations,mark proof sec,dump lrat sec, ana sec, anamem mb
OVERVIEW_CSV,/nfs/scratch/bzchartu/unsat_2018_solved/a_rphp045_05.cnf,	Maximum resident set size (kbytes): 20860708,	Elapsed (wall clock) time (h:mm:ss or m:ss): 1:15:38,0,0,13542108	/local_ssd/proof.lrat,	Elapsed (wall clock) time (h:mm:ss or m:ss): 5:27.21,c restarts              : 68032,c decisions             : 342306611      (0.00 % random) (82261 /sec),c conflicts             : 53722306       (12910 /sec),c propagations          : 1752563899     (421165 /sec),Marking proof: 58.488 seconds,c Dumping LRAT: 203.876 seconds,c Analyze time: 	262.364 seconds,c Analyze used disk storage:	21189.9 MB
