SOLVERNAME,ANA
ANA_TMP_CONFIG,'/local_ssd/proof.dat'
BENCHNAME,/nfs/scratch/bzchartu/unsat_2018_solved/Nb51T6.cnf
running lrb Bench '/nfs/scratch/bzchartu/unsat_2018_solved/Nb51T6.cnf' on cumu01-01
Command exited with non-zero status 20
	Command being timed: "/nfs/scratch/bzchartu/programs/maplechronobt_proof_analyze/sources/simp/glucose_release_ana -det=lrb /nfs/scratch/bzchartu/unsat_2018_solved/Nb51T6.cnf -cpu-lim=10000 -analyzer-tmp-file=/local_ssd/proof.dat -lrat-file=/local_ssd/proof.lrat"
	User time (seconds): 1503.94
	System time (seconds): 10.71
	Percent of CPU this job got: 99%
	Elapsed (wall clock) time (h:mm:ss or m:ss): 25:14.72
	Average shared text size (kbytes): 0
	Average unshared data size (kbytes): 0
	Average stack size (kbytes): 0
	Average total size (kbytes): 0
	Maximum resident set size (kbytes): 3954308
	Average resident set size (kbytes): 0
	Major (requiring I/O) page faults: 9
	Minor (reclaiming a frame) page faults: 13778500
	Voluntary context switches: 38
	Involuntary context switches: 2702
	Swaps: 0
	File system inputs: 520352
	File system outputs: 5233864
	Socket messages sent: 0
	Socket messages received: 0
	Signals delivered: 0
	Page size (bytes): 4096
	Exit status: 20
SOLVE_W_TIME,	Elapsed (wall clock) time (h:mm:ss or m:ss): 25:14.72
c This is MapleLCMDistChronoBT.
c WARNING: for repeatability, setting FPU to use double precision
c Sat Analyzer will analyze result
c Analyzer will dump LRAT to '/local_ssd/proof.lrat'
c ============================[ Problem Statistics ]=============================
c |                                                                             |
reserve 85196788 on /local_ssd/proof.dat
reserve 138444788 on /local_ssd/proof.dat
reserve 224972788 on /local_ssd/proof.dat
reserve 365580788 on /local_ssd/proof.dat
reserve 594074612 on /local_ssd/proof.dat
c |  Number of variables:       2365527                                         |
c |  Number of clauses:        10508040                                         |
c |  Parse time:                   4.00 s                                       |
reserve 965372916 on /local_ssd/proof.dat
reserve 1568732660 on /local_ssd/proof.dat
c |  Eliminated clauses:          60.13 Mb                                      |
c Reduced to 1314723 vars, 10508040 cls (grow=0)
reserve 2549194740 on /local_ssd/proof.dat
c |  Eliminated clauses:         110.23 Mb                                      |
c Reduced to 789321 vars, 12609648 cls (grow=8)
c cl_inc_rate=1.200, var_dec_rate=1.666
c No. effective iterative eliminations: 1
c |  Simplification time:         24.43 s                                       |
c |                                                                             |
c running deterministic with LRB
c ============================[ Search Statistics ]==============================
c | Conflicts |          ORIGINAL         |          LEARNT          | Progress |
c |           |    Vars  Clauses Literals |    Limit  Clauses Lit/Cl |          |
c ===============================================================================
c ===============================================================================
c restarts              : 1655
c conflicts             : 704702         (470 /sec)
c decisions             : 514473511      (0.00 % random) (343156 /sec)
c propagations          : 2166367956     (1444977 /sec)
c conflict literals     : 11612255       (23.49 % deleted)
c backtracks            : 698433         (NCB 96% , CB 4%)
c Memory used           : 5863.00 MB
c CPU time              : 1499.24 s

s UNSATISFIABLE
Marking proof: 0.78 seconds
c Dumping LRAT: 3.552 seconds
c Analyze time: 	4.336 seconds
c Analyze used disk storage:	2082.58 MB
LRAT_SIZE: 291580	/local_ssd/proof.lrat
s UNSATISFIABLE
/local_ssd/proof.lrat
	Command being timed: "/nfs/scratch/bzchartu/programs/maplechronobt_proof_analyze/drat-trim/lrat-check /nfs/scratch/bzchartu/unsat_2018_solved/Nb51T6.cnf /local_ssd/proof.lrat"
	User time (seconds): 9.24
	System time (seconds): 0.52
	Percent of CPU this job got: 99%
	Elapsed (wall clock) time (h:mm:ss or m:ss): 0:09.78
	Average shared text size (kbytes): 0
	Average unshared data size (kbytes): 0
	Average stack size (kbytes): 0
	Average total size (kbytes): 0
	Maximum resident set size (kbytes): 1094296
	Average resident set size (kbytes): 0
	Major (requiring I/O) page faults: 0
	Minor (reclaiming a frame) page faults: 303568
	Voluntary context switches: 19
	Involuntary context switches: 8
	Swaps: 0
	File system inputs: 0
	File system outputs: 8
	Socket messages sent: 0
	Socket messages received: 0
	Signals delivered: 0
	Page size (bytes): 4096
	Exit status: 0
LRAT_W_TIME,	Elapsed (wall clock) time (h:mm:ss or m:ss): 0:09.78
c parsed a formula with 2365527 variables and 10508040 clauses
c VERIFIED
c Added clauses = 11173151.  Deleted clauses = 11053469.  Max live clauses = 10508040
c verification time = 9.74 secs
c VERIFIED
OVERVIEW_HEADER,benchmark,solve mem,solve time,drat kb,drat sec,lrat kb,lrat sec,restarts,decisions,conflicts,propagations,mark proof sec,dump lrat sec, ana sec, anamem mb
OVERVIEW_CSV,/nfs/scratch/bzchartu/unsat_2018_solved/Nb51T6.cnf,	Maximum resident set size (kbytes): 3954308,	Elapsed (wall clock) time (h:mm:ss or m:ss): 25:14.72,0,0,291580	/local_ssd/proof.lrat,	Elapsed (wall clock) time (h:mm:ss or m:ss): 0:09.78,c restarts              : 1655,c decisions             : 514473511      (0.00 % random) (343156 /sec),c conflicts             : 704702         (470 /sec),c propagations          : 2166367956     (1444977 /sec),Marking proof: 0.78 seconds,c Dumping LRAT: 3.552 seconds,c Analyze time: 	4.336 seconds,c Analyze used disk storage:	2082.58 MB
