SOLVERNAME,ANA
ANA_TMP_CONFIG,'/local_ssd/proof.dat'
BENCHNAME,/nfs/scratch/bzchartu/unsat_2018_solved/dist5.c.cnf
running lrb Bench '/nfs/scratch/bzchartu/unsat_2018_solved/dist5.c.cnf' on cumu02-00
Command exited with non-zero status 20
	Command being timed: "/nfs/scratch/bzchartu/programs/maplechronobt_proof_analyze/sources/simp/glucose_release_ana -det=lrb /nfs/scratch/bzchartu/unsat_2018_solved/dist5.c.cnf -cpu-lim=10000 -analyzer-tmp-file=/local_ssd/proof.dat -lrat-file=/local_ssd/proof.lrat"
	User time (seconds): 200.66
	System time (seconds): 8.13
	Percent of CPU this job got: 96%
	Elapsed (wall clock) time (h:mm:ss or m:ss): 3:36.51
	Average shared text size (kbytes): 0
	Average unshared data size (kbytes): 0
	Average stack size (kbytes): 0
	Average total size (kbytes): 0
	Maximum resident set size (kbytes): 3963872
	Average resident set size (kbytes): 0
	Major (requiring I/O) page faults: 10
	Minor (reclaiming a frame) page faults: 3990746
	Voluntary context switches: 140
	Involuntary context switches: 253
	Swaps: 0
	File system inputs: 2456
	File system outputs: 25738584
	Socket messages sent: 0
	Socket messages received: 0
	Signals delivered: 0
	Page size (bytes): 4096
	Exit status: 20
SOLVE_W_TIME,	Elapsed (wall clock) time (h:mm:ss or m:ss): 3:36.51
c This is MapleLCMDistChronoBT.
c WARNING: for repeatability, setting FPU to use double precision
c Sat Analyzer will analyze result
c Analyzer will dump LRAT to '/local_ssd/proof.lrat'
c ============================[ Problem Statistics ]=============================
c |                                                                             |
c |  Number of variables:         15256                                         |
c |  Number of clauses:           68104                                         |
c |  Parse time:                   0.04 s                                       |
c |  Eliminated clauses:           0.23 Mb                                      |
c Reduced to 10322 vars, 55088 cls (grow=0)
c |  Eliminated clauses:           0.48 Mb                                      |
c Reduced to 7411 vars, 55082 cls (grow=8)
c cl_inc_rate=1.000, var_dec_rate=1.393
c |  Eliminated clauses:           0.53 Mb                                      |
c Reduced to 7025 vars, 57793 cls (grow=16)
c cl_inc_rate=1.049, var_dec_rate=1.055
c |  Eliminated clauses:           0.68 Mb                                      |
c Reduced to 6003 vars, 78099 cls (grow=32)
c cl_inc_rate=1.351, var_dec_rate=1.170
c No. effective iterative eliminations: 3
c |  Simplification time:          0.32 s                                       |
c |                                                                             |
c running deterministic with LRB
c ============================[ Search Statistics ]==============================
c | Conflicts |          ORIGINAL         |          LEARNT          | Progress |
c |           |    Vars  Clauses Literals |    Limit  Clauses Lit/Cl |          |
c ===============================================================================
reserve 85196788 on /local_ssd/proof.dat
reserve 138444788 on /local_ssd/proof.dat
reserve 224972788 on /local_ssd/proof.dat
reserve 365580788 on /local_ssd/proof.dat
reserve 594074612 on /local_ssd/proof.dat
reserve 965372916 on /local_ssd/proof.dat
reserve 1568732660 on /local_ssd/proof.dat
reserve 2549194740 on /local_ssd/proof.dat
reserve 4142441460 on /local_ssd/proof.dat
c ===============================================================================
c restarts              : 1912
c conflicts             : 867185         (6548 /sec)
c decisions             : 1751878        (0.00 % random) (13229 /sec)
c propagations          : 328389911      (2479687 /sec)
c conflict literals     : 23630043       (71.21 % deleted)
c backtracks            : 867087         (NCB 100% , CB 0%)
c Memory used           : 4003.00 MB
c CPU time              : 132.432 s

s UNSATISFIABLE
Marking proof: 36.264 seconds
c Dumping LRAT: 31.96 seconds
c Analyze time: 	68.224 seconds
c Analyze used disk storage:	4018.06 MB
LRAT_SIZE: 3013396	/local_ssd/proof.lrat
s UNSATISFIABLE
/local_ssd/proof.lrat
	Command being timed: "/nfs/scratch/bzchartu/programs/maplechronobt_proof_analyze/drat-trim/lrat-check /nfs/scratch/bzchartu/unsat_2018_solved/dist5.c.cnf /local_ssd/proof.lrat"
	User time (seconds): 64.94
	System time (seconds): 0.90
	Percent of CPU this job got: 99%
	Elapsed (wall clock) time (h:mm:ss or m:ss): 1:05.85
	Average shared text size (kbytes): 0
	Average unshared data size (kbytes): 0
	Average stack size (kbytes): 0
	Average total size (kbytes): 0
	Maximum resident set size (kbytes): 89652
	Average resident set size (kbytes): 0
	Major (requiring I/O) page faults: 0
	Minor (reclaiming a frame) page faults: 30824
	Voluntary context switches: 17
	Involuntary context switches: 84
	Swaps: 0
	File system inputs: 0
	File system outputs: 8
	Socket messages sent: 0
	Socket messages received: 0
	Signals delivered: 0
	Page size (bytes): 4096
	Exit status: 0
LRAT_W_TIME,	Elapsed (wall clock) time (h:mm:ss or m:ss): 1:05.85
c parsed a formula with 15256 variables and 68124 clauses
c VERIFIED
c Added clauses = 929939.  Deleted clauses = 888992.  Max live clauses = 101691
c verification time = 65.85 secs
c VERIFIED
OVERVIEW_HEADER,benchmark,solve mem,solve time,drat kb,drat sec,lrat kb,lrat sec,restarts,decisions,conflicts,propagations,mark proof sec,dump lrat sec, ana sec, anamem mb
OVERVIEW_CSV,/nfs/scratch/bzchartu/unsat_2018_solved/dist5.c.cnf,	Maximum resident set size (kbytes): 3963872,	Elapsed (wall clock) time (h:mm:ss or m:ss): 3:36.51,0,0,3013396	/local_ssd/proof.lrat,	Elapsed (wall clock) time (h:mm:ss or m:ss): 1:05.85,c restarts              : 1912,c decisions             : 1751878        (0.00 % random) (13229 /sec),c conflicts             : 867185         (6548 /sec),c propagations          : 328389911      (2479687 /sec),Marking proof: 36.264 seconds,c Dumping LRAT: 31.96 seconds,c Analyze time: 	68.224 seconds,c Analyze used disk storage:	4018.06 MB
