SOLVERNAME,ANA
ANA_TMP_CONFIG,'/local_ssd/proof.dat'
BENCHNAME,/nfs/scratch/bzchartu/unsat_2018_solved/gto_p60c239.cnf
running lrb Bench '/nfs/scratch/bzchartu/unsat_2018_solved/gto_p60c239.cnf' on cumu02-14
Command exited with non-zero status 20
	Command being timed: "/nfs/scratch/bzchartu/programs/maplechronobt_proof_analyze/sources/simp/glucose_release_ana -det=lrb /nfs/scratch/bzchartu/unsat_2018_solved/gto_p60c239.cnf -cpu-lim=10000 -analyzer-tmp-file=/local_ssd/proof.dat -lrat-file=/local_ssd/proof.lrat"
	User time (seconds): 68.52
	System time (seconds): 0.98
	Percent of CPU this job got: 99%
	Elapsed (wall clock) time (h:mm:ss or m:ss): 1:09.69
	Average shared text size (kbytes): 0
	Average unshared data size (kbytes): 0
	Average stack size (kbytes): 0
	Average total size (kbytes): 0
	Maximum resident set size (kbytes): 569088
	Average resident set size (kbytes): 0
	Major (requiring I/O) page faults: 6
	Minor (reclaiming a frame) page faults: 300680
	Voluntary context switches: 22
	Involuntary context switches: 41
	Swaps: 0
	File system inputs: 96
	File system outputs: 2614720
	Socket messages sent: 0
	Socket messages received: 0
	Signals delivered: 0
	Page size (bytes): 4096
	Exit status: 20
SOLVE_W_TIME,	Elapsed (wall clock) time (h:mm:ss or m:ss): 1:09.69
c This is MapleLCMDistChronoBT.
c WARNING: for repeatability, setting FPU to use double precision
c Sat Analyzer will analyze result
c Analyzer will dump LRAT to '/local_ssd/proof.lrat'
c ============================[ Problem Statistics ]=============================
c |                                                                             |
c |  Number of variables:          1038                                         |
c |  Number of clauses:            2809                                         |
c |  Parse time:                   0.00 s                                       |
c |  Eliminated clauses:           0.02 Mb                                      |
c Reduced to 124 vars, 498 cls (grow=0)
c No iterative elimination performed. (vars=124, c/v ratio=4.0)
c |  Simplification time:          0.01 s                                       |
c |                                                                             |
c running deterministic with LRB
c ============================[ Search Statistics ]==============================
c | Conflicts |          ORIGINAL         |          LEARNT          | Progress |
c |           |    Vars  Clauses Literals |    Limit  Clauses Lit/Cl |          |
c ===============================================================================
reserve 85196788 on /local_ssd/proof.dat
reserve 138444788 on /local_ssd/proof.dat
reserve 224972788 on /local_ssd/proof.dat
reserve 365580788 on /local_ssd/proof.dat
reserve 594074612 on /local_ssd/proof.dat
c ===============================================================================
c restarts              : 2754
c conflicts             : 1419377        (23147 /sec)
c decisions             : 1623708        (0.00 % random) (26479 /sec)
c propagations          : 24598378       (401148 /sec)
c conflict literals     : 34092931       (33.43 % deleted)
c backtracks            : 1419376        (NCB 100% , CB 0%)
c Memory used           : 613.00 MB
c CPU time              : 61.32 s

s UNSATISFIABLE
Marking proof: 1.972 seconds
c Dumping LRAT: 5.236 seconds
c Analyze time: 	7.208 seconds
c Analyze used disk storage:	555.036 MB
LRAT_SIZE: 384040	/local_ssd/proof.lrat
s UNSATISFIABLE
/local_ssd/proof.lrat
	Command being timed: "/nfs/scratch/bzchartu/programs/maplechronobt_proof_analyze/drat-trim/lrat-check /nfs/scratch/bzchartu/unsat_2018_solved/gto_p60c239.cnf /local_ssd/proof.lrat"
	User time (seconds): 9.15
	System time (seconds): 0.11
	Percent of CPU this job got: 99%
	Elapsed (wall clock) time (h:mm:ss or m:ss): 0:09.27
	Average shared text size (kbytes): 0
	Average unshared data size (kbytes): 0
	Average stack size (kbytes): 0
	Average total size (kbytes): 0
	Maximum resident set size (kbytes): 148616
	Average resident set size (kbytes): 0
	Major (requiring I/O) page faults: 0
	Minor (reclaiming a frame) page faults: 43018
	Voluntary context switches: 18
	Involuntary context switches: 7
	Swaps: 0
	File system inputs: 0
	File system outputs: 8
	Socket messages sent: 0
	Socket messages received: 0
	Signals delivered: 0
	Page size (bytes): 4096
	Exit status: 0
LRAT_W_TIME,	Elapsed (wall clock) time (h:mm:ss or m:ss): 0:09.27
c parsed a formula with 1038 variables and 3627 clauses
c VERIFIED
c Added clauses = 1435744.  Deleted clauses = 1400782.  Max live clauses = 51510
c verification time = 9.27 secs
c VERIFIED
OVERVIEW_HEADER,benchmark,solve mem,solve time,drat kb,drat sec,lrat kb,lrat sec,restarts,decisions,conflicts,propagations,mark proof sec,dump lrat sec, ana sec, anamem mb
OVERVIEW_CSV,/nfs/scratch/bzchartu/unsat_2018_solved/gto_p60c239.cnf,	Maximum resident set size (kbytes): 569088,	Elapsed (wall clock) time (h:mm:ss or m:ss): 1:09.69,0,0,384040	/local_ssd/proof.lrat,	Elapsed (wall clock) time (h:mm:ss or m:ss): 0:09.27,c restarts              : 2754,c decisions             : 1623708        (0.00 % random) (26479 /sec),c conflicts             : 1419377        (23147 /sec),c propagations          : 24598378       (401148 /sec),Marking proof: 1.972 seconds,c Dumping LRAT: 5.236 seconds,c Analyze time: 	7.208 seconds,c Analyze used disk storage:	555.036 MB
