SOLVERNAME,ANA
ANA_TMP_CONFIG,'/local_ssd/proof.dat'
BENCHNAME,/nfs/scratch/bzchartu/unsat_2018_solved/queen12_12.col.12.cnf
running lrb Bench '/nfs/scratch/bzchartu/unsat_2018_solved/queen12_12.col.12.cnf' on cumu02-02
Command exited with non-zero status 20
	Command being timed: "/nfs/scratch/bzchartu/programs/maplechronobt_proof_analyze/sources/simp/glucose_release_ana -det=lrb /nfs/scratch/bzchartu/unsat_2018_solved/queen12_12.col.12.cnf -cpu-lim=10000 -analyzer-tmp-file=/local_ssd/proof.dat -lrat-file=/local_ssd/proof.lrat"
	User time (seconds): 596.45
	System time (seconds): 7.44
	Percent of CPU this job got: 99%
	Elapsed (wall clock) time (h:mm:ss or m:ss): 10:05.84
	Average shared text size (kbytes): 0
	Average unshared data size (kbytes): 0
	Average stack size (kbytes): 0
	Average total size (kbytes): 0
	Maximum resident set size (kbytes): 3466200
	Average resident set size (kbytes): 0
	Major (requiring I/O) page faults: 10
	Minor (reclaiming a frame) page faults: 3671911
	Voluntary context switches: 80
	Involuntary context switches: 424
	Swaps: 0
	File system inputs: 1424
	File system outputs: 21699624
	Socket messages sent: 0
	Socket messages received: 0
	Signals delivered: 0
	Page size (bytes): 4096
	Exit status: 20
SOLVE_W_TIME,	Elapsed (wall clock) time (h:mm:ss or m:ss): 10:05.84
c This is MapleLCMDistChronoBT.
c WARNING: for repeatability, setting FPU to use double precision
c Sat Analyzer will analyze result
c Analyzer will dump LRAT to '/local_ssd/proof.lrat'
c ============================[ Problem Statistics ]=============================
c |                                                                             |
c |  Number of variables:          1584                                         |
c |  Number of clauses:           57256                                         |
c |  Parse time:                   0.01 s                                       |
c |  Eliminated clauses:           0.01 Mb                                      |
c Reduced to 1440 vars, 28556 cls (grow=0)
c No iterative elimination performed. (vars=1440, c/v ratio=19.8)
c |  Simplification time:          0.07 s                                       |
c |                                                                             |
c running deterministic with LRB
c ============================[ Search Statistics ]==============================
c | Conflicts |          ORIGINAL         |          LEARNT          | Progress |
c |           |    Vars  Clauses Literals |    Limit  Clauses Lit/Cl |          |
c ===============================================================================
reserve 85196788 on /local_ssd/proof.dat
reserve 138444788 on /local_ssd/proof.dat
reserve 224972788 on /local_ssd/proof.dat
reserve 365580788 on /local_ssd/proof.dat
reserve 594074612 on /local_ssd/proof.dat
reserve 965372916 on /local_ssd/proof.dat
reserve 1568732660 on /local_ssd/proof.dat
reserve 2549194740 on /local_ssd/proof.dat
reserve 4142441460 on /local_ssd/proof.dat
c ===============================================================================
c restarts              : 16578
c conflicts             : 10598331       (19233 /sec)
c decisions             : 12257220       (0.00 % random) (22244 /sec)
c propagations          : 460145736      (835056 /sec)
c conflict literals     : 307799346      (23.30 % deleted)
c backtracks            : 10598318       (NCB 100% , CB 0%)
c Memory used           : 4022.00 MB
c CPU time              : 551.036 s

s UNSATISFIABLE
Marking proof: 9.288 seconds
c Dumping LRAT: 36.124 seconds
c Analyze time: 	45.412 seconds
c Analyze used disk storage:	3498.47 MB
LRAT_SIZE: 2916832	/local_ssd/proof.lrat
s UNSATISFIABLE
/local_ssd/proof.lrat
	Command being timed: "/nfs/scratch/bzchartu/programs/maplechronobt_proof_analyze/drat-trim/lrat-check /nfs/scratch/bzchartu/unsat_2018_solved/queen12_12.col.12.cnf /local_ssd/proof.lrat"
	User time (seconds): 59.03
	System time (seconds): 1.23
	Percent of CPU this job got: 99%
	Elapsed (wall clock) time (h:mm:ss or m:ss): 1:00.27
	Average shared text size (kbytes): 0
	Average unshared data size (kbytes): 0
	Average stack size (kbytes): 0
	Average total size (kbytes): 0
	Maximum resident set size (kbytes): 1239884
	Average resident set size (kbytes): 0
	Major (requiring I/O) page faults: 0
	Minor (reclaiming a frame) page faults: 326952
	Voluntary context switches: 19
	Involuntary context switches: 20
	Swaps: 0
	File system inputs: 0
	File system outputs: 8
	Socket messages sent: 0
	Socket messages received: 0
	Signals delivered: 0
	Page size (bytes): 4096
	Exit status: 0
LRAT_W_TIME,	Elapsed (wall clock) time (h:mm:ss or m:ss): 1:00.27
c parsed a formula with 1584 variables and 57256 clauses
c VERIFIED
c Added clauses = 10530360.  Deleted clauses = 10519887.  Max live clauses = 57256
c verification time = 60.23 secs
c VERIFIED
OVERVIEW_HEADER,benchmark,solve mem,solve time,drat kb,drat sec,lrat kb,lrat sec,restarts,decisions,conflicts,propagations,mark proof sec,dump lrat sec, ana sec, anamem mb
OVERVIEW_CSV,/nfs/scratch/bzchartu/unsat_2018_solved/queen12_12.col.12.cnf,	Maximum resident set size (kbytes): 3466200,	Elapsed (wall clock) time (h:mm:ss or m:ss): 10:05.84,0,0,2916832	/local_ssd/proof.lrat,	Elapsed (wall clock) time (h:mm:ss or m:ss): 1:00.27,c restarts              : 16578,c decisions             : 12257220       (0.00 % random) (22244 /sec),c conflicts             : 10598331       (19233 /sec),c propagations          : 460145736      (835056 /sec),Marking proof: 9.288 seconds,c Dumping LRAT: 36.124 seconds,c Analyze time: 	45.412 seconds,c Analyze used disk storage:	3498.47 MB
