SOLVERNAME,ANA
ANA_TMP_CONFIG,'/local_ssd/proof.dat'
BENCHNAME,/nfs/scratch/bzchartu/unsat_2018_solved/Nb54T6.cnf
running lrb Bench '/nfs/scratch/bzchartu/unsat_2018_solved/Nb54T6.cnf' on cumu02-15
Command exited with non-zero status 20
	Command being timed: "/nfs/scratch/bzchartu/programs/maplechronobt_proof_analyze/sources/simp/glucose_release_ana -det=lrb /nfs/scratch/bzchartu/unsat_2018_solved/Nb54T6.cnf -cpu-lim=10000 -analyzer-tmp-file=/local_ssd/proof.dat -lrat-file=/local_ssd/proof.lrat"
	User time (seconds): 1896.87
	System time (seconds): 12.42
	Percent of CPU this job got: 99%
	Elapsed (wall clock) time (h:mm:ss or m:ss): 31:49.69
	Average shared text size (kbytes): 0
	Average unshared data size (kbytes): 0
	Average stack size (kbytes): 0
	Average total size (kbytes): 0
	Maximum resident set size (kbytes): 4629800
	Average resident set size (kbytes): 0
	Major (requiring I/O) page faults: 9
	Minor (reclaiming a frame) page faults: 16179332
	Voluntary context switches: 84
	Involuntary context switches: 3957
	Swaps: 0
	File system inputs: 621288
	File system outputs: 5993920
	Socket messages sent: 0
	Socket messages received: 0
	Signals delivered: 0
	Page size (bytes): 4096
	Exit status: 20
SOLVE_W_TIME,	Elapsed (wall clock) time (h:mm:ss or m:ss): 31:49.69
c This is MapleLCMDistChronoBT.
c WARNING: for repeatability, setting FPU to use double precision
c Sat Analyzer will analyze result
c Analyzer will dump LRAT to '/local_ssd/proof.lrat'
c ============================[ Problem Statistics ]=============================
c |                                                                             |
reserve 85196788 on /local_ssd/proof.dat
reserve 138444788 on /local_ssd/proof.dat
reserve 224972788 on /local_ssd/proof.dat
reserve 365580788 on /local_ssd/proof.dat
reserve 594074612 on /local_ssd/proof.dat
c |  Number of variables:       2809398                                         |
c |  Number of clauses:        12480480                                         |
c |  Parse time:                   4.45 s                                       |
reserve 965372916 on /local_ssd/proof.dat
reserve 1568732660 on /local_ssd/proof.dat
c |  Eliminated clauses:          71.41 Mb                                      |
c Reduced to 1561350 vars, 12480480 cls (grow=0)
reserve 2549194740 on /local_ssd/proof.dat
c |  Eliminated clauses:         130.93 Mb                                      |
c Reduced to 937326 vars, 14976576 cls (grow=8)
c cl_inc_rate=1.200, var_dec_rate=1.666
c No. effective iterative eliminations: 1
c |  Simplification time:         29.50 s                                       |
c |                                                                             |
c running deterministic with LRB
c ============================[ Search Statistics ]==============================
c | Conflicts |          ORIGINAL         |          LEARNT          | Progress |
c |           |    Vars  Clauses Literals |    Limit  Clauses Lit/Cl |          |
c ===============================================================================
c ===============================================================================
c restarts              : 1645
c conflicts             : 700404         (370 /sec)
c decisions             : 576367996      (0.00 % random) (304677 /sec)
c propagations          : 2601881296     (1375393 /sec)
c conflict literals     : 12718217       (23.20 % deleted)
c backtracks            : 694224         (NCB 97% , CB 3%)
c Memory used           : 6034.00 MB
c CPU time              : 1891.74 s

s UNSATISFIABLE
Marking proof: 0.804 seconds
c Dumping LRAT: 3.888 seconds
c Analyze time: 	4.692 seconds
c Analyze used disk storage:	2431.27 MB
LRAT_SIZE: 323356	/local_ssd/proof.lrat
s UNSATISFIABLE
/local_ssd/proof.lrat
	Command being timed: "/nfs/scratch/bzchartu/programs/maplechronobt_proof_analyze/drat-trim/lrat-check /nfs/scratch/bzchartu/unsat_2018_solved/Nb54T6.cnf /local_ssd/proof.lrat"
	User time (seconds): 10.61
	System time (seconds): 0.59
	Percent of CPU this job got: 99%
	Elapsed (wall clock) time (h:mm:ss or m:ss): 0:11.21
	Average shared text size (kbytes): 0
	Average unshared data size (kbytes): 0
	Average stack size (kbytes): 0
	Average total size (kbytes): 0
	Maximum resident set size (kbytes): 1293884
	Average resident set size (kbytes): 0
	Major (requiring I/O) page faults: 0
	Minor (reclaiming a frame) page faults: 362141
	Voluntary context switches: 19
	Involuntary context switches: 5
	Swaps: 0
	File system inputs: 0
	File system outputs: 8
	Socket messages sent: 0
	Socket messages received: 0
	Signals delivered: 0
	Page size (bytes): 4096
	Exit status: 0
LRAT_W_TIME,	Elapsed (wall clock) time (h:mm:ss or m:ss): 0:11.21
c parsed a formula with 2809398 variables and 12480480 clauses
c VERIFIED
c Added clauses = 13205677.  Deleted clauses = 13038906.  Max live clauses = 12480480
c verification time = 11.16 secs
c VERIFIED
OVERVIEW_HEADER,benchmark,solve mem,solve time,drat kb,drat sec,lrat kb,lrat sec,restarts,decisions,conflicts,propagations,mark proof sec,dump lrat sec, ana sec, anamem mb
OVERVIEW_CSV,/nfs/scratch/bzchartu/unsat_2018_solved/Nb54T6.cnf,	Maximum resident set size (kbytes): 4629800,	Elapsed (wall clock) time (h:mm:ss or m:ss): 31:49.69,0,0,323356	/local_ssd/proof.lrat,	Elapsed (wall clock) time (h:mm:ss or m:ss): 0:11.21,c restarts              : 1645,c decisions             : 576367996      (0.00 % random) (304677 /sec),c conflicts             : 700404         (370 /sec),c propagations          : 2601881296     (1375393 /sec),Marking proof: 0.804 seconds,c Dumping LRAT: 3.888 seconds,c Analyze time: 	4.692 seconds,c Analyze used disk storage:	2431.27 MB
