SOLVERNAME,ANA
ANA_TMP_CONFIG,'/local_ssd/proof.dat'
BENCHNAME,/nfs/scratch/bzchartu/unsat_2018_solved/prime_200560490131.cnf
running lrb Bench '/nfs/scratch/bzchartu/unsat_2018_solved/prime_200560490131.cnf' on cumu01-15
Command exited with non-zero status 20
	Command being timed: "/nfs/scratch/bzchartu/programs/maplechronobt_proof_analyze/sources/simp/glucose_release_ana -det=lrb /nfs/scratch/bzchartu/unsat_2018_solved/prime_200560490131.cnf -cpu-lim=10000 -analyzer-tmp-file=/local_ssd/proof.dat -lrat-file=/local_ssd/proof.lrat"
	User time (seconds): 104.98
	System time (seconds): 2.02
	Percent of CPU this job got: 99%
	Elapsed (wall clock) time (h:mm:ss or m:ss): 1:47.02
	Average shared text size (kbytes): 0
	Average unshared data size (kbytes): 0
	Average stack size (kbytes): 0
	Average total size (kbytes): 0
	Maximum resident set size (kbytes): 1223012
	Average resident set size (kbytes): 0
	Major (requiring I/O) page faults: 8
	Minor (reclaiming a frame) page faults: 609760
	Voluntary context switches: 20
	Involuntary context switches: 82
	Swaps: 0
	File system inputs: 936
	File system outputs: 5874952
	Socket messages sent: 0
	Socket messages received: 0
	Signals delivered: 0
	Page size (bytes): 4096
	Exit status: 20
SOLVE_W_TIME,	Elapsed (wall clock) time (h:mm:ss or m:ss): 1:47.02
c This is MapleLCMDistChronoBT.
c WARNING: for repeatability, setting FPU to use double precision
c Sat Analyzer will analyze result
c Analyzer will dump LRAT to '/local_ssd/proof.lrat'
c ============================[ Problem Statistics ]=============================
c |                                                                             |
c |  Number of variables:          4586                                         |
c |  Number of clauses:           24774                                         |
c |  Parse time:                   0.02 s                                       |
c |  Eliminated clauses:           0.00 Mb                                      |
c Reduced to 2094 vars, 11910 cls (grow=0)
c No iterative elimination performed. (vars=2094, c/v ratio=5.7)
c |  Simplification time:          0.02 s                                       |
c |                                                                             |
c running deterministic with LRB
c ============================[ Search Statistics ]==============================
c | Conflicts |          ORIGINAL         |          LEARNT          | Progress |
c |           |    Vars  Clauses Literals |    Limit  Clauses Lit/Cl |          |
c ===============================================================================
reserve 85196788 on /local_ssd/proof.dat
reserve 138444788 on /local_ssd/proof.dat
reserve 224972788 on /local_ssd/proof.dat
reserve 365580788 on /local_ssd/proof.dat
reserve 594074612 on /local_ssd/proof.dat
reserve 965372916 on /local_ssd/proof.dat
reserve 1568732660 on /local_ssd/proof.dat
c ===============================================================================
c restarts              : 1093
c conflicts             : 496057         (5590 /sec)
c decisions             : 711461         (0.00 % random) (8017 /sec)
c propagations          : 176380084      (1987605 /sec)
c conflict literals     : 15625708       (61.73 % deleted)
c backtracks            : 496056         (NCB 100% , CB 0%)
c Memory used           : 1544.00 MB
c CPU time              : 88.74 s

s UNSATISFIABLE
Marking proof: 7.812 seconds
c Dumping LRAT: 8.424 seconds
c Analyze time: 	16.236 seconds
c Analyze used disk storage:	1226.31 MB
LRAT_SIZE: 765492	/local_ssd/proof.lrat
s UNSATISFIABLE
/local_ssd/proof.lrat
	Command being timed: "/nfs/scratch/bzchartu/programs/maplechronobt_proof_analyze/drat-trim/lrat-check /nfs/scratch/bzchartu/unsat_2018_solved/prime_200560490131.cnf /local_ssd/proof.lrat"
	User time (seconds): 17.48
	System time (seconds): 0.19
	Percent of CPU this job got: 99%
	Elapsed (wall clock) time (h:mm:ss or m:ss): 0:17.68
	Average shared text size (kbytes): 0
	Average unshared data size (kbytes): 0
	Average stack size (kbytes): 0
	Average total size (kbytes): 0
	Maximum resident set size (kbytes): 54252
	Average resident set size (kbytes): 0
	Major (requiring I/O) page faults: 0
	Minor (reclaiming a frame) page faults: 17590
	Voluntary context switches: 17
	Involuntary context switches: 22
	Swaps: 0
	File system inputs: 0
	File system outputs: 8
	Socket messages sent: 0
	Socket messages received: 0
	Signals delivered: 0
	Page size (bytes): 4096
	Exit status: 0
LRAT_W_TIME,	Elapsed (wall clock) time (h:mm:ss or m:ss): 0:17.68
c parsed a formula with 4586 variables and 24936 clauses
c VERIFIED
c Added clauses = 498641.  Deleted clauses = 455593.  Max live clauses = 77161
c verification time = 17.68 secs
c VERIFIED
OVERVIEW_HEADER,benchmark,solve mem,solve time,drat kb,drat sec,lrat kb,lrat sec,restarts,decisions,conflicts,propagations,mark proof sec,dump lrat sec, ana sec, anamem mb
OVERVIEW_CSV,/nfs/scratch/bzchartu/unsat_2018_solved/prime_200560490131.cnf,	Maximum resident set size (kbytes): 1223012,	Elapsed (wall clock) time (h:mm:ss or m:ss): 1:47.02,0,0,765492	/local_ssd/proof.lrat,	Elapsed (wall clock) time (h:mm:ss or m:ss): 0:17.68,c restarts              : 1093,c decisions             : 711461         (0.00 % random) (8017 /sec),c conflicts             : 496057         (5590 /sec),c propagations          : 176380084      (1987605 /sec),Marking proof: 7.812 seconds,c Dumping LRAT: 8.424 seconds,c Analyze time: 	16.236 seconds,c Analyze used disk storage:	1226.31 MB
