SOLVERNAME,ANA
ANA_TMP_CONFIG,'/local_ssd/proof.dat'
BENCHNAME,/nfs/scratch/bzchartu/unsat_2018_solved/a_rphp065_04.cnf
running lrb Bench '/nfs/scratch/bzchartu/unsat_2018_solved/a_rphp065_04.cnf' on cumu02-12
Command exited with non-zero status 20
	Command being timed: "/nfs/scratch/bzchartu/programs/maplechronobt_proof_analyze/sources/simp/glucose_release_ana -det=lrb /nfs/scratch/bzchartu/unsat_2018_solved/a_rphp065_04.cnf -cpu-lim=10000 -analyzer-tmp-file=/local_ssd/proof.dat -lrat-file=/local_ssd/proof.lrat"
	User time (seconds): 596.30
	System time (seconds): 5.76
	Percent of CPU this job got: 99%
	Elapsed (wall clock) time (h:mm:ss or m:ss): 10:03.75
	Average shared text size (kbytes): 0
	Average unshared data size (kbytes): 0
	Average stack size (kbytes): 0
	Average total size (kbytes): 0
	Maximum resident set size (kbytes): 3022352
	Average resident set size (kbytes): 0
	Major (requiring I/O) page faults: 11
	Minor (reclaiming a frame) page faults: 2925812
	Voluntary context switches: 51
	Involuntary context switches: 554
	Swaps: 0
	File system inputs: 3744
	File system outputs: 19347224
	Socket messages sent: 0
	Socket messages received: 0
	Signals delivered: 0
	Page size (bytes): 4096
	Exit status: 20
SOLVE_W_TIME,	Elapsed (wall clock) time (h:mm:ss or m:ss): 10:03.75
c This is MapleLCMDistChronoBT.
c WARNING: for repeatability, setting FPU to use double precision
c Sat Analyzer will analyze result
c Analyzer will dump LRAT to '/local_ssd/proof.lrat'
c ============================[ Problem Statistics ]=============================
c |                                                                             |
c |  Number of variables:           552                                         |
c |  Number of clauses:           10063                                         |
c |  Parse time:                   0.01 s                                       |
c |  Eliminated clauses:           0.00 Mb                                      |
c Reduced to 486 vars, 9498 cls (grow=0)
c No iterative elimination performed. (vars=486, c/v ratio=19.5)
c |  Simplification time:          0.03 s                                       |
c |                                                                             |
c running deterministic with LRB
c ============================[ Search Statistics ]==============================
c | Conflicts |          ORIGINAL         |          LEARNT          | Progress |
c |           |    Vars  Clauses Literals |    Limit  Clauses Lit/Cl |          |
c ===============================================================================
reserve 85196788 on /local_ssd/proof.dat
reserve 138444788 on /local_ssd/proof.dat
reserve 224972788 on /local_ssd/proof.dat
reserve 365580788 on /local_ssd/proof.dat
reserve 594074612 on /local_ssd/proof.dat
reserve 965372916 on /local_ssd/proof.dat
reserve 1568732660 on /local_ssd/proof.dat
reserve 2549194740 on /local_ssd/proof.dat
reserve 4142441460 on /local_ssd/proof.dat
c ===============================================================================
c restarts              : 12519
c conflicts             : 7816243        (13870 /sec)
c decisions             : 86381253       (0.00 % random) (153281 /sec)
c propagations          : 314674975      (558382 /sec)
c conflict literals     : 239288431      (24.84 % deleted)
c backtracks            : 7776230        (NCB 99% , CB 1%)
c Memory used           : 4062.00 MB
c CPU time              : 563.548 s

s UNSATISFIABLE
Marking proof: 6.408 seconds
c Dumping LRAT: 26.352 seconds
c Analyze time: 	32.76 seconds
c Analyze used disk storage:	2992.98 MB
LRAT_SIZE: 1734728	/local_ssd/proof.lrat
s UNSATISFIABLE
/local_ssd/proof.lrat
	Command being timed: "/nfs/scratch/bzchartu/programs/maplechronobt_proof_analyze/drat-trim/lrat-check /nfs/scratch/bzchartu/unsat_2018_solved/a_rphp065_04.cnf /local_ssd/proof.lrat"
	User time (seconds): 40.73
	System time (seconds): 0.74
	Percent of CPU this job got: 99%
	Elapsed (wall clock) time (h:mm:ss or m:ss): 0:41.48
	Average shared text size (kbytes): 0
	Average unshared data size (kbytes): 0
	Average stack size (kbytes): 0
	Average total size (kbytes): 0
	Maximum resident set size (kbytes): 839532
	Average resident set size (kbytes): 0
	Major (requiring I/O) page faults: 0
	Minor (reclaiming a frame) page faults: 218422
	Voluntary context switches: 19
	Involuntary context switches: 54
	Swaps: 0
	File system inputs: 0
	File system outputs: 8
	Socket messages sent: 0
	Socket messages received: 0
	Signals delivered: 0
	Page size (bytes): 4096
	Exit status: 0
LRAT_W_TIME,	Elapsed (wall clock) time (h:mm:ss or m:ss): 0:41.48
c parsed a formula with 552 variables and 10063 clauses
c VERIFIED
c Added clauses = 7716414.  Deleted clauses = 7665832.  Max live clauses = 123482
c verification time = 41.45 secs
c VERIFIED
OVERVIEW_HEADER,benchmark,solve mem,solve time,drat kb,drat sec,lrat kb,lrat sec,restarts,decisions,conflicts,propagations,mark proof sec,dump lrat sec, ana sec, anamem mb
OVERVIEW_CSV,/nfs/scratch/bzchartu/unsat_2018_solved/a_rphp065_04.cnf,	Maximum resident set size (kbytes): 3022352,	Elapsed (wall clock) time (h:mm:ss or m:ss): 10:03.75,0,0,1734728	/local_ssd/proof.lrat,	Elapsed (wall clock) time (h:mm:ss or m:ss): 0:41.48,c restarts              : 12519,c decisions             : 86381253       (0.00 % random) (153281 /sec),c conflicts             : 7816243        (13870 /sec),c propagations          : 314674975      (558382 /sec),Marking proof: 6.408 seconds,c Dumping LRAT: 26.352 seconds,c Analyze time: 	32.76 seconds,c Analyze used disk storage:	2992.98 MB
