SOLVERNAME,ANA
ANA_TMP_CONFIG,'/local_ssd/proof.dat'
BENCHNAME,/nfs/scratch/bzchartu/unsat_2018_solved/dist8.c.cnf
running lrb Bench '/nfs/scratch/bzchartu/unsat_2018_solved/dist8.c.cnf' on cumu01-14
Command exited with non-zero status 20
	Command being timed: "/nfs/scratch/bzchartu/programs/maplechronobt_proof_analyze/sources/simp/glucose_release_ana -det=lrb /nfs/scratch/bzchartu/unsat_2018_solved/dist8.c.cnf -cpu-lim=10000 -analyzer-tmp-file=/local_ssd/proof.dat -lrat-file=/local_ssd/proof.lrat"
	User time (seconds): 230.29
	System time (seconds): 9.56
	Percent of CPU this job got: 96%
	Elapsed (wall clock) time (h:mm:ss or m:ss): 4:07.65
	Average shared text size (kbytes): 0
	Average unshared data size (kbytes): 0
	Average stack size (kbytes): 0
	Average total size (kbytes): 0
	Maximum resident set size (kbytes): 4636968
	Average resident set size (kbytes): 0
	Major (requiring I/O) page faults: 11
	Minor (reclaiming a frame) page faults: 4512938
	Voluntary context switches: 117
	Involuntary context switches: 256
	Swaps: 0
	File system inputs: 2456
	File system outputs: 29767728
	Socket messages sent: 0
	Socket messages received: 0
	Signals delivered: 0
	Page size (bytes): 4096
	Exit status: 20
SOLVE_W_TIME,	Elapsed (wall clock) time (h:mm:ss or m:ss): 4:07.65
c This is MapleLCMDistChronoBT.
c WARNING: for repeatability, setting FPU to use double precision
c Sat Analyzer will analyze result
c Analyzer will dump LRAT to '/local_ssd/proof.lrat'
c ============================[ Problem Statistics ]=============================
c |                                                                             |
c |  Number of variables:         15276                                         |
c |  Number of clauses:           68129                                         |
c |  Parse time:                   0.02 s                                       |
c |  Eliminated clauses:           0.23 Mb                                      |
c Reduced to 10307 vars, 55044 cls (grow=0)
c |  Eliminated clauses:           0.48 Mb                                      |
c Reduced to 7406 vars, 54988 cls (grow=8)
c cl_inc_rate=0.999, var_dec_rate=1.392
c |  Eliminated clauses:           0.53 Mb                                      |
c Reduced to 7019 vars, 57637 cls (grow=16)
c cl_inc_rate=1.048, var_dec_rate=1.055
c |  Eliminated clauses:           0.68 Mb                                      |
c Reduced to 6017 vars, 78033 cls (grow=32)
c cl_inc_rate=1.354, var_dec_rate=1.167
c No. effective iterative eliminations: 3
c |  Simplification time:          0.28 s                                       |
c |                                                                             |
c running deterministic with LRB
c ============================[ Search Statistics ]==============================
c | Conflicts |          ORIGINAL         |          LEARNT          | Progress |
c |           |    Vars  Clauses Literals |    Limit  Clauses Lit/Cl |          |
c ===============================================================================
reserve 85196788 on /local_ssd/proof.dat
reserve 138444788 on /local_ssd/proof.dat
reserve 224972788 on /local_ssd/proof.dat
reserve 365580788 on /local_ssd/proof.dat
reserve 594074612 on /local_ssd/proof.dat
reserve 965372916 on /local_ssd/proof.dat
reserve 1568732660 on /local_ssd/proof.dat
reserve 2549194740 on /local_ssd/proof.dat
reserve 4142441460 on /local_ssd/proof.dat
reserve 6731472372 on /local_ssd/proof.dat
c ===============================================================================
c restarts              : 2055
c conflicts             : 897579         (6006 /sec)
c decisions             : 1670184        (0.00 % random) (11176 /sec)
c propagations          : 371643523      (2486775 /sec)
c conflict literals     : 25550242       (72.31 % deleted)
c backtracks            : 897454         (NCB 100% , CB 0%)
c Memory used           : 6472.00 MB
c CPU time              : 149.448 s

s UNSATISFIABLE
Marking proof: 43.996 seconds
c Dumping LRAT: 36.844 seconds
c Analyze time: 	80.84 seconds
c Analyze used disk storage:	4707.23 MB
LRAT_SIZE: 3573316	/local_ssd/proof.lrat
s UNSATISFIABLE
/local_ssd/proof.lrat
	Command being timed: "/nfs/scratch/bzchartu/programs/maplechronobt_proof_analyze/drat-trim/lrat-check /nfs/scratch/bzchartu/unsat_2018_solved/dist8.c.cnf /local_ssd/proof.lrat"
	User time (seconds): 77.23
	System time (seconds): 1.09
	Percent of CPU this job got: 99%
	Elapsed (wall clock) time (h:mm:ss or m:ss): 1:18.33
	Average shared text size (kbytes): 0
	Average unshared data size (kbytes): 0
	Average stack size (kbytes): 0
	Average total size (kbytes): 0
	Maximum resident set size (kbytes): 98204
	Average resident set size (kbytes): 0
	Major (requiring I/O) page faults: 0
	Minor (reclaiming a frame) page faults: 33185
	Voluntary context switches: 17
	Involuntary context switches: 22
	Swaps: 0
	File system inputs: 0
	File system outputs: 8
	Socket messages sent: 0
	Socket messages received: 0
	Signals delivered: 0
	Page size (bytes): 4096
	Exit status: 0
LRAT_W_TIME,	Elapsed (wall clock) time (h:mm:ss or m:ss): 1:18.33
c parsed a formula with 15276 variables and 68149 clauses
c VERIFIED
c Added clauses = 987519.  Deleted clauses = 937291.  Max live clauses = 99252
c verification time = 78.33 secs
c VERIFIED
OVERVIEW_HEADER,benchmark,solve mem,solve time,drat kb,drat sec,lrat kb,lrat sec,restarts,decisions,conflicts,propagations,mark proof sec,dump lrat sec, ana sec, anamem mb
OVERVIEW_CSV,/nfs/scratch/bzchartu/unsat_2018_solved/dist8.c.cnf,	Maximum resident set size (kbytes): 4636968,	Elapsed (wall clock) time (h:mm:ss or m:ss): 4:07.65,0,0,3573316	/local_ssd/proof.lrat,	Elapsed (wall clock) time (h:mm:ss or m:ss): 1:18.33,c restarts              : 2055,c decisions             : 1670184        (0.00 % random) (11176 /sec),c conflicts             : 897579         (6006 /sec),c propagations          : 371643523      (2486775 /sec),Marking proof: 43.996 seconds,c Dumping LRAT: 36.844 seconds,c Analyze time: 	80.84 seconds,c Analyze used disk storage:	4707.23 MB
