SOLVERNAME,ANA
ANA_TMP_CONFIG,'/local_ssd/proof.dat'
BENCHNAME,/nfs/scratch/bzchartu/unsat_2018_solved/cms-scheel-md4-families-r24-c5-p1-5-10-12-18.cnf
running lrb Bench '/nfs/scratch/bzchartu/unsat_2018_solved/cms-scheel-md4-families-r24-c5-p1-5-10-12-18.cnf' on cumu01-15
Command exited with non-zero status 20
	Command being timed: "/nfs/scratch/bzchartu/programs/maplechronobt_proof_analyze/sources/simp/glucose_release_ana -det=lrb /nfs/scratch/bzchartu/unsat_2018_solved/cms-scheel-md4-families-r24-c5-p1-5-10-12-18.cnf -cpu-lim=10000 -analyzer-tmp-file=/local_ssd/proof.dat -lrat-file=/local_ssd/proof.lrat"
	User time (seconds): 60.79
	System time (seconds): 0.83
	Percent of CPU this job got: 99%
	Elapsed (wall clock) time (h:mm:ss or m:ss): 1:01.63
	Average shared text size (kbytes): 0
	Average unshared data size (kbytes): 0
	Average stack size (kbytes): 0
	Average total size (kbytes): 0
	Maximum resident set size (kbytes): 738752
	Average resident set size (kbytes): 0
	Major (requiring I/O) page faults: 7
	Minor (reclaiming a frame) page faults: 293336
	Voluntary context switches: 18
	Involuntary context switches: 66
	Swaps: 0
	File system inputs: 0
	File system outputs: 1354792
	Socket messages sent: 0
	Socket messages received: 0
	Signals delivered: 0
	Page size (bytes): 4096
	Exit status: 20
SOLVE_W_TIME,	Elapsed (wall clock) time (h:mm:ss or m:ss): 1:01.63
c This is MapleLCMDistChronoBT.
c WARNING: for repeatability, setting FPU to use double precision
c Sat Analyzer will analyze result
c Analyzer will dump LRAT to '/local_ssd/proof.lrat'
c ============================[ Problem Statistics ]=============================
c |                                                                             |
c |  Number of variables:         29690                                         |
c |  Number of clauses:           91605                                         |
c |  Parse time:                   0.07 s                                       |
c |  Eliminated clauses:           0.81 Mb                                      |
c Reduced to 11493 vars, 62134 cls (grow=0)
c |  Eliminated clauses:           0.86 Mb                                      |
c Reduced to 10597 vars, 63272 cls (grow=8)
c cl_inc_rate=1.018, var_dec_rate=1.085
c |  Eliminated clauses:           0.96 Mb                                      |
c Reduced to 9925 vars, 68380 cls (grow=16)
c cl_inc_rate=1.081, var_dec_rate=1.068
c No. effective iterative eliminations: 2
c |  Simplification time:          0.20 s                                       |
c |                                                                             |
c running deterministic with LRB
c ============================[ Search Statistics ]==============================
c | Conflicts |          ORIGINAL         |          LEARNT          | Progress |
c |           |    Vars  Clauses Literals |    Limit  Clauses Lit/Cl |          |
c ===============================================================================
reserve 85196788 on /local_ssd/proof.dat
reserve 138444788 on /local_ssd/proof.dat
reserve 224972788 on /local_ssd/proof.dat
reserve 365580788 on /local_ssd/proof.dat
reserve 594074612 on /local_ssd/proof.dat
reserve 965372916 on /local_ssd/proof.dat
c ===============================================================================
c restarts              : 3138
c conflicts             : 1599392        (26415 /sec)
c decisions             : 5832902        (0.00 % random) (96335 /sec)
c propagations          : 108288536      (1788474 /sec)
c conflict literals     : 60430779       (9.42 % deleted)
c backtracks            : 1598802        (NCB 100% , CB 0%)
c Memory used           : 1041.00 MB
c CPU time              : 60.548 s

s UNSATISFIABLE
Marking proof: 0.004 seconds
c Dumping LRAT: 0.236 seconds
c Analyze time: 	0.24 seconds
c Analyze used disk storage:	674.142 MB
LRAT_SIZE: 2356	/local_ssd/proof.lrat
s UNSATISFIABLE
/local_ssd/proof.lrat
	Command being timed: "/nfs/scratch/bzchartu/programs/maplechronobt_proof_analyze/drat-trim/lrat-check /nfs/scratch/bzchartu/unsat_2018_solved/cms-scheel-md4-families-r24-c5-p1-5-10-12-18.cnf /local_ssd/proof.lrat"
	User time (seconds): 0.14
	System time (seconds): 0.01
	Percent of CPU this job got: 98%
	Elapsed (wall clock) time (h:mm:ss or m:ss): 0:00.16
	Average shared text size (kbytes): 0
	Average unshared data size (kbytes): 0
	Average stack size (kbytes): 0
	Average total size (kbytes): 0
	Maximum resident set size (kbytes): 14060
	Average resident set size (kbytes): 0
	Major (requiring I/O) page faults: 0
	Minor (reclaiming a frame) page faults: 3474
	Voluntary context switches: 17
	Involuntary context switches: 1
	Swaps: 0
	File system inputs: 0
	File system outputs: 8
	Socket messages sent: 0
	Socket messages received: 0
	Signals delivered: 0
	Page size (bytes): 4096
	Exit status: 0
LRAT_W_TIME,	Elapsed (wall clock) time (h:mm:ss or m:ss): 0:00.16
c parsed a formula with 29690 variables and 94137 clauses
c VERIFIED
c Added clauses = 116157.  Deleted clauses = 94940.  Max live clauses = 94137
c verification time = 0.16 secs
c VERIFIED
OVERVIEW_HEADER,benchmark,solve mem,solve time,drat kb,drat sec,lrat kb,lrat sec,restarts,decisions,conflicts,propagations,mark proof sec,dump lrat sec, ana sec, anamem mb
OVERVIEW_CSV,/nfs/scratch/bzchartu/unsat_2018_solved/cms-scheel-md4-families-r24-c5-p1-5-10-12-18.cnf,	Maximum resident set size (kbytes): 738752,	Elapsed (wall clock) time (h:mm:ss or m:ss): 1:01.63,0,0,2356	/local_ssd/proof.lrat,	Elapsed (wall clock) time (h:mm:ss or m:ss): 0:00.16,c restarts              : 3138,c decisions             : 5832902        (0.00 % random) (96335 /sec),c conflicts             : 1599392        (26415 /sec),c propagations          : 108288536      (1788474 /sec),Marking proof: 0.004 seconds,c Dumping LRAT: 0.236 seconds,c Analyze time: 	0.24 seconds,c Analyze used disk storage:	674.142 MB
