SOLVERNAME,ANA
ANA_TMP_CONFIG,'/local_ssd/proof.dat'
BENCHNAME,/nfs/scratch/bzchartu/unsat_2018_solved/assoc_mult_err_3.c.cnf
running lrb Bench '/nfs/scratch/bzchartu/unsat_2018_solved/assoc_mult_err_3.c.cnf' on cumu01-01
Command exited with non-zero status 20
	Command being timed: "/nfs/scratch/bzchartu/programs/maplechronobt_proof_analyze/sources/simp/glucose_release_ana -det=lrb /nfs/scratch/bzchartu/unsat_2018_solved/assoc_mult_err_3.c.cnf -cpu-lim=10000 -analyzer-tmp-file=/local_ssd/proof.dat -lrat-file=/local_ssd/proof.lrat"
	User time (seconds): 123.46
	System time (seconds): 4.25
	Percent of CPU this job got: 98%
	Elapsed (wall clock) time (h:mm:ss or m:ss): 2:09.53
	Average shared text size (kbytes): 0
	Average unshared data size (kbytes): 0
	Average stack size (kbytes): 0
	Average total size (kbytes): 0
	Maximum resident set size (kbytes): 2241260
	Average resident set size (kbytes): 0
	Major (requiring I/O) page faults: 12
	Minor (reclaiming a frame) page faults: 1971115
	Voluntary context switches: 60
	Involuntary context switches: 232
	Swaps: 0
	File system inputs: 42104
	File system outputs: 12213080
	Socket messages sent: 0
	Socket messages received: 0
	Signals delivered: 0
	Page size (bytes): 4096
	Exit status: 20
SOLVE_W_TIME,	Elapsed (wall clock) time (h:mm:ss or m:ss): 2:09.53
c This is MapleLCMDistChronoBT.
c WARNING: for repeatability, setting FPU to use double precision
c Sat Analyzer will analyze result
c Analyzer will dump LRAT to '/local_ssd/proof.lrat'
c ============================[ Problem Statistics ]=============================
c |                                                                             |
c |  Number of variables:         15499                                         |
c |  Number of clauses:           71228                                         |
c |  Parse time:                   0.06 s                                       |
c |  Eliminated clauses:           0.20 Mb                                      |
c Reduced to 11142 vars, 59790 cls (grow=0)
c |  Eliminated clauses:           0.49 Mb                                      |
c Reduced to 7808 vars, 58671 cls (grow=8)
c cl_inc_rate=0.981, var_dec_rate=1.427
c |  Eliminated clauses:           0.52 Mb                                      |
c Reduced to 7482 vars, 60891 cls (grow=16)
c cl_inc_rate=1.038, var_dec_rate=1.044
c |  Eliminated clauses:           0.70 Mb                                      |
c Reduced to 6338 vars, 85200 cls (grow=32)
c cl_inc_rate=1.399, var_dec_rate=1.180
c No. effective iterative eliminations: 3
c |  Simplification time:          0.31 s                                       |
c |                                                                             |
c running deterministic with LRB
c ============================[ Search Statistics ]==============================
c | Conflicts |          ORIGINAL         |          LEARNT          | Progress |
c |           |    Vars  Clauses Literals |    Limit  Clauses Lit/Cl |          |
c ===============================================================================
reserve 85196788 on /local_ssd/proof.dat
reserve 138444788 on /local_ssd/proof.dat
reserve 224972788 on /local_ssd/proof.dat
reserve 365580788 on /local_ssd/proof.dat
reserve 594074612 on /local_ssd/proof.dat
reserve 965372916 on /local_ssd/proof.dat
reserve 1568732660 on /local_ssd/proof.dat
reserve 2549194740 on /local_ssd/proof.dat
c ===============================================================================
c restarts              : 1165
c conflicts             : 482041         (5271 /sec)
c decisions             : 1170998        (0.00 % random) (12806 /sec)
c propagations          : 208812560      (2283502 /sec)
c conflict literals     : 15409084       (62.04 % deleted)
c backtracks            : 482025         (NCB 100% , CB 0%)
c Memory used           : 2493.00 MB
c CPU time              : 91.444 s

s UNSATISFIABLE
Marking proof: 15.936 seconds
c Dumping LRAT: 16.084 seconds
c Analyze time: 	32.02 seconds
c Analyze used disk storage:	2246.87 MB
LRAT_SIZE: 1559016	/local_ssd/proof.lrat
s UNSATISFIABLE
/local_ssd/proof.lrat
	Command being timed: "/nfs/scratch/bzchartu/programs/maplechronobt_proof_analyze/drat-trim/lrat-check /nfs/scratch/bzchartu/unsat_2018_solved/assoc_mult_err_3.c.cnf /local_ssd/proof.lrat"
	User time (seconds): 32.63
	System time (seconds): 0.35
	Percent of CPU this job got: 100%
	Elapsed (wall clock) time (h:mm:ss or m:ss): 0:32.98
	Average shared text size (kbytes): 0
	Average unshared data size (kbytes): 0
	Average stack size (kbytes): 0
	Average total size (kbytes): 0
	Maximum resident set size (kbytes): 43892
	Average resident set size (kbytes): 0
	Major (requiring I/O) page faults: 0
	Minor (reclaiming a frame) page faults: 23621
	Voluntary context switches: 17
	Involuntary context switches: 23
	Swaps: 0
	File system inputs: 0
	File system outputs: 8
	Socket messages sent: 0
	Socket messages received: 0
	Signals delivered: 0
	Page size (bytes): 4096
	Exit status: 0
LRAT_W_TIME,	Elapsed (wall clock) time (h:mm:ss or m:ss): 0:32.98
c parsed a formula with 15499 variables and 71247 clauses
c VERIFIED
c Added clauses = 552501.  Deleted clauses = 502447.  Max live clauses = 100954
c verification time = 32.98 secs
c VERIFIED
OVERVIEW_HEADER,benchmark,solve mem,solve time,drat kb,drat sec,lrat kb,lrat sec,restarts,decisions,conflicts,propagations,mark proof sec,dump lrat sec, ana sec, anamem mb
OVERVIEW_CSV,/nfs/scratch/bzchartu/unsat_2018_solved/assoc_mult_err_3.c.cnf,	Maximum resident set size (kbytes): 2241260,	Elapsed (wall clock) time (h:mm:ss or m:ss): 2:09.53,0,0,1559016	/local_ssd/proof.lrat,	Elapsed (wall clock) time (h:mm:ss or m:ss): 0:32.98,c restarts              : 1165,c decisions             : 1170998        (0.00 % random) (12806 /sec),c conflicts             : 482041         (5271 /sec),c propagations          : 208812560      (2283502 /sec),Marking proof: 15.936 seconds,c Dumping LRAT: 16.084 seconds,c Analyze time: 	32.02 seconds,c Analyze used disk storage:	2246.87 MB
