SOLVERNAME,ANA
ANA_TMP_CONFIG,'/local_ssd/proof.dat'
BENCHNAME,/nfs/scratch/bzchartu/unsat_2018_solved/Nb44T6.cnf
running lrb Bench '/nfs/scratch/bzchartu/unsat_2018_solved/Nb44T6.cnf' on cumu02-05
Command exited with non-zero status 20
	Command being timed: "/nfs/scratch/bzchartu/programs/maplechronobt_proof_analyze/sources/simp/glucose_release_ana -det=lrb /nfs/scratch/bzchartu/unsat_2018_solved/Nb44T6.cnf -cpu-lim=10000 -analyzer-tmp-file=/local_ssd/proof.dat -lrat-file=/local_ssd/proof.lrat"
	User time (seconds): 804.96
	System time (seconds): 4.63
	Percent of CPU this job got: 99%
	Elapsed (wall clock) time (h:mm:ss or m:ss): 13:29.64
	Average shared text size (kbytes): 0
	Average unshared data size (kbytes): 0
	Average stack size (kbytes): 0
	Average total size (kbytes): 0
	Maximum resident set size (kbytes): 2571204
	Average resident set size (kbytes): 0
	Major (requiring I/O) page faults: 8
	Minor (reclaiming a frame) page faults: 4084641
	Voluntary context switches: 40
	Involuntary context switches: 1647
	Swaps: 0
	File system inputs: 327400
	File system outputs: 3778736
	Socket messages sent: 0
	Socket messages received: 0
	Signals delivered: 0
	Page size (bytes): 4096
	Exit status: 20
SOLVE_W_TIME,	Elapsed (wall clock) time (h:mm:ss or m:ss): 13:29.64
c This is MapleLCMDistChronoBT.
c WARNING: for repeatability, setting FPU to use double precision
c Sat Analyzer will analyze result
c Analyzer will dump LRAT to '/local_ssd/proof.lrat'
c ============================[ Problem Statistics ]=============================
c |                                                                             |
reserve 85196788 on /local_ssd/proof.dat
reserve 138444788 on /local_ssd/proof.dat
reserve 224972788 on /local_ssd/proof.dat
reserve 365580788 on /local_ssd/proof.dat
c |  Number of variables:       1516938                                         |
c |  Number of clauses:         6737280                                         |
c |  Parse time:                   2.37 s                                       |
reserve 594074612 on /local_ssd/proof.dat
reserve 965372916 on /local_ssd/proof.dat
c |  Eliminated clauses:          38.55 Mb                                      |
c Reduced to 843210 vars, 6737280 cls (grow=0)
reserve 1568732660 on /local_ssd/proof.dat
c |  Eliminated clauses:          70.68 Mb                                      |
c Reduced to 506346 vars, 8084736 cls (grow=8)
c cl_inc_rate=1.200, var_dec_rate=1.665
c No. effective iterative eliminations: 1
c |  Simplification time:         15.45 s                                       |
c |                                                                             |
c running deterministic with LRB
c ============================[ Search Statistics ]==============================
c | Conflicts |          ORIGINAL         |          LEARNT          | Progress |
c |           |    Vars  Clauses Literals |    Limit  Clauses Lit/Cl |          |
c ===============================================================================
c ===============================================================================
c restarts              : 1289
c conflicts             : 569266         (710 /sec)
c decisions             : 260512310      (0.00 % random) (325036 /sec)
c propagations          : 1281757354     (1599222 /sec)
c conflict literals     : 10235748       (21.99 % deleted)
c backtracks            : 562733         (NCB 96% , CB 4%)
c Memory used           : 3628.00 MB
c CPU time              : 801.488 s

s UNSATISFIABLE
Marking proof: 0.656 seconds
c Dumping LRAT: 2.588 seconds
c Analyze time: 	3.244 seconds
c Analyze used disk storage:	1376.43 MB
LRAT_SIZE: 210560	/local_ssd/proof.lrat
s UNSATISFIABLE
/local_ssd/proof.lrat
	Command being timed: "/nfs/scratch/bzchartu/programs/maplechronobt_proof_analyze/drat-trim/lrat-check /nfs/scratch/bzchartu/unsat_2018_solved/Nb44T6.cnf /local_ssd/proof.lrat"
	User time (seconds): 6.49
	System time (seconds): 0.34
	Percent of CPU this job got: 99%
	Elapsed (wall clock) time (h:mm:ss or m:ss): 0:06.84
	Average shared text size (kbytes): 0
	Average unshared data size (kbytes): 0
	Average stack size (kbytes): 0
	Average total size (kbytes): 0
	Maximum resident set size (kbytes): 707744
	Average resident set size (kbytes): 0
	Major (requiring I/O) page faults: 0
	Minor (reclaiming a frame) page faults: 194958
	Voluntary context switches: 19
	Involuntary context switches: 11
	Swaps: 0
	File system inputs: 0
	File system outputs: 8
	Socket messages sent: 0
	Socket messages received: 0
	Signals delivered: 0
	Page size (bytes): 4096
	Exit status: 0
LRAT_W_TIME,	Elapsed (wall clock) time (h:mm:ss or m:ss): 0:06.84
c parsed a formula with 1516938 variables and 6737280 clauses
c VERIFIED
c Added clauses = 7311702.  Deleted clauses = 7164096.  Max live clauses = 6737280
c verification time = 6.81 secs
c VERIFIED
OVERVIEW_HEADER,benchmark,solve mem,solve time,drat kb,drat sec,lrat kb,lrat sec,restarts,decisions,conflicts,propagations,mark proof sec,dump lrat sec, ana sec, anamem mb
OVERVIEW_CSV,/nfs/scratch/bzchartu/unsat_2018_solved/Nb44T6.cnf,	Maximum resident set size (kbytes): 2571204,	Elapsed (wall clock) time (h:mm:ss or m:ss): 13:29.64,0,0,210560	/local_ssd/proof.lrat,	Elapsed (wall clock) time (h:mm:ss or m:ss): 0:06.84,c restarts              : 1289,c decisions             : 260512310      (0.00 % random) (325036 /sec),c conflicts             : 569266         (710 /sec),c propagations          : 1281757354     (1599222 /sec),Marking proof: 0.656 seconds,c Dumping LRAT: 2.588 seconds,c Analyze time: 	3.244 seconds,c Analyze used disk storage:	1376.43 MB
