SOLVERNAME,ANA
ANA_TMP_CONFIG,'/local_ssd/proof.dat'
BENCHNAME,/nfs/scratch/bzchartu/unsat_2018_solved/pals_lcr.8_overflow_false-unreach-call.ufo.UNBOUNDED.pals.c.cnf
running lrb Bench '/nfs/scratch/bzchartu/unsat_2018_solved/pals_lcr.8_overflow_false-unreach-call.ufo.UNBOUNDED.pals.c.cnf' on cumu01-12
Command exited with non-zero status 20
	Command being timed: "/nfs/scratch/bzchartu/programs/maplechronobt_proof_analyze/sources/simp/glucose_release_ana -det=lrb /nfs/scratch/bzchartu/unsat_2018_solved/pals_lcr.8_overflow_false-unreach-call.ufo.UNBOUNDED.pals.c.cnf -cpu-lim=10000 -analyzer-tmp-file=/local_ssd/proof.dat -lrat-file=/local_ssd/proof.lrat"
	User time (seconds): 1138.55
	System time (seconds): 25.48
	Percent of CPU this job got: 99%
	Elapsed (wall clock) time (h:mm:ss or m:ss): 19:33.39
	Average shared text size (kbytes): 0
	Average unshared data size (kbytes): 0
	Average stack size (kbytes): 0
	Average total size (kbytes): 0
	Maximum resident set size (kbytes): 12838488
	Average resident set size (kbytes): 0
	Major (requiring I/O) page faults: 13
	Minor (reclaiming a frame) page faults: 12910596
	Voluntary context switches: 242
	Involuntary context switches: 1226
	Swaps: 0
	File system inputs: 0
	File system outputs: 76014752
	Socket messages sent: 0
	Socket messages received: 0
	Signals delivered: 0
	Page size (bytes): 4096
	Exit status: 20
SOLVE_W_TIME,	Elapsed (wall clock) time (h:mm:ss or m:ss): 19:33.39
c This is MapleLCMDistChronoBT.
c WARNING: for repeatability, setting FPU to use double precision
c Sat Analyzer will analyze result
c Analyzer will dump LRAT to '/local_ssd/proof.lrat'
c ============================[ Problem Statistics ]=============================
c |                                                                             |
c |  Number of variables:        105346                                         |
c |  Number of clauses:          532381                                         |
c |  Parse time:                   0.22 s                                       |
c |  Eliminated clauses:           2.45 Mb                                      |
c Reduced to 53436 vars, 311569 cls (grow=0)
c |  Eliminated clauses:           2.57 Mb                                      |
c Reduced to 51973 vars, 314421 cls (grow=8)
c cl_inc_rate=1.009, var_dec_rate=1.028
reserve 85196788 on /local_ssd/proof.dat
c |  Eliminated clauses:           3.11 Mb                                      |
c Reduced to 48046 vars, 375378 cls (grow=16)
c cl_inc_rate=1.194, var_dec_rate=1.082
c No. effective iterative eliminations: 2
c |  Simplification time:          1.15 s                                       |
c |                                                                             |
c running deterministic with LRB
c ============================[ Search Statistics ]==============================
c | Conflicts |          ORIGINAL         |          LEARNT          | Progress |
c |           |    Vars  Clauses Literals |    Limit  Clauses Lit/Cl |          |
c ===============================================================================
reserve 138444788 on /local_ssd/proof.dat
reserve 224972788 on /local_ssd/proof.dat
reserve 365580788 on /local_ssd/proof.dat
reserve 594074612 on /local_ssd/proof.dat
reserve 965372916 on /local_ssd/proof.dat
reserve 1568732660 on /local_ssd/proof.dat
reserve 2549194740 on /local_ssd/proof.dat
reserve 4142441460 on /local_ssd/proof.dat
reserve 6731472372 on /local_ssd/proof.dat
reserve 10938643444 on /local_ssd/proof.dat
reserve 17775300596 on /local_ssd/proof.dat
c ===============================================================================
c restarts              : 4478
c conflicts             : 2559967        (2790 /sec)
c decisions             : 3625378        (0.00 % random) (3951 /sec)
c propagations          : 2551999466     (2781046 /sec)
c conflict literals     : 174167748      (52.07 % deleted)
c backtracks            : 2559947        (NCB 100% , CB 0%)
c Memory used           : 17080.00 MB
c CPU time              : 917.64 s

s UNSATISFIABLE
Marking proof: 127.112 seconds
c Dumping LRAT: 93.784 seconds
c Analyze time: 	220.896 seconds
c Analyze used disk storage:	13034.5 MB
LRAT_SIZE: 9332716	/local_ssd/proof.lrat
s UNSATISFIABLE
/local_ssd/proof.lrat
	Command being timed: "/nfs/scratch/bzchartu/programs/maplechronobt_proof_analyze/drat-trim/lrat-check /nfs/scratch/bzchartu/unsat_2018_solved/pals_lcr.8_overflow_false-unreach-call.ufo.UNBOUNDED.pals.c.cnf /local_ssd/proof.lrat"
	User time (seconds): 199.80
	System time (seconds): 2.92
	Percent of CPU this job got: 99%
	Elapsed (wall clock) time (h:mm:ss or m:ss): 3:22.74
	Average shared text size (kbytes): 0
	Average unshared data size (kbytes): 0
	Average stack size (kbytes): 0
	Average total size (kbytes): 0
	Maximum resident set size (kbytes): 594208
	Average resident set size (kbytes): 0
	Major (requiring I/O) page faults: 0
	Minor (reclaiming a frame) page faults: 209950
	Voluntary context switches: 19
	Involuntary context switches: 257
	Swaps: 0
	File system inputs: 0
	File system outputs: 8
	Socket messages sent: 0
	Socket messages received: 0
	Signals delivered: 0
	Page size (bytes): 4096
	Exit status: 0
LRAT_W_TIME,	Elapsed (wall clock) time (h:mm:ss or m:ss): 3:22.74
c parsed a formula with 105346 variables and 534017 clauses
c VERIFIED
c Added clauses = 2819112.  Deleted clauses = 2605999.  Max live clauses = 534017
c verification time = 202.71 secs
c VERIFIED
OVERVIEW_HEADER,benchmark,solve mem,solve time,drat kb,drat sec,lrat kb,lrat sec,restarts,decisions,conflicts,propagations,mark proof sec,dump lrat sec, ana sec, anamem mb
OVERVIEW_CSV,/nfs/scratch/bzchartu/unsat_2018_solved/pals_lcr.8_overflow_false-unreach-call.ufo.UNBOUNDED.pals.c.cnf,	Maximum resident set size (kbytes): 12838488,	Elapsed (wall clock) time (h:mm:ss or m:ss): 19:33.39,0,0,9332716	/local_ssd/proof.lrat,	Elapsed (wall clock) time (h:mm:ss or m:ss): 3:22.74,c restarts              : 4478,c decisions             : 3625378        (0.00 % random) (3951 /sec),c conflicts             : 2559967        (2790 /sec),c propagations          : 2551999466     (2781046 /sec),Marking proof: 127.112 seconds,c Dumping LRAT: 93.784 seconds,c Analyze time: 	220.896 seconds,c Analyze used disk storage:	13034.5 MB
