SOLVERNAME,ANA
ANA_TMP_CONFIG,'/local_ssd/proof.dat'
BENCHNAME,/nfs/scratch/bzchartu/unsat_2018_solved/T84.2.0.cnf
running lrb Bench '/nfs/scratch/bzchartu/unsat_2018_solved/T84.2.0.cnf' on cumu02-02
Command exited with non-zero status 20
	Command being timed: "/nfs/scratch/bzchartu/programs/maplechronobt_proof_analyze/sources/simp/glucose_release_ana -det=lrb /nfs/scratch/bzchartu/unsat_2018_solved/T84.2.0.cnf -cpu-lim=10000 -analyzer-tmp-file=/local_ssd/proof.dat -lrat-file=/local_ssd/proof.lrat"
	User time (seconds): 246.68
	System time (seconds): 7.15
	Percent of CPU this job got: 99%
	Elapsed (wall clock) time (h:mm:ss or m:ss): 4:14.48
	Average shared text size (kbytes): 0
	Average unshared data size (kbytes): 0
	Average stack size (kbytes): 0
	Average total size (kbytes): 0
	Maximum resident set size (kbytes): 4017832
	Average resident set size (kbytes): 0
	Major (requiring I/O) page faults: 10
	Minor (reclaiming a frame) page faults: 6201265
	Voluntary context switches: 713
	Involuntary context switches: 518
	Swaps: 0
	File system inputs: 0
	File system outputs: 6962872
	Socket messages sent: 0
	Socket messages received: 0
	Signals delivered: 0
	Page size (bytes): 4096
	Exit status: 20
SOLVE_W_TIME,	Elapsed (wall clock) time (h:mm:ss or m:ss): 4:14.48
c This is MapleLCMDistChronoBT.
c WARNING: for repeatability, setting FPU to use double precision
c Sat Analyzer will analyze result
c Analyzer will dump LRAT to '/local_ssd/proof.lrat'
c ============================[ Problem Statistics ]=============================
c |                                                                             |
reserve 85196788 on /local_ssd/proof.dat
reserve 138444788 on /local_ssd/proof.dat
reserve 224972788 on /local_ssd/proof.dat
reserve 365580788 on /local_ssd/proof.dat
reserve 594074612 on /local_ssd/proof.dat
c |  Number of variables:       3130396                                         |
c |  Number of clauses:        10804148                                         |
c |  Parse time:                   4.77 s                                       |
reserve 965372916 on /local_ssd/proof.dat
reserve 1568732660 on /local_ssd/proof.dat
c |  Eliminated clauses:         119.76 Mb                                      |
c Reduced to 579641 vars, 3448137 cls (grow=0)
reserve 2549194740 on /local_ssd/proof.dat
c |  Eliminated clauses:         136.19 Mb                                      |
c Reduced to 378230 vars, 3499711 cls (grow=8)
c cl_inc_rate=1.015, var_dec_rate=1.533
c |  Eliminated clauses:         139.32 Mb                                      |
c Reduced to 348712 vars, 3639499 cls (grow=16)
c cl_inc_rate=1.040, var_dec_rate=1.085
c |  Eliminated clauses:         144.76 Mb                                      |
c Reduced to 309770 vars, 3840295 cls (grow=32)
c cl_inc_rate=1.055, var_dec_rate=1.126
c |  Eliminated clauses:         153.06 Mb                                      |
c Reduced to 260794 vars, 4705106 cls (grow=64)
c cl_inc_rate=1.225, var_dec_rate=1.188
c No. effective iterative eliminations: 4
c |  Simplification time:         81.66 s                                       |
c |                                                                             |
c running deterministic with LRB
c ============================[ Search Statistics ]==============================
c | Conflicts |          ORIGINAL         |          LEARNT          | Progress |
c |           |    Vars  Clauses Literals |    Limit  Clauses Lit/Cl |          |
c ===============================================================================
reserve 4142441460 on /local_ssd/proof.dat
c ===============================================================================
c restarts              : 629
c conflicts             : 250239         (1035 /sec)
c decisions             : 5055105        (0.00 % random) (20903 /sec)
c propagations          : 359362455      (1486000 /sec)
c conflict literals     : 7193238        (27.39 % deleted)
c backtracks            : 248608         (NCB 97% , CB 3%)
c Memory used           : 5656.00 MB
c CPU time              : 241.832 s

s UNSATISFIABLE
Marking proof: 0.588 seconds
c Dumping LRAT: 4.068 seconds
c Analyze time: 	4.656 seconds
c Analyze used disk storage:	2648.42 MB
LRAT_SIZE: 203592	/local_ssd/proof.lrat
s UNSATISFIABLE
/local_ssd/proof.lrat
	Command being timed: "/nfs/scratch/bzchartu/programs/maplechronobt_proof_analyze/drat-trim/lrat-check /nfs/scratch/bzchartu/unsat_2018_solved/T84.2.0.cnf /local_ssd/proof.lrat"
	User time (seconds): 7.97
	System time (seconds): 0.61
	Percent of CPU this job got: 99%
	Elapsed (wall clock) time (h:mm:ss or m:ss): 0:08.59
	Average shared text size (kbytes): 0
	Average unshared data size (kbytes): 0
	Average stack size (kbytes): 0
	Average total size (kbytes): 0
	Maximum resident set size (kbytes): 1318136
	Average resident set size (kbytes): 0
	Major (requiring I/O) page faults: 0
	Minor (reclaiming a frame) page faults: 388008
	Voluntary context switches: 17
	Involuntary context switches: 4
	Swaps: 0
	File system inputs: 0
	File system outputs: 8
	Socket messages sent: 0
	Socket messages received: 0
	Signals delivered: 0
	Page size (bytes): 4096
	Exit status: 0
LRAT_W_TIME,	Elapsed (wall clock) time (h:mm:ss or m:ss): 0:08.59
c parsed a formula with 3130396 variables and 10804148 clauses
c VERIFIED
c Added clauses = 11634065.  Deleted clauses = 10937966.  Max live clauses = 10804148
c verification time = 8.54 secs
c VERIFIED
OVERVIEW_HEADER,benchmark,solve mem,solve time,drat kb,drat sec,lrat kb,lrat sec,restarts,decisions,conflicts,propagations,mark proof sec,dump lrat sec, ana sec, anamem mb
OVERVIEW_CSV,/nfs/scratch/bzchartu/unsat_2018_solved/T84.2.0.cnf,	Maximum resident set size (kbytes): 4017832,	Elapsed (wall clock) time (h:mm:ss or m:ss): 4:14.48,0,0,203592	/local_ssd/proof.lrat,	Elapsed (wall clock) time (h:mm:ss or m:ss): 0:08.59,c restarts              : 629,c decisions             : 5055105        (0.00 % random) (20903 /sec),c conflicts             : 250239         (1035 /sec),c propagations          : 359362455      (1486000 /sec),Marking proof: 0.588 seconds,c Dumping LRAT: 4.068 seconds,c Analyze time: 	4.656 seconds,c Analyze used disk storage:	2648.42 MB
