SOLVERNAME,ANA
ANA_TMP_CONFIG,'/local_ssd/proof.dat'
BENCHNAME,/nfs/scratch/bzchartu/unsat_2018_solved/cms-scheel-md4-families-r24-c5-p1-8-9-16-19.cnf
running lrb Bench '/nfs/scratch/bzchartu/unsat_2018_solved/cms-scheel-md4-families-r24-c5-p1-8-9-16-19.cnf' on cumu01-15
Command exited with non-zero status 20
	Command being timed: "/nfs/scratch/bzchartu/programs/maplechronobt_proof_analyze/sources/simp/glucose_release_ana -det=lrb /nfs/scratch/bzchartu/unsat_2018_solved/cms-scheel-md4-families-r24-c5-p1-8-9-16-19.cnf -cpu-lim=10000 -analyzer-tmp-file=/local_ssd/proof.dat -lrat-file=/local_ssd/proof.lrat"
	User time (seconds): 110.22
	System time (seconds): 1.08
	Percent of CPU this job got: 99%
	Elapsed (wall clock) time (h:mm:ss or m:ss): 1:51.31
	Average shared text size (kbytes): 0
	Average unshared data size (kbytes): 0
	Average stack size (kbytes): 0
	Average total size (kbytes): 0
	Maximum resident set size (kbytes): 1130744
	Average resident set size (kbytes): 0
	Major (requiring I/O) page faults: 8
	Minor (reclaiming a frame) page faults: 428657
	Voluntary context switches: 20
	Involuntary context switches: 72
	Swaps: 0
	File system inputs: 4440
	File system outputs: 2069592
	Socket messages sent: 0
	Socket messages received: 0
	Signals delivered: 0
	Page size (bytes): 4096
	Exit status: 20
SOLVE_W_TIME,	Elapsed (wall clock) time (h:mm:ss or m:ss): 1:51.31
c This is MapleLCMDistChronoBT.
c WARNING: for repeatability, setting FPU to use double precision
c Sat Analyzer will analyze result
c Analyzer will dump LRAT to '/local_ssd/proof.lrat'
c ============================[ Problem Statistics ]=============================
c |                                                                             |
c |  Number of variables:         29690                                         |
c |  Number of clauses:           91605                                         |
c |  Parse time:                   0.06 s                                       |
c |  Eliminated clauses:           0.81 Mb                                      |
c Reduced to 11490 vars, 62134 cls (grow=0)
c |  Eliminated clauses:           0.87 Mb                                      |
c Reduced to 10596 vars, 63282 cls (grow=8)
c cl_inc_rate=1.018, var_dec_rate=1.084
c |  Eliminated clauses:           0.96 Mb                                      |
c Reduced to 9925 vars, 68382 cls (grow=16)
c cl_inc_rate=1.081, var_dec_rate=1.068
c No. effective iterative eliminations: 2
c |  Simplification time:          0.20 s                                       |
c |                                                                             |
c running deterministic with LRB
c ============================[ Search Statistics ]==============================
c | Conflicts |          ORIGINAL         |          LEARNT          | Progress |
c |           |    Vars  Clauses Literals |    Limit  Clauses Lit/Cl |          |
c ===============================================================================
reserve 85196788 on /local_ssd/proof.dat
reserve 138444788 on /local_ssd/proof.dat
reserve 224972788 on /local_ssd/proof.dat
reserve 365580788 on /local_ssd/proof.dat
reserve 594074612 on /local_ssd/proof.dat
reserve 965372916 on /local_ssd/proof.dat
reserve 1568732660 on /local_ssd/proof.dat
c ===============================================================================
c restarts              : 4282
c conflicts             : 2509418        (22843 /sec)
c decisions             : 8547996        (0.00 % random) (77811 /sec)
c propagations          : 185835577      (1691629 /sec)
c conflict literals     : 95202620       (9.61 % deleted)
c backtracks            : 2508716        (NCB 100% , CB 0%)
c Memory used           : 1617.00 MB
c CPU time              : 109.856 s

s UNSATISFIABLE
Marking proof: 0.008 seconds
c Dumping LRAT: 0.352 seconds
c Analyze time: 	0.36 seconds
c Analyze used disk storage:	1048.41 MB
LRAT_SIZE: 1444	/local_ssd/proof.lrat
s UNSATISFIABLE
/local_ssd/proof.lrat
	Command being timed: "/nfs/scratch/bzchartu/programs/maplechronobt_proof_analyze/drat-trim/lrat-check /nfs/scratch/bzchartu/unsat_2018_solved/cms-scheel-md4-families-r24-c5-p1-8-9-16-19.cnf /local_ssd/proof.lrat"
	User time (seconds): 0.08
	System time (seconds): 0.01
	Percent of CPU this job got: 94%
	Elapsed (wall clock) time (h:mm:ss or m:ss): 0:00.09
	Average shared text size (kbytes): 0
	Average unshared data size (kbytes): 0
	Average stack size (kbytes): 0
	Average total size (kbytes): 0
	Maximum resident set size (kbytes): 13984
	Average resident set size (kbytes): 0
	Major (requiring I/O) page faults: 0
	Minor (reclaiming a frame) page faults: 3393
	Voluntary context switches: 17
	Involuntary context switches: 2
	Swaps: 0
	File system inputs: 0
	File system outputs: 8
	Socket messages sent: 0
	Socket messages received: 0
	Signals delivered: 0
	Page size (bytes): 4096
	Exit status: 0
LRAT_W_TIME,	Elapsed (wall clock) time (h:mm:ss or m:ss): 0:00.09
c parsed a formula with 29690 variables and 94137 clauses
c VERIFIED
c Added clauses = 109367.  Deleted clauses = 92401.  Max live clauses = 94137
c verification time = 0.09 secs
c VERIFIED
OVERVIEW_HEADER,benchmark,solve mem,solve time,drat kb,drat sec,lrat kb,lrat sec,restarts,decisions,conflicts,propagations,mark proof sec,dump lrat sec, ana sec, anamem mb
OVERVIEW_CSV,/nfs/scratch/bzchartu/unsat_2018_solved/cms-scheel-md4-families-r24-c5-p1-8-9-16-19.cnf,	Maximum resident set size (kbytes): 1130744,	Elapsed (wall clock) time (h:mm:ss or m:ss): 1:51.31,0,0,1444	/local_ssd/proof.lrat,	Elapsed (wall clock) time (h:mm:ss or m:ss): 0:00.09,c restarts              : 4282,c decisions             : 8547996        (0.00 % random) (77811 /sec),c conflicts             : 2509418        (22843 /sec),c propagations          : 185835577      (1691629 /sec),Marking proof: 0.008 seconds,c Dumping LRAT: 0.352 seconds,c Analyze time: 	0.36 seconds,c Analyze used disk storage:	1048.41 MB
