SOLVERNAME,ANA
ANA_TMP_CONFIG,'/local_ssd/proof.dat'
BENCHNAME,/nfs/scratch/bzchartu/unsat_2018_solved/T93.2.0.cnf
running lrb Bench '/nfs/scratch/bzchartu/unsat_2018_solved/T93.2.0.cnf' on cumu02-12
Command exited with non-zero status 20
	Command being timed: "/nfs/scratch/bzchartu/programs/maplechronobt_proof_analyze/sources/simp/glucose_release_ana -det=lrb /nfs/scratch/bzchartu/unsat_2018_solved/T93.2.0.cnf -cpu-lim=10000 -analyzer-tmp-file=/local_ssd/proof.dat -lrat-file=/local_ssd/proof.lrat"
	User time (seconds): 307.52
	System time (seconds): 9.10
	Percent of CPU this job got: 99%
	Elapsed (wall clock) time (h:mm:ss or m:ss): 5:17.32
	Average shared text size (kbytes): 0
	Average unshared data size (kbytes): 0
	Average stack size (kbytes): 0
	Average total size (kbytes): 0
	Maximum resident set size (kbytes): 4294980
	Average resident set size (kbytes): 0
	Major (requiring I/O) page faults: 10
	Minor (reclaiming a frame) page faults: 9635379
	Voluntary context switches: 65
	Involuntary context switches: 1639
	Swaps: 0
	File system inputs: 480496
	File system outputs: 8164248
	Socket messages sent: 0
	Socket messages received: 0
	Signals delivered: 0
	Page size (bytes): 4096
	Exit status: 20
SOLVE_W_TIME,	Elapsed (wall clock) time (h:mm:ss or m:ss): 5:17.32
c This is MapleLCMDistChronoBT.
c WARNING: for repeatability, setting FPU to use double precision
c Sat Analyzer will analyze result
c Analyzer will dump LRAT to '/local_ssd/proof.lrat'
c ============================[ Problem Statistics ]=============================
c |                                                                             |
reserve 85196788 on /local_ssd/proof.dat
reserve 138444788 on /local_ssd/proof.dat
reserve 224972788 on /local_ssd/proof.dat
reserve 365580788 on /local_ssd/proof.dat
reserve 594074612 on /local_ssd/proof.dat
c |  Number of variables:       3171415                                         |
c |  Number of clauses:        10928662                                         |
c |  Parse time:                   5.15 s                                       |
reserve 965372916 on /local_ssd/proof.dat
reserve 1568732660 on /local_ssd/proof.dat
c |  Eliminated clauses:         121.14 Mb                                      |
c Reduced to 589063 vars, 3512923 cls (grow=0)
reserve 2549194740 on /local_ssd/proof.dat
c |  Eliminated clauses:         137.79 Mb                                      |
c Reduced to 385070 vars, 3566793 cls (grow=8)
c cl_inc_rate=1.015, var_dec_rate=1.530
c |  Eliminated clauses:         141.06 Mb                                      |
c Reduced to 354288 vars, 3710330 cls (grow=16)
c cl_inc_rate=1.040, var_dec_rate=1.087
c |  Eliminated clauses:         146.66 Mb                                      |
c Reduced to 314296 vars, 3917937 cls (grow=32)
c cl_inc_rate=1.056, var_dec_rate=1.127
c |  Eliminated clauses:         155.04 Mb                                      |
c Reduced to 264916 vars, 4798677 cls (grow=64)
c cl_inc_rate=1.225, var_dec_rate=1.186
c No. effective iterative eliminations: 4
c |  Simplification time:         85.85 s                                       |
c |                                                                             |
c running deterministic with LRB
c ============================[ Search Statistics ]==============================
c | Conflicts |          ORIGINAL         |          LEARNT          | Progress |
c |           |    Vars  Clauses Literals |    Limit  Clauses Lit/Cl |          |
c ===============================================================================
reserve 4142441460 on /local_ssd/proof.dat
c ===============================================================================
c restarts              : 771
c conflicts             : 305693         (1022 /sec)
c decisions             : 6258467        (0.00 % random) (20922 /sec)
c propagations          : 435500426      (1455900 /sec)
c conflict literals     : 10931095       (30.07 % deleted)
c backtracks            : 303326         (NCB 97% , CB 3%)
c Memory used           : 6186.00 MB
c CPU time              : 299.128 s

s UNSATISFIABLE
Marking proof: 2.716 seconds
c Dumping LRAT: 5.456 seconds
c Analyze time: 	8.172 seconds
c Analyze used disk storage:	2915.02 MB
LRAT_SIZE: 369912	/local_ssd/proof.lrat
s UNSATISFIABLE
/local_ssd/proof.lrat
	Command being timed: "/nfs/scratch/bzchartu/programs/maplechronobt_proof_analyze/drat-trim/lrat-check /nfs/scratch/bzchartu/unsat_2018_solved/T93.2.0.cnf /local_ssd/proof.lrat"
	User time (seconds): 11.10
	System time (seconds): 0.68
	Percent of CPU this job got: 99%
	Elapsed (wall clock) time (h:mm:ss or m:ss): 0:11.79
	Average shared text size (kbytes): 0
	Average unshared data size (kbytes): 0
	Average stack size (kbytes): 0
	Average total size (kbytes): 0
	Maximum resident set size (kbytes): 1339720
	Average resident set size (kbytes): 0
	Major (requiring I/O) page faults: 0
	Minor (reclaiming a frame) page faults: 419449
	Voluntary context switches: 19
	Involuntary context switches: 7
	Swaps: 0
	File system inputs: 0
	File system outputs: 8
	Socket messages sent: 0
	Socket messages received: 0
	Signals delivered: 0
	Page size (bytes): 4096
	Exit status: 0
LRAT_W_TIME,	Elapsed (wall clock) time (h:mm:ss or m:ss): 0:11.79
c parsed a formula with 3171415 variables and 10928662 clauses
c VERIFIED
c Added clauses = 11947010.  Deleted clauses = 11033873.  Max live clauses = 10928662
c verification time = 11.73 secs
c VERIFIED
OVERVIEW_HEADER,benchmark,solve mem,solve time,drat kb,drat sec,lrat kb,lrat sec,restarts,decisions,conflicts,propagations,mark proof sec,dump lrat sec, ana sec, anamem mb
OVERVIEW_CSV,/nfs/scratch/bzchartu/unsat_2018_solved/T93.2.0.cnf,	Maximum resident set size (kbytes): 4294980,	Elapsed (wall clock) time (h:mm:ss or m:ss): 5:17.32,0,0,369912	/local_ssd/proof.lrat,	Elapsed (wall clock) time (h:mm:ss or m:ss): 0:11.79,c restarts              : 771,c decisions             : 6258467        (0.00 % random) (20922 /sec),c conflicts             : 305693         (1022 /sec),c propagations          : 435500426      (1455900 /sec),Marking proof: 2.716 seconds,c Dumping LRAT: 5.456 seconds,c Analyze time: 	8.172 seconds,c Analyze used disk storage:	2915.02 MB
