SOLVERNAME,ANA
ANA_TMP_CONFIG,'/local_ssd/proof.dat'
BENCHNAME,/nfs/scratch/bzchartu/unsat_2018_solved/T86.2.0.cnf
running lrb Bench '/nfs/scratch/bzchartu/unsat_2018_solved/T86.2.0.cnf' on cumu01-04
Command exited with non-zero status 20
	Command being timed: "/nfs/scratch/bzchartu/programs/maplechronobt_proof_analyze/sources/simp/glucose_release_ana -det=lrb /nfs/scratch/bzchartu/unsat_2018_solved/T86.2.0.cnf -cpu-lim=10000 -analyzer-tmp-file=/local_ssd/proof.dat -lrat-file=/local_ssd/proof.lrat"
	User time (seconds): 267.65
	System time (seconds): 8.97
	Percent of CPU this job got: 99%
	Elapsed (wall clock) time (h:mm:ss or m:ss): 4:36.68
	Average shared text size (kbytes): 0
	Average unshared data size (kbytes): 0
	Average stack size (kbytes): 0
	Average total size (kbytes): 0
	Maximum resident set size (kbytes): 4064964
	Average resident set size (kbytes): 0
	Major (requiring I/O) page faults: 10
	Minor (reclaiming a frame) page faults: 9587250
	Voluntary context switches: 38
	Involuntary context switches: 1218
	Swaps: 0
	File system inputs: 478480
	File system outputs: 6870024
	Socket messages sent: 0
	Socket messages received: 0
	Signals delivered: 0
	Page size (bytes): 4096
	Exit status: 20
SOLVE_W_TIME,	Elapsed (wall clock) time (h:mm:ss or m:ss): 4:36.68
c This is MapleLCMDistChronoBT.
c WARNING: for repeatability, setting FPU to use double precision
c Sat Analyzer will analyze result
c Analyzer will dump LRAT to '/local_ssd/proof.lrat'
c ============================[ Problem Statistics ]=============================
c |                                                                             |
reserve 85196788 on /local_ssd/proof.dat
reserve 138444788 on /local_ssd/proof.dat
reserve 224972788 on /local_ssd/proof.dat
reserve 365580788 on /local_ssd/proof.dat
reserve 594074612 on /local_ssd/proof.dat
c |  Number of variables:       3154927                                         |
c |  Number of clauses:        10881126                                         |
c |  Parse time:                   5.11 s                                       |
reserve 965372916 on /local_ssd/proof.dat
reserve 1568732660 on /local_ssd/proof.dat
c |  Eliminated clauses:         120.69 Mb                                      |
c Reduced to 584993 vars, 3488914 cls (grow=0)
reserve 2549194740 on /local_ssd/proof.dat
c |  Eliminated clauses:         137.23 Mb                                      |
c Reduced to 382287 vars, 3541778 cls (grow=8)
c cl_inc_rate=1.015, var_dec_rate=1.530
c |  Eliminated clauses:         140.44 Mb                                      |
c Reduced to 352007 vars, 3683378 cls (grow=16)
c cl_inc_rate=1.040, var_dec_rate=1.086
c |  Eliminated clauses:         145.97 Mb                                      |
c Reduced to 312290 vars, 3888680 cls (grow=32)
c cl_inc_rate=1.056, var_dec_rate=1.127
c |  Eliminated clauses:         154.39 Mb                                      |
c Reduced to 262676 vars, 4762367 cls (grow=64)
c cl_inc_rate=1.225, var_dec_rate=1.189
c No. effective iterative eliminations: 4
c |  Simplification time:         86.00 s                                       |
c |                                                                             |
c running deterministic with LRB
c ============================[ Search Statistics ]==============================
c | Conflicts |          ORIGINAL         |          LEARNT          | Progress |
c |           |    Vars  Clauses Literals |    Limit  Clauses Lit/Cl |          |
c ===============================================================================
reserve 4142441460 on /local_ssd/proof.dat
c ===============================================================================
c restarts              : 567
c conflicts             : 237663         (905 /sec)
c decisions             : 5315162        (0.00 % random) (20233 /sec)
c propagations          : 374197218      (1424428 /sec)
c conflict literals     : 7568596        (25.95 % deleted)
c backtracks            : 235551         (NCB 96% , CB 4%)
c Memory used           : 5847.00 MB
c CPU time              : 262.7 s

s UNSATISFIABLE
Marking proof: 0.496 seconds
c Dumping LRAT: 4.204 seconds
c Analyze time: 	4.7 seconds
c Analyze used disk storage:	2655.23 MB
LRAT_SIZE: 200832	/local_ssd/proof.lrat
s UNSATISFIABLE
/local_ssd/proof.lrat
	Command being timed: "/nfs/scratch/bzchartu/programs/maplechronobt_proof_analyze/drat-trim/lrat-check /nfs/scratch/bzchartu/unsat_2018_solved/T86.2.0.cnf /local_ssd/proof.lrat"
	User time (seconds): 7.85
	System time (seconds): 0.66
	Percent of CPU this job got: 99%
	Elapsed (wall clock) time (h:mm:ss or m:ss): 0:08.52
	Average shared text size (kbytes): 0
	Average unshared data size (kbytes): 0
	Average stack size (kbytes): 0
	Average total size (kbytes): 0
	Maximum resident set size (kbytes): 1326856
	Average resident set size (kbytes): 0
	Major (requiring I/O) page faults: 0
	Minor (reclaiming a frame) page faults: 381953
	Voluntary context switches: 17
	Involuntary context switches: 7
	Swaps: 0
	File system inputs: 0
	File system outputs: 8
	Socket messages sent: 0
	Socket messages received: 0
	Signals delivered: 0
	Page size (bytes): 4096
	Exit status: 0
LRAT_W_TIME,	Elapsed (wall clock) time (h:mm:ss or m:ss): 0:08.52
c parsed a formula with 3154927 variables and 10881126 clauses
c VERIFIED
c Added clauses = 11614035.  Deleted clauses = 10991032.  Max live clauses = 10881126
c verification time = 8.47 secs
c VERIFIED
OVERVIEW_HEADER,benchmark,solve mem,solve time,drat kb,drat sec,lrat kb,lrat sec,restarts,decisions,conflicts,propagations,mark proof sec,dump lrat sec, ana sec, anamem mb
OVERVIEW_CSV,/nfs/scratch/bzchartu/unsat_2018_solved/T86.2.0.cnf,	Maximum resident set size (kbytes): 4064964,	Elapsed (wall clock) time (h:mm:ss or m:ss): 4:36.68,0,0,200832	/local_ssd/proof.lrat,	Elapsed (wall clock) time (h:mm:ss or m:ss): 0:08.52,c restarts              : 567,c decisions             : 5315162        (0.00 % random) (20233 /sec),c conflicts             : 237663         (905 /sec),c propagations          : 374197218      (1424428 /sec),Marking proof: 0.496 seconds,c Dumping LRAT: 4.204 seconds,c Analyze time: 	4.7 seconds,c Analyze used disk storage:	2655.23 MB
