SOLVERNAME,ANA
ANA_TMP_CONFIG,'/local_ssd/proof.dat'
BENCHNAME,/nfs/scratch/bzchartu/unsat_2018_solved/T77.2.0.cnf
running lrb Bench '/nfs/scratch/bzchartu/unsat_2018_solved/T77.2.0.cnf' on cumu02-00
Command exited with non-zero status 20
	Command being timed: "/nfs/scratch/bzchartu/programs/maplechronobt_proof_analyze/sources/simp/glucose_release_ana -det=lrb /nfs/scratch/bzchartu/unsat_2018_solved/T77.2.0.cnf -cpu-lim=10000 -analyzer-tmp-file=/local_ssd/proof.dat -lrat-file=/local_ssd/proof.lrat"
	User time (seconds): 332.07
	System time (seconds): 8.36
	Percent of CPU this job got: 99%
	Elapsed (wall clock) time (h:mm:ss or m:ss): 5:40.81
	Average shared text size (kbytes): 0
	Average unshared data size (kbytes): 0
	Average stack size (kbytes): 0
	Average total size (kbytes): 0
	Maximum resident set size (kbytes): 4156700
	Average resident set size (kbytes): 0
	Major (requiring I/O) page faults: 10
	Minor (reclaiming a frame) page faults: 8307480
	Voluntary context switches: 53
	Involuntary context switches: 932
	Swaps: 0
	File system inputs: 476064
	File system outputs: 7646136
	Socket messages sent: 0
	Socket messages received: 0
	Signals delivered: 0
	Page size (bytes): 4096
	Exit status: 20
SOLVE_W_TIME,	Elapsed (wall clock) time (h:mm:ss or m:ss): 5:40.81
c This is MapleLCMDistChronoBT.
c WARNING: for repeatability, setting FPU to use double precision
c Sat Analyzer will analyze result
c Analyzer will dump LRAT to '/local_ssd/proof.lrat'
c ============================[ Problem Statistics ]=============================
c |                                                                             |
reserve 85196788 on /local_ssd/proof.dat
reserve 138444788 on /local_ssd/proof.dat
reserve 224972788 on /local_ssd/proof.dat
reserve 365580788 on /local_ssd/proof.dat
reserve 594074612 on /local_ssd/proof.dat
c |  Number of variables:       3135351                                         |
c |  Number of clauses:        10823145                                         |
c |  Parse time:                   5.26 s                                       |
reserve 965372916 on /local_ssd/proof.dat
reserve 1568732660 on /local_ssd/proof.dat
c |  Eliminated clauses:         119.96 Mb                                      |
c Reduced to 582541 vars, 3464481 cls (grow=0)
reserve 2549194740 on /local_ssd/proof.dat
c |  Eliminated clauses:         136.45 Mb                                      |
c Reduced to 380224 vars, 3517885 cls (grow=8)
c cl_inc_rate=1.015, var_dec_rate=1.532
c |  Eliminated clauses:         139.61 Mb                                      |
c Reduced to 350420 vars, 3658669 cls (grow=16)
c cl_inc_rate=1.040, var_dec_rate=1.085
c |  Eliminated clauses:         145.11 Mb                                      |
c Reduced to 311079 vars, 3860133 cls (grow=32)
c cl_inc_rate=1.055, var_dec_rate=1.126
c |  Eliminated clauses:         153.41 Mb                                      |
c Reduced to 262136 vars, 4727956 cls (grow=64)
c cl_inc_rate=1.225, var_dec_rate=1.187
c No. effective iterative eliminations: 4
c |  Simplification time:         80.90 s                                       |
c |                                                                             |
c running deterministic with LRB
c ============================[ Search Statistics ]==============================
c | Conflicts |          ORIGINAL         |          LEARNT          | Progress |
c |           |    Vars  Clauses Literals |    Limit  Clauses Lit/Cl |          |
c ===============================================================================
reserve 4142441460 on /local_ssd/proof.dat
c ===============================================================================
c restarts              : 744
c conflicts             : 296206         (910 /sec)
c decisions             : 4142201        (0.00 % random) (12727 /sec)
c propagations          : 502827882      (1544919 /sec)
c conflict literals     : 11198524       (29.97 % deleted)
c backtracks            : 294656         (NCB 98% , CB 2%)
c Memory used           : 5785.00 MB
c CPU time              : 325.472 s

s UNSATISFIABLE
Marking proof: 1.012 seconds
c Dumping LRAT: 5.384 seconds
c Analyze time: 	6.396 seconds
c Analyze used disk storage:	2772.58 MB
LRAT_SIZE: 275024	/local_ssd/proof.lrat
s UNSATISFIABLE
/local_ssd/proof.lrat
	Command being timed: "/nfs/scratch/bzchartu/programs/maplechronobt_proof_analyze/drat-trim/lrat-check /nfs/scratch/bzchartu/unsat_2018_solved/T77.2.0.cnf /local_ssd/proof.lrat"
	User time (seconds): 9.37
	System time (seconds): 0.70
	Percent of CPU this job got: 99%
	Elapsed (wall clock) time (h:mm:ss or m:ss): 0:10.09
	Average shared text size (kbytes): 0
	Average unshared data size (kbytes): 0
	Average stack size (kbytes): 0
	Average total size (kbytes): 0
	Maximum resident set size (kbytes): 1328788
	Average resident set size (kbytes): 0
	Major (requiring I/O) page faults: 0
	Minor (reclaiming a frame) page faults: 416779
	Voluntary context switches: 19
	Involuntary context switches: 6
	Swaps: 0
	File system inputs: 0
	File system outputs: 8
	Socket messages sent: 0
	Socket messages received: 0
	Signals delivered: 0
	Page size (bytes): 4096
	Exit status: 0
LRAT_W_TIME,	Elapsed (wall clock) time (h:mm:ss or m:ss): 0:10.09
c parsed a formula with 3135351 variables and 10823145 clauses
c VERIFIED
c Added clauses = 11920585.  Deleted clauses = 10959745.  Max live clauses = 10823145
c verification time = 10.03 secs
c VERIFIED
OVERVIEW_HEADER,benchmark,solve mem,solve time,drat kb,drat sec,lrat kb,lrat sec,restarts,decisions,conflicts,propagations,mark proof sec,dump lrat sec, ana sec, anamem mb
OVERVIEW_CSV,/nfs/scratch/bzchartu/unsat_2018_solved/T77.2.0.cnf,	Maximum resident set size (kbytes): 4156700,	Elapsed (wall clock) time (h:mm:ss or m:ss): 5:40.81,0,0,275024	/local_ssd/proof.lrat,	Elapsed (wall clock) time (h:mm:ss or m:ss): 0:10.09,c restarts              : 744,c decisions             : 4142201        (0.00 % random) (12727 /sec),c conflicts             : 296206         (910 /sec),c propagations          : 502827882      (1544919 /sec),Marking proof: 1.012 seconds,c Dumping LRAT: 5.384 seconds,c Analyze time: 	6.396 seconds,c Analyze used disk storage:	2772.58 MB
