SOLVERNAME,ANA
ANA_TMP_CONFIG,'/local_ssd/proof.dat'
BENCHNAME,/nfs/scratch/bzchartu/unsat_2018_solved/T62.2.0.cnf
running lrb Bench '/nfs/scratch/bzchartu/unsat_2018_solved/T62.2.0.cnf' on cumu01-14
Command exited with non-zero status 20
	Command being timed: "/nfs/scratch/bzchartu/programs/maplechronobt_proof_analyze/sources/simp/glucose_release_ana -det=lrb /nfs/scratch/bzchartu/unsat_2018_solved/T62.2.0.cnf -cpu-lim=10000 -analyzer-tmp-file=/local_ssd/proof.dat -lrat-file=/local_ssd/proof.lrat"
	User time (seconds): 306.46
	System time (seconds): 6.91
	Percent of CPU this job got: 99%
	Elapsed (wall clock) time (h:mm:ss or m:ss): 5:13.47
	Average shared text size (kbytes): 0
	Average unshared data size (kbytes): 0
	Average stack size (kbytes): 0
	Average total size (kbytes): 0
	Maximum resident set size (kbytes): 4135476
	Average resident set size (kbytes): 0
	Major (requiring I/O) page faults: 10
	Minor (reclaiming a frame) page faults: 6072197
	Voluntary context switches: 36
	Involuntary context switches: 1701
	Swaps: 0
	File system inputs: 479288
	File system outputs: 8839256
	Socket messages sent: 0
	Socket messages received: 0
	Signals delivered: 0
	Page size (bytes): 4096
	Exit status: 20
SOLVE_W_TIME,	Elapsed (wall clock) time (h:mm:ss or m:ss): 5:13.47
c This is MapleLCMDistChronoBT.
c WARNING: for repeatability, setting FPU to use double precision
c Sat Analyzer will analyze result
c Analyzer will dump LRAT to '/local_ssd/proof.lrat'
c ============================[ Problem Statistics ]=============================
c |                                                                             |
reserve 85196788 on /local_ssd/proof.dat
reserve 138444788 on /local_ssd/proof.dat
reserve 224972788 on /local_ssd/proof.dat
reserve 365580788 on /local_ssd/proof.dat
reserve 594074612 on /local_ssd/proof.dat
c |  Number of variables:       3160296                                         |
c |  Number of clauses:        10898509                                         |
c |  Parse time:                   4.87 s                                       |
reserve 965372916 on /local_ssd/proof.dat
reserve 1568732660 on /local_ssd/proof.dat
c |  Eliminated clauses:         120.67 Mb                                      |
c Reduced to 590364 vars, 3508377 cls (grow=0)
reserve 2549194740 on /local_ssd/proof.dat
c |  Eliminated clauses:         137.33 Mb                                      |
c Reduced to 386282 vars, 3565081 cls (grow=8)
c cl_inc_rate=1.016, var_dec_rate=1.528
c |  Eliminated clauses:         140.53 Mb                                      |
c Reduced to 356009 vars, 3707592 cls (grow=16)
c cl_inc_rate=1.040, var_dec_rate=1.085
c |  Eliminated clauses:         146.05 Mb                                      |
c Reduced to 316287 vars, 3922778 cls (grow=32)
c cl_inc_rate=1.058, var_dec_rate=1.126
c |  Eliminated clauses:         154.48 Mb                                      |
c Reduced to 266466 vars, 4804927 cls (grow=64)
c cl_inc_rate=1.225, var_dec_rate=1.187
c No. effective iterative eliminations: 4
c |  Simplification time:         82.95 s                                       |
c |                                                                             |
c running deterministic with LRB
c ============================[ Search Statistics ]==============================
c | Conflicts |          ORIGINAL         |          LEARNT          | Progress |
c |           |    Vars  Clauses Literals |    Limit  Clauses Lit/Cl |          |
c ===============================================================================
reserve 4142441460 on /local_ssd/proof.dat
c ===============================================================================
c restarts              : 707
c conflicts             : 280241         (931 /sec)
c decisions             : 5007520        (0.00 % random) (16644 /sec)
c propagations          : 433482865      (1440793 /sec)
c conflict literals     : 7995099        (31.47 % deleted)
c backtracks            : 278264         (NCB 97% , CB 3%)
c Memory used           : 5848.00 MB
c CPU time              : 300.864 s

s UNSATISFIABLE
Marking proof: 0.832 seconds
c Dumping LRAT: 4.556 seconds
c Analyze time: 	5.388 seconds
c Analyze used disk storage:	2721.54 MB
LRAT_SIZE: 239988	/local_ssd/proof.lrat
s UNSATISFIABLE
/local_ssd/proof.lrat
	Command being timed: "/nfs/scratch/bzchartu/programs/maplechronobt_proof_analyze/drat-trim/lrat-check /nfs/scratch/bzchartu/unsat_2018_solved/T62.2.0.cnf /local_ssd/proof.lrat"
	User time (seconds): 8.68
	System time (seconds): 0.63
	Percent of CPU this job got: 99%
	Elapsed (wall clock) time (h:mm:ss or m:ss): 0:09.33
	Average shared text size (kbytes): 0
	Average unshared data size (kbytes): 0
	Average stack size (kbytes): 0
	Average total size (kbytes): 0
	Maximum resident set size (kbytes): 1334364
	Average resident set size (kbytes): 0
	Major (requiring I/O) page faults: 0
	Minor (reclaiming a frame) page faults: 409641
	Voluntary context switches: 19
	Involuntary context switches: 4
	Swaps: 0
	File system inputs: 0
	File system outputs: 8
	Socket messages sent: 0
	Socket messages received: 0
	Signals delivered: 0
	Page size (bytes): 4096
	Exit status: 0
LRAT_W_TIME,	Elapsed (wall clock) time (h:mm:ss or m:ss): 0:09.33
c parsed a formula with 3160296 variables and 10898509 clauses
c VERIFIED
c Added clauses = 11870688.  Deleted clauses = 11022241.  Max live clauses = 10898509
c verification time = 9.27 secs
c VERIFIED
OVERVIEW_HEADER,benchmark,solve mem,solve time,drat kb,drat sec,lrat kb,lrat sec,restarts,decisions,conflicts,propagations,mark proof sec,dump lrat sec, ana sec, anamem mb
OVERVIEW_CSV,/nfs/scratch/bzchartu/unsat_2018_solved/T62.2.0.cnf,	Maximum resident set size (kbytes): 4135476,	Elapsed (wall clock) time (h:mm:ss or m:ss): 5:13.47,0,0,239988	/local_ssd/proof.lrat,	Elapsed (wall clock) time (h:mm:ss or m:ss): 0:09.33,c restarts              : 707,c decisions             : 5007520        (0.00 % random) (16644 /sec),c conflicts             : 280241         (931 /sec),c propagations          : 433482865      (1440793 /sec),Marking proof: 0.832 seconds,c Dumping LRAT: 4.556 seconds,c Analyze time: 	5.388 seconds,c Analyze used disk storage:	2721.54 MB
