SOLVERNAME,ANA
ANA_TMP_CONFIG,'/local_ssd/proof.dat'
BENCHNAME,/nfs/scratch/bzchartu/unsat_2018_solved/Problem14_label19_true-unreach-call.c.cnf
running lrb Bench '/nfs/scratch/bzchartu/unsat_2018_solved/Problem14_label19_true-unreach-call.c.cnf' on cumu02-12
Command exited with non-zero status 20
	Command being timed: "/nfs/scratch/bzchartu/programs/maplechronobt_proof_analyze/sources/simp/glucose_release_ana -det=lrb /nfs/scratch/bzchartu/unsat_2018_solved/Problem14_label19_true-unreach-call.c.cnf -cpu-lim=10000 -analyzer-tmp-file=/local_ssd/proof.dat -lrat-file=/local_ssd/proof.lrat"
	User time (seconds): 53.01
	System time (seconds): 2.07
	Percent of CPU this job got: 99%
	Elapsed (wall clock) time (h:mm:ss or m:ss): 0:55.25
	Average shared text size (kbytes): 0
	Average unshared data size (kbytes): 0
	Average stack size (kbytes): 0
	Average total size (kbytes): 0
	Maximum resident set size (kbytes): 1722008
	Average resident set size (kbytes): 0
	Major (requiring I/O) page faults: 8
	Minor (reclaiming a frame) page faults: 1646071
	Voluntary context switches: 31
	Involuntary context switches: 661
	Swaps: 0
	File system inputs: 239232
	File system outputs: 2503320
	Socket messages sent: 0
	Socket messages received: 0
	Signals delivered: 0
	Page size (bytes): 4096
	Exit status: 20
SOLVE_W_TIME,	Elapsed (wall clock) time (h:mm:ss or m:ss): 0:55.25
c This is MapleLCMDistChronoBT.
c WARNING: for repeatability, setting FPU to use double precision
c Sat Analyzer will analyze result
c Analyzer will dump LRAT to '/local_ssd/proof.lrat'
c ============================[ Problem Statistics ]=============================
c |                                                                             |
reserve 85196788 on /local_ssd/proof.dat
reserve 138444788 on /local_ssd/proof.dat
reserve 224972788 on /local_ssd/proof.dat
c |  Number of variables:       1172119                                         |
c |  Number of clauses:         4834283                                         |
c |  Parse time:                   2.04 s                                       |
reserve 365580788 on /local_ssd/proof.dat
reserve 594074612 on /local_ssd/proof.dat
c |  Eliminated clauses:          22.90 Mb                                      |
c Reduced to 547406 vars, 2911062 cls (grow=0)
reserve 965372916 on /local_ssd/proof.dat
c |  Eliminated clauses:          34.33 Mb                                      |
c Reduced to 404547 vars, 3007454 cls (grow=8)
c cl_inc_rate=1.033, var_dec_rate=1.353
c |  Eliminated clauses:          36.89 Mb                                      |
c Reduced to 381014 vars, 3081715 cls (grow=16)
c cl_inc_rate=1.025, var_dec_rate=1.062
reserve 1568732660 on /local_ssd/proof.dat
c |  Eliminated clauses:          45.35 Mb                                      |
c Reduced to 317766 vars, 3697362 cls (grow=32)
c cl_inc_rate=1.200, var_dec_rate=1.199
c No. effective iterative eliminations: 3
c |  Simplification time:         30.67 s                                       |
c |                                                                             |
c running deterministic with LRB
c ============================[ Search Statistics ]==============================
c | Conflicts |          ORIGINAL         |          LEARNT          | Progress |
c |           |    Vars  Clauses Literals |    Limit  Clauses Lit/Cl |          |
c ===============================================================================
c ===============================================================================
c restarts              : 93
c conflicts             : 23846          (464 /sec)
c decisions             : 714102         (0.00 % random) (13883 /sec)
c propagations          : 62397030       (1213100 /sec)
c conflict literals     : 437244         (21.72 % deleted)
c backtracks            : 23564          (NCB 87% , CB 13%)
c Memory used           : 2791.00 MB
c CPU time              : 51.436 s

s UNSATISFIABLE
Marking proof: 0.076 seconds
c Dumping LRAT: 1.28 seconds
c Analyze time: 	1.356 seconds
c Analyze used disk storage:	1020.11 MB
LRAT_SIZE: 54052	/local_ssd/proof.lrat
s UNSATISFIABLE
/local_ssd/proof.lrat
	Command being timed: "/nfs/scratch/bzchartu/programs/maplechronobt_proof_analyze/drat-trim/lrat-check /nfs/scratch/bzchartu/unsat_2018_solved/Problem14_label19_true-unreach-call.c.cnf /local_ssd/proof.lrat"
	User time (seconds): 3.19
	System time (seconds): 0.24
	Percent of CPU this job got: 99%
	Elapsed (wall clock) time (h:mm:ss or m:ss): 0:03.44
	Average shared text size (kbytes): 0
	Average unshared data size (kbytes): 0
	Average stack size (kbytes): 0
	Average total size (kbytes): 0
	Maximum resident set size (kbytes): 509116
	Average resident set size (kbytes): 0
	Major (requiring I/O) page faults: 0
	Minor (reclaiming a frame) page faults: 140855
	Voluntary context switches: 12
	Involuntary context switches: 3
	Swaps: 0
	File system inputs: 0
	File system outputs: 8
	Socket messages sent: 0
	Socket messages received: 0
	Signals delivered: 0
	Page size (bytes): 4096
	Exit status: 0
LRAT_W_TIME,	Elapsed (wall clock) time (h:mm:ss or m:ss): 0:03.44
c parsed a formula with 1172119 variables and 5023255 clauses
c VERIFIED
c Added clauses = 5254835.  Deleted clauses = 5000823.  Max live clauses = 5023255
c verification time = 3.43 secs
c VERIFIED
OVERVIEW_HEADER,benchmark,solve mem,solve time,drat kb,drat sec,lrat kb,lrat sec,restarts,decisions,conflicts,propagations,mark proof sec,dump lrat sec, ana sec, anamem mb
OVERVIEW_CSV,/nfs/scratch/bzchartu/unsat_2018_solved/Problem14_label19_true-unreach-call.c.cnf,	Maximum resident set size (kbytes): 1722008,	Elapsed (wall clock) time (h:mm:ss or m:ss): 0:55.25,0,0,54052	/local_ssd/proof.lrat,	Elapsed (wall clock) time (h:mm:ss or m:ss): 0:03.44,c restarts              : 93,c decisions             : 714102         (0.00 % random) (13883 /sec),c conflicts             : 23846          (464 /sec),c propagations          : 62397030       (1213100 /sec),Marking proof: 0.076 seconds,c Dumping LRAT: 1.28 seconds,c Analyze time: 	1.356 seconds,c Analyze used disk storage:	1020.11 MB
