SOLVERNAME,ANA
ANA_TMP_CONFIG,'/local_ssd/proof.dat'
BENCHNAME,/nfs/scratch/bzchartu/unsat_2018_solved/e_rphp055_04.cnf
running lrb Bench '/nfs/scratch/bzchartu/unsat_2018_solved/e_rphp055_04.cnf' on cumu02-15
Command exited with non-zero status 20
	Command being timed: "/nfs/scratch/bzchartu/programs/maplechronobt_proof_analyze/sources/simp/glucose_release_ana -det=lrb /nfs/scratch/bzchartu/unsat_2018_solved/e_rphp055_04.cnf -cpu-lim=10000 -analyzer-tmp-file=/local_ssd/proof.dat -lrat-file=/local_ssd/proof.lrat"
	User time (seconds): 177.26
	System time (seconds): 1.80
	Percent of CPU this job got: 99%
	Elapsed (wall clock) time (h:mm:ss or m:ss): 2:59.27
	Average shared text size (kbytes): 0
	Average unshared data size (kbytes): 0
	Average stack size (kbytes): 0
	Average total size (kbytes): 0
	Maximum resident set size (kbytes): 1074000
	Average resident set size (kbytes): 0
	Major (requiring I/O) page faults: 11
	Minor (reclaiming a frame) page faults: 650387
	Voluntary context switches: 44
	Involuntary context switches: 227
	Swaps: 0
	File system inputs: 39848
	File system outputs: 4655584
	Socket messages sent: 0
	Socket messages received: 0
	Signals delivered: 0
	Page size (bytes): 4096
	Exit status: 20
SOLVE_W_TIME,	Elapsed (wall clock) time (h:mm:ss or m:ss): 2:59.27
c This is MapleLCMDistChronoBT.
c WARNING: for repeatability, setting FPU to use double precision
c Sat Analyzer will analyze result
c Analyzer will dump LRAT to '/local_ssd/proof.lrat'
c ============================[ Problem Statistics ]=============================
c |                                                                             |
c |  Number of variables:          5158                                         |
c |  Number of clauses:            9782                                         |
c |  Parse time:                   0.01 s                                       |
c |  Eliminated clauses:           0.11 Mb                                      |
c Reduced to 381 vars, 5005 cls (grow=0)
c No iterative elimination performed. (vars=381, c/v ratio=13.1)
c |  Simplification time:          0.02 s                                       |
c |                                                                             |
c running deterministic with LRB
c ============================[ Search Statistics ]==============================
c | Conflicts |          ORIGINAL         |          LEARNT          | Progress |
c |           |    Vars  Clauses Literals |    Limit  Clauses Lit/Cl |          |
c ===============================================================================
reserve 85196788 on /local_ssd/proof.dat
reserve 138444788 on /local_ssd/proof.dat
reserve 224972788 on /local_ssd/proof.dat
reserve 365580788 on /local_ssd/proof.dat
reserve 594074612 on /local_ssd/proof.dat
reserve 965372916 on /local_ssd/proof.dat
reserve 1568732660 on /local_ssd/proof.dat
c ===============================================================================
c restarts              : 5612
c conflicts             : 3118078        (18690 /sec)
c decisions             : 31240383       (0.00 % random) (187261 /sec)
c propagations          : 121818749      (730206 /sec)
c conflict literals     : 74334019       (24.47 % deleted)
c backtracks            : 3113875        (NCB 100% , CB 0%)
c Memory used           : 1570.00 MB
c CPU time              : 166.828 s

s UNSATISFIABLE
Marking proof: 2.088 seconds
c Dumping LRAT: 8.352 seconds
c Analyze time: 	10.44 seconds
c Analyze used disk storage:	1036.57 MB
LRAT_SIZE: 589296	/local_ssd/proof.lrat
s UNSATISFIABLE
/local_ssd/proof.lrat
	Command being timed: "/nfs/scratch/bzchartu/programs/maplechronobt_proof_analyze/drat-trim/lrat-check /nfs/scratch/bzchartu/unsat_2018_solved/e_rphp055_04.cnf /local_ssd/proof.lrat"
	User time (seconds): 14.09
	System time (seconds): 0.27
	Percent of CPU this job got: 99%
	Elapsed (wall clock) time (h:mm:ss or m:ss): 0:14.37
	Average shared text size (kbytes): 0
	Average unshared data size (kbytes): 0
	Average stack size (kbytes): 0
	Average total size (kbytes): 0
	Maximum resident set size (kbytes): 271476
	Average resident set size (kbytes): 0
	Major (requiring I/O) page faults: 0
	Minor (reclaiming a frame) page faults: 73122
	Voluntary context switches: 17
	Involuntary context switches: 20
	Swaps: 0
	File system inputs: 0
	File system outputs: 8
	Socket messages sent: 0
	Socket messages received: 0
	Signals delivered: 0
	Page size (bytes): 4096
	Exit status: 0
LRAT_W_TIME,	Elapsed (wall clock) time (h:mm:ss or m:ss): 0:14.37
c parsed a formula with 5158 variables and 9782 clauses
c VERIFIED
c Added clauses = 3090667.  Deleted clauses = 3039929.  Max live clauses = 93647
c verification time = 14.36 secs
c VERIFIED
OVERVIEW_HEADER,benchmark,solve mem,solve time,drat kb,drat sec,lrat kb,lrat sec,restarts,decisions,conflicts,propagations,mark proof sec,dump lrat sec, ana sec, anamem mb
OVERVIEW_CSV,/nfs/scratch/bzchartu/unsat_2018_solved/e_rphp055_04.cnf,	Maximum resident set size (kbytes): 1074000,	Elapsed (wall clock) time (h:mm:ss or m:ss): 2:59.27,0,0,589296	/local_ssd/proof.lrat,	Elapsed (wall clock) time (h:mm:ss or m:ss): 0:14.37,c restarts              : 5612,c decisions             : 31240383       (0.00 % random) (187261 /sec),c conflicts             : 3118078        (18690 /sec),c propagations          : 121818749      (730206 /sec),Marking proof: 2.088 seconds,c Dumping LRAT: 8.352 seconds,c Analyze time: 	10.44 seconds,c Analyze used disk storage:	1036.57 MB
