SOLVERNAME,ANA
ANA_TMP_CONFIG,'/local_ssd/proof.dat'
BENCHNAME,/nfs/scratch/bzchartu/unsat_2018_solved/dist4.c.cnf
running lrb Bench '/nfs/scratch/bzchartu/unsat_2018_solved/dist4.c.cnf' on cumu01-14
Command exited with non-zero status 20
	Command being timed: "/nfs/scratch/bzchartu/programs/maplechronobt_proof_analyze/sources/simp/glucose_release_ana -det=lrb /nfs/scratch/bzchartu/unsat_2018_solved/dist4.c.cnf -cpu-lim=10000 -analyzer-tmp-file=/local_ssd/proof.dat -lrat-file=/local_ssd/proof.lrat"
	User time (seconds): 197.98
	System time (seconds): 7.32
	Percent of CPU this job got: 97%
	Elapsed (wall clock) time (h:mm:ss or m:ss): 3:30.24
	Average shared text size (kbytes): 0
	Average unshared data size (kbytes): 0
	Average stack size (kbytes): 0
	Average total size (kbytes): 0
	Maximum resident set size (kbytes): 3584804
	Average resident set size (kbytes): 0
	Major (requiring I/O) page faults: 13
	Minor (reclaiming a frame) page faults: 3800384
	Voluntary context switches: 58
	Involuntary context switches: 197
	Swaps: 0
	File system inputs: 41976
	File system outputs: 23066144
	Socket messages sent: 0
	Socket messages received: 0
	Signals delivered: 0
	Page size (bytes): 4096
	Exit status: 20
SOLVE_W_TIME,	Elapsed (wall clock) time (h:mm:ss or m:ss): 3:30.24
c This is MapleLCMDistChronoBT.
c WARNING: for repeatability, setting FPU to use double precision
c Sat Analyzer will analyze result
c Analyzer will dump LRAT to '/local_ssd/proof.lrat'
c ============================[ Problem Statistics ]=============================
c |                                                                             |
c |  Number of variables:         15258                                         |
c |  Number of clauses:           68110                                         |
c |  Parse time:                   0.04 s                                       |
c |  Eliminated clauses:           0.23 Mb                                      |
c Reduced to 10319 vars, 55080 cls (grow=0)
c |  Eliminated clauses:           0.48 Mb                                      |
c Reduced to 7409 vars, 55090 cls (grow=8)
c cl_inc_rate=1.000, var_dec_rate=1.393
c |  Eliminated clauses:           0.52 Mb                                      |
c Reduced to 7030 vars, 57672 cls (grow=16)
c cl_inc_rate=1.047, var_dec_rate=1.054
c |  Eliminated clauses:           0.68 Mb                                      |
c Reduced to 6022 vars, 78159 cls (grow=32)
c cl_inc_rate=1.355, var_dec_rate=1.167
c No. effective iterative eliminations: 3
c |  Simplification time:          0.31 s                                       |
c |                                                                             |
c running deterministic with LRB
c ============================[ Search Statistics ]==============================
c | Conflicts |          ORIGINAL         |          LEARNT          | Progress |
c |           |    Vars  Clauses Literals |    Limit  Clauses Lit/Cl |          |
c ===============================================================================
reserve 85196788 on /local_ssd/proof.dat
reserve 138444788 on /local_ssd/proof.dat
reserve 224972788 on /local_ssd/proof.dat
reserve 365580788 on /local_ssd/proof.dat
reserve 594074612 on /local_ssd/proof.dat
reserve 965372916 on /local_ssd/proof.dat
reserve 1568732660 on /local_ssd/proof.dat
reserve 2549194740 on /local_ssd/proof.dat
reserve 4142441460 on /local_ssd/proof.dat
c ===============================================================================
c restarts              : 1913
c conflicts             : 851221         (6111 /sec)
c decisions             : 1741795        (0.00 % random) (12505 /sec)
c propagations          : 333410226      (2393744 /sec)
c conflict literals     : 25439949       (68.25 % deleted)
c backtracks            : 850992         (NCB 100% , CB 0%)
c Memory used           : 4015.00 MB
c CPU time              : 139.284 s

s UNSATISFIABLE
Marking proof: 31.2 seconds
c Dumping LRAT: 27.504 seconds
c Analyze time: 	58.704 seconds
c Analyze used disk storage:	3627.06 MB
LRAT_SIZE: 2694340	/local_ssd/proof.lrat
s UNSATISFIABLE
/local_ssd/proof.lrat
	Command being timed: "/nfs/scratch/bzchartu/programs/maplechronobt_proof_analyze/drat-trim/lrat-check /nfs/scratch/bzchartu/unsat_2018_solved/dist4.c.cnf /local_ssd/proof.lrat"
	User time (seconds): 57.92
	System time (seconds): 0.62
	Percent of CPU this job got: 99%
	Elapsed (wall clock) time (h:mm:ss or m:ss): 0:58.55
	Average shared text size (kbytes): 0
	Average unshared data size (kbytes): 0
	Average stack size (kbytes): 0
	Average total size (kbytes): 0
	Maximum resident set size (kbytes): 91800
	Average resident set size (kbytes): 0
	Major (requiring I/O) page faults: 0
	Minor (reclaiming a frame) page faults: 36858
	Voluntary context switches: 17
	Involuntary context switches: 33
	Swaps: 0
	File system inputs: 0
	File system outputs: 8
	Socket messages sent: 0
	Socket messages received: 0
	Signals delivered: 0
	Page size (bytes): 4096
	Exit status: 0
LRAT_W_TIME,	Elapsed (wall clock) time (h:mm:ss or m:ss): 0:58.55
c parsed a formula with 15258 variables and 68130 clauses
c VERIFIED
c Added clauses = 913079.  Deleted clauses = 871563.  Max live clauses = 100946
c verification time = 58.55 secs
c VERIFIED
OVERVIEW_HEADER,benchmark,solve mem,solve time,drat kb,drat sec,lrat kb,lrat sec,restarts,decisions,conflicts,propagations,mark proof sec,dump lrat sec, ana sec, anamem mb
OVERVIEW_CSV,/nfs/scratch/bzchartu/unsat_2018_solved/dist4.c.cnf,	Maximum resident set size (kbytes): 3584804,	Elapsed (wall clock) time (h:mm:ss or m:ss): 3:30.24,0,0,2694340	/local_ssd/proof.lrat,	Elapsed (wall clock) time (h:mm:ss or m:ss): 0:58.55,c restarts              : 1913,c decisions             : 1741795        (0.00 % random) (12505 /sec),c conflicts             : 851221         (6111 /sec),c propagations          : 333410226      (2393744 /sec),Marking proof: 31.2 seconds,c Dumping LRAT: 27.504 seconds,c Analyze time: 	58.704 seconds,c Analyze used disk storage:	3627.06 MB
