SOLVERNAME,ANA
ANA_TMP_CONFIG,'/local_ssd/proof.dat'
BENCHNAME,/nfs/scratch/bzchartu/unsat_2018_solved/T107.2.0.cnf
running lrb Bench '/nfs/scratch/bzchartu/unsat_2018_solved/T107.2.0.cnf' on cumu02-10
Command exited with non-zero status 20
	Command being timed: "/nfs/scratch/bzchartu/programs/maplechronobt_proof_analyze/sources/simp/glucose_release_ana -det=lrb /nfs/scratch/bzchartu/unsat_2018_solved/T107.2.0.cnf -cpu-lim=10000 -analyzer-tmp-file=/local_ssd/proof.dat -lrat-file=/local_ssd/proof.lrat"
	User time (seconds): 224.80
	System time (seconds): 5.69
	Percent of CPU this job got: 99%
	Elapsed (wall clock) time (h:mm:ss or m:ss): 3:51.02
	Average shared text size (kbytes): 0
	Average unshared data size (kbytes): 0
	Average stack size (kbytes): 0
	Average total size (kbytes): 0
	Maximum resident set size (kbytes): 4007612
	Average resident set size (kbytes): 0
	Major (requiring I/O) page faults: 10
	Minor (reclaiming a frame) page faults: 4109296
	Voluntary context switches: 65
	Involuntary context switches: 1159
	Swaps: 0
	File system inputs: 472472
	File system outputs: 6630800
	Socket messages sent: 0
	Socket messages received: 0
	Signals delivered: 0
	Page size (bytes): 4096
	Exit status: 20
SOLVE_W_TIME,	Elapsed (wall clock) time (h:mm:ss or m:ss): 3:51.02
c This is MapleLCMDistChronoBT.
c WARNING: for repeatability, setting FPU to use double precision
c Sat Analyzer will analyze result
c Analyzer will dump LRAT to '/local_ssd/proof.lrat'
c ============================[ Problem Statistics ]=============================
c |                                                                             |
reserve 85196788 on /local_ssd/proof.dat
reserve 138444788 on /local_ssd/proof.dat
reserve 224972788 on /local_ssd/proof.dat
reserve 365580788 on /local_ssd/proof.dat
reserve 594074612 on /local_ssd/proof.dat
c |  Number of variables:       3113734                                         |
c |  Number of clauses:        10746462                                         |
c |  Parse time:                   5.30 s                                       |
reserve 965372916 on /local_ssd/proof.dat
reserve 1568732660 on /local_ssd/proof.dat
c |  Eliminated clauses:         119.29 Mb                                      |
c Reduced to 572029 vars, 3411036 cls (grow=0)
reserve 2549194740 on /local_ssd/proof.dat
c |  Eliminated clauses:         135.57 Mb                                      |
c Reduced to 372442 vars, 3453093 cls (grow=8)
c cl_inc_rate=1.012, var_dec_rate=1.536
c |  Eliminated clauses:         138.66 Mb                                      |
c Reduced to 343186 vars, 3592452 cls (grow=16)
c cl_inc_rate=1.040, var_dec_rate=1.085
c |  Eliminated clauses:         144.01 Mb                                      |
c Reduced to 304838 vars, 3787372 cls (grow=32)
c cl_inc_rate=1.054, var_dec_rate=1.126
c |  Eliminated clauses:         152.24 Mb                                      |
c Reduced to 256156 vars, 4643794 cls (grow=64)
c cl_inc_rate=1.226, var_dec_rate=1.190
c No. effective iterative eliminations: 4
c |  Simplification time:         80.84 s                                       |
c |                                                                             |
c running deterministic with LRB
c ============================[ Search Statistics ]==============================
c | Conflicts |          ORIGINAL         |          LEARNT          | Progress |
c |           |    Vars  Clauses Literals |    Limit  Clauses Lit/Cl |          |
c ===============================================================================
reserve 4142441460 on /local_ssd/proof.dat
c ===============================================================================
c restarts              : 663
c conflicts             : 261356         (1194 /sec)
c decisions             : 6984214        (0.00 % random) (31900 /sec)
c propagations          : 298084460      (1361464 /sec)
c conflict literals     : 7715292        (24.00 % deleted)
c backtracks            : 259827         (NCB 97% , CB 3%)
c Memory used           : 5653.00 MB
c CPU time              : 218.944 s

s UNSATISFIABLE
Marking proof: 0.792 seconds
c Dumping LRAT: 4.844 seconds
c Analyze time: 	5.636 seconds
c Analyze used disk storage:	2646.9 MB
LRAT_SIZE: 212992	/local_ssd/proof.lrat
s UNSATISFIABLE
/local_ssd/proof.lrat
	Command being timed: "/nfs/scratch/bzchartu/programs/maplechronobt_proof_analyze/drat-trim/lrat-check /nfs/scratch/bzchartu/unsat_2018_solved/T107.2.0.cnf /local_ssd/proof.lrat"
	User time (seconds): 8.10
	System time (seconds): 0.57
	Percent of CPU this job got: 99%
	Elapsed (wall clock) time (h:mm:ss or m:ss): 0:08.68
	Average shared text size (kbytes): 0
	Average unshared data size (kbytes): 0
	Average stack size (kbytes): 0
	Average total size (kbytes): 0
	Maximum resident set size (kbytes): 1308628
	Average resident set size (kbytes): 0
	Major (requiring I/O) page faults: 0
	Minor (reclaiming a frame) page faults: 380712
	Voluntary context switches: 17
	Involuntary context switches: 7
	Swaps: 0
	File system inputs: 0
	File system outputs: 8
	Socket messages sent: 0
	Socket messages received: 0
	Signals delivered: 0
	Page size (bytes): 4096
	Exit status: 0
LRAT_W_TIME,	Elapsed (wall clock) time (h:mm:ss or m:ss): 0:08.68
c parsed a formula with 3113734 variables and 10746462 clauses
c VERIFIED
c Added clauses = 11418116.  Deleted clauses = 10893425.  Max live clauses = 10746462
c verification time = 8.64 secs
c VERIFIED
OVERVIEW_HEADER,benchmark,solve mem,solve time,drat kb,drat sec,lrat kb,lrat sec,restarts,decisions,conflicts,propagations,mark proof sec,dump lrat sec, ana sec, anamem mb
OVERVIEW_CSV,/nfs/scratch/bzchartu/unsat_2018_solved/T107.2.0.cnf,	Maximum resident set size (kbytes): 4007612,	Elapsed (wall clock) time (h:mm:ss or m:ss): 3:51.02,0,0,212992	/local_ssd/proof.lrat,	Elapsed (wall clock) time (h:mm:ss or m:ss): 0:08.68,c restarts              : 663,c decisions             : 6984214        (0.00 % random) (31900 /sec),c conflicts             : 261356         (1194 /sec),c propagations          : 298084460      (1361464 /sec),Marking proof: 0.792 seconds,c Dumping LRAT: 4.844 seconds,c Analyze time: 	5.636 seconds,c Analyze used disk storage:	2646.9 MB
