SOLVERNAME,ANA
ANA_TMP_CONFIG,'/local_ssd/proof.dat'
BENCHNAME,/nfs/scratch/bzchartu/unsat_2018_solved/dist6.c.cnf
running lrb Bench '/nfs/scratch/bzchartu/unsat_2018_solved/dist6.c.cnf' on cumu02-09
Command exited with non-zero status 20
	Command being timed: "/nfs/scratch/bzchartu/programs/maplechronobt_proof_analyze/sources/simp/glucose_release_ana -det=lrb /nfs/scratch/bzchartu/unsat_2018_solved/dist6.c.cnf -cpu-lim=10000 -analyzer-tmp-file=/local_ssd/proof.dat -lrat-file=/local_ssd/proof.lrat"
	User time (seconds): 300.25
	System time (seconds): 11.74
	Percent of CPU this job got: 98%
	Elapsed (wall clock) time (h:mm:ss or m:ss): 5:17.77
	Average shared text size (kbytes): 0
	Average unshared data size (kbytes): 0
	Average stack size (kbytes): 0
	Average total size (kbytes): 0
	Maximum resident set size (kbytes): 6249052
	Average resident set size (kbytes): 0
	Major (requiring I/O) page faults: 11
	Minor (reclaiming a frame) page faults: 5720078
	Voluntary context switches: 172
	Involuntary context switches: 316
	Swaps: 0
	File system inputs: 2456
	File system outputs: 38691568
	Socket messages sent: 0
	Socket messages received: 0
	Signals delivered: 0
	Page size (bytes): 4096
	Exit status: 20
SOLVE_W_TIME,	Elapsed (wall clock) time (h:mm:ss or m:ss): 5:17.77
c This is MapleLCMDistChronoBT.
c WARNING: for repeatability, setting FPU to use double precision
c Sat Analyzer will analyze result
c Analyzer will dump LRAT to '/local_ssd/proof.lrat'
c ============================[ Problem Statistics ]=============================
c |                                                                             |
c |  Number of variables:         15254                                         |
c |  Number of clauses:           68098                                         |
c |  Parse time:                   0.06 s                                       |
c |  Eliminated clauses:           0.24 Mb                                      |
c Reduced to 10287 vars, 55000 cls (grow=0)
c |  Eliminated clauses:           0.48 Mb                                      |
c Reduced to 7390 vars, 54945 cls (grow=8)
c cl_inc_rate=0.999, var_dec_rate=1.392
c |  Eliminated clauses:           0.53 Mb                                      |
c Reduced to 7016 vars, 57543 cls (grow=16)
c cl_inc_rate=1.047, var_dec_rate=1.053
c |  Eliminated clauses:           0.68 Mb                                      |
c Reduced to 6020 vars, 77988 cls (grow=32)
c cl_inc_rate=1.355, var_dec_rate=1.165
c No. effective iterative eliminations: 3
c |  Simplification time:          0.30 s                                       |
c |                                                                             |
c running deterministic with LRB
c ============================[ Search Statistics ]==============================
c | Conflicts |          ORIGINAL         |          LEARNT          | Progress |
c |           |    Vars  Clauses Literals |    Limit  Clauses Lit/Cl |          |
c ===============================================================================
reserve 85196788 on /local_ssd/proof.dat
reserve 138444788 on /local_ssd/proof.dat
reserve 224972788 on /local_ssd/proof.dat
reserve 365580788 on /local_ssd/proof.dat
reserve 594074612 on /local_ssd/proof.dat
reserve 965372916 on /local_ssd/proof.dat
reserve 1568732660 on /local_ssd/proof.dat
reserve 2549194740 on /local_ssd/proof.dat
reserve 4142441460 on /local_ssd/proof.dat
reserve 6731472372 on /local_ssd/proof.dat
c ===============================================================================
c restarts              : 2138
c conflicts             : 973247         (5432 /sec)
c decisions             : 1574940        (0.00 % random) (8790 /sec)
c propagations          : 403937636      (2254519 /sec)
c conflict literals     : 30389122       (76.40 % deleted)
c backtracks            : 973131         (NCB 100% , CB 0%)
c Memory used           : 6484.00 MB
c CPU time              : 179.168 s

s UNSATISFIABLE
Marking proof: 72.268 seconds
c Dumping LRAT: 48.816 seconds
c Analyze time: 	121.084 seconds
c Analyze used disk storage:	6353.54 MB
LRAT_SIZE: 4642560	/local_ssd/proof.lrat
s UNSATISFIABLE
/local_ssd/proof.lrat
	Command being timed: "/nfs/scratch/bzchartu/programs/maplechronobt_proof_analyze/drat-trim/lrat-check /nfs/scratch/bzchartu/unsat_2018_solved/dist6.c.cnf /local_ssd/proof.lrat"
	User time (seconds): 103.25
	System time (seconds): 1.01
	Percent of CPU this job got: 99%
	Elapsed (wall clock) time (h:mm:ss or m:ss): 1:44.28
	Average shared text size (kbytes): 0
	Average unshared data size (kbytes): 0
	Average stack size (kbytes): 0
	Average total size (kbytes): 0
	Maximum resident set size (kbytes): 112984
	Average resident set size (kbytes): 0
	Major (requiring I/O) page faults: 0
	Minor (reclaiming a frame) page faults: 56189
	Voluntary context switches: 19
	Involuntary context switches: 135
	Swaps: 0
	File system inputs: 0
	File system outputs: 8
	Socket messages sent: 0
	Socket messages received: 0
	Signals delivered: 0
	Page size (bytes): 4096
	Exit status: 0
LRAT_W_TIME,	Elapsed (wall clock) time (h:mm:ss or m:ss): 1:44.28
c parsed a formula with 15254 variables and 68118 clauses
c VERIFIED
c Added clauses = 1041982.  Deleted clauses = 985808.  Max live clauses = 103543
c verification time = 104.27 secs
c VERIFIED
OVERVIEW_HEADER,benchmark,solve mem,solve time,drat kb,drat sec,lrat kb,lrat sec,restarts,decisions,conflicts,propagations,mark proof sec,dump lrat sec, ana sec, anamem mb
OVERVIEW_CSV,/nfs/scratch/bzchartu/unsat_2018_solved/dist6.c.cnf,	Maximum resident set size (kbytes): 6249052,	Elapsed (wall clock) time (h:mm:ss or m:ss): 5:17.77,0,0,4642560	/local_ssd/proof.lrat,	Elapsed (wall clock) time (h:mm:ss or m:ss): 1:44.28,c restarts              : 2138,c decisions             : 1574940        (0.00 % random) (8790 /sec),c conflicts             : 973247         (5432 /sec),c propagations          : 403937636      (2254519 /sec),Marking proof: 72.268 seconds,c Dumping LRAT: 48.816 seconds,c Analyze time: 	121.084 seconds,c Analyze used disk storage:	6353.54 MB
