SOLVERNAME,ANA
ANA_TMP_CONFIG,'/local_ssd/proof.dat'
BENCHNAME,/nfs/scratch/bzchartu/unsat_2018_solved/a_rphp035_05.cnf
running lrb Bench '/nfs/scratch/bzchartu/unsat_2018_solved/a_rphp035_05.cnf' on cumu02-00
Command exited with non-zero status 20
	Command being timed: "/nfs/scratch/bzchartu/programs/maplechronobt_proof_analyze/sources/simp/glucose_release_ana -det=lrb /nfs/scratch/bzchartu/unsat_2018_solved/a_rphp035_05.cnf -cpu-lim=10000 -analyzer-tmp-file=/local_ssd/proof.dat -lrat-file=/local_ssd/proof.lrat"
	User time (seconds): 976.18
	System time (seconds): 9.44
	Percent of CPU this job got: 99%
	Elapsed (wall clock) time (h:mm:ss or m:ss): 16:30.85
	Average shared text size (kbytes): 0
	Average unshared data size (kbytes): 0
	Average stack size (kbytes): 0
	Average total size (kbytes): 0
	Maximum resident set size (kbytes): 4539544
	Average resident set size (kbytes): 0
	Major (requiring I/O) page faults: 12
	Minor (reclaiming a frame) page faults: 4960879
	Voluntary context switches: 112
	Involuntary context switches: 679
	Swaps: 0
	File system inputs: 3496
	File system outputs: 27364888
	Socket messages sent: 0
	Socket messages received: 0
	Signals delivered: 0
	Page size (bytes): 4096
	Exit status: 20
SOLVE_W_TIME,	Elapsed (wall clock) time (h:mm:ss or m:ss): 16:30.85
c This is MapleLCMDistChronoBT.
c WARNING: for repeatability, setting FPU to use double precision
c Sat Analyzer will analyze result
c Analyzer will dump LRAT to '/local_ssd/proof.lrat'
c ============================[ Problem Statistics ]=============================
c |                                                                             |
c |  Number of variables:           367                                         |
c |  Number of clauses:            4118                                         |
c |  Parse time:                   0.00 s                                       |
c |  Eliminated clauses:           0.00 Mb                                      |
c Reduced to 331 vars, 3942 cls (grow=0)
c No iterative elimination performed. (vars=331, c/v ratio=11.9)
c |  Simplification time:          0.01 s                                       |
c |                                                                             |
c running deterministic with LRB
c ============================[ Search Statistics ]==============================
c | Conflicts |          ORIGINAL         |          LEARNT          | Progress |
c |           |    Vars  Clauses Literals |    Limit  Clauses Lit/Cl |          |
c ===============================================================================
reserve 85196788 on /local_ssd/proof.dat
reserve 138444788 on /local_ssd/proof.dat
reserve 224972788 on /local_ssd/proof.dat
reserve 365580788 on /local_ssd/proof.dat
reserve 594074612 on /local_ssd/proof.dat
reserve 965372916 on /local_ssd/proof.dat
reserve 1568732660 on /local_ssd/proof.dat
reserve 2549194740 on /local_ssd/proof.dat
reserve 4142441460 on /local_ssd/proof.dat
reserve 6731472372 on /local_ssd/proof.dat
c ===============================================================================
c restarts              : 20002
c conflicts             : 13286829       (14402 /sec)
c decisions             : 64986106       (0.00 % random) (70442 /sec)
c propagations          : 361381805      (391723 /sec)
c conflict literals     : 342020402      (29.75 % deleted)
c backtracks            : 13286081       (NCB 100% , CB 0%)
c Memory used           : 6595.00 MB
c CPU time              : 922.544 s

s UNSATISFIABLE
Marking proof: 11.52 seconds
c Dumping LRAT: 42.116 seconds
c Analyze time: 	53.636 seconds
c Analyze used disk storage:	4549.61 MB
LRAT_SIZE: 2805752	/local_ssd/proof.lrat
s UNSATISFIABLE
/local_ssd/proof.lrat
	Command being timed: "/nfs/scratch/bzchartu/programs/maplechronobt_proof_analyze/drat-trim/lrat-check /nfs/scratch/bzchartu/unsat_2018_solved/a_rphp035_05.cnf /local_ssd/proof.lrat"
	User time (seconds): 66.76
	System time (seconds): 1.17
	Percent of CPU this job got: 99%
	Elapsed (wall clock) time (h:mm:ss or m:ss): 1:07.95
	Average shared text size (kbytes): 0
	Average unshared data size (kbytes): 0
	Average stack size (kbytes): 0
	Average total size (kbytes): 0
	Maximum resident set size (kbytes): 1349932
	Average resident set size (kbytes): 0
	Major (requiring I/O) page faults: 0
	Minor (reclaiming a frame) page faults: 354407
	Voluntary context switches: 19
	Involuntary context switches: 87
	Swaps: 0
	File system inputs: 0
	File system outputs: 8
	Socket messages sent: 0
	Socket messages received: 0
	Signals delivered: 0
	Page size (bytes): 4096
	Exit status: 0
LRAT_W_TIME,	Elapsed (wall clock) time (h:mm:ss or m:ss): 1:07.95
c parsed a formula with 367 variables and 4118 clauses
c VERIFIED
c Added clauses = 13014959.  Deleted clauses = 12937389.  Max live clauses = 143041
c verification time = 67.91 secs
c VERIFIED
OVERVIEW_HEADER,benchmark,solve mem,solve time,drat kb,drat sec,lrat kb,lrat sec,restarts,decisions,conflicts,propagations,mark proof sec,dump lrat sec, ana sec, anamem mb
OVERVIEW_CSV,/nfs/scratch/bzchartu/unsat_2018_solved/a_rphp035_05.cnf,	Maximum resident set size (kbytes): 4539544,	Elapsed (wall clock) time (h:mm:ss or m:ss): 16:30.85,0,0,2805752	/local_ssd/proof.lrat,	Elapsed (wall clock) time (h:mm:ss or m:ss): 1:07.95,c restarts              : 20002,c decisions             : 64986106       (0.00 % random) (70442 /sec),c conflicts             : 13286829       (14402 /sec),c propagations          : 361381805      (391723 /sec),Marking proof: 11.52 seconds,c Dumping LRAT: 42.116 seconds,c Analyze time: 	53.636 seconds,c Analyze used disk storage:	4549.61 MB
