SOLVERNAME,ANA
ANA_TMP_CONFIG,'/local_ssd/proof.dat'
BENCHNAME,/nfs/scratch/bzchartu/unsat_2018_solved/T103.2.0.cnf
running lrb Bench '/nfs/scratch/bzchartu/unsat_2018_solved/T103.2.0.cnf' on cumu01-04
Command exited with non-zero status 20
	Command being timed: "/nfs/scratch/bzchartu/programs/maplechronobt_proof_analyze/sources/simp/glucose_release_ana -det=lrb /nfs/scratch/bzchartu/unsat_2018_solved/T103.2.0.cnf -cpu-lim=10000 -analyzer-tmp-file=/local_ssd/proof.dat -lrat-file=/local_ssd/proof.lrat"
	User time (seconds): 229.27
	System time (seconds): 5.98
	Percent of CPU this job got: 99%
	Elapsed (wall clock) time (h:mm:ss or m:ss): 3:55.32
	Average shared text size (kbytes): 0
	Average unshared data size (kbytes): 0
	Average stack size (kbytes): 0
	Average total size (kbytes): 0
	Maximum resident set size (kbytes): 4010788
	Average resident set size (kbytes): 0
	Major (requiring I/O) page faults: 10
	Minor (reclaiming a frame) page faults: 4866324
	Voluntary context switches: 53
	Involuntary context switches: 1233
	Swaps: 0
	File system inputs: 469752
	File system outputs: 7086936
	Socket messages sent: 0
	Socket messages received: 0
	Signals delivered: 0
	Page size (bytes): 4096
	Exit status: 20
SOLVE_W_TIME,	Elapsed (wall clock) time (h:mm:ss or m:ss): 3:55.32
c This is MapleLCMDistChronoBT.
c WARNING: for repeatability, setting FPU to use double precision
c Sat Analyzer will analyze result
c Analyzer will dump LRAT to '/local_ssd/proof.lrat'
c ============================[ Problem Statistics ]=============================
c |                                                                             |
reserve 85196788 on /local_ssd/proof.dat
reserve 138444788 on /local_ssd/proof.dat
reserve 224972788 on /local_ssd/proof.dat
reserve 365580788 on /local_ssd/proof.dat
reserve 594074612 on /local_ssd/proof.dat
c |  Number of variables:       3094153                                         |
c |  Number of clauses:        10684064                                         |
c |  Parse time:                   5.04 s                                       |
reserve 965372916 on /local_ssd/proof.dat
reserve 1568732660 on /local_ssd/proof.dat
c |  Eliminated clauses:         118.83 Mb                                      |
c Reduced to 564458 vars, 3368017 cls (grow=0)
reserve 2549194740 on /local_ssd/proof.dat
c |  Eliminated clauses:         134.88 Mb                                      |
c Reduced to 367590 vars, 3416324 cls (grow=8)
c cl_inc_rate=1.014, var_dec_rate=1.536
c |  Eliminated clauses:         137.96 Mb                                      |
c Reduced to 338690 vars, 3549369 cls (grow=16)
c cl_inc_rate=1.039, var_dec_rate=1.085
c |  Eliminated clauses:         143.26 Mb                                      |
c Reduced to 300868 vars, 3737532 cls (grow=32)
c cl_inc_rate=1.053, var_dec_rate=1.126
c |  Eliminated clauses:         151.42 Mb                                      |
c Reduced to 252805 vars, 4584889 cls (grow=64)
c cl_inc_rate=1.227, var_dec_rate=1.190
c No. effective iterative eliminations: 4
c |  Simplification time:         79.32 s                                       |
c |                                                                             |
c running deterministic with LRB
c ============================[ Search Statistics ]==============================
c | Conflicts |          ORIGINAL         |          LEARNT          | Progress |
c |           |    Vars  Clauses Literals |    Limit  Clauses Lit/Cl |          |
c ===============================================================================
reserve 4142441460 on /local_ssd/proof.dat
c ===============================================================================
c restarts              : 583
c conflicts             : 213656         (953 /sec)
c decisions             : 3191220        (0.00 % random) (14232 /sec)
c propagations          : 307553006      (1371608 /sec)
c conflict literals     : 10488480       (24.85 % deleted)
c backtracks            : 212028         (NCB 97% , CB 3%)
c Memory used           : 5642.00 MB
c CPU time              : 224.228 s

s UNSATISFIABLE
Marking proof: 0.744 seconds
c Dumping LRAT: 4.092 seconds
c Analyze time: 	4.836 seconds
c Analyze used disk storage:	2629.78 MB
LRAT_SIZE: 223640	/local_ssd/proof.lrat
s UNSATISFIABLE
/local_ssd/proof.lrat
	Command being timed: "/nfs/scratch/bzchartu/programs/maplechronobt_proof_analyze/drat-trim/lrat-check /nfs/scratch/bzchartu/unsat_2018_solved/T103.2.0.cnf /local_ssd/proof.lrat"
	User time (seconds): 8.24
	System time (seconds): 0.64
	Percent of CPU this job got: 99%
	Elapsed (wall clock) time (h:mm:ss or m:ss): 0:08.89
	Average shared text size (kbytes): 0
	Average unshared data size (kbytes): 0
	Average stack size (kbytes): 0
	Average total size (kbytes): 0
	Maximum resident set size (kbytes): 1308468
	Average resident set size (kbytes): 0
	Major (requiring I/O) page faults: 0
	Minor (reclaiming a frame) page faults: 393682
	Voluntary context switches: 17
	Involuntary context switches: 4
	Swaps: 0
	File system inputs: 0
	File system outputs: 8
	Socket messages sent: 0
	Socket messages received: 0
	Signals delivered: 0
	Page size (bytes): 4096
	Exit status: 0
LRAT_W_TIME,	Elapsed (wall clock) time (h:mm:ss or m:ss): 0:08.89
c parsed a formula with 3094153 variables and 10684064 clauses
c VERIFIED
c Added clauses = 11650802.  Deleted clauses = 10779057.  Max live clauses = 10684064
c verification time = 8.84 secs
c VERIFIED
OVERVIEW_HEADER,benchmark,solve mem,solve time,drat kb,drat sec,lrat kb,lrat sec,restarts,decisions,conflicts,propagations,mark proof sec,dump lrat sec, ana sec, anamem mb
OVERVIEW_CSV,/nfs/scratch/bzchartu/unsat_2018_solved/T103.2.0.cnf,	Maximum resident set size (kbytes): 4010788,	Elapsed (wall clock) time (h:mm:ss or m:ss): 3:55.32,0,0,223640	/local_ssd/proof.lrat,	Elapsed (wall clock) time (h:mm:ss or m:ss): 0:08.89,c restarts              : 583,c decisions             : 3191220        (0.00 % random) (14232 /sec),c conflicts             : 213656         (953 /sec),c propagations          : 307553006      (1371608 /sec),Marking proof: 0.744 seconds,c Dumping LRAT: 4.092 seconds,c Analyze time: 	4.836 seconds,c Analyze used disk storage:	2629.78 MB
