SOLVERNAME,ANA
ANA_TMP_CONFIG,'/local_ssd/proof.dat'
BENCHNAME,/nfs/scratch/bzchartu/unsat_2018_solved/a_rphp098_04.cnf
running lrb Bench '/nfs/scratch/bzchartu/unsat_2018_solved/a_rphp098_04.cnf' on cumu02-13
Command exited with non-zero status 20
	Command being timed: "/nfs/scratch/bzchartu/programs/maplechronobt_proof_analyze/sources/simp/glucose_release_ana -det=lrb /nfs/scratch/bzchartu/unsat_2018_solved/a_rphp098_04.cnf -cpu-lim=10000 -analyzer-tmp-file=/local_ssd/proof.dat -lrat-file=/local_ssd/proof.lrat"
	User time (seconds): 5228.08
	System time (seconds): 57.93
	Percent of CPU this job got: 93%
	Elapsed (wall clock) time (h:mm:ss or m:ss): 1:34:07
	Average shared text size (kbytes): 0
	Average unshared data size (kbytes): 0
	Average stack size (kbytes): 0
	Average total size (kbytes): 0
	Maximum resident set size (kbytes): 23895592
	Average resident set size (kbytes): 0
	Major (requiring I/O) page faults: 17
	Minor (reclaiming a frame) page faults: 36832574
	Voluntary context switches: 49342
	Involuntary context switches: 4198
	Swaps: 0
	File system inputs: 40464
	File system outputs: 143934616
	Socket messages sent: 0
	Socket messages received: 0
	Signals delivered: 0
	Page size (bytes): 4096
	Exit status: 20
SOLVE_W_TIME,	Elapsed (wall clock) time (h:mm:ss or m:ss): 1:34:07
c This is MapleLCMDistChronoBT.
c WARNING: for repeatability, setting FPU to use double precision
c Sat Analyzer will analyze result
c Analyzer will dump LRAT to '/local_ssd/proof.lrat'
c ============================[ Problem Statistics ]=============================
c |                                                                             |
c |  Number of variables:           833                                         |
c |  Number of clauses:           22593                                         |
c |  Parse time:                   0.01 s                                       |
c |  Eliminated clauses:           0.00 Mb                                      |
c Reduced to 734 vars, 21315 cls (grow=0)
c No iterative elimination performed. (vars=734, c/v ratio=29.0)
c |  Simplification time:          0.07 s                                       |
c |                                                                             |
c running deterministic with LRB
c ============================[ Search Statistics ]==============================
c | Conflicts |          ORIGINAL         |          LEARNT          | Progress |
c |           |    Vars  Clauses Literals |    Limit  Clauses Lit/Cl |          |
c ===============================================================================
reserve 85196788 on /local_ssd/proof.dat
reserve 138444788 on /local_ssd/proof.dat
reserve 224972788 on /local_ssd/proof.dat
reserve 365580788 on /local_ssd/proof.dat
reserve 594074612 on /local_ssd/proof.dat
reserve 965372916 on /local_ssd/proof.dat
reserve 1568732660 on /local_ssd/proof.dat
reserve 2549194740 on /local_ssd/proof.dat
reserve 4142441460 on /local_ssd/proof.dat
reserve 6731472372 on /local_ssd/proof.dat
reserve 10938643444 on /local_ssd/proof.dat
reserve 17775300596 on /local_ssd/proof.dat
reserve 28884863476 on /local_ssd/proof.dat
c ===============================================================================
c restarts              : 65711
c conflicts             : 47933507       (9699 /sec)
c decisions             : 585704607      (0.00 % random) (118514 /sec)
c propagations          : 2358290473     (477188 /sec)
c conflict literals     : 2151748772     (26.82 % deleted)
c backtracks            : 46863010       (NCB 96% , CB 4%)
c Memory used           : 27874.00 MB
c CPU time              : 4942.06 s

s UNSATISFIABLE
Marking proof: 52.668 seconds
c Dumping LRAT: 233.36 seconds
c Analyze time: 	286.028 seconds
c Analyze used disk storage:	24264 MB
LRAT_SIZE: 12464604	/local_ssd/proof.lrat
s UNSATISFIABLE
/local_ssd/proof.lrat
	Command being timed: "/nfs/scratch/bzchartu/programs/maplechronobt_proof_analyze/drat-trim/lrat-check /nfs/scratch/bzchartu/unsat_2018_solved/a_rphp098_04.cnf /local_ssd/proof.lrat"
	User time (seconds): 288.82
	System time (seconds): 4.62
	Percent of CPU this job got: 99%
	Elapsed (wall clock) time (h:mm:ss or m:ss): 4:53.46
	Average shared text size (kbytes): 0
	Average unshared data size (kbytes): 0
	Average stack size (kbytes): 0
	Average total size (kbytes): 0
	Maximum resident set size (kbytes): 5983044
	Average resident set size (kbytes): 0
	Major (requiring I/O) page faults: 0
	Minor (reclaiming a frame) page faults: 1536531
	Voluntary context switches: 19
	Involuntary context switches: 79
	Swaps: 0
	File system inputs: 0
	File system outputs: 8
	Socket messages sent: 0
	Socket messages received: 0
	Signals delivered: 0
	Page size (bytes): 4096
	Exit status: 0
LRAT_W_TIME,	Elapsed (wall clock) time (h:mm:ss or m:ss): 4:53.46
c parsed a formula with 833 variables and 22593 clauses
c VERIFIED
c Added clauses = 38805534.  Deleted clauses = 38584661.  Max live clauses = 555206
c verification time = 293.31 secs
c VERIFIED
OVERVIEW_HEADER,benchmark,solve mem,solve time,drat kb,drat sec,lrat kb,lrat sec,restarts,decisions,conflicts,propagations,mark proof sec,dump lrat sec, ana sec, anamem mb
OVERVIEW_CSV,/nfs/scratch/bzchartu/unsat_2018_solved/a_rphp098_04.cnf,	Maximum resident set size (kbytes): 23895592,	Elapsed (wall clock) time (h:mm:ss or m:ss): 1:34:07,0,0,12464604	/local_ssd/proof.lrat,	Elapsed (wall clock) time (h:mm:ss or m:ss): 4:53.46,c restarts              : 65711,c decisions             : 585704607      (0.00 % random) (118514 /sec),c conflicts             : 47933507       (9699 /sec),c propagations          : 2358290473     (477188 /sec),Marking proof: 52.668 seconds,c Dumping LRAT: 233.36 seconds,c Analyze time: 	286.028 seconds,c Analyze used disk storage:	24264 MB
