SOLVERNAME,ANA
ANA_TMP_CONFIG,'/local_ssd/proof.dat'
BENCHNAME,/nfs/scratch/bzchartu/unsat_2018_solved/T129.2.0.cnf
running lrb Bench '/nfs/scratch/bzchartu/unsat_2018_solved/T129.2.0.cnf' on cumu02-12
Command exited with non-zero status 20
	Command being timed: "/nfs/scratch/bzchartu/programs/maplechronobt_proof_analyze/sources/simp/glucose_release_ana -det=lrb /nfs/scratch/bzchartu/unsat_2018_solved/T129.2.0.cnf -cpu-lim=10000 -analyzer-tmp-file=/local_ssd/proof.dat -lrat-file=/local_ssd/proof.lrat"
	User time (seconds): 291.40
	System time (seconds): 7.78
	Percent of CPU this job got: 99%
	Elapsed (wall clock) time (h:mm:ss or m:ss): 4:59.61
	Average shared text size (kbytes): 0
	Average unshared data size (kbytes): 0
	Average stack size (kbytes): 0
	Average total size (kbytes): 0
	Maximum resident set size (kbytes): 4086608
	Average resident set size (kbytes): 0
	Major (requiring I/O) page faults: 10
	Minor (reclaiming a frame) page faults: 7964991
	Voluntary context switches: 44
	Involuntary context switches: 1466
	Swaps: 0
	File system inputs: 480184
	File system outputs: 6473584
	Socket messages sent: 0
	Socket messages received: 0
	Signals delivered: 0
	Page size (bytes): 4096
	Exit status: 20
SOLVE_W_TIME,	Elapsed (wall clock) time (h:mm:ss or m:ss): 4:59.61
c This is MapleLCMDistChronoBT.
c WARNING: for repeatability, setting FPU to use double precision
c Sat Analyzer will analyze result
c Analyzer will dump LRAT to '/local_ssd/proof.lrat'
c ============================[ Problem Statistics ]=============================
c |                                                                             |
reserve 85196788 on /local_ssd/proof.dat
reserve 138444788 on /local_ssd/proof.dat
reserve 224972788 on /local_ssd/proof.dat
reserve 365580788 on /local_ssd/proof.dat
reserve 594074612 on /local_ssd/proof.dat
c |  Number of variables:       3165889                                         |
c |  Number of clauses:        10918861                                         |
c |  Parse time:                   5.29 s                                       |
reserve 965372916 on /local_ssd/proof.dat
reserve 1568732660 on /local_ssd/proof.dat
c |  Eliminated clauses:         120.99 Mb                                      |
c Reduced to 589218 vars, 3516056 cls (grow=0)
reserve 2549194740 on /local_ssd/proof.dat
c |  Eliminated clauses:         137.60 Mb                                      |
c Reduced to 385530 vars, 3572701 cls (grow=8)
c cl_inc_rate=1.016, var_dec_rate=1.528
c |  Eliminated clauses:         140.82 Mb                                      |
c Reduced to 355116 vars, 3716150 cls (grow=16)
c cl_inc_rate=1.040, var_dec_rate=1.086
c |  Eliminated clauses:         146.43 Mb                                      |
c Reduced to 314899 vars, 3927892 cls (grow=32)
c cl_inc_rate=1.057, var_dec_rate=1.128
c |  Eliminated clauses:         154.86 Mb                                      |
c Reduced to 265163 vars, 4802052 cls (grow=64)
c cl_inc_rate=1.223, var_dec_rate=1.188
c No. effective iterative eliminations: 4
c |  Simplification time:         85.76 s                                       |
c |                                                                             |
c running deterministic with LRB
c ============================[ Search Statistics ]==============================
c | Conflicts |          ORIGINAL         |          LEARNT          | Progress |
c |           |    Vars  Clauses Literals |    Limit  Clauses Lit/Cl |          |
c ===============================================================================
reserve 4142441460 on /local_ssd/proof.dat
c ===============================================================================
c restarts              : 571
c conflicts             : 232675         (811 /sec)
c decisions             : 5069643        (0.00 % random) (17661 /sec)
c propagations          : 422010048      (1470131 /sec)
c conflict literals     : 7603268        (27.41 % deleted)
c backtracks            : 230540         (NCB 96% , CB 4%)
c Memory used           : 5849.00 MB
c CPU time              : 287.056 s

s UNSATISFIABLE
Marking proof: 0.42 seconds
c Dumping LRAT: 3.712 seconds
c Analyze time: 	4.136 seconds
c Analyze used disk storage:	2671.29 MB
LRAT_SIZE: 183404	/local_ssd/proof.lrat
s UNSATISFIABLE
/local_ssd/proof.lrat
	Command being timed: "/nfs/scratch/bzchartu/programs/maplechronobt_proof_analyze/drat-trim/lrat-check /nfs/scratch/bzchartu/unsat_2018_solved/T129.2.0.cnf /local_ssd/proof.lrat"
	User time (seconds): 7.74
	System time (seconds): 0.58
	Percent of CPU this job got: 99%
	Elapsed (wall clock) time (h:mm:ss or m:ss): 0:08.33
	Average shared text size (kbytes): 0
	Average unshared data size (kbytes): 0
	Average stack size (kbytes): 0
	Average total size (kbytes): 0
	Maximum resident set size (kbytes): 1328752
	Average resident set size (kbytes): 0
	Major (requiring I/O) page faults: 0
	Minor (reclaiming a frame) page faults: 398676
	Voluntary context switches: 17
	Involuntary context switches: 12
	Swaps: 0
	File system inputs: 0
	File system outputs: 8
	Socket messages sent: 0
	Socket messages received: 0
	Signals delivered: 0
	Page size (bytes): 4096
	Exit status: 0
LRAT_W_TIME,	Elapsed (wall clock) time (h:mm:ss or m:ss): 0:08.33
c parsed a formula with 3165889 variables and 10918861 clauses
c VERIFIED
c Added clauses = 11531186.  Deleted clauses = 11064353.  Max live clauses = 10918861
c verification time = 8.28 secs
c VERIFIED
OVERVIEW_HEADER,benchmark,solve mem,solve time,drat kb,drat sec,lrat kb,lrat sec,restarts,decisions,conflicts,propagations,mark proof sec,dump lrat sec, ana sec, anamem mb
OVERVIEW_CSV,/nfs/scratch/bzchartu/unsat_2018_solved/T129.2.0.cnf,	Maximum resident set size (kbytes): 4086608,	Elapsed (wall clock) time (h:mm:ss or m:ss): 4:59.61,0,0,183404	/local_ssd/proof.lrat,	Elapsed (wall clock) time (h:mm:ss or m:ss): 0:08.33,c restarts              : 571,c decisions             : 5069643        (0.00 % random) (17661 /sec),c conflicts             : 232675         (811 /sec),c propagations          : 422010048      (1470131 /sec),Marking proof: 0.42 seconds,c Dumping LRAT: 3.712 seconds,c Analyze time: 	4.136 seconds,c Analyze used disk storage:	2671.29 MB
