SOLVERNAME,ANA
ANA_TMP_CONFIG,'/local_ssd/proof.dat'
BENCHNAME,/nfs/scratch/bzchartu/unsat_2018_solved/huck.col.11.cnf
running lrb Bench '/nfs/scratch/bzchartu/unsat_2018_solved/huck.col.11.cnf' on cumu02-14
Command exited with non-zero status 20
	Command being timed: "/nfs/scratch/bzchartu/programs/maplechronobt_proof_analyze/sources/simp/glucose_release_ana -det=lrb /nfs/scratch/bzchartu/unsat_2018_solved/huck.col.11.cnf -cpu-lim=10000 -analyzer-tmp-file=/local_ssd/proof.dat -lrat-file=/local_ssd/proof.lrat"
	User time (seconds): 71.76
	System time (seconds): 0.98
	Percent of CPU this job got: 98%
	Elapsed (wall clock) time (h:mm:ss or m:ss): 1:13.58
	Average shared text size (kbytes): 0
	Average unshared data size (kbytes): 0
	Average stack size (kbytes): 0
	Average total size (kbytes): 0
	Maximum resident set size (kbytes): 546796
	Average resident set size (kbytes): 0
	Major (requiring I/O) page faults: 6
	Minor (reclaiming a frame) page faults: 441893
	Voluntary context switches: 44
	Involuntary context switches: 46
	Swaps: 0
	File system inputs: 144
	File system outputs: 3502120
	Socket messages sent: 0
	Socket messages received: 0
	Signals delivered: 0
	Page size (bytes): 4096
	Exit status: 20
SOLVE_W_TIME,	Elapsed (wall clock) time (h:mm:ss or m:ss): 1:13.58
c This is MapleLCMDistChronoBT.
c WARNING: for repeatability, setting FPU to use double precision
c Sat Analyzer will analyze result
c Analyzer will dump LRAT to '/local_ssd/proof.lrat'
c ============================[ Problem Statistics ]=============================
c |                                                                             |
c |  Number of variables:           740                                         |
c |  Number of clauses:            6094                                         |
c |  Parse time:                   0.00 s                                       |
c |  Eliminated clauses:           0.01 Mb                                      |
c Reduced to 525 vars, 2834 cls (grow=0)
c No iterative elimination performed. (vars=525, c/v ratio=5.4)
c |  Simplification time:          0.01 s                                       |
c |                                                                             |
c running deterministic with LRB
c ============================[ Search Statistics ]==============================
c | Conflicts |          ORIGINAL         |          LEARNT          | Progress |
c |           |    Vars  Clauses Literals |    Limit  Clauses Lit/Cl |          |
c ===============================================================================
reserve 85196788 on /local_ssd/proof.dat
reserve 138444788 on /local_ssd/proof.dat
reserve 224972788 on /local_ssd/proof.dat
reserve 365580788 on /local_ssd/proof.dat
reserve 594074612 on /local_ssd/proof.dat
c ===============================================================================
c restarts              : 3331
c conflicts             : 1711008        (26367 /sec)
c decisions             : 2051027        (0.00 % random) (31607 /sec)
c propagations          : 28532217       (439688 /sec)
c conflict literals     : 36578317       (30.14 % deleted)
c backtracks            : 1711007        (NCB 100% , CB 0%)
c Memory used           : 615.00 MB
c CPU time              : 64.892 s

s UNSATISFIABLE
Marking proof: 1.508 seconds
c Dumping LRAT: 5.36 seconds
c Analyze time: 	6.868 seconds
c Analyze used disk storage:	529.932 MB
LRAT_SIZE: 337760	/local_ssd/proof.lrat
s UNSATISFIABLE
/local_ssd/proof.lrat
	Command being timed: "/nfs/scratch/bzchartu/programs/maplechronobt_proof_analyze/drat-trim/lrat-check /nfs/scratch/bzchartu/unsat_2018_solved/huck.col.11.cnf /local_ssd/proof.lrat"
	User time (seconds): 8.15
	System time (seconds): 0.15
	Percent of CPU this job got: 99%
	Elapsed (wall clock) time (h:mm:ss or m:ss): 0:08.31
	Average shared text size (kbytes): 0
	Average unshared data size (kbytes): 0
	Average stack size (kbytes): 0
	Average total size (kbytes): 0
	Maximum resident set size (kbytes): 156584
	Average resident set size (kbytes): 0
	Major (requiring I/O) page faults: 0
	Minor (reclaiming a frame) page faults: 43345
	Voluntary context switches: 18
	Involuntary context switches: 12
	Swaps: 0
	File system inputs: 0
	File system outputs: 8
	Socket messages sent: 0
	Socket messages received: 0
	Signals delivered: 0
	Page size (bytes): 4096
	Exit status: 0
LRAT_W_TIME,	Elapsed (wall clock) time (h:mm:ss or m:ss): 0:08.31
c parsed a formula with 740 variables and 6094 clauses
c VERIFIED
c Added clauses = 1708382.  Deleted clauses = 1681074.  Max live clauses = 47571
c verification time = 8.30 secs
c VERIFIED
OVERVIEW_HEADER,benchmark,solve mem,solve time,drat kb,drat sec,lrat kb,lrat sec,restarts,decisions,conflicts,propagations,mark proof sec,dump lrat sec, ana sec, anamem mb
OVERVIEW_CSV,/nfs/scratch/bzchartu/unsat_2018_solved/huck.col.11.cnf,	Maximum resident set size (kbytes): 546796,	Elapsed (wall clock) time (h:mm:ss or m:ss): 1:13.58,0,0,337760	/local_ssd/proof.lrat,	Elapsed (wall clock) time (h:mm:ss or m:ss): 0:08.31,c restarts              : 3331,c decisions             : 2051027        (0.00 % random) (31607 /sec),c conflicts             : 1711008        (26367 /sec),c propagations          : 28532217       (439688 /sec),Marking proof: 1.508 seconds,c Dumping LRAT: 5.36 seconds,c Analyze time: 	6.868 seconds,c Analyze used disk storage:	529.932 MB
