SOLVERNAME,ANA
ANA_TMP_CONFIG,'/local_ssd/proof.dat'
BENCHNAME,/nfs/scratch/bzchartu/unsat_2018_solved/gto_p60c238.cnf
running lrb Bench '/nfs/scratch/bzchartu/unsat_2018_solved/gto_p60c238.cnf' on cumu01-14
Command exited with non-zero status 20
	Command being timed: "/nfs/scratch/bzchartu/programs/maplechronobt_proof_analyze/sources/simp/glucose_release_ana -det=lrb /nfs/scratch/bzchartu/unsat_2018_solved/gto_p60c238.cnf -cpu-lim=10000 -analyzer-tmp-file=/local_ssd/proof.dat -lrat-file=/local_ssd/proof.lrat"
	User time (seconds): 169.73
	System time (seconds): 2.58
	Percent of CPU this job got: 99%
	Elapsed (wall clock) time (h:mm:ss or m:ss): 2:52.35
	Average shared text size (kbytes): 0
	Average unshared data size (kbytes): 0
	Average stack size (kbytes): 0
	Average total size (kbytes): 0
	Maximum resident set size (kbytes): 1494408
	Average resident set size (kbytes): 0
	Major (requiring I/O) page faults: 8
	Minor (reclaiming a frame) page faults: 941137
	Voluntary context switches: 37
	Involuntary context switches: 173
	Swaps: 0
	File system inputs: 96
	File system outputs: 7598376
	Socket messages sent: 0
	Socket messages received: 0
	Signals delivered: 0
	Page size (bytes): 4096
	Exit status: 20
SOLVE_W_TIME,	Elapsed (wall clock) time (h:mm:ss or m:ss): 2:52.35
c This is MapleLCMDistChronoBT.
c WARNING: for repeatability, setting FPU to use double precision
c Sat Analyzer will analyze result
c Analyzer will dump LRAT to '/local_ssd/proof.lrat'
c ============================[ Problem Statistics ]=============================
c |                                                                             |
c |  Number of variables:          1043                                         |
c |  Number of clauses:            2829                                         |
c |  Parse time:                   0.00 s                                       |
c |  Eliminated clauses:           0.02 Mb                                      |
c Reduced to 130 vars, 538 cls (grow=0)
c No iterative elimination performed. (vars=130, c/v ratio=4.1)
c |  Simplification time:          0.01 s                                       |
c |                                                                             |
c running deterministic with LRB
c ============================[ Search Statistics ]==============================
c | Conflicts |          ORIGINAL         |          LEARNT          | Progress |
c |           |    Vars  Clauses Literals |    Limit  Clauses Lit/Cl |          |
c ===============================================================================
reserve 85196788 on /local_ssd/proof.dat
reserve 138444788 on /local_ssd/proof.dat
reserve 224972788 on /local_ssd/proof.dat
reserve 365580788 on /local_ssd/proof.dat
reserve 594074612 on /local_ssd/proof.dat
reserve 965372916 on /local_ssd/proof.dat
reserve 1568732660 on /local_ssd/proof.dat
c ===============================================================================
c restarts              : 6665
c conflicts             : 3786924        (25203 /sec)
c decisions             : 4217945        (0.00 % random) (28072 /sec)
c propagations          : 71347293       (474838 /sec)
c conflict literals     : 79223527       (39.36 % deleted)
c backtracks            : 3786923        (NCB 100% , CB 0%)
c Memory used           : 1545.00 MB
c CPU time              : 150.256 s

s UNSATISFIABLE
Marking proof: 6.016 seconds
c Dumping LRAT: 13.456 seconds
c Analyze time: 	19.472 seconds
c Analyze used disk storage:	1499.25 MB
LRAT_SIZE: 1059300	/local_ssd/proof.lrat
s UNSATISFIABLE
/local_ssd/proof.lrat
	Command being timed: "/nfs/scratch/bzchartu/programs/maplechronobt_proof_analyze/drat-trim/lrat-check /nfs/scratch/bzchartu/unsat_2018_solved/gto_p60c238.cnf /local_ssd/proof.lrat"
	User time (seconds): 24.36
	System time (seconds): 0.33
	Percent of CPU this job got: 99%
	Elapsed (wall clock) time (h:mm:ss or m:ss): 0:24.70
	Average shared text size (kbytes): 0
	Average unshared data size (kbytes): 0
	Average stack size (kbytes): 0
	Average total size (kbytes): 0
	Maximum resident set size (kbytes): 338356
	Average resident set size (kbytes): 0
	Major (requiring I/O) page faults: 0
	Minor (reclaiming a frame) page faults: 94645
	Voluntary context switches: 17
	Involuntary context switches: 8
	Swaps: 0
	File system inputs: 0
	File system outputs: 8
	Socket messages sent: 0
	Socket messages received: 0
	Signals delivered: 0
	Page size (bytes): 4096
	Exit status: 0
LRAT_W_TIME,	Elapsed (wall clock) time (h:mm:ss or m:ss): 0:24.70
c parsed a formula with 1043 variables and 3649 clauses
c VERIFIED
c Added clauses = 3773173.  Deleted clauses = 3753865.  Max live clauses = 57912
c verification time = 24.69 secs
c VERIFIED
OVERVIEW_HEADER,benchmark,solve mem,solve time,drat kb,drat sec,lrat kb,lrat sec,restarts,decisions,conflicts,propagations,mark proof sec,dump lrat sec, ana sec, anamem mb
OVERVIEW_CSV,/nfs/scratch/bzchartu/unsat_2018_solved/gto_p60c238.cnf,	Maximum resident set size (kbytes): 1494408,	Elapsed (wall clock) time (h:mm:ss or m:ss): 2:52.35,0,0,1059300	/local_ssd/proof.lrat,	Elapsed (wall clock) time (h:mm:ss or m:ss): 0:24.70,c restarts              : 6665,c decisions             : 4217945        (0.00 % random) (28072 /sec),c conflicts             : 3786924        (25203 /sec),c propagations          : 71347293       (474838 /sec),Marking proof: 6.016 seconds,c Dumping LRAT: 13.456 seconds,c Analyze time: 	19.472 seconds,c Analyze used disk storage:	1499.25 MB
