SOLVERNAME,ANA
ANA_TMP_CONFIG,'/local_ssd/proof.dat'
BENCHNAME,/nfs/scratch/bzchartu/unsat_2018_solved/dist10.c.cnf
running lrb Bench '/nfs/scratch/bzchartu/unsat_2018_solved/dist10.c.cnf' on cumu02-09
Command exited with non-zero status 20
	Command being timed: "/nfs/scratch/bzchartu/programs/maplechronobt_proof_analyze/sources/simp/glucose_release_ana -det=lrb /nfs/scratch/bzchartu/unsat_2018_solved/dist10.c.cnf -cpu-lim=10000 -analyzer-tmp-file=/local_ssd/proof.dat -lrat-file=/local_ssd/proof.lrat"
	User time (seconds): 217.46
	System time (seconds): 8.52
	Percent of CPU this job got: 98%
	Elapsed (wall clock) time (h:mm:ss or m:ss): 3:48.89
	Average shared text size (kbytes): 0
	Average unshared data size (kbytes): 0
	Average stack size (kbytes): 0
	Average total size (kbytes): 0
	Maximum resident set size (kbytes): 4278456
	Average resident set size (kbytes): 0
	Major (requiring I/O) page faults: 14
	Minor (reclaiming a frame) page faults: 4120166
	Voluntary context switches: 150
	Involuntary context switches: 278
	Swaps: 0
	File system inputs: 41976
	File system outputs: 27101344
	Socket messages sent: 0
	Socket messages received: 0
	Signals delivered: 0
	Page size (bytes): 4096
	Exit status: 20
SOLVE_W_TIME,	Elapsed (wall clock) time (h:mm:ss or m:ss): 3:48.89
c This is MapleLCMDistChronoBT.
c WARNING: for repeatability, setting FPU to use double precision
c Sat Analyzer will analyze result
c Analyzer will dump LRAT to '/local_ssd/proof.lrat'
c ============================[ Problem Statistics ]=============================
c |                                                                             |
c |  Number of variables:         15276                                         |
c |  Number of clauses:           68129                                         |
c |  Parse time:                   0.04 s                                       |
c |  Eliminated clauses:           0.23 Mb                                      |
c Reduced to 10324 vars, 55124 cls (grow=0)
c |  Eliminated clauses:           0.48 Mb                                      |
c Reduced to 7404 vars, 55046 cls (grow=8)
c cl_inc_rate=0.999, var_dec_rate=1.394
c |  Eliminated clauses:           0.53 Mb                                      |
c Reduced to 7022 vars, 57660 cls (grow=16)
c cl_inc_rate=1.047, var_dec_rate=1.054
c |  Eliminated clauses:           0.68 Mb                                      |
c Reduced to 6009 vars, 78195 cls (grow=32)
c cl_inc_rate=1.356, var_dec_rate=1.169
c No. effective iterative eliminations: 3
c |  Simplification time:          0.30 s                                       |
c |                                                                             |
c running deterministic with LRB
c ============================[ Search Statistics ]==============================
c | Conflicts |          ORIGINAL         |          LEARNT          | Progress |
c |           |    Vars  Clauses Literals |    Limit  Clauses Lit/Cl |          |
c ===============================================================================
reserve 85196788 on /local_ssd/proof.dat
reserve 138444788 on /local_ssd/proof.dat
reserve 224972788 on /local_ssd/proof.dat
reserve 365580788 on /local_ssd/proof.dat
reserve 594074612 on /local_ssd/proof.dat
reserve 965372916 on /local_ssd/proof.dat
reserve 1568732660 on /local_ssd/proof.dat
reserve 2549194740 on /local_ssd/proof.dat
reserve 4142441460 on /local_ssd/proof.dat
reserve 6731472372 on /local_ssd/proof.dat
c ===============================================================================
c restarts              : 2033
c conflicts             : 888265         (6125 /sec)
c decisions             : 1653467        (0.00 % random) (11401 /sec)
c propagations          : 340656272      (2348900 /sec)
c conflict literals     : 28026685       (69.35 % deleted)
c backtracks            : 888192         (NCB 100% , CB 0%)
c Memory used           : 6481.00 MB
c CPU time              : 145.028 s

s UNSATISFIABLE
Marking proof: 39.412 seconds
c Dumping LRAT: 33.02 seconds
c Analyze time: 	72.432 seconds
c Analyze used disk storage:	4332.95 MB
LRAT_SIZE: 3187852	/local_ssd/proof.lrat
s UNSATISFIABLE
/local_ssd/proof.lrat
	Command being timed: "/nfs/scratch/bzchartu/programs/maplechronobt_proof_analyze/drat-trim/lrat-check /nfs/scratch/bzchartu/unsat_2018_solved/dist10.c.cnf /local_ssd/proof.lrat"
	User time (seconds): 69.06
	System time (seconds): 0.70
	Percent of CPU this job got: 99%
	Elapsed (wall clock) time (h:mm:ss or m:ss): 1:09.77
	Average shared text size (kbytes): 0
	Average unshared data size (kbytes): 0
	Average stack size (kbytes): 0
	Average total size (kbytes): 0
	Maximum resident set size (kbytes): 93868
	Average resident set size (kbytes): 0
	Major (requiring I/O) page faults: 0
	Minor (reclaiming a frame) page faults: 37891
	Voluntary context switches: 17
	Involuntary context switches: 85
	Swaps: 0
	File system inputs: 0
	File system outputs: 8
	Socket messages sent: 0
	Socket messages received: 0
	Signals delivered: 0
	Page size (bytes): 4096
	Exit status: 0
LRAT_W_TIME,	Elapsed (wall clock) time (h:mm:ss or m:ss): 1:09.77
c parsed a formula with 15276 variables and 68149 clauses
c VERIFIED
c Added clauses = 956433.  Deleted clauses = 909547.  Max live clauses = 106708
c verification time = 69.77 secs
c VERIFIED
OVERVIEW_HEADER,benchmark,solve mem,solve time,drat kb,drat sec,lrat kb,lrat sec,restarts,decisions,conflicts,propagations,mark proof sec,dump lrat sec, ana sec, anamem mb
OVERVIEW_CSV,/nfs/scratch/bzchartu/unsat_2018_solved/dist10.c.cnf,	Maximum resident set size (kbytes): 4278456,	Elapsed (wall clock) time (h:mm:ss or m:ss): 3:48.89,0,0,3187852	/local_ssd/proof.lrat,	Elapsed (wall clock) time (h:mm:ss or m:ss): 1:09.77,c restarts              : 2033,c decisions             : 1653467        (0.00 % random) (11401 /sec),c conflicts             : 888265         (6125 /sec),c propagations          : 340656272      (2348900 /sec),Marking proof: 39.412 seconds,c Dumping LRAT: 33.02 seconds,c Analyze time: 	72.432 seconds,c Analyze used disk storage:	4332.95 MB
