SOLVERNAME,ANA
ANA_TMP_CONFIG,'/local_ssd/proof.dat'
BENCHNAME,/nfs/scratch/bzchartu/unsat_2018_solved/cz-3-7-7.cnf
running lrb Bench '/nfs/scratch/bzchartu/unsat_2018_solved/cz-3-7-7.cnf' on cumu02-02
Command exited with non-zero status 20
	Command being timed: "/nfs/scratch/bzchartu/programs/maplechronobt_proof_analyze/sources/simp/glucose_release_ana -det=lrb /nfs/scratch/bzchartu/unsat_2018_solved/cz-3-7-7.cnf -cpu-lim=10000 -analyzer-tmp-file=/local_ssd/proof.dat -lrat-file=/local_ssd/proof.lrat"
	User time (seconds): 905.36
	System time (seconds): 5.41
	Percent of CPU this job got: 99%
	Elapsed (wall clock) time (h:mm:ss or m:ss): 15:11.26
	Average shared text size (kbytes): 0
	Average unshared data size (kbytes): 0
	Average stack size (kbytes): 0
	Average total size (kbytes): 0
	Maximum resident set size (kbytes): 2714664
	Average resident set size (kbytes): 0
	Major (requiring I/O) page faults: 10
	Minor (reclaiming a frame) page faults: 2349927
	Voluntary context switches: 66
	Involuntary context switches: 714
	Swaps: 0
	File system inputs: 3536
	File system outputs: 17375296
	Socket messages sent: 0
	Socket messages received: 0
	Signals delivered: 0
	Page size (bytes): 4096
	Exit status: 20
SOLVE_W_TIME,	Elapsed (wall clock) time (h:mm:ss or m:ss): 15:11.26
c This is MapleLCMDistChronoBT.
c WARNING: for repeatability, setting FPU to use double precision
c Sat Analyzer will analyze result
c Analyzer will dump LRAT to '/local_ssd/proof.lrat'
c ============================[ Problem Statistics ]=============================
c |                                                                             |
c |  Number of variables:         12593                                         |
c |  Number of clauses:           88080                                         |
c |  Parse time:                   0.05 s                                       |
c |  Eliminated clauses:           0.01 Mb                                      |
c Reduced to 10159 vars, 76079 cls (grow=0)
c |  Eliminated clauses:           0.05 Mb                                      |
c Reduced to 9307 vars, 79609 cls (grow=8)
c cl_inc_rate=1.046, var_dec_rate=1.092
c |  Eliminated clauses:           0.09 Mb                                      |
c Reduced to 8731 vars, 84592 cls (grow=16)
c cl_inc_rate=1.063, var_dec_rate=1.066
c |  Eliminated clauses:           0.17 Mb                                      |
c Reduced to 7737 vars, 98570 cls (grow=32)
c cl_inc_rate=1.165, var_dec_rate=1.128
c No. effective iterative eliminations: 3
c |  Simplification time:          0.19 s                                       |
c |                                                                             |
c running deterministic with LRB
c ============================[ Search Statistics ]==============================
c | Conflicts |          ORIGINAL         |          LEARNT          | Progress |
c |           |    Vars  Clauses Literals |    Limit  Clauses Lit/Cl |          |
c ===============================================================================
reserve 85196788 on /local_ssd/proof.dat
reserve 138444788 on /local_ssd/proof.dat
reserve 224972788 on /local_ssd/proof.dat
reserve 365580788 on /local_ssd/proof.dat
reserve 594074612 on /local_ssd/proof.dat
reserve 965372916 on /local_ssd/proof.dat
reserve 1568732660 on /local_ssd/proof.dat
reserve 2549194740 on /local_ssd/proof.dat
reserve 4142441460 on /local_ssd/proof.dat
c ===============================================================================
c restarts              : 5554
c conflicts             : 3063867        (3527 /sec)
c decisions             : 3964894        (0.00 % random) (4564 /sec)
c propagations          : 2205872133     (2539408 /sec)
c conflict literals     : 106802572      (30.95 % deleted)
c backtracks            : 3063859        (NCB 100% , CB 0%)
c Memory used           : 4031.00 MB
c CPU time              : 868.656 s

s UNSATISFIABLE
Marking proof: 11.984 seconds
c Dumping LRAT: 24.72 seconds
c Analyze time: 	36.704 seconds
c Analyze used disk storage:	2709.83 MB
LRAT_SIZE: 1954308	/local_ssd/proof.lrat
s UNSATISFIABLE
/local_ssd/proof.lrat
	Command being timed: "/nfs/scratch/bzchartu/programs/maplechronobt_proof_analyze/drat-trim/lrat-check /nfs/scratch/bzchartu/unsat_2018_solved/cz-3-7-7.cnf /local_ssd/proof.lrat"
	User time (seconds): 44.08
	System time (seconds): 0.66
	Percent of CPU this job got: 99%
	Elapsed (wall clock) time (h:mm:ss or m:ss): 0:44.75
	Average shared text size (kbytes): 0
	Average unshared data size (kbytes): 0
	Average stack size (kbytes): 0
	Average total size (kbytes): 0
	Maximum resident set size (kbytes): 393708
	Average resident set size (kbytes): 0
	Major (requiring I/O) page faults: 0
	Minor (reclaiming a frame) page faults: 116390
	Voluntary context switches: 19
	Involuntary context switches: 14
	Swaps: 0
	File system inputs: 0
	File system outputs: 8
	Socket messages sent: 0
	Socket messages received: 0
	Signals delivered: 0
	Page size (bytes): 4096
	Exit status: 0
LRAT_W_TIME,	Elapsed (wall clock) time (h:mm:ss or m:ss): 0:44.75
c parsed a formula with 12593 variables and 113257 clauses
c VERIFIED
c Added clauses = 3033877.  Deleted clauses = 2892382.  Max live clauses = 192646
c verification time = 44.74 secs
c VERIFIED
OVERVIEW_HEADER,benchmark,solve mem,solve time,drat kb,drat sec,lrat kb,lrat sec,restarts,decisions,conflicts,propagations,mark proof sec,dump lrat sec, ana sec, anamem mb
OVERVIEW_CSV,/nfs/scratch/bzchartu/unsat_2018_solved/cz-3-7-7.cnf,	Maximum resident set size (kbytes): 2714664,	Elapsed (wall clock) time (h:mm:ss or m:ss): 15:11.26,0,0,1954308	/local_ssd/proof.lrat,	Elapsed (wall clock) time (h:mm:ss or m:ss): 0:44.75,c restarts              : 5554,c decisions             : 3964894        (0.00 % random) (4564 /sec),c conflicts             : 3063867        (3527 /sec),c propagations          : 2205872133     (2539408 /sec),Marking proof: 11.984 seconds,c Dumping LRAT: 24.72 seconds,c Analyze time: 	36.704 seconds,c Analyze used disk storage:	2709.83 MB
