SOLVERNAME,ANA
ANA_TMP_CONFIG,'/local_ssd/proof.dat'
BENCHNAME,/nfs/scratch/bzchartu/unsat_2018_solved/Nb42T6.cnf
running lrb Bench '/nfs/scratch/bzchartu/unsat_2018_solved/Nb42T6.cnf' on cumu02-09
Command exited with non-zero status 20
	Command being timed: "/nfs/scratch/bzchartu/programs/maplechronobt_proof_analyze/sources/simp/glucose_release_ana -det=lrb /nfs/scratch/bzchartu/unsat_2018_solved/Nb42T6.cnf -cpu-lim=10000 -analyzer-tmp-file=/local_ssd/proof.dat -lrat-file=/local_ssd/proof.lrat"
	User time (seconds): 818.36
	System time (seconds): 4.44
	Percent of CPU this job got: 99%
	Elapsed (wall clock) time (h:mm:ss or m:ss): 13:42.96
	Average shared text size (kbytes): 0
	Average unshared data size (kbytes): 0
	Average stack size (kbytes): 0
	Average total size (kbytes): 0
	Maximum resident set size (kbytes): 2283184
	Average resident set size (kbytes): 0
	Major (requiring I/O) page faults: 8
	Minor (reclaiming a frame) page faults: 5184174
	Voluntary context switches: 41
	Involuntary context switches: 560
	Swaps: 0
	File system inputs: 0
	File system outputs: 3499712
	Socket messages sent: 0
	Socket messages received: 0
	Signals delivered: 0
	Page size (bytes): 4096
	Exit status: 20
SOLVE_W_TIME,	Elapsed (wall clock) time (h:mm:ss or m:ss): 13:42.96
c This is MapleLCMDistChronoBT.
c WARNING: for repeatability, setting FPU to use double precision
c Sat Analyzer will analyze result
c Analyzer will dump LRAT to '/local_ssd/proof.lrat'
c ============================[ Problem Statistics ]=============================
c |                                                                             |
reserve 85196788 on /local_ssd/proof.dat
reserve 138444788 on /local_ssd/proof.dat
reserve 224972788 on /local_ssd/proof.dat
c |  Number of variables:       1318710                                         |
c |  Number of clauses:         5856480                                         |
c |  Parse time:                   1.90 s                                       |
reserve 365580788 on /local_ssd/proof.dat
reserve 594074612 on /local_ssd/proof.dat
reserve 965372916 on /local_ssd/proof.dat
c |  Eliminated clauses:          33.51 Mb                                      |
c Reduced to 733062 vars, 5856480 cls (grow=0)
reserve 1568732660 on /local_ssd/proof.dat
c |  Eliminated clauses:          61.44 Mb                                      |
c Reduced to 440238 vars, 7027776 cls (grow=8)
c cl_inc_rate=1.200, var_dec_rate=1.665
c No. effective iterative eliminations: 1
c |  Simplification time:         13.71 s                                       |
c |                                                                             |
c running deterministic with LRB
c ============================[ Search Statistics ]==============================
c | Conflicts |          ORIGINAL         |          LEARNT          | Progress |
c |           |    Vars  Clauses Literals |    Limit  Clauses Lit/Cl |          |
c ===============================================================================
c ===============================================================================
c restarts              : 1500
c conflicts             : 667475         (819 /sec)
c decisions             : 171159465      (0.00 % random) (210045 /sec)
c propagations          : 1439549742     (1766596 /sec)
c conflict literals     : 15497051       (18.96 % deleted)
c backtracks            : 663069         (NCB 97% , CB 3%)
c Memory used           : 3419.00 MB
c CPU time              : 814.872 s

s UNSATISFIABLE
Marking proof: 0.676 seconds
c Dumping LRAT: 2.62 seconds
c Analyze time: 	3.296 seconds
c Analyze used disk storage:	1270.18 MB
LRAT_SIZE: 223488	/local_ssd/proof.lrat
s UNSATISFIABLE
/local_ssd/proof.lrat
	Command being timed: "/nfs/scratch/bzchartu/programs/maplechronobt_proof_analyze/drat-trim/lrat-check /nfs/scratch/bzchartu/unsat_2018_solved/Nb42T6.cnf /local_ssd/proof.lrat"
	User time (seconds): 6.53
	System time (seconds): 0.32
	Percent of CPU this job got: 99%
	Elapsed (wall clock) time (h:mm:ss or m:ss): 0:06.87
	Average shared text size (kbytes): 0
	Average unshared data size (kbytes): 0
	Average stack size (kbytes): 0
	Average total size (kbytes): 0
	Maximum resident set size (kbytes): 626056
	Average resident set size (kbytes): 0
	Major (requiring I/O) page faults: 0
	Minor (reclaiming a frame) page faults: 174768
	Voluntary context switches: 19
	Involuntary context switches: 7
	Swaps: 0
	File system inputs: 0
	File system outputs: 8
	Socket messages sent: 0
	Socket messages received: 0
	Signals delivered: 0
	Page size (bytes): 4096
	Exit status: 0
LRAT_W_TIME,	Elapsed (wall clock) time (h:mm:ss or m:ss): 0:06.87
c parsed a formula with 1318710 variables and 5856480 clauses
c VERIFIED
c Added clauses = 6562576.  Deleted clauses = 6321773.  Max live clauses = 5856480
c verification time = 6.84 secs
c VERIFIED
OVERVIEW_HEADER,benchmark,solve mem,solve time,drat kb,drat sec,lrat kb,lrat sec,restarts,decisions,conflicts,propagations,mark proof sec,dump lrat sec, ana sec, anamem mb
OVERVIEW_CSV,/nfs/scratch/bzchartu/unsat_2018_solved/Nb42T6.cnf,	Maximum resident set size (kbytes): 2283184,	Elapsed (wall clock) time (h:mm:ss or m:ss): 13:42.96,0,0,223488	/local_ssd/proof.lrat,	Elapsed (wall clock) time (h:mm:ss or m:ss): 0:06.87,c restarts              : 1500,c decisions             : 171159465      (0.00 % random) (210045 /sec),c conflicts             : 667475         (819 /sec),c propagations          : 1439549742     (1766596 /sec),Marking proof: 0.676 seconds,c Dumping LRAT: 2.62 seconds,c Analyze time: 	3.296 seconds,c Analyze used disk storage:	1270.18 MB
