SOLVERNAME,ANA
ANA_TMP_CONFIG,'/local_ssd/proof.dat'
BENCHNAME,/nfs/scratch/bzchartu/unsat_2018_solved/ae_rphp075_04.cnf
running lrb Bench '/nfs/scratch/bzchartu/unsat_2018_solved/ae_rphp075_04.cnf' on cumu02-01
Command exited with non-zero status 20
	Command being timed: "/nfs/scratch/bzchartu/programs/maplechronobt_proof_analyze/sources/simp/glucose_release_ana -det=lrb /nfs/scratch/bzchartu/unsat_2018_solved/ae_rphp075_04.cnf -cpu-lim=10000 -analyzer-tmp-file=/local_ssd/proof.dat -lrat-file=/local_ssd/proof.lrat"
	User time (seconds): 1160.08
	System time (seconds): 11.50
	Percent of CPU this job got: 98%
	Elapsed (wall clock) time (h:mm:ss or m:ss): 19:50.80
	Average shared text size (kbytes): 0
	Average unshared data size (kbytes): 0
	Average stack size (kbytes): 0
	Average total size (kbytes): 0
	Maximum resident set size (kbytes): 5773980
	Average resident set size (kbytes): 0
	Major (requiring I/O) page faults: 12
	Minor (reclaiming a frame) page faults: 5848473
	Voluntary context switches: 161
	Involuntary context switches: 944
	Swaps: 0
	File system inputs: 4112
	File system outputs: 36120840
	Socket messages sent: 0
	Socket messages received: 0
	Signals delivered: 0
	Page size (bytes): 4096
	Exit status: 20
SOLVE_W_TIME,	Elapsed (wall clock) time (h:mm:ss or m:ss): 19:50.80
c This is MapleLCMDistChronoBT.
c WARNING: for repeatability, setting FPU to use double precision
c Sat Analyzer will analyze result
c Analyzer will dump LRAT to '/local_ssd/proof.lrat'
c ============================[ Problem Statistics ]=============================
c |                                                                             |
c |  Number of variables:          9325                                         |
c |  Number of clauses:           21986                                         |
c |  Parse time:                   0.02 s                                       |
c |  Eliminated clauses:           0.20 Mb                                      |
c Reduced to 560 vars, 12552 cls (grow=0)
c No iterative elimination performed. (vars=560, c/v ratio=22.4)
c |  Simplification time:          0.07 s                                       |
c |                                                                             |
c running deterministic with LRB
c ============================[ Search Statistics ]==============================
c | Conflicts |          ORIGINAL         |          LEARNT          | Progress |
c |           |    Vars  Clauses Literals |    Limit  Clauses Lit/Cl |          |
c ===============================================================================
reserve 85196788 on /local_ssd/proof.dat
reserve 138444788 on /local_ssd/proof.dat
reserve 224972788 on /local_ssd/proof.dat
reserve 365580788 on /local_ssd/proof.dat
reserve 594074612 on /local_ssd/proof.dat
reserve 965372916 on /local_ssd/proof.dat
reserve 1568732660 on /local_ssd/proof.dat
reserve 2549194740 on /local_ssd/proof.dat
reserve 4142441460 on /local_ssd/proof.dat
reserve 6731472372 on /local_ssd/proof.dat
c ===============================================================================
c restarts              : 22181
c conflicts             : 14704402       (13420 /sec)
c decisions             : 176370626      (0.00 % random) (160969 /sec)
c propagations          : 671867806      (613195 /sec)
c conflict literals     : 475698617      (23.97 % deleted)
c backtracks            : 14534044       (NCB 98% , CB 2%)
c Memory used           : 6594.00 MB
c CPU time              : 1095.68 s

s UNSATISFIABLE
Marking proof: 12.436 seconds
c Dumping LRAT: 51.964 seconds
c Analyze time: 	64.4 seconds
c Analyze used disk storage:	5745.62 MB
LRAT_SIZE: 3360536	/local_ssd/proof.lrat
s UNSATISFIABLE
/local_ssd/proof.lrat
	Command being timed: "/nfs/scratch/bzchartu/programs/maplechronobt_proof_analyze/drat-trim/lrat-check /nfs/scratch/bzchartu/unsat_2018_solved/ae_rphp075_04.cnf /local_ssd/proof.lrat"
	User time (seconds): 77.67
	System time (seconds): 1.10
	Percent of CPU this job got: 99%
	Elapsed (wall clock) time (h:mm:ss or m:ss): 1:18.79
	Average shared text size (kbytes): 0
	Average unshared data size (kbytes): 0
	Average stack size (kbytes): 0
	Average total size (kbytes): 0
	Maximum resident set size (kbytes): 1612764
	Average resident set size (kbytes): 0
	Major (requiring I/O) page faults: 0
	Minor (reclaiming a frame) page faults: 418980
	Voluntary context switches: 19
	Involuntary context switches: 21
	Swaps: 0
	File system inputs: 0
	File system outputs: 8
	Socket messages sent: 0
	Socket messages received: 0
	Signals delivered: 0
	Page size (bytes): 4096
	Exit status: 0
LRAT_W_TIME,	Elapsed (wall clock) time (h:mm:ss or m:ss): 1:18.79
c parsed a formula with 9325 variables and 21986 clauses
c VERIFIED
c Added clauses = 13755438.  Deleted clauses = 13664698.  Max live clauses = 284538
c verification time = 78.75 secs
c VERIFIED
OVERVIEW_HEADER,benchmark,solve mem,solve time,drat kb,drat sec,lrat kb,lrat sec,restarts,decisions,conflicts,propagations,mark proof sec,dump lrat sec, ana sec, anamem mb
OVERVIEW_CSV,/nfs/scratch/bzchartu/unsat_2018_solved/ae_rphp075_04.cnf,	Maximum resident set size (kbytes): 5773980,	Elapsed (wall clock) time (h:mm:ss or m:ss): 19:50.80,0,0,3360536	/local_ssd/proof.lrat,	Elapsed (wall clock) time (h:mm:ss or m:ss): 1:18.79,c restarts              : 22181,c decisions             : 176370626      (0.00 % random) (160969 /sec),c conflicts             : 14704402       (13420 /sec),c propagations          : 671867806      (613195 /sec),Marking proof: 12.436 seconds,c Dumping LRAT: 51.964 seconds,c Analyze time: 	64.4 seconds,c Analyze used disk storage:	5745.62 MB
