SOLVERNAME,ANA
ANA_TMP_CONFIG,'/local_ssd/proof.dat'
BENCHNAME,/nfs/scratch/bzchartu/unsat_2018_solved/pals_lcr-var-start-time.6_true-unreach-call.ufo.UNBOUNDED.pals.c.cnf
running lrb Bench '/nfs/scratch/bzchartu/unsat_2018_solved/pals_lcr-var-start-time.6_true-unreach-call.ufo.UNBOUNDED.pals.c.cnf' on cumu02-10
Command exited with non-zero status 20
	Command being timed: "/nfs/scratch/bzchartu/programs/maplechronobt_proof_analyze/sources/simp/glucose_release_ana -det=lrb /nfs/scratch/bzchartu/unsat_2018_solved/pals_lcr-var-start-time.6_true-unreach-call.ufo.UNBOUNDED.pals.c.cnf -cpu-lim=10000 -analyzer-tmp-file=/local_ssd/proof.dat -lrat-file=/local_ssd/proof.lrat"
	User time (seconds): 461.38
	System time (seconds): 7.83
	Percent of CPU this job got: 99%
	Elapsed (wall clock) time (h:mm:ss or m:ss): 7:51.87
	Average shared text size (kbytes): 0
	Average unshared data size (kbytes): 0
	Average stack size (kbytes): 0
	Average total size (kbytes): 0
	Maximum resident set size (kbytes): 3644296
	Average resident set size (kbytes): 0
	Major (requiring I/O) page faults: 10
	Minor (reclaiming a frame) page faults: 3951211
	Voluntary context switches: 77
	Involuntary context switches: 454
	Swaps: 0
	File system inputs: 10192
	File system outputs: 23593048
	Socket messages sent: 0
	Socket messages received: 0
	Signals delivered: 0
	Page size (bytes): 4096
	Exit status: 20
SOLVE_W_TIME,	Elapsed (wall clock) time (h:mm:ss or m:ss): 7:51.87
c This is MapleLCMDistChronoBT.
c WARNING: for repeatability, setting FPU to use double precision
c Sat Analyzer will analyze result
c Analyzer will dump LRAT to '/local_ssd/proof.lrat'
c ============================[ Problem Statistics ]=============================
c |                                                                             |
c |  Number of variables:         53391                                         |
c |  Number of clauses:          235804                                         |
c |  Parse time:                   0.12 s                                       |
c |  Eliminated clauses:           1.17 Mb                                      |
c Reduced to 26418 vars, 152154 cls (grow=0)
c |  Eliminated clauses:           1.23 Mb                                      |
c Reduced to 25715 vars, 153254 cls (grow=8)
c cl_inc_rate=1.007, var_dec_rate=1.027
c |  Eliminated clauses:           1.45 Mb                                      |
c Reduced to 24157 vars, 176783 cls (grow=16)
c cl_inc_rate=1.154, var_dec_rate=1.064
c No. effective iterative eliminations: 2
c |  Simplification time:          0.43 s                                       |
c |                                                                             |
c running deterministic with LRB
c ============================[ Search Statistics ]==============================
c | Conflicts |          ORIGINAL         |          LEARNT          | Progress |
c |           |    Vars  Clauses Literals |    Limit  Clauses Lit/Cl |          |
c ===============================================================================
reserve 85196788 on /local_ssd/proof.dat
reserve 138444788 on /local_ssd/proof.dat
reserve 224972788 on /local_ssd/proof.dat
reserve 365580788 on /local_ssd/proof.dat
reserve 594074612 on /local_ssd/proof.dat
reserve 965372916 on /local_ssd/proof.dat
reserve 1568732660 on /local_ssd/proof.dat
reserve 2549194740 on /local_ssd/proof.dat
reserve 4142441460 on /local_ssd/proof.dat
c ===============================================================================
c restarts              : 3632
c conflicts             : 1831697        (4461 /sec)
c decisions             : 2523905        (0.00 % random) (6147 /sec)
c propagations          : 1297397047     (3160036 /sec)
c conflict literals     : 80815180       (50.06 % deleted)
c backtracks            : 1831693        (NCB 100% , CB 0%)
c Memory used           : 4044.00 MB
c CPU time              : 410.564 s

s UNSATISFIABLE
Marking proof: 25.092 seconds
c Dumping LRAT: 25.716 seconds
c Analyze time: 	50.808 seconds
c Analyze used disk storage:	3650.07 MB
LRAT_SIZE: 2538248	/local_ssd/proof.lrat
s UNSATISFIABLE
/local_ssd/proof.lrat
	Command being timed: "/nfs/scratch/bzchartu/programs/maplechronobt_proof_analyze/drat-trim/lrat-check /nfs/scratch/bzchartu/unsat_2018_solved/pals_lcr-var-start-time.6_true-unreach-call.ufo.UNBOUNDED.pals.c.cnf /local_ssd/proof.lrat"
	User time (seconds): 52.75
	System time (seconds): 0.79
	Percent of CPU this job got: 99%
	Elapsed (wall clock) time (h:mm:ss or m:ss): 0:53.55
	Average shared text size (kbytes): 0
	Average unshared data size (kbytes): 0
	Average stack size (kbytes): 0
	Average total size (kbytes): 0
	Maximum resident set size (kbytes): 270056
	Average resident set size (kbytes): 0
	Major (requiring I/O) page faults: 0
	Minor (reclaiming a frame) page faults: 90326
	Voluntary context switches: 19
	Involuntary context switches: 67
	Swaps: 0
	File system inputs: 0
	File system outputs: 8
	Socket messages sent: 0
	Socket messages received: 0
	Signals delivered: 0
	Page size (bytes): 4096
	Exit status: 0
LRAT_W_TIME,	Elapsed (wall clock) time (h:mm:ss or m:ss): 0:53.55
c parsed a formula with 53391 variables and 236905 clauses
c VERIFIED
c Added clauses = 1824805.  Deleted clauses = 1719768.  Max live clauses = 236905
c verification time = 53.54 secs
c VERIFIED
OVERVIEW_HEADER,benchmark,solve mem,solve time,drat kb,drat sec,lrat kb,lrat sec,restarts,decisions,conflicts,propagations,mark proof sec,dump lrat sec, ana sec, anamem mb
OVERVIEW_CSV,/nfs/scratch/bzchartu/unsat_2018_solved/pals_lcr-var-start-time.6_true-unreach-call.ufo.UNBOUNDED.pals.c.cnf,	Maximum resident set size (kbytes): 3644296,	Elapsed (wall clock) time (h:mm:ss or m:ss): 7:51.87,0,0,2538248	/local_ssd/proof.lrat,	Elapsed (wall clock) time (h:mm:ss or m:ss): 0:53.55,c restarts              : 3632,c decisions             : 2523905        (0.00 % random) (6147 /sec),c conflicts             : 1831697        (4461 /sec),c propagations          : 1297397047     (3160036 /sec),Marking proof: 25.092 seconds,c Dumping LRAT: 25.716 seconds,c Analyze time: 	50.808 seconds,c Analyze used disk storage:	3650.07 MB
