SOLVERNAME,ANA
ANA_TMP_CONFIG,'/local_ssd/proof.dat'
BENCHNAME,/nfs/scratch/bzchartu/unsat_2018_solved/a_rphp055_04.cnf
running lrb Bench '/nfs/scratch/bzchartu/unsat_2018_solved/a_rphp055_04.cnf' on cumu01-08
Command exited with non-zero status 20
	Command being timed: "/nfs/scratch/bzchartu/programs/maplechronobt_proof_analyze/sources/simp/glucose_release_ana -det=lrb /nfs/scratch/bzchartu/unsat_2018_solved/a_rphp055_04.cnf -cpu-lim=10000 -analyzer-tmp-file=/local_ssd/proof.dat -lrat-file=/local_ssd/proof.lrat"
	User time (seconds): 240.02
	System time (seconds): 2.12
	Percent of CPU this job got: 99%
	Elapsed (wall clock) time (h:mm:ss or m:ss): 4:03.37
	Average shared text size (kbytes): 0
	Average unshared data size (kbytes): 0
	Average stack size (kbytes): 0
	Average total size (kbytes): 0
	Maximum resident set size (kbytes): 1371888
	Average resident set size (kbytes): 0
	Major (requiring I/O) page faults: 9
	Minor (reclaiming a frame) page faults: 922973
	Voluntary context switches: 19
	Involuntary context switches: 110
	Swaps: 0
	File system inputs: 3328
	File system outputs: 7758168
	Socket messages sent: 0
	Socket messages received: 0
	Signals delivered: 0
	Page size (bytes): 4096
	Exit status: 20
SOLVE_W_TIME,	Elapsed (wall clock) time (h:mm:ss or m:ss): 4:03.37
c This is MapleLCMDistChronoBT.
c WARNING: for repeatability, setting FPU to use double precision
c Sat Analyzer will analyze result
c Analyzer will dump LRAT to '/local_ssd/proof.lrat'
c ============================[ Problem Statistics ]=============================
c |                                                                             |
c |  Number of variables:           467                                         |
c |  Number of clauses:            7278                                         |
c |  Parse time:                   0.00 s                                       |
c |  Eliminated clauses:           0.00 Mb                                      |
c Reduced to 411 vars, 6868 cls (grow=0)
c No iterative elimination performed. (vars=411, c/v ratio=16.7)
c |  Simplification time:          0.02 s                                       |
c |                                                                             |
c running deterministic with LRB
c ============================[ Search Statistics ]==============================
c | Conflicts |          ORIGINAL         |          LEARNT          | Progress |
c |           |    Vars  Clauses Literals |    Limit  Clauses Lit/Cl |          |
c ===============================================================================
reserve 85196788 on /local_ssd/proof.dat
reserve 138444788 on /local_ssd/proof.dat
reserve 224972788 on /local_ssd/proof.dat
reserve 365580788 on /local_ssd/proof.dat
reserve 594074612 on /local_ssd/proof.dat
reserve 965372916 on /local_ssd/proof.dat
reserve 1568732660 on /local_ssd/proof.dat
c ===============================================================================
c restarts              : 6290
c conflicts             : 3596980        (15963 /sec)
c decisions             : 34921201       (0.00 % random) (154979 /sec)
c propagations          : 129864665      (576336 /sec)
c conflict literals     : 102865867      (24.38 % deleted)
c backtracks            : 3590646        (NCB 100% , CB 0%)
c Memory used           : 1600.00 MB
c CPU time              : 225.328 s

s UNSATISFIABLE
Marking proof: 2.788 seconds
c Dumping LRAT: 11.912 seconds
c Analyze time: 	14.7 seconds
c Analyze used disk storage:	1330.18 MB
LRAT_SIZE: 768480	/local_ssd/proof.lrat
s UNSATISFIABLE
/local_ssd/proof.lrat
	Command being timed: "/nfs/scratch/bzchartu/programs/maplechronobt_proof_analyze/drat-trim/lrat-check /nfs/scratch/bzchartu/unsat_2018_solved/a_rphp055_04.cnf /local_ssd/proof.lrat"
	User time (seconds): 18.11
	System time (seconds): 0.26
	Percent of CPU this job got: 99%
	Elapsed (wall clock) time (h:mm:ss or m:ss): 0:18.39
	Average shared text size (kbytes): 0
	Average unshared data size (kbytes): 0
	Average stack size (kbytes): 0
	Average total size (kbytes): 0
	Maximum resident set size (kbytes): 373552
	Average resident set size (kbytes): 0
	Major (requiring I/O) page faults: 0
	Minor (reclaiming a frame) page faults: 97533
	Voluntary context switches: 17
	Involuntary context switches: 17
	Swaps: 0
	File system inputs: 0
	File system outputs: 8
	Socket messages sent: 0
	Socket messages received: 0
	Signals delivered: 0
	Page size (bytes): 4096
	Exit status: 0
LRAT_W_TIME,	Elapsed (wall clock) time (h:mm:ss or m:ss): 0:18.39
c parsed a formula with 467 variables and 7278 clauses
c VERIFIED
c Added clauses = 3700826.  Deleted clauses = 3610929.  Max live clauses = 115221
c verification time = 18.37 secs
c VERIFIED
OVERVIEW_HEADER,benchmark,solve mem,solve time,drat kb,drat sec,lrat kb,lrat sec,restarts,decisions,conflicts,propagations,mark proof sec,dump lrat sec, ana sec, anamem mb
OVERVIEW_CSV,/nfs/scratch/bzchartu/unsat_2018_solved/a_rphp055_04.cnf,	Maximum resident set size (kbytes): 1371888,	Elapsed (wall clock) time (h:mm:ss or m:ss): 4:03.37,0,0,768480	/local_ssd/proof.lrat,	Elapsed (wall clock) time (h:mm:ss or m:ss): 0:18.39,c restarts              : 6290,c decisions             : 34921201       (0.00 % random) (154979 /sec),c conflicts             : 3596980        (15963 /sec),c propagations          : 129864665      (576336 /sec),Marking proof: 2.788 seconds,c Dumping LRAT: 11.912 seconds,c Analyze time: 	14.7 seconds,c Analyze used disk storage:	1330.18 MB
