SOLVERNAME,ANA
ANA_TMP_CONFIG,'/local_ssd/proof.dat'
BENCHNAME,/nfs/scratch/bzchartu/unsat_2018_solved/gto_p60c231.cnf
running lrb Bench '/nfs/scratch/bzchartu/unsat_2018_solved/gto_p60c231.cnf' on cumu01-12
Command exited with non-zero status 20
	Command being timed: "/nfs/scratch/bzchartu/programs/maplechronobt_proof_analyze/sources/simp/glucose_release_ana -det=lrb /nfs/scratch/bzchartu/unsat_2018_solved/gto_p60c231.cnf -cpu-lim=10000 -analyzer-tmp-file=/local_ssd/proof.dat -lrat-file=/local_ssd/proof.lrat"
	User time (seconds): 42.84
	System time (seconds): 0.64
	Percent of CPU this job got: 99%
	Elapsed (wall clock) time (h:mm:ss or m:ss): 0:43.50
	Average shared text size (kbytes): 0
	Average unshared data size (kbytes): 0
	Average stack size (kbytes): 0
	Average total size (kbytes): 0
	Maximum resident set size (kbytes): 436864
	Average resident set size (kbytes): 0
	Major (requiring I/O) page faults: 6
	Minor (reclaiming a frame) page faults: 209289
	Voluntary context switches: 27
	Involuntary context switches: 43
	Swaps: 0
	File system inputs: 88
	File system outputs: 1866760
	Socket messages sent: 0
	Socket messages received: 0
	Signals delivered: 0
	Page size (bytes): 4096
	Exit status: 20
SOLVE_W_TIME,	Elapsed (wall clock) time (h:mm:ss or m:ss): 0:43.50
c This is MapleLCMDistChronoBT.
c WARNING: for repeatability, setting FPU to use double precision
c Sat Analyzer will analyze result
c Analyzer will dump LRAT to '/local_ssd/proof.lrat'
c ============================[ Problem Statistics ]=============================
c |                                                                             |
c |  Number of variables:          1015                                         |
c |  Number of clauses:            2694                                         |
c |  Parse time:                   0.00 s                                       |
c |  Eliminated clauses:           0.02 Mb                                      |
c Reduced to 118 vars, 486 cls (grow=0)
c No iterative elimination performed. (vars=118, c/v ratio=4.1)
c |  Simplification time:          0.01 s                                       |
c |                                                                             |
c running deterministic with LRB
c ============================[ Search Statistics ]==============================
c | Conflicts |          ORIGINAL         |          LEARNT          | Progress |
c |           |    Vars  Clauses Literals |    Limit  Clauses Lit/Cl |          |
c ===============================================================================
reserve 85196788 on /local_ssd/proof.dat
reserve 138444788 on /local_ssd/proof.dat
reserve 224972788 on /local_ssd/proof.dat
reserve 365580788 on /local_ssd/proof.dat
reserve 594074612 on /local_ssd/proof.dat
c ===============================================================================
c restarts              : 2076
c conflicts             : 1106789        (29448 /sec)
c decisions             : 1238335        (0.00 % random) (32948 /sec)
c propagations          : 19528819       (519605 /sec)
c conflict literals     : 21381439       (39.86 % deleted)
c backtracks            : 1106788        (NCB 100% , CB 0%)
c Memory used           : 608.00 MB
c CPU time              : 37.584 s

s UNSATISFIABLE
Marking proof: 1.588 seconds
c Dumping LRAT: 3.664 seconds
c Analyze time: 	5.252 seconds
c Analyze used disk storage:	419.241 MB
LRAT_SIZE: 274424	/local_ssd/proof.lrat
s UNSATISFIABLE
/local_ssd/proof.lrat
	Command being timed: "/nfs/scratch/bzchartu/programs/maplechronobt_proof_analyze/drat-trim/lrat-check /nfs/scratch/bzchartu/unsat_2018_solved/gto_p60c231.cnf /local_ssd/proof.lrat"
	User time (seconds): 6.44
	System time (seconds): 0.14
	Percent of CPU this job got: 99%
	Elapsed (wall clock) time (h:mm:ss or m:ss): 0:06.58
	Average shared text size (kbytes): 0
	Average unshared data size (kbytes): 0
	Average stack size (kbytes): 0
	Average total size (kbytes): 0
	Maximum resident set size (kbytes): 90424
	Average resident set size (kbytes): 0
	Major (requiring I/O) page faults: 0
	Minor (reclaiming a frame) page faults: 24316
	Voluntary context switches: 12
	Involuntary context switches: 3
	Swaps: 0
	File system inputs: 0
	File system outputs: 8
	Socket messages sent: 0
	Socket messages received: 0
	Signals delivered: 0
	Page size (bytes): 4096
	Exit status: 0
LRAT_W_TIME,	Elapsed (wall clock) time (h:mm:ss or m:ss): 0:06.58
c parsed a formula with 1015 variables and 3493 clauses
c VERIFIED
c Added clauses = 1082664.  Deleted clauses = 1064868.  Max live clauses = 46815
c verification time = 6.58 secs
c VERIFIED
OVERVIEW_HEADER,benchmark,solve mem,solve time,drat kb,drat sec,lrat kb,lrat sec,restarts,decisions,conflicts,propagations,mark proof sec,dump lrat sec, ana sec, anamem mb
OVERVIEW_CSV,/nfs/scratch/bzchartu/unsat_2018_solved/gto_p60c231.cnf,	Maximum resident set size (kbytes): 436864,	Elapsed (wall clock) time (h:mm:ss or m:ss): 0:43.50,0,0,274424	/local_ssd/proof.lrat,	Elapsed (wall clock) time (h:mm:ss or m:ss): 0:06.58,c restarts              : 2076,c decisions             : 1238335        (0.00 % random) (32948 /sec),c conflicts             : 1106789        (29448 /sec),c propagations          : 19528819       (519605 /sec),Marking proof: 1.588 seconds,c Dumping LRAT: 3.664 seconds,c Analyze time: 	5.252 seconds,c Analyze used disk storage:	419.241 MB
