SOLVERNAME,ANA
ANA_TMP_CONFIG,'/local_ssd/proof.dat'
BENCHNAME,/nfs/scratch/bzchartu/unsat_2018_solved/Nb45T6.cnf
running lrb Bench '/nfs/scratch/bzchartu/unsat_2018_solved/Nb45T6.cnf' on cumu01-14
Command exited with non-zero status 20
	Command being timed: "/nfs/scratch/bzchartu/programs/maplechronobt_proof_analyze/sources/simp/glucose_release_ana -det=lrb /nfs/scratch/bzchartu/unsat_2018_solved/Nb45T6.cnf -cpu-lim=10000 -analyzer-tmp-file=/local_ssd/proof.dat -lrat-file=/local_ssd/proof.lrat"
	User time (seconds): 1217.79
	System time (seconds): 6.13
	Percent of CPU this job got: 99%
	Elapsed (wall clock) time (h:mm:ss or m:ss): 20:24.03
	Average shared text size (kbytes): 0
	Average unshared data size (kbytes): 0
	Average stack size (kbytes): 0
	Average total size (kbytes): 0
	Maximum resident set size (kbytes): 2746848
	Average resident set size (kbytes): 0
	Major (requiring I/O) page faults: 8
	Minor (reclaiming a frame) page faults: 5879598
	Voluntary context switches: 36
	Involuntary context switches: 2348
	Swaps: 0
	File system inputs: 351536
	File system outputs: 4249296
	Socket messages sent: 0
	Socket messages received: 0
	Signals delivered: 0
	Page size (bytes): 4096
	Exit status: 20
SOLVE_W_TIME,	Elapsed (wall clock) time (h:mm:ss or m:ss): 20:24.03
c This is MapleLCMDistChronoBT.
c WARNING: for repeatability, setting FPU to use double precision
c Sat Analyzer will analyze result
c Analyzer will dump LRAT to '/local_ssd/proof.lrat'
c ============================[ Problem Statistics ]=============================
c |                                                                             |
reserve 85196788 on /local_ssd/proof.dat
reserve 138444788 on /local_ssd/proof.dat
reserve 224972788 on /local_ssd/proof.dat
reserve 365580788 on /local_ssd/proof.dat
c |  Number of variables:       1623099                                         |
c |  Number of clauses:         7209000                                         |
c |  Parse time:                   2.71 s                                       |
reserve 594074612 on /local_ssd/proof.dat
reserve 965372916 on /local_ssd/proof.dat
c |  Eliminated clauses:          41.25 Mb                                      |
c Reduced to 902199 vars, 7209000 cls (grow=0)
reserve 1568732660 on /local_ssd/proof.dat
c |  Eliminated clauses:          75.63 Mb                                      |
c Reduced to 541749 vars, 8650800 cls (grow=8)
c cl_inc_rate=1.200, var_dec_rate=1.665
c No. effective iterative eliminations: 1
c |  Simplification time:         16.48 s                                       |
c |                                                                             |
c running deterministic with LRB
c ============================[ Search Statistics ]==============================
c | Conflicts |          ORIGINAL         |          LEARNT          | Progress |
c |           |    Vars  Clauses Literals |    Limit  Clauses Lit/Cl |          |
c ===============================================================================
c ===============================================================================
c restarts              : 1781
c conflicts             : 796876         (657 /sec)
c decisions             : 305948382      (0.00 % random) (252146 /sec)
c propagations          : 1895001859     (1561760 /sec)
c conflict literals     : 14628213       (22.23 % deleted)
c backtracks            : 790645         (NCB 97% , CB 3%)
c Memory used           : 3711.00 MB
c CPU time              : 1213.38 s

s UNSATISFIABLE
Marking proof: 0.956 seconds
c Dumping LRAT: 3.228 seconds
c Analyze time: 	4.184 seconds
c Analyze used disk storage:	1535.99 MB
LRAT_SIZE: 283648	/local_ssd/proof.lrat
s UNSATISFIABLE
/local_ssd/proof.lrat
	Command being timed: "/nfs/scratch/bzchartu/programs/maplechronobt_proof_analyze/drat-trim/lrat-check /nfs/scratch/bzchartu/unsat_2018_solved/Nb45T6.cnf /local_ssd/proof.lrat"
	User time (seconds): 8.11
	System time (seconds): 0.38
	Percent of CPU this job got: 99%
	Elapsed (wall clock) time (h:mm:ss or m:ss): 0:08.50
	Average shared text size (kbytes): 0
	Average unshared data size (kbytes): 0
	Average stack size (kbytes): 0
	Average total size (kbytes): 0
	Maximum resident set size (kbytes): 769420
	Average resident set size (kbytes): 0
	Major (requiring I/O) page faults: 0
	Minor (reclaiming a frame) page faults: 220661
	Voluntary context switches: 19
	Involuntary context switches: 11
	Swaps: 0
	File system inputs: 0
	File system outputs: 8
	Socket messages sent: 0
	Socket messages received: 0
	Signals delivered: 0
	Page size (bytes): 4096
	Exit status: 0
LRAT_W_TIME,	Elapsed (wall clock) time (h:mm:ss or m:ss): 0:08.50
c parsed a formula with 1623099 variables and 7209000 clauses
c VERIFIED
c Added clauses = 8025385.  Deleted clauses = 7761623.  Max live clauses = 7209000
c verification time = 8.47 secs
c VERIFIED
OVERVIEW_HEADER,benchmark,solve mem,solve time,drat kb,drat sec,lrat kb,lrat sec,restarts,decisions,conflicts,propagations,mark proof sec,dump lrat sec, ana sec, anamem mb
OVERVIEW_CSV,/nfs/scratch/bzchartu/unsat_2018_solved/Nb45T6.cnf,	Maximum resident set size (kbytes): 2746848,	Elapsed (wall clock) time (h:mm:ss or m:ss): 20:24.03,0,0,283648	/local_ssd/proof.lrat,	Elapsed (wall clock) time (h:mm:ss or m:ss): 0:08.50,c restarts              : 1781,c decisions             : 305948382      (0.00 % random) (252146 /sec),c conflicts             : 796876         (657 /sec),c propagations          : 1895001859     (1561760 /sec),Marking proof: 0.956 seconds,c Dumping LRAT: 3.228 seconds,c Analyze time: 	4.184 seconds,c Analyze used disk storage:	1535.99 MB
