SOLVERNAME,ANA
ANA_TMP_CONFIG,'/local_ssd/proof.dat'
BENCHNAME,/nfs/scratch/bzchartu/unsat_2018_solved/dist7.c.cnf
running lrb Bench '/nfs/scratch/bzchartu/unsat_2018_solved/dist7.c.cnf' on cumu02-01
Command exited with non-zero status 20
	Command being timed: "/nfs/scratch/bzchartu/programs/maplechronobt_proof_analyze/sources/simp/glucose_release_ana -det=lrb /nfs/scratch/bzchartu/unsat_2018_solved/dist7.c.cnf -cpu-lim=10000 -analyzer-tmp-file=/local_ssd/proof.dat -lrat-file=/local_ssd/proof.lrat"
	User time (seconds): 237.41
	System time (seconds): 9.05
	Percent of CPU this job got: 97%
	Elapsed (wall clock) time (h:mm:ss or m:ss): 4:14.08
	Average shared text size (kbytes): 0
	Average unshared data size (kbytes): 0
	Average stack size (kbytes): 0
	Average total size (kbytes): 0
	Maximum resident set size (kbytes): 4801284
	Average resident set size (kbytes): 0
	Major (requiring I/O) page faults: 12
	Minor (reclaiming a frame) page faults: 4784773
	Voluntary context switches: 176
	Involuntary context switches: 246
	Swaps: 0
	File system inputs: 2456
	File system outputs: 30124592
	Socket messages sent: 0
	Socket messages received: 0
	Signals delivered: 0
	Page size (bytes): 4096
	Exit status: 20
SOLVE_W_TIME,	Elapsed (wall clock) time (h:mm:ss or m:ss): 4:14.08
c This is MapleLCMDistChronoBT.
c WARNING: for repeatability, setting FPU to use double precision
c Sat Analyzer will analyze result
c Analyzer will dump LRAT to '/local_ssd/proof.lrat'
c ============================[ Problem Statistics ]=============================
c |                                                                             |
c |  Number of variables:         15276                                         |
c |  Number of clauses:           68129                                         |
c |  Parse time:                   0.04 s                                       |
c |  Eliminated clauses:           0.24 Mb                                      |
c Reduced to 10296 vars, 55003 cls (grow=0)
c |  Eliminated clauses:           0.48 Mb                                      |
c Reduced to 7407 vars, 55029 cls (grow=8)
c cl_inc_rate=1.000, var_dec_rate=1.390
c |  Eliminated clauses:           0.53 Mb                                      |
c Reduced to 7012 vars, 57610 cls (grow=16)
c cl_inc_rate=1.047, var_dec_rate=1.056
c |  Eliminated clauses:           0.68 Mb                                      |
c Reduced to 6019 vars, 77943 cls (grow=32)
c cl_inc_rate=1.353, var_dec_rate=1.165
c No. effective iterative eliminations: 3
c |  Simplification time:          0.31 s                                       |
c |                                                                             |
c running deterministic with LRB
c ============================[ Search Statistics ]==============================
c | Conflicts |          ORIGINAL         |          LEARNT          | Progress |
c |           |    Vars  Clauses Literals |    Limit  Clauses Lit/Cl |          |
c ===============================================================================
reserve 85196788 on /local_ssd/proof.dat
reserve 138444788 on /local_ssd/proof.dat
reserve 224972788 on /local_ssd/proof.dat
reserve 365580788 on /local_ssd/proof.dat
reserve 594074612 on /local_ssd/proof.dat
reserve 965372916 on /local_ssd/proof.dat
reserve 1568732660 on /local_ssd/proof.dat
reserve 2549194740 on /local_ssd/proof.dat
reserve 4142441460 on /local_ssd/proof.dat
reserve 6731472372 on /local_ssd/proof.dat
c ===============================================================================
c restarts              : 1938
c conflicts             : 855025         (5619 /sec)
c decisions             : 1627454        (0.00 % random) (10695 /sec)
c propagations          : 346376449      (2276336 /sec)
c conflict literals     : 27615887       (71.14 % deleted)
c backtracks            : 854963         (NCB 100% , CB 0%)
c Memory used           : 6481.00 MB
c CPU time              : 152.164 s

s UNSATISFIABLE
Marking proof: 46.868 seconds
c Dumping LRAT: 38.384 seconds
c Analyze time: 	85.252 seconds
c Analyze used disk storage:	4866.25 MB
LRAT_SIZE: 3627960	/local_ssd/proof.lrat
s UNSATISFIABLE
/local_ssd/proof.lrat
	Command being timed: "/nfs/scratch/bzchartu/programs/maplechronobt_proof_analyze/drat-trim/lrat-check /nfs/scratch/bzchartu/unsat_2018_solved/dist7.c.cnf /local_ssd/proof.lrat"
	User time (seconds): 78.62
	System time (seconds): 0.82
	Percent of CPU this job got: 99%
	Elapsed (wall clock) time (h:mm:ss or m:ss): 1:19.44
	Average shared text size (kbytes): 0
	Average unshared data size (kbytes): 0
	Average stack size (kbytes): 0
	Average total size (kbytes): 0
	Maximum resident set size (kbytes): 90724
	Average resident set size (kbytes): 0
	Major (requiring I/O) page faults: 0
	Minor (reclaiming a frame) page faults: 30628
	Voluntary context switches: 17
	Involuntary context switches: 24
	Swaps: 0
	File system inputs: 0
	File system outputs: 8
	Socket messages sent: 0
	Socket messages received: 0
	Signals delivered: 0
	Page size (bytes): 4096
	Exit status: 0
LRAT_W_TIME,	Elapsed (wall clock) time (h:mm:ss or m:ss): 1:19.44
c parsed a formula with 15276 variables and 68149 clauses
c VERIFIED
c Added clauses = 927935.  Deleted clauses = 885682.  Max live clauses = 98774
c verification time = 79.44 secs
c VERIFIED
OVERVIEW_HEADER,benchmark,solve mem,solve time,drat kb,drat sec,lrat kb,lrat sec,restarts,decisions,conflicts,propagations,mark proof sec,dump lrat sec, ana sec, anamem mb
OVERVIEW_CSV,/nfs/scratch/bzchartu/unsat_2018_solved/dist7.c.cnf,	Maximum resident set size (kbytes): 4801284,	Elapsed (wall clock) time (h:mm:ss or m:ss): 4:14.08,0,0,3627960	/local_ssd/proof.lrat,	Elapsed (wall clock) time (h:mm:ss or m:ss): 1:19.44,c restarts              : 1938,c decisions             : 1627454        (0.00 % random) (10695 /sec),c conflicts             : 855025         (5619 /sec),c propagations          : 346376449      (2276336 /sec),Marking proof: 46.868 seconds,c Dumping LRAT: 38.384 seconds,c Analyze time: 	85.252 seconds,c Analyze used disk storage:	4866.25 MB
