SOLVERNAME,ANA
ANA_TMP_CONFIG,'/local_ssd/proof.dat'
BENCHNAME,/nfs/scratch/bzchartu/unsat_2018_solved/T98.2.0.cnf
running lrb Bench '/nfs/scratch/bzchartu/unsat_2018_solved/T98.2.0.cnf' on cumu01-14
Command exited with non-zero status 20
	Command being timed: "/nfs/scratch/bzchartu/programs/maplechronobt_proof_analyze/sources/simp/glucose_release_ana -det=lrb /nfs/scratch/bzchartu/unsat_2018_solved/T98.2.0.cnf -cpu-lim=10000 -analyzer-tmp-file=/local_ssd/proof.dat -lrat-file=/local_ssd/proof.lrat"
	User time (seconds): 288.08
	System time (seconds): 8.48
	Percent of CPU this job got: 99%
	Elapsed (wall clock) time (h:mm:ss or m:ss): 4:56.64
	Average shared text size (kbytes): 0
	Average unshared data size (kbytes): 0
	Average stack size (kbytes): 0
	Average total size (kbytes): 0
	Maximum resident set size (kbytes): 4019952
	Average resident set size (kbytes): 0
	Major (requiring I/O) page faults: 10
	Minor (reclaiming a frame) page faults: 8700533
	Voluntary context switches: 45
	Involuntary context switches: 1161
	Swaps: 0
	File system inputs: 477616
	File system outputs: 6357368
	Socket messages sent: 0
	Socket messages received: 0
	Signals delivered: 0
	Page size (bytes): 4096
	Exit status: 20
SOLVE_W_TIME,	Elapsed (wall clock) time (h:mm:ss or m:ss): 4:56.64
c This is MapleLCMDistChronoBT.
c WARNING: for repeatability, setting FPU to use double precision
c Sat Analyzer will analyze result
c Analyzer will dump LRAT to '/local_ssd/proof.lrat'
c ============================[ Problem Statistics ]=============================
c |                                                                             |
reserve 85196788 on /local_ssd/proof.dat
reserve 138444788 on /local_ssd/proof.dat
reserve 224972788 on /local_ssd/proof.dat
reserve 365580788 on /local_ssd/proof.dat
reserve 594074612 on /local_ssd/proof.dat
c |  Number of variables:       3148471                                         |
c |  Number of clauses:        10861077                                         |
c |  Parse time:                   5.08 s                                       |
reserve 965372916 on /local_ssd/proof.dat
reserve 1568732660 on /local_ssd/proof.dat
c |  Eliminated clauses:         120.34 Mb                                      |
c Reduced to 584529 vars, 3488798 cls (grow=0)
reserve 2549194740 on /local_ssd/proof.dat
c |  Eliminated clauses:         136.99 Mb                                      |
c Reduced to 380490 vars, 3533595 cls (grow=8)
c cl_inc_rate=1.013, var_dec_rate=1.536
c |  Eliminated clauses:         140.17 Mb                                      |
c Reduced to 350549 vars, 3672658 cls (grow=16)
c cl_inc_rate=1.039, var_dec_rate=1.085
c |  Eliminated clauses:         145.71 Mb                                      |
c Reduced to 310901 vars, 3874245 cls (grow=32)
c cl_inc_rate=1.055, var_dec_rate=1.128
c |  Eliminated clauses:         154.11 Mb                                      |
c Reduced to 261384 vars, 4741949 cls (grow=64)
c cl_inc_rate=1.224, var_dec_rate=1.189
c No. effective iterative eliminations: 4
c |  Simplification time:         82.96 s                                       |
c |                                                                             |
c running deterministic with LRB
c ============================[ Search Statistics ]==============================
c | Conflicts |          ORIGINAL         |          LEARNT          | Progress |
c |           |    Vars  Clauses Literals |    Limit  Clauses Lit/Cl |          |
c ===============================================================================
reserve 4142441460 on /local_ssd/proof.dat
c ===============================================================================
c restarts              : 583
c conflicts             : 232294         (822 /sec)
c decisions             : 5889994        (0.00 % random) (20842 /sec)
c propagations          : 431121927      (1525512 /sec)
c conflict literals     : 6964600        (26.97 % deleted)
c backtracks            : 230529         (NCB 96% , CB 4%)
c Memory used           : 5660.00 MB
c CPU time              : 282.608 s

s UNSATISFIABLE
Marking proof: 0.48 seconds
c Dumping LRAT: 4.768 seconds
c Analyze time: 	5.248 seconds
c Analyze used disk storage:	2642.81 MB
LRAT_SIZE: 184880	/local_ssd/proof.lrat
s UNSATISFIABLE
/local_ssd/proof.lrat
	Command being timed: "/nfs/scratch/bzchartu/programs/maplechronobt_proof_analyze/drat-trim/lrat-check /nfs/scratch/bzchartu/unsat_2018_solved/T98.2.0.cnf /local_ssd/proof.lrat"
	User time (seconds): 7.65
	System time (seconds): 0.53
	Percent of CPU this job got: 99%
	Elapsed (wall clock) time (h:mm:ss or m:ss): 0:08.19
	Average shared text size (kbytes): 0
	Average unshared data size (kbytes): 0
	Average stack size (kbytes): 0
	Average total size (kbytes): 0
	Maximum resident set size (kbytes): 1321584
	Average resident set size (kbytes): 0
	Major (requiring I/O) page faults: 0
	Minor (reclaiming a frame) page faults: 376193
	Voluntary context switches: 17
	Involuntary context switches: 7
	Swaps: 0
	File system inputs: 0
	File system outputs: 8
	Socket messages sent: 0
	Socket messages received: 0
	Signals delivered: 0
	Page size (bytes): 4096
	Exit status: 0
LRAT_W_TIME,	Elapsed (wall clock) time (h:mm:ss or m:ss): 0:08.19
c parsed a formula with 3148471 variables and 10861077 clauses
c VERIFIED
c Added clauses = 11463767.  Deleted clauses = 11000849.  Max live clauses = 10861077
c verification time = 8.14 secs
c VERIFIED
OVERVIEW_HEADER,benchmark,solve mem,solve time,drat kb,drat sec,lrat kb,lrat sec,restarts,decisions,conflicts,propagations,mark proof sec,dump lrat sec, ana sec, anamem mb
OVERVIEW_CSV,/nfs/scratch/bzchartu/unsat_2018_solved/T98.2.0.cnf,	Maximum resident set size (kbytes): 4019952,	Elapsed (wall clock) time (h:mm:ss or m:ss): 4:56.64,0,0,184880	/local_ssd/proof.lrat,	Elapsed (wall clock) time (h:mm:ss or m:ss): 0:08.19,c restarts              : 583,c decisions             : 5889994        (0.00 % random) (20842 /sec),c conflicts             : 232294         (822 /sec),c propagations          : 431121927      (1525512 /sec),Marking proof: 0.48 seconds,c Dumping LRAT: 4.768 seconds,c Analyze time: 	5.248 seconds,c Analyze used disk storage:	2642.81 MB
