SOLVERNAME,ANA
ANA_TMP_CONFIG,'/local_ssd/proof.dat'
BENCHNAME,/nfs/scratch/bzchartu/unsat_2018_solved/e_rphp035_05.cnf
running lrb Bench '/nfs/scratch/bzchartu/unsat_2018_solved/e_rphp035_05.cnf' on cumu02-00
Command exited with non-zero status 20
	Command being timed: "/nfs/scratch/bzchartu/programs/maplechronobt_proof_analyze/sources/simp/glucose_release_ana -det=lrb /nfs/scratch/bzchartu/unsat_2018_solved/e_rphp035_05.cnf -cpu-lim=10000 -analyzer-tmp-file=/local_ssd/proof.dat -lrat-file=/local_ssd/proof.lrat"
	User time (seconds): 528.93
	System time (seconds): 6.48
	Percent of CPU this job got: 99%
	Elapsed (wall clock) time (h:mm:ss or m:ss): 8:57.70
	Average shared text size (kbytes): 0
	Average unshared data size (kbytes): 0
	Average stack size (kbytes): 0
	Average total size (kbytes): 0
	Maximum resident set size (kbytes): 3248068
	Average resident set size (kbytes): 0
	Major (requiring I/O) page faults: 10
	Minor (reclaiming a frame) page faults: 3488846
	Voluntary context switches: 61
	Involuntary context switches: 394
	Swaps: 0
	File system inputs: 184
	File system outputs: 20909912
	Socket messages sent: 0
	Socket messages received: 0
	Signals delivered: 0
	Page size (bytes): 4096
	Exit status: 20
SOLVE_W_TIME,	Elapsed (wall clock) time (h:mm:ss or m:ss): 8:57.70
c This is MapleLCMDistChronoBT.
c WARNING: for repeatability, setting FPU to use double precision
c Sat Analyzer will analyze result
c Analyzer will dump LRAT to '/local_ssd/proof.lrat'
c ============================[ Problem Statistics ]=============================
c |                                                                             |
c |  Number of variables:          2960                                         |
c |  Number of clauses:            5555                                         |
c |  Parse time:                   0.01 s                                       |
c |  Eliminated clauses:           0.06 Mb                                      |
c Reduced to 310 vars, 2905 cls (grow=0)
c No iterative elimination performed. (vars=310, c/v ratio=9.4)
c |  Simplification time:          0.01 s                                       |
c |                                                                             |
c running deterministic with LRB
c ============================[ Search Statistics ]==============================
c | Conflicts |          ORIGINAL         |          LEARNT          | Progress |
c |           |    Vars  Clauses Literals |    Limit  Clauses Lit/Cl |          |
c ===============================================================================
reserve 85196788 on /local_ssd/proof.dat
reserve 138444788 on /local_ssd/proof.dat
reserve 224972788 on /local_ssd/proof.dat
reserve 365580788 on /local_ssd/proof.dat
reserve 594074612 on /local_ssd/proof.dat
reserve 965372916 on /local_ssd/proof.dat
reserve 1568732660 on /local_ssd/proof.dat
reserve 2549194740 on /local_ssd/proof.dat
reserve 4142441460 on /local_ssd/proof.dat
c ===============================================================================
c restarts              : 16906
c conflicts             : 11618338       (23607 /sec)
c decisions             : 43819009       (0.00 % random) (89036 /sec)
c propagations          : 285046276      (579183 /sec)
c conflict literals     : 216630665      (30.70 % deleted)
c backtracks            : 11617882       (NCB 100% , CB 0%)
c Memory used           : 4082.00 MB
c CPU time              : 492.152 s

s UNSATISFIABLE
Marking proof: 7.992 seconds
c Dumping LRAT: 28.792 seconds
c Analyze time: 	36.784 seconds
c Analyze used disk storage:	3251.29 MB
LRAT_SIZE: 2021904	/local_ssd/proof.lrat
s UNSATISFIABLE
/local_ssd/proof.lrat
	Command being timed: "/nfs/scratch/bzchartu/programs/maplechronobt_proof_analyze/drat-trim/lrat-check /nfs/scratch/bzchartu/unsat_2018_solved/e_rphp035_05.cnf /local_ssd/proof.lrat"
	User time (seconds): 47.21
	System time (seconds): 0.80
	Percent of CPU this job got: 99%
	Elapsed (wall clock) time (h:mm:ss or m:ss): 0:48.03
	Average shared text size (kbytes): 0
	Average unshared data size (kbytes): 0
	Average stack size (kbytes): 0
	Average total size (kbytes): 0
	Maximum resident set size (kbytes): 900056
	Average resident set size (kbytes): 0
	Major (requiring I/O) page faults: 0
	Minor (reclaiming a frame) page faults: 239894
	Voluntary context switches: 19
	Involuntary context switches: 45
	Swaps: 0
	File system inputs: 0
	File system outputs: 8
	Socket messages sent: 0
	Socket messages received: 0
	Signals delivered: 0
	Page size (bytes): 4096
	Exit status: 0
LRAT_W_TIME,	Elapsed (wall clock) time (h:mm:ss or m:ss): 0:48.03
c parsed a formula with 2960 variables and 5555 clauses
c VERIFIED
c Added clauses = 11395080.  Deleted clauses = 11285132.  Max live clauses = 161087
c verification time = 48.00 secs
c VERIFIED
OVERVIEW_HEADER,benchmark,solve mem,solve time,drat kb,drat sec,lrat kb,lrat sec,restarts,decisions,conflicts,propagations,mark proof sec,dump lrat sec, ana sec, anamem mb
OVERVIEW_CSV,/nfs/scratch/bzchartu/unsat_2018_solved/e_rphp035_05.cnf,	Maximum resident set size (kbytes): 3248068,	Elapsed (wall clock) time (h:mm:ss or m:ss): 8:57.70,0,0,2021904	/local_ssd/proof.lrat,	Elapsed (wall clock) time (h:mm:ss or m:ss): 0:48.03,c restarts              : 16906,c decisions             : 43819009       (0.00 % random) (89036 /sec),c conflicts             : 11618338       (23607 /sec),c propagations          : 285046276      (579183 /sec),Marking proof: 7.992 seconds,c Dumping LRAT: 28.792 seconds,c Analyze time: 	36.784 seconds,c Analyze used disk storage:	3251.29 MB
