SOLVERNAME,ANA
ANA_TMP_CONFIG,'/local_ssd/proof.dat'
BENCHNAME,/nfs/scratch/bzchartu/unsat_2018_solved/mchess_16.cnf
running lrb Bench '/nfs/scratch/bzchartu/unsat_2018_solved/mchess_16.cnf' on cumu01-12
Command exited with non-zero status 20
	Command being timed: "/nfs/scratch/bzchartu/programs/maplechronobt_proof_analyze/sources/simp/glucose_release_ana -det=lrb /nfs/scratch/bzchartu/unsat_2018_solved/mchess_16.cnf -cpu-lim=10000 -analyzer-tmp-file=/local_ssd/proof.dat -lrat-file=/local_ssd/proof.lrat"
	User time (seconds): 529.64
	System time (seconds): 8.20
	Percent of CPU this job got: 99%
	Elapsed (wall clock) time (h:mm:ss or m:ss): 9:00.69
	Average shared text size (kbytes): 0
	Average unshared data size (kbytes): 0
	Average stack size (kbytes): 0
	Average total size (kbytes): 0
	Maximum resident set size (kbytes): 3524228
	Average resident set size (kbytes): 0
	Major (requiring I/O) page faults: 10
	Minor (reclaiming a frame) page faults: 3927128
	Voluntary context switches: 55
	Involuntary context switches: 443
	Swaps: 0
	File system inputs: 40
	File system outputs: 23758104
	Socket messages sent: 0
	Socket messages received: 0
	Signals delivered: 0
	Page size (bytes): 4096
	Exit status: 20
SOLVE_W_TIME,	Elapsed (wall clock) time (h:mm:ss or m:ss): 9:00.69
c This is MapleLCMDistChronoBT.
c WARNING: for repeatability, setting FPU to use double precision
c Sat Analyzer will analyze result
c Analyzer will dump LRAT to '/local_ssd/proof.lrat'
c ============================[ Problem Statistics ]=============================
c |                                                                             |
c |  Number of variables:           480                                         |
c |  Number of clauses:            1592                                         |
c |  Parse time:                   0.00 s                                       |
c |  Eliminated clauses:           0.01 Mb                                      |
c Reduced to 329 vars, 1316 cls (grow=0)
c No iterative elimination performed. (vars=329, c/v ratio=4.0)
c |  Simplification time:          0.00 s                                       |
c |                                                                             |
c running deterministic with LRB
c ============================[ Search Statistics ]==============================
c | Conflicts |          ORIGINAL         |          LEARNT          | Progress |
c |           |    Vars  Clauses Literals |    Limit  Clauses Lit/Cl |          |
c ===============================================================================
reserve 85196788 on /local_ssd/proof.dat
reserve 138444788 on /local_ssd/proof.dat
reserve 224972788 on /local_ssd/proof.dat
reserve 365580788 on /local_ssd/proof.dat
reserve 594074612 on /local_ssd/proof.dat
reserve 965372916 on /local_ssd/proof.dat
reserve 1568732660 on /local_ssd/proof.dat
reserve 2549194740 on /local_ssd/proof.dat
reserve 4142441460 on /local_ssd/proof.dat
c ===============================================================================
c restarts              : 19446
c conflicts             : 13000028       (26851 /sec)
c decisions             : 15428248       (0.00 % random) (31867 /sec)
c propagations          : 233857370      (483025 /sec)
c conflict literals     : 211594513      (32.02 % deleted)
c backtracks            : 13000027       (NCB 100% , CB 0%)
c Memory used           : 4043.00 MB
c CPU time              : 484.152 s

s UNSATISFIABLE
Marking proof: 12.528 seconds
c Dumping LRAT: 32.964 seconds
c Analyze time: 	45.492 seconds
c Analyze used disk storage:	3547.93 MB
LRAT_SIZE: 2527944	/local_ssd/proof.lrat
s UNSATISFIABLE
/local_ssd/proof.lrat
	Command being timed: "/nfs/scratch/bzchartu/programs/maplechronobt_proof_analyze/drat-trim/lrat-check /nfs/scratch/bzchartu/unsat_2018_solved/mchess_16.cnf /local_ssd/proof.lrat"
	User time (seconds): 57.72
	System time (seconds): 0.86
	Percent of CPU this job got: 99%
	Elapsed (wall clock) time (h:mm:ss or m:ss): 0:58.59
	Average shared text size (kbytes): 0
	Average unshared data size (kbytes): 0
	Average stack size (kbytes): 0
	Average total size (kbytes): 0
	Maximum resident set size (kbytes): 897628
	Average resident set size (kbytes): 0
	Major (requiring I/O) page faults: 0
	Minor (reclaiming a frame) page faults: 251370
	Voluntary context switches: 19
	Involuntary context switches: 17
	Swaps: 0
	File system inputs: 0
	File system outputs: 8
	Socket messages sent: 0
	Socket messages received: 0
	Signals delivered: 0
	Page size (bytes): 4096
	Exit status: 0
LRAT_W_TIME,	Elapsed (wall clock) time (h:mm:ss or m:ss): 0:58.59
c parsed a formula with 480 variables and 1596 clauses
c VERIFIED
c Added clauses = 12613279.  Deleted clauses = 12556692.  Max live clauses = 138010
c verification time = 58.56 secs
c VERIFIED
OVERVIEW_HEADER,benchmark,solve mem,solve time,drat kb,drat sec,lrat kb,lrat sec,restarts,decisions,conflicts,propagations,mark proof sec,dump lrat sec, ana sec, anamem mb
OVERVIEW_CSV,/nfs/scratch/bzchartu/unsat_2018_solved/mchess_16.cnf,	Maximum resident set size (kbytes): 3524228,	Elapsed (wall clock) time (h:mm:ss or m:ss): 9:00.69,0,0,2527944	/local_ssd/proof.lrat,	Elapsed (wall clock) time (h:mm:ss or m:ss): 0:58.59,c restarts              : 19446,c decisions             : 15428248       (0.00 % random) (31867 /sec),c conflicts             : 13000028       (26851 /sec),c propagations          : 233857370      (483025 /sec),Marking proof: 12.528 seconds,c Dumping LRAT: 32.964 seconds,c Analyze time: 	45.492 seconds,c Analyze used disk storage:	3547.93 MB
