SOLVERNAME,ANA
ANA_TMP_CONFIG,'/local_ssd/proof.dat'
BENCHNAME,/nfs/scratch/bzchartu/unsat_2018_solved/queen13_13.col.13.cnf
running lrb Bench '/nfs/scratch/bzchartu/unsat_2018_solved/queen13_13.col.13.cnf' on cumu02-09
Command exited with non-zero status 20
	Command being timed: "/nfs/scratch/bzchartu/programs/maplechronobt_proof_analyze/sources/simp/glucose_release_ana -det=lrb /nfs/scratch/bzchartu/unsat_2018_solved/queen13_13.col.13.cnf -cpu-lim=10000 -analyzer-tmp-file=/local_ssd/proof.dat -lrat-file=/local_ssd/proof.lrat"
	User time (seconds): 1964.03
	System time (seconds): 22.70
	Percent of CPU this job got: 98%
	Elapsed (wall clock) time (h:mm:ss or m:ss): 33:35.90
	Average shared text size (kbytes): 0
	Average unshared data size (kbytes): 0
	Average stack size (kbytes): 0
	Average total size (kbytes): 0
	Maximum resident set size (kbytes): 10227188
	Average resident set size (kbytes): 0
	Major (requiring I/O) page faults: 12
	Minor (reclaiming a frame) page faults: 10979589
	Voluntary context switches: 309
	Involuntary context switches: 1469
	Swaps: 0
	File system inputs: 2040
	File system outputs: 75052680
	Socket messages sent: 0
	Socket messages received: 0
	Signals delivered: 0
	Page size (bytes): 4096
	Exit status: 20
SOLVE_W_TIME,	Elapsed (wall clock) time (h:mm:ss or m:ss): 33:35.90
c This is MapleLCMDistChronoBT.
c WARNING: for repeatability, setting FPU to use double precision
c Sat Analyzer will analyze result
c Analyzer will dump LRAT to '/local_ssd/proof.lrat'
c ============================[ Problem Statistics ]=============================
c |                                                                             |
c |  Number of variables:          2028                                         |
c |  Number of clauses:           80041                                         |
c |  Parse time:                   0.03 s                                       |
c |  Eliminated clauses:           0.01 Mb                                      |
c Reduced to 1903 vars, 39980 cls (grow=0)
c No iterative elimination performed. (vars=1903, c/v ratio=21.0)
c |  Simplification time:          0.08 s                                       |
c |                                                                             |
c running deterministic with LRB
c ============================[ Search Statistics ]==============================
c | Conflicts |          ORIGINAL         |          LEARNT          | Progress |
c |           |    Vars  Clauses Literals |    Limit  Clauses Lit/Cl |          |
c ===============================================================================
reserve 85196788 on /local_ssd/proof.dat
reserve 138444788 on /local_ssd/proof.dat
reserve 224972788 on /local_ssd/proof.dat
reserve 365580788 on /local_ssd/proof.dat
reserve 594074612 on /local_ssd/proof.dat
reserve 965372916 on /local_ssd/proof.dat
reserve 1568732660 on /local_ssd/proof.dat
reserve 2549194740 on /local_ssd/proof.dat
reserve 4142441460 on /local_ssd/proof.dat
reserve 6731472372 on /local_ssd/proof.dat
reserve 10938643444 on /local_ssd/proof.dat
c ===============================================================================
c restarts              : 41051
c conflicts             : 29211048       (16073 /sec)
c decisions             : 32866132       (0.00 % random) (18084 /sec)
c propagations          : 1437995751     (791234 /sec)
c conflict literals     : 1158200095     (16.51 % deleted)
c backtracks            : 29211011       (NCB 100% , CB 0%)
c Memory used           : 10514.00 MB
c CPU time              : 1817.41 s

s UNSATISFIABLE
Marking proof: 26.104 seconds
c Dumping LRAT: 120.524 seconds
c Analyze time: 	146.628 seconds
c Analyze used disk storage:	10401.7 MB
LRAT_SIZE: 9065656	/local_ssd/proof.lrat
s UNSATISFIABLE
/local_ssd/proof.lrat
	Command being timed: "/nfs/scratch/bzchartu/programs/maplechronobt_proof_analyze/drat-trim/lrat-check /nfs/scratch/bzchartu/unsat_2018_solved/queen13_13.col.13.cnf /local_ssd/proof.lrat"
	User time (seconds): 191.68
	System time (seconds): 3.99
	Percent of CPU this job got: 99%
	Elapsed (wall clock) time (h:mm:ss or m:ss): 3:15.70
	Average shared text size (kbytes): 0
	Average unshared data size (kbytes): 0
	Average stack size (kbytes): 0
	Average total size (kbytes): 0
	Maximum resident set size (kbytes): 4661612
	Average resident set size (kbytes): 0
	Major (requiring I/O) page faults: 0
	Minor (reclaiming a frame) page faults: 1183107
	Voluntary context switches: 19
	Involuntary context switches: 231
	Swaps: 0
	File system inputs: 0
	File system outputs: 8
	Socket messages sent: 0
	Socket messages received: 0
	Signals delivered: 0
	Page size (bytes): 4096
	Exit status: 0
LRAT_W_TIME,	Elapsed (wall clock) time (h:mm:ss or m:ss): 3:15.70
c parsed a formula with 2028 variables and 80041 clauses
c VERIFIED
c Added clauses = 28791335.  Deleted clauses = 28777736.  Max live clauses = 80041
c verification time = 195.58 secs
c VERIFIED
OVERVIEW_HEADER,benchmark,solve mem,solve time,drat kb,drat sec,lrat kb,lrat sec,restarts,decisions,conflicts,propagations,mark proof sec,dump lrat sec, ana sec, anamem mb
OVERVIEW_CSV,/nfs/scratch/bzchartu/unsat_2018_solved/queen13_13.col.13.cnf,	Maximum resident set size (kbytes): 10227188,	Elapsed (wall clock) time (h:mm:ss or m:ss): 33:35.90,0,0,9065656	/local_ssd/proof.lrat,	Elapsed (wall clock) time (h:mm:ss or m:ss): 3:15.70,c restarts              : 41051,c decisions             : 32866132       (0.00 % random) (18084 /sec),c conflicts             : 29211048       (16073 /sec),c propagations          : 1437995751     (791234 /sec),Marking proof: 26.104 seconds,c Dumping LRAT: 120.524 seconds,c Analyze time: 	146.628 seconds,c Analyze used disk storage:	10401.7 MB
