SOLVERNAME,ANA
ANA_TMP_CONFIG,'/local_ssd/proof.dat'
BENCHNAME,/nfs/scratch/bzchartu/unsat_2018_solved/pals_lcr-var-start-time.5_true-unreach-call.ufo.UNBOUNDED.pals.c.cnf
running lrb Bench '/nfs/scratch/bzchartu/unsat_2018_solved/pals_lcr-var-start-time.5_true-unreach-call.ufo.UNBOUNDED.pals.c.cnf' on cumu01-04
Command exited with non-zero status 20
	Command being timed: "/nfs/scratch/bzchartu/programs/maplechronobt_proof_analyze/sources/simp/glucose_release_ana -det=lrb /nfs/scratch/bzchartu/unsat_2018_solved/pals_lcr-var-start-time.5_true-unreach-call.ufo.UNBOUNDED.pals.c.cnf -cpu-lim=10000 -analyzer-tmp-file=/local_ssd/proof.dat -lrat-file=/local_ssd/proof.lrat"
	User time (seconds): 202.90
	System time (seconds): 3.07
	Percent of CPU this job got: 99%
	Elapsed (wall clock) time (h:mm:ss or m:ss): 3:26.41
	Average shared text size (kbytes): 0
	Average unshared data size (kbytes): 0
	Average stack size (kbytes): 0
	Average total size (kbytes): 0
	Maximum resident set size (kbytes): 1601836
	Average resident set size (kbytes): 0
	Major (requiring I/O) page faults: 11
	Minor (reclaiming a frame) page faults: 1051580
	Voluntary context switches: 48
	Involuntary context switches: 308
	Swaps: 0
	File system inputs: 55136
	File system outputs: 7977072
	Socket messages sent: 0
	Socket messages received: 0
	Signals delivered: 0
	Page size (bytes): 4096
	Exit status: 20
SOLVE_W_TIME,	Elapsed (wall clock) time (h:mm:ss or m:ss): 3:26.41
c This is MapleLCMDistChronoBT.
c WARNING: for repeatability, setting FPU to use double precision
c Sat Analyzer will analyze result
c Analyzer will dump LRAT to '/local_ssd/proof.lrat'
c ============================[ Problem Statistics ]=============================
c |                                                                             |
c |  Number of variables:         81548                                         |
c |  Number of clauses:          357107                                         |
c |  Parse time:                   0.17 s                                       |
c |  Eliminated clauses:           1.80 Mb                                      |
c Reduced to 40003 vars, 231836 cls (grow=0)
c |  Eliminated clauses:           1.89 Mb                                      |
c Reduced to 38949 vars, 233599 cls (grow=8)
c cl_inc_rate=1.008, var_dec_rate=1.027
c |  Eliminated clauses:           2.14 Mb                                      |
c Reduced to 37145 vars, 260306 cls (grow=16)
c cl_inc_rate=1.114, var_dec_rate=1.049
c No. effective iterative eliminations: 2
c |  Simplification time:          0.86 s                                       |
c |                                                                             |
c running deterministic with LRB
c ============================[ Search Statistics ]==============================
c | Conflicts |          ORIGINAL         |          LEARNT          | Progress |
c |           |    Vars  Clauses Literals |    Limit  Clauses Lit/Cl |          |
c ===============================================================================
reserve 85196788 on /local_ssd/proof.dat
reserve 138444788 on /local_ssd/proof.dat
reserve 224972788 on /local_ssd/proof.dat
reserve 365580788 on /local_ssd/proof.dat
reserve 594074612 on /local_ssd/proof.dat
reserve 965372916 on /local_ssd/proof.dat
reserve 1568732660 on /local_ssd/proof.dat
c ===============================================================================
c restarts              : 1167
c conflicts             : 521269         (2850 /sec)
c decisions             : 977890         (0.00 % random) (5346 /sec)
c propagations          : 665855268      (3640384 /sec)
c conflict literals     : 27356595       (48.62 % deleted)
c backtracks            : 521262         (NCB 100% , CB 0%)
c Memory used           : 1588.00 MB
c CPU time              : 182.908 s

s UNSATISFIABLE
Marking proof: 9.668 seconds
c Dumping LRAT: 10.316 seconds
c Analyze time: 	19.984 seconds
c Analyze used disk storage:	1562.22 MB
LRAT_SIZE: 991412	/local_ssd/proof.lrat
s UNSATISFIABLE
/local_ssd/proof.lrat
	Command being timed: "/nfs/scratch/bzchartu/programs/maplechronobt_proof_analyze/drat-trim/lrat-check /nfs/scratch/bzchartu/unsat_2018_solved/pals_lcr-var-start-time.5_true-unreach-call.ufo.UNBOUNDED.pals.c.cnf /local_ssd/proof.lrat"
	User time (seconds): 20.66
	System time (seconds): 0.32
	Percent of CPU this job got: 99%
	Elapsed (wall clock) time (h:mm:ss or m:ss): 0:20.98
	Average shared text size (kbytes): 0
	Average unshared data size (kbytes): 0
	Average stack size (kbytes): 0
	Average total size (kbytes): 0
	Maximum resident set size (kbytes): 108404
	Average resident set size (kbytes): 0
	Major (requiring I/O) page faults: 0
	Minor (reclaiming a frame) page faults: 45459
	Voluntary context switches: 17
	Involuntary context switches: 25
	Swaps: 0
	File system inputs: 0
	File system outputs: 8
	Socket messages sent: 0
	Socket messages received: 0
	Signals delivered: 0
	Page size (bytes): 4096
	Exit status: 0
LRAT_W_TIME,	Elapsed (wall clock) time (h:mm:ss or m:ss): 0:20.98
c parsed a formula with 81548 variables and 358802 clauses
c VERIFIED
c Added clauses = 846752.  Deleted clauses = 722024.  Max live clauses = 358802
c verification time = 20.98 secs
c VERIFIED
OVERVIEW_HEADER,benchmark,solve mem,solve time,drat kb,drat sec,lrat kb,lrat sec,restarts,decisions,conflicts,propagations,mark proof sec,dump lrat sec, ana sec, anamem mb
OVERVIEW_CSV,/nfs/scratch/bzchartu/unsat_2018_solved/pals_lcr-var-start-time.5_true-unreach-call.ufo.UNBOUNDED.pals.c.cnf,	Maximum resident set size (kbytes): 1601836,	Elapsed (wall clock) time (h:mm:ss or m:ss): 3:26.41,0,0,991412	/local_ssd/proof.lrat,	Elapsed (wall clock) time (h:mm:ss or m:ss): 0:20.98,c restarts              : 1167,c decisions             : 977890         (0.00 % random) (5346 /sec),c conflicts             : 521269         (2850 /sec),c propagations          : 665855268      (3640384 /sec),Marking proof: 9.668 seconds,c Dumping LRAT: 10.316 seconds,c Analyze time: 	19.984 seconds,c Analyze used disk storage:	1562.22 MB
