SOLVERNAME,ANA
ANA_TMP_CONFIG,'/local_ssd/proof.dat'
BENCHNAME,/nfs/scratch/bzchartu/unsat_2018_solved/T105.2.0.cnf
running lrb Bench '/nfs/scratch/bzchartu/unsat_2018_solved/T105.2.0.cnf' on cumu01-15
Command exited with non-zero status 20
	Command being timed: "/nfs/scratch/bzchartu/programs/maplechronobt_proof_analyze/sources/simp/glucose_release_ana -det=lrb /nfs/scratch/bzchartu/unsat_2018_solved/T105.2.0.cnf -cpu-lim=10000 -analyzer-tmp-file=/local_ssd/proof.dat -lrat-file=/local_ssd/proof.lrat"
	User time (seconds): 213.96
	System time (seconds): 7.45
	Percent of CPU this job got: 99%
	Elapsed (wall clock) time (h:mm:ss or m:ss): 3:41.57
	Average shared text size (kbytes): 0
	Average unshared data size (kbytes): 0
	Average stack size (kbytes): 0
	Average total size (kbytes): 0
	Maximum resident set size (kbytes): 3899720
	Average resident set size (kbytes): 0
	Major (requiring I/O) page faults: 10
	Minor (reclaiming a frame) page faults: 6916806
	Voluntary context switches: 46
	Involuntary context switches: 1022
	Swaps: 0
	File system inputs: 469768
	File system outputs: 6210576
	Socket messages sent: 0
	Socket messages received: 0
	Signals delivered: 0
	Page size (bytes): 4096
	Exit status: 20
SOLVE_W_TIME,	Elapsed (wall clock) time (h:mm:ss or m:ss): 3:41.57
c This is MapleLCMDistChronoBT.
c WARNING: for repeatability, setting FPU to use double precision
c Sat Analyzer will analyze result
c Analyzer will dump LRAT to '/local_ssd/proof.lrat'
c ============================[ Problem Statistics ]=============================
c |                                                                             |
reserve 85196788 on /local_ssd/proof.dat
reserve 138444788 on /local_ssd/proof.dat
reserve 224972788 on /local_ssd/proof.dat
reserve 365580788 on /local_ssd/proof.dat
reserve 594074612 on /local_ssd/proof.dat
c |  Number of variables:       3094431                                         |
c |  Number of clauses:        10684799                                         |
c |  Parse time:                   5.01 s                                       |
reserve 965372916 on /local_ssd/proof.dat
reserve 1568732660 on /local_ssd/proof.dat
c |  Eliminated clauses:         118.89 Mb                                      |
c Reduced to 564314 vars, 3368189 cls (grow=0)
reserve 2549194740 on /local_ssd/proof.dat
c |  Eliminated clauses:         134.94 Mb                                      |
c Reduced to 367570 vars, 3414873 cls (grow=8)
c cl_inc_rate=1.014, var_dec_rate=1.535
c |  Eliminated clauses:         138.02 Mb                                      |
c Reduced to 338690 vars, 3547630 cls (grow=16)
c cl_inc_rate=1.039, var_dec_rate=1.085
c |  Eliminated clauses:         143.35 Mb                                      |
c Reduced to 300663 vars, 3734379 cls (grow=32)
c cl_inc_rate=1.053, var_dec_rate=1.126
c |  Eliminated clauses:         151.47 Mb                                      |
c Reduced to 252870 vars, 4582791 cls (grow=64)
c cl_inc_rate=1.227, var_dec_rate=1.189
c No. effective iterative eliminations: 4
c |  Simplification time:         79.28 s                                       |
c |                                                                             |
c running deterministic with LRB
c ============================[ Search Statistics ]==============================
c | Conflicts |          ORIGINAL         |          LEARNT          | Progress |
c |           |    Vars  Clauses Literals |    Limit  Clauses Lit/Cl |          |
c ===============================================================================
reserve 4142441460 on /local_ssd/proof.dat
c ===============================================================================
c restarts              : 578
c conflicts             : 232940         (1111 /sec)
c decisions             : 5133679        (0.00 % random) (24486 /sec)
c propagations          : 285052053      (1359618 /sec)
c conflict literals     : 6522516        (22.38 % deleted)
c backtracks            : 230653         (NCB 96% , CB 4%)
c Memory used           : 5640.00 MB
c CPU time              : 209.656 s

s UNSATISFIABLE
Marking proof: 0.404 seconds
c Dumping LRAT: 3.704 seconds
c Analyze time: 	4.108 seconds
c Analyze used disk storage:	2561.32 MB
LRAT_SIZE: 167304	/local_ssd/proof.lrat
s UNSATISFIABLE
/local_ssd/proof.lrat
	Command being timed: "/nfs/scratch/bzchartu/programs/maplechronobt_proof_analyze/drat-trim/lrat-check /nfs/scratch/bzchartu/unsat_2018_solved/T105.2.0.cnf /local_ssd/proof.lrat"
	User time (seconds): 7.36
	System time (seconds): 0.59
	Percent of CPU this job got: 99%
	Elapsed (wall clock) time (h:mm:ss or m:ss): 0:07.95
	Average shared text size (kbytes): 0
	Average unshared data size (kbytes): 0
	Average stack size (kbytes): 0
	Average total size (kbytes): 0
	Maximum resident set size (kbytes): 1298644
	Average resident set size (kbytes): 0
	Major (requiring I/O) page faults: 0
	Minor (reclaiming a frame) page faults: 380292
	Voluntary context switches: 17
	Involuntary context switches: 5
	Swaps: 0
	File system inputs: 0
	File system outputs: 8
	Socket messages sent: 0
	Socket messages received: 0
	Signals delivered: 0
	Page size (bytes): 4096
	Exit status: 0
LRAT_W_TIME,	Elapsed (wall clock) time (h:mm:ss or m:ss): 0:07.95
c parsed a formula with 3094431 variables and 10684799 clauses
c VERIFIED
c Added clauses = 11288074.  Deleted clauses = 10817698.  Max live clauses = 10684799
c verification time = 7.91 secs
c VERIFIED
OVERVIEW_HEADER,benchmark,solve mem,solve time,drat kb,drat sec,lrat kb,lrat sec,restarts,decisions,conflicts,propagations,mark proof sec,dump lrat sec, ana sec, anamem mb
OVERVIEW_CSV,/nfs/scratch/bzchartu/unsat_2018_solved/T105.2.0.cnf,	Maximum resident set size (kbytes): 3899720,	Elapsed (wall clock) time (h:mm:ss or m:ss): 3:41.57,0,0,167304	/local_ssd/proof.lrat,	Elapsed (wall clock) time (h:mm:ss or m:ss): 0:07.95,c restarts              : 578,c decisions             : 5133679        (0.00 % random) (24486 /sec),c conflicts             : 232940         (1111 /sec),c propagations          : 285052053      (1359618 /sec),Marking proof: 0.404 seconds,c Dumping LRAT: 3.704 seconds,c Analyze time: 	4.108 seconds,c Analyze used disk storage:	2561.32 MB
