SOLVERNAME,ANA
ANA_TMP_CONFIG,'/local_ssd/proof.dat'
BENCHNAME,/nfs/scratch/bzchartu/unsat_2018_solved/sdiv16prop.cnf
running lrb Bench '/nfs/scratch/bzchartu/unsat_2018_solved/sdiv16prop.cnf' on cumu02-00
Command exited with non-zero status 20
	Command being timed: "/nfs/scratch/bzchartu/programs/maplechronobt_proof_analyze/sources/simp/glucose_release_ana -det=lrb /nfs/scratch/bzchartu/unsat_2018_solved/sdiv16prop.cnf -cpu-lim=10000 -analyzer-tmp-file=/local_ssd/proof.dat -lrat-file=/local_ssd/proof.lrat"
	User time (seconds): 414.21
	System time (seconds): 12.08
	Percent of CPU this job got: 98%
	Elapsed (wall clock) time (h:mm:ss or m:ss): 7:14.30
	Average shared text size (kbytes): 0
	Average unshared data size (kbytes): 0
	Average stack size (kbytes): 0
	Average total size (kbytes): 0
	Maximum resident set size (kbytes): 5717708
	Average resident set size (kbytes): 0
	Major (requiring I/O) page faults: 11
	Minor (reclaiming a frame) page faults: 6437981
	Voluntary context switches: 141
	Involuntary context switches: 452
	Swaps: 0
	File system inputs: 288
	File system outputs: 40958416
	Socket messages sent: 0
	Socket messages received: 0
	Signals delivered: 0
	Page size (bytes): 4096
	Exit status: 20
SOLVE_W_TIME,	Elapsed (wall clock) time (h:mm:ss or m:ss): 7:14.30
c This is MapleLCMDistChronoBT.
c WARNING: for repeatability, setting FPU to use double precision
c Sat Analyzer will analyze result
c Analyzer will dump LRAT to '/local_ssd/proof.lrat'
c ============================[ Problem Statistics ]=============================
c |                                                                             |
c |  Number of variables:          3602                                         |
c |  Number of clauses:           10483                                         |
c |  Parse time:                   0.01 s                                       |
c |  Eliminated clauses:           0.10 Mb                                      |
c Reduced to 1228 vars, 5588 cls (grow=0)
c No iterative elimination performed. (vars=1228, c/v ratio=4.6)
c |  Simplification time:          0.02 s                                       |
c |                                                                             |
c running deterministic with LRB
c ============================[ Search Statistics ]==============================
c | Conflicts |          ORIGINAL         |          LEARNT          | Progress |
c |           |    Vars  Clauses Literals |    Limit  Clauses Lit/Cl |          |
c ===============================================================================
reserve 85196788 on /local_ssd/proof.dat
reserve 138444788 on /local_ssd/proof.dat
reserve 224972788 on /local_ssd/proof.dat
reserve 365580788 on /local_ssd/proof.dat
reserve 594074612 on /local_ssd/proof.dat
reserve 965372916 on /local_ssd/proof.dat
reserve 1568732660 on /local_ssd/proof.dat
reserve 2549194740 on /local_ssd/proof.dat
reserve 4142441460 on /local_ssd/proof.dat
reserve 6731472372 on /local_ssd/proof.dat
c ===============================================================================
c restarts              : 5140
c conflicts             : 2879677        (9050 /sec)
c decisions             : 3235736        (0.00 % random) (10169 /sec)
c propagations          : 675997090      (2124441 /sec)
c conflict literals     : 70122780       (68.46 % deleted)
c backtracks            : 2879676        (NCB 100% , CB 0%)
c Memory used           : 6473.00 MB
c CPU time              : 318.2 s

s UNSATISFIABLE
Marking proof: 49.032 seconds
c Dumping LRAT: 46.984 seconds
c Analyze time: 	96.016 seconds
c Analyze used disk storage:	5814.61 MB
LRAT_SIZE: 4091380	/local_ssd/proof.lrat
s UNSATISFIABLE
/local_ssd/proof.lrat
	Command being timed: "/nfs/scratch/bzchartu/programs/maplechronobt_proof_analyze/drat-trim/lrat-check /nfs/scratch/bzchartu/unsat_2018_solved/sdiv16prop.cnf /local_ssd/proof.lrat"
	User time (seconds): 95.13
	System time (seconds): 1.35
	Percent of CPU this job got: 99%
	Elapsed (wall clock) time (h:mm:ss or m:ss): 1:36.50
	Average shared text size (kbytes): 0
	Average unshared data size (kbytes): 0
	Average stack size (kbytes): 0
	Average total size (kbytes): 0
	Maximum resident set size (kbytes): 282200
	Average resident set size (kbytes): 0
	Major (requiring I/O) page faults: 0
	Minor (reclaiming a frame) page faults: 86309
	Voluntary context switches: 17
	Involuntary context switches: 123
	Swaps: 0
	File system inputs: 0
	File system outputs: 8
	Socket messages sent: 0
	Socket messages received: 0
	Signals delivered: 0
	Page size (bytes): 4096
	Exit status: 0
LRAT_W_TIME,	Elapsed (wall clock) time (h:mm:ss or m:ss): 1:36.50
c parsed a formula with 3602 variables and 10484 clauses
c VERIFIED
c Added clauses = 2854241.  Deleted clauses = 2815721.  Max live clauses = 96538
c verification time = 96.49 secs
c VERIFIED
OVERVIEW_HEADER,benchmark,solve mem,solve time,drat kb,drat sec,lrat kb,lrat sec,restarts,decisions,conflicts,propagations,mark proof sec,dump lrat sec, ana sec, anamem mb
OVERVIEW_CSV,/nfs/scratch/bzchartu/unsat_2018_solved/sdiv16prop.cnf,	Maximum resident set size (kbytes): 5717708,	Elapsed (wall clock) time (h:mm:ss or m:ss): 7:14.30,0,0,4091380	/local_ssd/proof.lrat,	Elapsed (wall clock) time (h:mm:ss or m:ss): 1:36.50,c restarts              : 5140,c decisions             : 3235736        (0.00 % random) (10169 /sec),c conflicts             : 2879677        (9050 /sec),c propagations          : 675997090      (2124441 /sec),Marking proof: 49.032 seconds,c Dumping LRAT: 46.984 seconds,c Analyze time: 	96.016 seconds,c Analyze used disk storage:	5814.61 MB
