SOLVERNAME,ANA
ANA_TMP_CONFIG,'/local_ssd/proof.dat'
BENCHNAME,/nfs/scratch/bzchartu/unsat_2018_solved/Nb39T6.cnf
running lrb Bench '/nfs/scratch/bzchartu/unsat_2018_solved/Nb39T6.cnf' on cumu02-00
Command exited with non-zero status 20
	Command being timed: "/nfs/scratch/bzchartu/programs/maplechronobt_proof_analyze/sources/simp/glucose_release_ana -det=lrb /nfs/scratch/bzchartu/unsat_2018_solved/Nb39T6.cnf -cpu-lim=10000 -analyzer-tmp-file=/local_ssd/proof.dat -lrat-file=/local_ssd/proof.lrat"
	User time (seconds): 669.80
	System time (seconds): 3.51
	Percent of CPU this job got: 99%
	Elapsed (wall clock) time (h:mm:ss or m:ss): 11:13.43
	Average shared text size (kbytes): 0
	Average unshared data size (kbytes): 0
	Average stack size (kbytes): 0
	Average total size (kbytes): 0
	Maximum resident set size (kbytes): 1814180
	Average resident set size (kbytes): 0
	Major (requiring I/O) page faults: 8
	Minor (reclaiming a frame) page faults: 4216295
	Voluntary context switches: 33
	Involuntary context switches: 645
	Swaps: 0
	File system inputs: 0
	File system outputs: 2828432
	Socket messages sent: 0
	Socket messages received: 0
	Signals delivered: 0
	Page size (bytes): 4096
	Exit status: 20
SOLVE_W_TIME,	Elapsed (wall clock) time (h:mm:ss or m:ss): 11:13.43
c This is MapleLCMDistChronoBT.
c WARNING: for repeatability, setting FPU to use double precision
c Sat Analyzer will analyze result
c Analyzer will dump LRAT to '/local_ssd/proof.lrat'
c ============================[ Problem Statistics ]=============================
c |                                                                             |
reserve 85196788 on /local_ssd/proof.dat
reserve 138444788 on /local_ssd/proof.dat
reserve 224972788 on /local_ssd/proof.dat
c |  Number of variables:       1054983                                         |
c |  Number of clauses:         4684680                                         |
c |  Parse time:                   1.54 s                                       |
reserve 365580788 on /local_ssd/proof.dat
reserve 594074612 on /local_ssd/proof.dat
c |  Eliminated clauses:          26.81 Mb                                      |
c Reduced to 586515 vars, 4684680 cls (grow=0)
reserve 965372916 on /local_ssd/proof.dat
c |  Eliminated clauses:          49.14 Mb                                      |
c Reduced to 352281 vars, 5621616 cls (grow=8)
c cl_inc_rate=1.200, var_dec_rate=1.665
c No. effective iterative eliminations: 1
c |  Simplification time:         10.66 s                                       |
c |                                                                             |
c running deterministic with LRB
c ============================[ Search Statistics ]==============================
c | Conflicts |          ORIGINAL         |          LEARNT          | Progress |
c |           |    Vars  Clauses Literals |    Limit  Clauses Lit/Cl |          |
c ===============================================================================
reserve 1568732660 on /local_ssd/proof.dat
c ===============================================================================
c restarts              : 1398
c conflicts             : 600816         (901 /sec)
c decisions             : 235763621      (0.00 % random) (353509 /sec)
c propagations          : 1198577281     (1797172 /sec)
c conflict literals     : 10161981       (22.91 % deleted)
c backtracks            : 594534         (NCB 96% , CB 4%)
c Memory used           : 2857.00 MB
c CPU time              : 666.924 s

s UNSATISFIABLE
Marking proof: 0.612 seconds
c Dumping LRAT: 2.128 seconds
c Analyze time: 	2.74 seconds
c Analyze used disk storage:	1018.29 MB
LRAT_SIZE: 191524	/local_ssd/proof.lrat
s UNSATISFIABLE
/local_ssd/proof.lrat
	Command being timed: "/nfs/scratch/bzchartu/programs/maplechronobt_proof_analyze/drat-trim/lrat-check /nfs/scratch/bzchartu/unsat_2018_solved/Nb39T6.cnf /local_ssd/proof.lrat"
	User time (seconds): 5.37
	System time (seconds): 0.25
	Percent of CPU this job got: 99%
	Elapsed (wall clock) time (h:mm:ss or m:ss): 0:05.63
	Average shared text size (kbytes): 0
	Average unshared data size (kbytes): 0
	Average stack size (kbytes): 0
	Average total size (kbytes): 0
	Maximum resident set size (kbytes): 503480
	Average resident set size (kbytes): 0
	Major (requiring I/O) page faults: 0
	Minor (reclaiming a frame) page faults: 141160
	Voluntary context switches: 19
	Involuntary context switches: 3
	Swaps: 0
	File system inputs: 0
	File system outputs: 8
	Socket messages sent: 0
	Socket messages received: 0
	Signals delivered: 0
	Page size (bytes): 4096
	Exit status: 0
LRAT_W_TIME,	Elapsed (wall clock) time (h:mm:ss or m:ss): 0:05.63
c parsed a formula with 1054983 variables and 4684680 clauses
c VERIFIED
c Added clauses = 5275074.  Deleted clauses = 5126796.  Max live clauses = 4684680
c verification time = 5.61 secs
c VERIFIED
OVERVIEW_HEADER,benchmark,solve mem,solve time,drat kb,drat sec,lrat kb,lrat sec,restarts,decisions,conflicts,propagations,mark proof sec,dump lrat sec, ana sec, anamem mb
OVERVIEW_CSV,/nfs/scratch/bzchartu/unsat_2018_solved/Nb39T6.cnf,	Maximum resident set size (kbytes): 1814180,	Elapsed (wall clock) time (h:mm:ss or m:ss): 11:13.43,0,0,191524	/local_ssd/proof.lrat,	Elapsed (wall clock) time (h:mm:ss or m:ss): 0:05.63,c restarts              : 1398,c decisions             : 235763621      (0.00 % random) (353509 /sec),c conflicts             : 600816         (901 /sec),c propagations          : 1198577281     (1797172 /sec),Marking proof: 0.612 seconds,c Dumping LRAT: 2.128 seconds,c Analyze time: 	2.74 seconds,c Analyze used disk storage:	1018.29 MB
