SOLVERNAME,ANA
ANA_TMP_CONFIG,'/local_ssd/proof.dat'
BENCHNAME,/nfs/scratch/bzchartu/unsat_2018_solved/gto_p60c233.cnf
running lrb Bench '/nfs/scratch/bzchartu/unsat_2018_solved/gto_p60c233.cnf' on cumu02-14
Command exited with non-zero status 20
	Command being timed: "/nfs/scratch/bzchartu/programs/maplechronobt_proof_analyze/sources/simp/glucose_release_ana -det=lrb /nfs/scratch/bzchartu/unsat_2018_solved/gto_p60c233.cnf -cpu-lim=10000 -analyzer-tmp-file=/local_ssd/proof.dat -lrat-file=/local_ssd/proof.lrat"
	User time (seconds): 70.28
	System time (seconds): 1.02
	Percent of CPU this job got: 99%
	Elapsed (wall clock) time (h:mm:ss or m:ss): 1:11.50
	Average shared text size (kbytes): 0
	Average unshared data size (kbytes): 0
	Average stack size (kbytes): 0
	Average total size (kbytes): 0
	Maximum resident set size (kbytes): 666048
	Average resident set size (kbytes): 0
	Major (requiring I/O) page faults: 10
	Minor (reclaiming a frame) page faults: 336600
	Voluntary context switches: 42
	Involuntary context switches: 88
	Swaps: 0
	File system inputs: 39608
	File system outputs: 3126904
	Socket messages sent: 0
	Socket messages received: 0
	Signals delivered: 0
	Page size (bytes): 4096
	Exit status: 20
SOLVE_W_TIME,	Elapsed (wall clock) time (h:mm:ss or m:ss): 1:11.50
c This is MapleLCMDistChronoBT.
c WARNING: for repeatability, setting FPU to use double precision
c Sat Analyzer will analyze result
c Analyzer will dump LRAT to '/local_ssd/proof.lrat'
c ============================[ Problem Statistics ]=============================
c |                                                                             |
c |  Number of variables:          1023                                         |
c |  Number of clauses:            2728                                         |
c |  Parse time:                   0.00 s                                       |
c |  Eliminated clauses:           0.02 Mb                                      |
c Reduced to 123 vars, 513 cls (grow=0)
c No iterative elimination performed. (vars=123, c/v ratio=4.2)
c |  Simplification time:          0.01 s                                       |
c |                                                                             |
c running deterministic with LRB
c ============================[ Search Statistics ]==============================
c | Conflicts |          ORIGINAL         |          LEARNT          | Progress |
c |           |    Vars  Clauses Literals |    Limit  Clauses Lit/Cl |          |
c ===============================================================================
reserve 85196788 on /local_ssd/proof.dat
reserve 138444788 on /local_ssd/proof.dat
reserve 224972788 on /local_ssd/proof.dat
reserve 365580788 on /local_ssd/proof.dat
reserve 594074612 on /local_ssd/proof.dat
reserve 965372916 on /local_ssd/proof.dat
c ===============================================================================
c restarts              : 3333
c conflicts             : 1754648        (28206 /sec)
c decisions             : 1963196        (0.00 % random) (31559 /sec)
c propagations          : 32014746       (514640 /sec)
c conflict literals     : 31923202       (41.26 % deleted)
c backtracks            : 1754647        (NCB 100% , CB 0%)
c Memory used           : 961.00 MB
c CPU time              : 62.208 s

s UNSATISFIABLE
Marking proof: 2.536 seconds
c Dumping LRAT: 5.532 seconds
c Analyze time: 	8.072 seconds
c Analyze used disk storage:	658.149 MB
LRAT_SIZE: 444672	/local_ssd/proof.lrat
s UNSATISFIABLE
/local_ssd/proof.lrat
	Command being timed: "/nfs/scratch/bzchartu/programs/maplechronobt_proof_analyze/drat-trim/lrat-check /nfs/scratch/bzchartu/unsat_2018_solved/gto_p60c233.cnf /local_ssd/proof.lrat"
	User time (seconds): 10.46
	System time (seconds): 0.15
	Percent of CPU this job got: 99%
	Elapsed (wall clock) time (h:mm:ss or m:ss): 0:10.62
	Average shared text size (kbytes): 0
	Average unshared data size (kbytes): 0
	Average stack size (kbytes): 0
	Average total size (kbytes): 0
	Maximum resident set size (kbytes): 138040
	Average resident set size (kbytes): 0
	Major (requiring I/O) page faults: 0
	Minor (reclaiming a frame) page faults: 39511
	Voluntary context switches: 17
	Involuntary context switches: 13
	Swaps: 0
	File system inputs: 0
	File system outputs: 8
	Socket messages sent: 0
	Socket messages received: 0
	Signals delivered: 0
	Page size (bytes): 4096
	Exit status: 0
LRAT_W_TIME,	Elapsed (wall clock) time (h:mm:ss or m:ss): 0:10.62
c parsed a formula with 1023 variables and 3533 clauses
c VERIFIED
c Added clauses = 1741318.  Deleted clauses = 1700555.  Max live clauses = 51544
c verification time = 10.61 secs
c VERIFIED
OVERVIEW_HEADER,benchmark,solve mem,solve time,drat kb,drat sec,lrat kb,lrat sec,restarts,decisions,conflicts,propagations,mark proof sec,dump lrat sec, ana sec, anamem mb
OVERVIEW_CSV,/nfs/scratch/bzchartu/unsat_2018_solved/gto_p60c233.cnf,	Maximum resident set size (kbytes): 666048,	Elapsed (wall clock) time (h:mm:ss or m:ss): 1:11.50,0,0,444672	/local_ssd/proof.lrat,	Elapsed (wall clock) time (h:mm:ss or m:ss): 0:10.62,c restarts              : 3333,c decisions             : 1963196        (0.00 % random) (31559 /sec),c conflicts             : 1754648        (28206 /sec),c propagations          : 32014746       (514640 /sec),Marking proof: 2.536 seconds,c Dumping LRAT: 5.532 seconds,c Analyze time: 	8.072 seconds,c Analyze used disk storage:	658.149 MB
