SOLVERNAME,ANA
ANA_TMP_CONFIG,'/local_ssd/proof.dat'
BENCHNAME,/nfs/scratch/bzchartu/unsat_2018_solved/sdiv15prop.cnf
running lrb Bench '/nfs/scratch/bzchartu/unsat_2018_solved/sdiv15prop.cnf' on cumu02-12
Command exited with non-zero status 20
	Command being timed: "/nfs/scratch/bzchartu/programs/maplechronobt_proof_analyze/sources/simp/glucose_release_ana -det=lrb /nfs/scratch/bzchartu/unsat_2018_solved/sdiv15prop.cnf -cpu-lim=10000 -analyzer-tmp-file=/local_ssd/proof.dat -lrat-file=/local_ssd/proof.lrat"
	User time (seconds): 175.92
	System time (seconds): 5.27
	Percent of CPU this job got: 98%
	Elapsed (wall clock) time (h:mm:ss or m:ss): 3:04.80
	Average shared text size (kbytes): 0
	Average unshared data size (kbytes): 0
	Average stack size (kbytes): 0
	Average total size (kbytes): 0
	Maximum resident set size (kbytes): 2499948
	Average resident set size (kbytes): 0
	Major (requiring I/O) page faults: 9
	Minor (reclaiming a frame) page faults: 2594924
	Voluntary context switches: 45
	Involuntary context switches: 166
	Swaps: 0
	File system inputs: 256
	File system outputs: 15947280
	Socket messages sent: 0
	Socket messages received: 0
	Signals delivered: 0
	Page size (bytes): 4096
	Exit status: 20
SOLVE_W_TIME,	Elapsed (wall clock) time (h:mm:ss or m:ss): 3:04.80
c This is MapleLCMDistChronoBT.
c WARNING: for repeatability, setting FPU to use double precision
c Sat Analyzer will analyze result
c Analyzer will dump LRAT to '/local_ssd/proof.lrat'
c ============================[ Problem Statistics ]=============================
c |                                                                             |
c |  Number of variables:          3179                                         |
c |  Number of clauses:            9235                                         |
c |  Parse time:                   0.00 s                                       |
c |  Eliminated clauses:           0.08 Mb                                      |
c Reduced to 1216 vars, 5483 cls (grow=0)
c No iterative elimination performed. (vars=1216, c/v ratio=4.5)
c |  Simplification time:          0.02 s                                       |
c |                                                                             |
c running deterministic with LRB
c ============================[ Search Statistics ]==============================
c | Conflicts |          ORIGINAL         |          LEARNT          | Progress |
c |           |    Vars  Clauses Literals |    Limit  Clauses Lit/Cl |          |
c ===============================================================================
reserve 85196788 on /local_ssd/proof.dat
reserve 138444788 on /local_ssd/proof.dat
reserve 224972788 on /local_ssd/proof.dat
reserve 365580788 on /local_ssd/proof.dat
reserve 594074612 on /local_ssd/proof.dat
reserve 965372916 on /local_ssd/proof.dat
reserve 1568732660 on /local_ssd/proof.dat
reserve 2549194740 on /local_ssd/proof.dat
c ===============================================================================
c restarts              : 2666
c conflicts             : 1362046        (10059 /sec)
c decisions             : 1595594        (0.00 % random) (11784 /sec)
c propagations          : 290560428      (2145878 /sec)
c conflict literals     : 32528791       (66.22 % deleted)
c backtracks            : 1362045        (NCB 100% , CB 0%)
c Memory used           : 2479.00 MB
c CPU time              : 135.404 s

s UNSATISFIABLE
Marking proof: 20.336 seconds
c Dumping LRAT: 20.188 seconds
c Analyze time: 	40.524 seconds
c Analyze used disk storage:	2525.82 MB
LRAT_SIZE: 1745896	/local_ssd/proof.lrat
s UNSATISFIABLE
/local_ssd/proof.lrat
	Command being timed: "/nfs/scratch/bzchartu/programs/maplechronobt_proof_analyze/drat-trim/lrat-check /nfs/scratch/bzchartu/unsat_2018_solved/sdiv15prop.cnf /local_ssd/proof.lrat"
	User time (seconds): 40.65
	System time (seconds): 0.32
	Percent of CPU this job got: 99%
	Elapsed (wall clock) time (h:mm:ss or m:ss): 0:40.97
	Average shared text size (kbytes): 0
	Average unshared data size (kbytes): 0
	Average stack size (kbytes): 0
	Average total size (kbytes): 0
	Maximum resident set size (kbytes): 124376
	Average resident set size (kbytes): 0
	Major (requiring I/O) page faults: 0
	Minor (reclaiming a frame) page faults: 40139
	Voluntary context switches: 17
	Involuntary context switches: 57
	Swaps: 0
	File system inputs: 0
	File system outputs: 8
	Socket messages sent: 0
	Socket messages received: 0
	Signals delivered: 0
	Page size (bytes): 4096
	Exit status: 0
LRAT_W_TIME,	Elapsed (wall clock) time (h:mm:ss or m:ss): 0:40.97
c parsed a formula with 3179 variables and 9236 clauses
c VERIFIED
c Added clauses = 1364648.  Deleted clauses = 1346182.  Max live clauses = 80964
c verification time = 40.97 secs
c VERIFIED
OVERVIEW_HEADER,benchmark,solve mem,solve time,drat kb,drat sec,lrat kb,lrat sec,restarts,decisions,conflicts,propagations,mark proof sec,dump lrat sec, ana sec, anamem mb
OVERVIEW_CSV,/nfs/scratch/bzchartu/unsat_2018_solved/sdiv15prop.cnf,	Maximum resident set size (kbytes): 2499948,	Elapsed (wall clock) time (h:mm:ss or m:ss): 3:04.80,0,0,1745896	/local_ssd/proof.lrat,	Elapsed (wall clock) time (h:mm:ss or m:ss): 0:40.97,c restarts              : 2666,c decisions             : 1595594        (0.00 % random) (11784 /sec),c conflicts             : 1362046        (10059 /sec),c propagations          : 290560428      (2145878 /sec),Marking proof: 20.336 seconds,c Dumping LRAT: 20.188 seconds,c Analyze time: 	40.524 seconds,c Analyze used disk storage:	2525.82 MB
