SOLVERNAME,ANA
ANA_TMP_CONFIG,'/local_ssd/proof.dat'
BENCHNAME,/nfs/scratch/bzchartu/unsat_2018_solved/mchess_17.cnf
running lrb Bench '/nfs/scratch/bzchartu/unsat_2018_solved/mchess_17.cnf' on cumu01-13
Command exited with non-zero status 20
	Command being timed: "/nfs/scratch/bzchartu/programs/maplechronobt_proof_analyze/sources/simp/glucose_release_ana -det=lrb /nfs/scratch/bzchartu/unsat_2018_solved/mchess_17.cnf -cpu-lim=10000 -analyzer-tmp-file=/local_ssd/proof.dat -lrat-file=/local_ssd/proof.lrat"
	User time (seconds): 1270.79
	System time (seconds): 16.06
	Percent of CPU this job got: 99%
	Elapsed (wall clock) time (h:mm:ss or m:ss): 21:37.72
	Average shared text size (kbytes): 0
	Average unshared data size (kbytes): 0
	Average stack size (kbytes): 0
	Average total size (kbytes): 0
	Maximum resident set size (kbytes): 7322996
	Average resident set size (kbytes): 0
	Major (requiring I/O) page faults: 12
	Minor (reclaiming a frame) page faults: 8315102
	Voluntary context switches: 148
	Involuntary context switches: 1023
	Swaps: 0
	File system inputs: 48
	File system outputs: 50167504
	Socket messages sent: 0
	Socket messages received: 0
	Signals delivered: 0
	Page size (bytes): 4096
	Exit status: 20
SOLVE_W_TIME,	Elapsed (wall clock) time (h:mm:ss or m:ss): 21:37.72
c This is MapleLCMDistChronoBT.
c WARNING: for repeatability, setting FPU to use double precision
c Sat Analyzer will analyze result
c Analyzer will dump LRAT to '/local_ssd/proof.lrat'
c ============================[ Problem Statistics ]=============================
c |                                                                             |
c |  Number of variables:           544                                         |
c |  Number of clauses:            1811                                         |
c |  Parse time:                   0.00 s                                       |
c |  Eliminated clauses:           0.01 Mb                                      |
c Reduced to 374 vars, 1496 cls (grow=0)
c No iterative elimination performed. (vars=374, c/v ratio=4.0)
c |  Simplification time:          0.00 s                                       |
c |                                                                             |
c running deterministic with LRB
c ============================[ Search Statistics ]==============================
c | Conflicts |          ORIGINAL         |          LEARNT          | Progress |
c |           |    Vars  Clauses Literals |    Limit  Clauses Lit/Cl |          |
c ===============================================================================
reserve 85196788 on /local_ssd/proof.dat
reserve 138444788 on /local_ssd/proof.dat
reserve 224972788 on /local_ssd/proof.dat
reserve 365580788 on /local_ssd/proof.dat
reserve 594074612 on /local_ssd/proof.dat
reserve 965372916 on /local_ssd/proof.dat
reserve 1568732660 on /local_ssd/proof.dat
reserve 2549194740 on /local_ssd/proof.dat
reserve 4142441460 on /local_ssd/proof.dat
reserve 6731472372 on /local_ssd/proof.dat
reserve 10938643444 on /local_ssd/proof.dat
c ===============================================================================
c restarts              : 37836
c conflicts             : 27451435       (23355 /sec)
c decisions             : 33670343       (0.00 % random) (28646 /sec)
c propagations          : 490933381      (417673 /sec)
c conflict literals     : 456088848      (30.20 % deleted)
c backtracks            : 27451434       (NCB 100% , CB 0%)
c Memory used           : 10520.00 MB
c CPU time              : 1175.4 s

s UNSATISFIABLE
Marking proof: 25.912 seconds
c Dumping LRAT: 69.484 seconds
c Analyze time: 	95.396 seconds
c Analyze used disk storage:	7423.79 MB
LRAT_SIZE: 5402004	/local_ssd/proof.lrat
s UNSATISFIABLE
/local_ssd/proof.lrat
	Command being timed: "/nfs/scratch/bzchartu/programs/maplechronobt_proof_analyze/drat-trim/lrat-check /nfs/scratch/bzchartu/unsat_2018_solved/mchess_17.cnf /local_ssd/proof.lrat"
	User time (seconds): 120.48
	System time (seconds): 1.85
	Percent of CPU this job got: 100%
	Elapsed (wall clock) time (h:mm:ss or m:ss): 2:02.33
	Average shared text size (kbytes): 0
	Average unshared data size (kbytes): 0
	Average stack size (kbytes): 0
	Average total size (kbytes): 0
	Maximum resident set size (kbytes): 1871928
	Average resident set size (kbytes): 0
	Major (requiring I/O) page faults: 0
	Minor (reclaiming a frame) page faults: 498327
	Voluntary context switches: 19
	Involuntary context switches: 41
	Swaps: 0
	File system inputs: 0
	File system outputs: 8
	Socket messages sent: 0
	Socket messages received: 0
	Signals delivered: 0
	Page size (bytes): 4096
	Exit status: 0
LRAT_W_TIME,	Elapsed (wall clock) time (h:mm:ss or m:ss): 2:02.33
c parsed a formula with 544 variables and 1815 clauses
c VERIFIED
c Added clauses = 26049047.  Deleted clauses = 25925034.  Max live clauses = 200173
c verification time = 122.26 secs
c VERIFIED
OVERVIEW_HEADER,benchmark,solve mem,solve time,drat kb,drat sec,lrat kb,lrat sec,restarts,decisions,conflicts,propagations,mark proof sec,dump lrat sec, ana sec, anamem mb
OVERVIEW_CSV,/nfs/scratch/bzchartu/unsat_2018_solved/mchess_17.cnf,	Maximum resident set size (kbytes): 7322996,	Elapsed (wall clock) time (h:mm:ss or m:ss): 21:37.72,0,0,5402004	/local_ssd/proof.lrat,	Elapsed (wall clock) time (h:mm:ss or m:ss): 2:02.33,c restarts              : 37836,c decisions             : 33670343       (0.00 % random) (28646 /sec),c conflicts             : 27451435       (23355 /sec),c propagations          : 490933381      (417673 /sec),Marking proof: 25.912 seconds,c Dumping LRAT: 69.484 seconds,c Analyze time: 	95.396 seconds,c Analyze used disk storage:	7423.79 MB
