SOLVERNAME,ANA
ANA_TMP_CONFIG,'/local_ssd/proof.dat'
BENCHNAME,/nfs/scratch/bzchartu/unsat_2018_solved/e_rphp065_04.cnf
running lrb Bench '/nfs/scratch/bzchartu/unsat_2018_solved/e_rphp065_04.cnf' on cumu02-09
Command exited with non-zero status 20
	Command being timed: "/nfs/scratch/bzchartu/programs/maplechronobt_proof_analyze/sources/simp/glucose_release_ana -det=lrb /nfs/scratch/bzchartu/unsat_2018_solved/e_rphp065_04.cnf -cpu-lim=10000 -analyzer-tmp-file=/local_ssd/proof.dat -lrat-file=/local_ssd/proof.lrat"
	User time (seconds): 420.19
	System time (seconds): 3.94
	Percent of CPU this job got: 99%
	Elapsed (wall clock) time (h:mm:ss or m:ss): 7:05.08
	Average shared text size (kbytes): 0
	Average unshared data size (kbytes): 0
	Average stack size (kbytes): 0
	Average total size (kbytes): 0
	Maximum resident set size (kbytes): 2389048
	Average resident set size (kbytes): 0
	Major (requiring I/O) page faults: 9
	Minor (reclaiming a frame) page faults: 1742749
	Voluntary context switches: 46
	Involuntary context switches: 317
	Swaps: 0
	File system inputs: 456
	File system outputs: 15230832
	Socket messages sent: 0
	Socket messages received: 0
	Signals delivered: 0
	Page size (bytes): 4096
	Exit status: 20
SOLVE_W_TIME,	Elapsed (wall clock) time (h:mm:ss or m:ss): 7:05.08
c This is MapleLCMDistChronoBT.
c WARNING: for repeatability, setting FPU to use double precision
c Sat Analyzer will analyze result
c Analyzer will dump LRAT to '/local_ssd/proof.lrat'
c ============================[ Problem Statistics ]=============================
c |                                                                             |
c |  Number of variables:          7073                                         |
c |  Number of clauses:           13512                                         |
c |  Parse time:                   0.01 s                                       |
c |  Eliminated clauses:           0.15 Mb                                      |
c Reduced to 451 vars, 6890 cls (grow=0)
c No iterative elimination performed. (vars=451, c/v ratio=15.3)
c |  Simplification time:          0.04 s                                       |
c |                                                                             |
c running deterministic with LRB
c ============================[ Search Statistics ]==============================
c | Conflicts |          ORIGINAL         |          LEARNT          | Progress |
c |           |    Vars  Clauses Literals |    Limit  Clauses Lit/Cl |          |
c ===============================================================================
reserve 85196788 on /local_ssd/proof.dat
reserve 138444788 on /local_ssd/proof.dat
reserve 224972788 on /local_ssd/proof.dat
reserve 365580788 on /local_ssd/proof.dat
reserve 594074612 on /local_ssd/proof.dat
reserve 965372916 on /local_ssd/proof.dat
reserve 1568732660 on /local_ssd/proof.dat
reserve 2549194740 on /local_ssd/proof.dat
c ===============================================================================
c restarts              : 11108
c conflicts             : 6794116        (17222 /sec)
c decisions             : 77516909       (0.00 % random) (196496 /sec)
c propagations          : 290726432      (736957 /sec)
c conflict literals     : 178637360      (24.55 % deleted)
c backtracks            : 6754805        (NCB 99% , CB 1%)
c Memory used           : 2544.00 MB
c CPU time              : 394.496 s

s UNSATISFIABLE
Marking proof: 5.208 seconds
c Dumping LRAT: 20.492 seconds
c Analyze time: 	25.7 seconds
c Analyze used disk storage:	2345.8 MB
LRAT_SIZE: 1397560	/local_ssd/proof.lrat
s UNSATISFIABLE
/local_ssd/proof.lrat
	Command being timed: "/nfs/scratch/bzchartu/programs/maplechronobt_proof_analyze/drat-trim/lrat-check /nfs/scratch/bzchartu/unsat_2018_solved/e_rphp065_04.cnf /local_ssd/proof.lrat"
	User time (seconds): 32.12
	System time (seconds): 0.63
	Percent of CPU this job got: 99%
	Elapsed (wall clock) time (h:mm:ss or m:ss): 0:32.77
	Average shared text size (kbytes): 0
	Average unshared data size (kbytes): 0
	Average stack size (kbytes): 0
	Average total size (kbytes): 0
	Maximum resident set size (kbytes): 650028
	Average resident set size (kbytes): 0
	Major (requiring I/O) page faults: 0
	Minor (reclaiming a frame) page faults: 169786
	Voluntary context switches: 19
	Involuntary context switches: 29
	Swaps: 0
	File system inputs: 0
	File system outputs: 8
	Socket messages sent: 0
	Socket messages received: 0
	Signals delivered: 0
	Page size (bytes): 4096
	Exit status: 0
LRAT_W_TIME,	Elapsed (wall clock) time (h:mm:ss or m:ss): 0:32.77
c parsed a formula with 7073 variables and 13512 clauses
c VERIFIED
c Added clauses = 6699338.  Deleted clauses = 6635376.  Max live clauses = 156706
c verification time = 32.75 secs
c VERIFIED
OVERVIEW_HEADER,benchmark,solve mem,solve time,drat kb,drat sec,lrat kb,lrat sec,restarts,decisions,conflicts,propagations,mark proof sec,dump lrat sec, ana sec, anamem mb
OVERVIEW_CSV,/nfs/scratch/bzchartu/unsat_2018_solved/e_rphp065_04.cnf,	Maximum resident set size (kbytes): 2389048,	Elapsed (wall clock) time (h:mm:ss or m:ss): 7:05.08,0,0,1397560	/local_ssd/proof.lrat,	Elapsed (wall clock) time (h:mm:ss or m:ss): 0:32.77,c restarts              : 11108,c decisions             : 77516909       (0.00 % random) (196496 /sec),c conflicts             : 6794116        (17222 /sec),c propagations          : 290726432      (736957 /sec),Marking proof: 5.208 seconds,c Dumping LRAT: 20.492 seconds,c Analyze time: 	25.7 seconds,c Analyze used disk storage:	2345.8 MB
