SOLVERNAME,ANA
ANA_TMP_CONFIG,'/local_ssd/proof.dat'
BENCHNAME,/nfs/scratch/bzchartu/unsat_2018_solved/ae_rphp055_04.cnf
running lrb Bench '/nfs/scratch/bzchartu/unsat_2018_solved/ae_rphp055_04.cnf' on cumu02-10
Command exited with non-zero status 20
	Command being timed: "/nfs/scratch/bzchartu/programs/maplechronobt_proof_analyze/sources/simp/glucose_release_ana -det=lrb /nfs/scratch/bzchartu/unsat_2018_solved/ae_rphp055_04.cnf -cpu-lim=10000 -analyzer-tmp-file=/local_ssd/proof.dat -lrat-file=/local_ssd/proof.lrat"
	User time (seconds): 186.07
	System time (seconds): 2.04
	Percent of CPU this job got: 98%
	Elapsed (wall clock) time (h:mm:ss or m:ss): 3:10.06
	Average shared text size (kbytes): 0
	Average unshared data size (kbytes): 0
	Average stack size (kbytes): 0
	Average total size (kbytes): 0
	Maximum resident set size (kbytes): 1147560
	Average resident set size (kbytes): 0
	Major (requiring I/O) page faults: 9
	Minor (reclaiming a frame) page faults: 630593
	Voluntary context switches: 1648
	Involuntary context switches: 661
	Swaps: 0
	File system inputs: 3752
	File system outputs: 5310968
	Socket messages sent: 0
	Socket messages received: 0
	Signals delivered: 0
	Page size (bytes): 4096
	Exit status: 20
SOLVE_W_TIME,	Elapsed (wall clock) time (h:mm:ss or m:ss): 3:10.06
c This is MapleLCMDistChronoBT.
c WARNING: for repeatability, setting FPU to use double precision
c Sat Analyzer will analyze result
c Analyzer will dump LRAT to '/local_ssd/proof.lrat'
c ============================[ Problem Statistics ]=============================
c |                                                                             |
c |  Number of variables:          5185                                         |
c |  Number of clauses:           11996                                         |
c |  Parse time:                   0.01 s                                       |
c |  Eliminated clauses:           0.11 Mb                                      |
c Reduced to 410 vars, 6867 cls (grow=0)
c No iterative elimination performed. (vars=410, c/v ratio=16.7)
c |  Simplification time:          0.02 s                                       |
c |                                                                             |
c running deterministic with LRB
c ============================[ Search Statistics ]==============================
c | Conflicts |          ORIGINAL         |          LEARNT          | Progress |
c |           |    Vars  Clauses Literals |    Limit  Clauses Lit/Cl |          |
c ===============================================================================
reserve 85196788 on /local_ssd/proof.dat
reserve 138444788 on /local_ssd/proof.dat
reserve 224972788 on /local_ssd/proof.dat
reserve 365580788 on /local_ssd/proof.dat
reserve 594074612 on /local_ssd/proof.dat
reserve 965372916 on /local_ssd/proof.dat
reserve 1568732660 on /local_ssd/proof.dat
c ===============================================================================
c restarts              : 5896
c conflicts             : 3268445        (18719 /sec)
c decisions             : 30645651       (0.00 % random) (175515 /sec)
c propagations          : 124923735      (715469 /sec)
c conflict literals     : 80391900       (25.12 % deleted)
c backtracks            : 3265392        (NCB 100% , CB 0%)
c Memory used           : 1586.00 MB
c CPU time              : 174.604 s

s UNSATISFIABLE
Marking proof: 2.348 seconds
c Dumping LRAT: 9.12 seconds
c Analyze time: 	11.468 seconds
c Analyze used disk storage:	1112.11 MB
LRAT_SIZE: 641716	/local_ssd/proof.lrat
s UNSATISFIABLE
/local_ssd/proof.lrat
	Command being timed: "/nfs/scratch/bzchartu/programs/maplechronobt_proof_analyze/drat-trim/lrat-check /nfs/scratch/bzchartu/unsat_2018_solved/ae_rphp055_04.cnf /local_ssd/proof.lrat"
	User time (seconds): 15.16
	System time (seconds): 0.21
	Percent of CPU this job got: 99%
	Elapsed (wall clock) time (h:mm:ss or m:ss): 0:15.37
	Average shared text size (kbytes): 0
	Average unshared data size (kbytes): 0
	Average stack size (kbytes): 0
	Average total size (kbytes): 0
	Maximum resident set size (kbytes): 300608
	Average resident set size (kbytes): 0
	Major (requiring I/O) page faults: 0
	Minor (reclaiming a frame) page faults: 80940
	Voluntary context switches: 17
	Involuntary context switches: 8
	Swaps: 0
	File system inputs: 0
	File system outputs: 8
	Socket messages sent: 0
	Socket messages received: 0
	Signals delivered: 0
	Page size (bytes): 4096
	Exit status: 0
LRAT_W_TIME,	Elapsed (wall clock) time (h:mm:ss or m:ss): 0:15.37
c parsed a formula with 5185 variables and 11996 clauses
c VERIFIED
c Added clauses = 3283748.  Deleted clauses = 3204005.  Max live clauses = 109756
c verification time = 15.36 secs
c VERIFIED
OVERVIEW_HEADER,benchmark,solve mem,solve time,drat kb,drat sec,lrat kb,lrat sec,restarts,decisions,conflicts,propagations,mark proof sec,dump lrat sec, ana sec, anamem mb
OVERVIEW_CSV,/nfs/scratch/bzchartu/unsat_2018_solved/ae_rphp055_04.cnf,	Maximum resident set size (kbytes): 1147560,	Elapsed (wall clock) time (h:mm:ss or m:ss): 3:10.06,0,0,641716	/local_ssd/proof.lrat,	Elapsed (wall clock) time (h:mm:ss or m:ss): 0:15.37,c restarts              : 5896,c decisions             : 30645651       (0.00 % random) (175515 /sec),c conflicts             : 3268445        (18719 /sec),c propagations          : 124923735      (715469 /sec),Marking proof: 2.348 seconds,c Dumping LRAT: 9.12 seconds,c Analyze time: 	11.468 seconds,c Analyze used disk storage:	1112.11 MB
