SOLVERNAME,ANA
ANA_TMP_CONFIG,'/local_ssd/proof.dat'
BENCHNAME,/nfs/scratch/bzchartu/unsat_2018_solved/newton_3_4_true-unreach-call.i.cnf
running lrb Bench '/nfs/scratch/bzchartu/unsat_2018_solved/newton_3_4_true-unreach-call.i.cnf' on cumu02-02
Command exited with non-zero status 20
	Command being timed: "/nfs/scratch/bzchartu/programs/maplechronobt_proof_analyze/sources/simp/glucose_release_ana -det=lrb /nfs/scratch/bzchartu/unsat_2018_solved/newton_3_4_true-unreach-call.i.cnf -cpu-lim=10000 -analyzer-tmp-file=/local_ssd/proof.dat -lrat-file=/local_ssd/proof.lrat"
	User time (seconds): 340.30
	System time (seconds): 3.74
	Percent of CPU this job got: 99%
	Elapsed (wall clock) time (h:mm:ss or m:ss): 5:44.81
	Average shared text size (kbytes): 0
	Average unshared data size (kbytes): 0
	Average stack size (kbytes): 0
	Average total size (kbytes): 0
	Maximum resident set size (kbytes): 3230492
	Average resident set size (kbytes): 0
	Major (requiring I/O) page faults: 10
	Minor (reclaiming a frame) page faults: 2301361
	Voluntary context switches: 47
	Involuntary context switches: 333
	Swaps: 0
	File system inputs: 32272
	File system outputs: 6805720
	Socket messages sent: 0
	Socket messages received: 0
	Signals delivered: 0
	Page size (bytes): 4096
	Exit status: 20
SOLVE_W_TIME,	Elapsed (wall clock) time (h:mm:ss or m:ss): 5:44.81
c This is MapleLCMDistChronoBT.
c WARNING: for repeatability, setting FPU to use double precision
c Sat Analyzer will analyze result
c Analyzer will dump LRAT to '/local_ssd/proof.lrat'
c ============================[ Problem Statistics ]=============================
c |                                                                             |
c |  Number of variables:        164694                                         |
c |  Number of clauses:          759649                                         |
c |  Parse time:                   0.31 s                                       |
c |  Eliminated clauses:           1.69 Mb                                      |
c Reduced to 128843 vars, 689959 cls (grow=0)
reserve 85196788 on /local_ssd/proof.dat
reserve 138444788 on /local_ssd/proof.dat
c |  Eliminated clauses:           4.71 Mb                                      |
c Reduced to 94085 vars, 693374 cls (grow=8)
c cl_inc_rate=1.005, var_dec_rate=1.369
c |  Eliminated clauses:           5.25 Mb                                      |
c Reduced to 89320 vars, 724616 cls (grow=16)
c cl_inc_rate=1.045, var_dec_rate=1.053
reserve 224972788 on /local_ssd/proof.dat
c |  Eliminated clauses:           7.22 Mb                                      |
c Reduced to 76683 vars, 983627 cls (grow=32)
c cl_inc_rate=1.357, var_dec_rate=1.165
c No. effective iterative eliminations: 3
c |  Simplification time:          3.86 s                                       |
c |                                                                             |
c running deterministic with LRB
c ============================[ Search Statistics ]==============================
c | Conflicts |          ORIGINAL         |          LEARNT          | Progress |
c |           |    Vars  Clauses Literals |    Limit  Clauses Lit/Cl |          |
c ===============================================================================
reserve 365580788 on /local_ssd/proof.dat
reserve 594074612 on /local_ssd/proof.dat
reserve 965372916 on /local_ssd/proof.dat
reserve 1568732660 on /local_ssd/proof.dat
reserve 2549194740 on /local_ssd/proof.dat
reserve 4142441460 on /local_ssd/proof.dat
c ===============================================================================
c restarts              : 1297
c conflicts             : 588551         (1737 /sec)
c decisions             : 5101955        (0.00 % random) (15054 /sec)
c propagations          : 1228513890     (3624833 /sec)
c conflict literals     : 26291883       (57.80 % deleted)
c backtracks            : 585699         (NCB 97% , CB 3%)
c Memory used           : 4231.00 MB
c CPU time              : 338.916 s

s UNSATISFIABLE
Marking proof: 0.344 seconds
c Dumping LRAT: 1.012 seconds
c Analyze time: 	1.356 seconds
c Analyze used disk storage:	3167.77 MB
LRAT_SIZE: 69232	/local_ssd/proof.lrat
s UNSATISFIABLE
/local_ssd/proof.lrat
	Command being timed: "/nfs/scratch/bzchartu/programs/maplechronobt_proof_analyze/drat-trim/lrat-check /nfs/scratch/bzchartu/unsat_2018_solved/newton_3_4_true-unreach-call.i.cnf /local_ssd/proof.lrat"
	User time (seconds): 1.78
	System time (seconds): 0.05
	Percent of CPU this job got: 99%
	Elapsed (wall clock) time (h:mm:ss or m:ss): 0:01.84
	Average shared text size (kbytes): 0
	Average unshared data size (kbytes): 0
	Average stack size (kbytes): 0
	Average total size (kbytes): 0
	Maximum resident set size (kbytes): 84684
	Average resident set size (kbytes): 0
	Major (requiring I/O) page faults: 0
	Minor (reclaiming a frame) page faults: 21133
	Voluntary context switches: 19
	Involuntary context switches: 2
	Swaps: 0
	File system inputs: 0
	File system outputs: 8
	Socket messages sent: 0
	Socket messages received: 0
	Signals delivered: 0
	Page size (bytes): 4096
	Exit status: 0
LRAT_W_TIME,	Elapsed (wall clock) time (h:mm:ss or m:ss): 0:01.84
c parsed a formula with 164694 variables and 766037 clauses
c VERIFIED
c Added clauses = 1242934.  Deleted clauses = 684751.  Max live clauses = 766037
c verification time = 1.84 secs
c VERIFIED
OVERVIEW_HEADER,benchmark,solve mem,solve time,drat kb,drat sec,lrat kb,lrat sec,restarts,decisions,conflicts,propagations,mark proof sec,dump lrat sec, ana sec, anamem mb
OVERVIEW_CSV,/nfs/scratch/bzchartu/unsat_2018_solved/newton_3_4_true-unreach-call.i.cnf,	Maximum resident set size (kbytes): 3230492,	Elapsed (wall clock) time (h:mm:ss or m:ss): 5:44.81,0,0,69232	/local_ssd/proof.lrat,	Elapsed (wall clock) time (h:mm:ss or m:ss): 0:01.84,c restarts              : 1297,c decisions             : 5101955        (0.00 % random) (15054 /sec),c conflicts             : 588551         (1737 /sec),c propagations          : 1228513890     (3624833 /sec),Marking proof: 0.344 seconds,c Dumping LRAT: 1.012 seconds,c Analyze time: 	1.356 seconds,c Analyze used disk storage:	3167.77 MB
