SOLVERNAME,ANA
ANA_TMP_CONFIG,'/local_ssd/proof.dat'
BENCHNAME,/nfs/scratch/bzchartu/unsat_2018_solved/queen8_12.col.12.cnf
running lrb Bench '/nfs/scratch/bzchartu/unsat_2018_solved/queen8_12.col.12.cnf' on cumu01-04
Command exited with non-zero status 20
	Command being timed: "/nfs/scratch/bzchartu/programs/maplechronobt_proof_analyze/sources/simp/glucose_release_ana -det=lrb /nfs/scratch/bzchartu/unsat_2018_solved/queen8_12.col.12.cnf -cpu-lim=10000 -analyzer-tmp-file=/local_ssd/proof.dat -lrat-file=/local_ssd/proof.lrat"
	User time (seconds): 125.43
	System time (seconds): 1.22
	Percent of CPU this job got: 99%
	Elapsed (wall clock) time (h:mm:ss or m:ss): 2:06.66
	Average shared text size (kbytes): 0
	Average unshared data size (kbytes): 0
	Average stack size (kbytes): 0
	Average total size (kbytes): 0
	Maximum resident set size (kbytes): 670200
	Average resident set size (kbytes): 0
	Major (requiring I/O) page faults: 7
	Minor (reclaiming a frame) page faults: 490988
	Voluntary context switches: 18
	Involuntary context switches: 113
	Swaps: 0
	File system inputs: 712
	File system outputs: 4159952
	Socket messages sent: 0
	Socket messages received: 0
	Signals delivered: 0
	Page size (bytes): 4096
	Exit status: 20
SOLVE_W_TIME,	Elapsed (wall clock) time (h:mm:ss or m:ss): 2:06.66
c This is MapleLCMDistChronoBT.
c WARNING: for repeatability, setting FPU to use double precision
c Sat Analyzer will analyze result
c Analyzer will dump LRAT to '/local_ssd/proof.lrat'
c ============================[ Problem Statistics ]=============================
c |                                                                             |
c |  Number of variables:          1056                                         |
c |  Number of clauses:           30192                                         |
c |  Parse time:                   0.02 s                                       |
c |  Eliminated clauses:           0.01 Mb                                      |
c Reduced to 960 vars, 15048 cls (grow=0)
c No iterative elimination performed. (vars=960, c/v ratio=15.7)
c |  Simplification time:          0.04 s                                       |
c |                                                                             |
c running deterministic with LRB
c ============================[ Search Statistics ]==============================
c | Conflicts |          ORIGINAL         |          LEARNT          | Progress |
c |           |    Vars  Clauses Literals |    Limit  Clauses Lit/Cl |          |
c ===============================================================================
reserve 85196788 on /local_ssd/proof.dat
reserve 138444788 on /local_ssd/proof.dat
reserve 224972788 on /local_ssd/proof.dat
reserve 365580788 on /local_ssd/proof.dat
reserve 594074612 on /local_ssd/proof.dat
reserve 965372916 on /local_ssd/proof.dat
c ===============================================================================
c restarts              : 3829
c conflicts             : 1899476        (16172 /sec)
c decisions             : 2448434        (0.00 % random) (20846 /sec)
c propagations          : 68898966       (586594 /sec)
c conflict literals     : 69235602       (12.80 % deleted)
c backtracks            : 1899474        (NCB 100% , CB 0%)
c Memory used           : 979.00 MB
c CPU time              : 117.456 s

s UNSATISFIABLE
Marking proof: 1.276 seconds
c Dumping LRAT: 6.7 seconds
c Analyze time: 	7.976 seconds
c Analyze used disk storage:	639.75 MB
LRAT_SIZE: 470784	/local_ssd/proof.lrat
s UNSATISFIABLE
/local_ssd/proof.lrat
	Command being timed: "/nfs/scratch/bzchartu/programs/maplechronobt_proof_analyze/drat-trim/lrat-check /nfs/scratch/bzchartu/unsat_2018_solved/queen8_12.col.12.cnf /local_ssd/proof.lrat"
	User time (seconds): 10.42
	System time (seconds): 0.20
	Percent of CPU this job got: 99%
	Elapsed (wall clock) time (h:mm:ss or m:ss): 0:10.62
	Average shared text size (kbytes): 0
	Average unshared data size (kbytes): 0
	Average stack size (kbytes): 0
	Average total size (kbytes): 0
	Maximum resident set size (kbytes): 258432
	Average resident set size (kbytes): 0
	Major (requiring I/O) page faults: 0
	Minor (reclaiming a frame) page faults: 70970
	Voluntary context switches: 17
	Involuntary context switches: 4
	Swaps: 0
	File system inputs: 0
	File system outputs: 8
	Socket messages sent: 0
	Socket messages received: 0
	Signals delivered: 0
	Page size (bytes): 4096
	Exit status: 0
LRAT_W_TIME,	Elapsed (wall clock) time (h:mm:ss or m:ss): 0:10.62
c parsed a formula with 1056 variables and 30192 clauses
c VERIFIED
c Added clauses = 1901549.  Deleted clauses = 1868933.  Max live clauses = 42723
c verification time = 10.61 secs
c VERIFIED
OVERVIEW_HEADER,benchmark,solve mem,solve time,drat kb,drat sec,lrat kb,lrat sec,restarts,decisions,conflicts,propagations,mark proof sec,dump lrat sec, ana sec, anamem mb
OVERVIEW_CSV,/nfs/scratch/bzchartu/unsat_2018_solved/queen8_12.col.12.cnf,	Maximum resident set size (kbytes): 670200,	Elapsed (wall clock) time (h:mm:ss or m:ss): 2:06.66,0,0,470784	/local_ssd/proof.lrat,	Elapsed (wall clock) time (h:mm:ss or m:ss): 0:10.62,c restarts              : 3829,c decisions             : 2448434        (0.00 % random) (20846 /sec),c conflicts             : 1899476        (16172 /sec),c propagations          : 68898966       (586594 /sec),Marking proof: 1.276 seconds,c Dumping LRAT: 6.7 seconds,c Analyze time: 	7.976 seconds,c Analyze used disk storage:	639.75 MB
