SOLVERNAME,ANA
ANA_TMP_CONFIG,'/local_ssd/proof.dat'
BENCHNAME,/nfs/scratch/bzchartu/unsat_2018_solved/cms-scheel-md5-families-r24-c7-p1-3-6-10-11-14-15.cnf
running lrb Bench '/nfs/scratch/bzchartu/unsat_2018_solved/cms-scheel-md5-families-r24-c7-p1-3-6-10-11-14-15.cnf' on cumu02-02
Command exited with non-zero status 20
	Command being timed: "/nfs/scratch/bzchartu/programs/maplechronobt_proof_analyze/sources/simp/glucose_release_ana -det=lrb /nfs/scratch/bzchartu/unsat_2018_solved/cms-scheel-md5-families-r24-c7-p1-3-6-10-11-14-15.cnf -cpu-lim=10000 -analyzer-tmp-file=/local_ssd/proof.dat -lrat-file=/local_ssd/proof.lrat"
	User time (seconds): 60.68
	System time (seconds): 0.61
	Percent of CPU this job got: 99%
	Elapsed (wall clock) time (h:mm:ss or m:ss): 1:01.30
	Average shared text size (kbytes): 0
	Average unshared data size (kbytes): 0
	Average stack size (kbytes): 0
	Average total size (kbytes): 0
	Maximum resident set size (kbytes): 528860
	Average resident set size (kbytes): 0
	Major (requiring I/O) page faults: 6
	Minor (reclaiming a frame) page faults: 253654
	Voluntary context switches: 18
	Involuntary context switches: 63
	Swaps: 0
	File system inputs: 6320
	File system outputs: 930040
	Socket messages sent: 0
	Socket messages received: 0
	Signals delivered: 0
	Page size (bytes): 4096
	Exit status: 20
SOLVE_W_TIME,	Elapsed (wall clock) time (h:mm:ss or m:ss): 1:01.30
c This is MapleLCMDistChronoBT.
c WARNING: for repeatability, setting FPU to use double precision
c Sat Analyzer will analyze result
c Analyzer will dump LRAT to '/local_ssd/proof.lrat'
c ============================[ Problem Statistics ]=============================
c |                                                                             |
c |  Number of variables:         39546                                         |
c |  Number of clauses:          128865                                         |
c |  Parse time:                   0.08 s                                       |
c |  Eliminated clauses:           1.15 Mb                                      |
c Reduced to 15926 vars, 89774 cls (grow=0)
c |  Eliminated clauses:           1.22 Mb                                      |
c Reduced to 15074 vars, 91883 cls (grow=8)
c cl_inc_rate=1.023, var_dec_rate=1.057
c |  Eliminated clauses:           1.36 Mb                                      |
c Reduced to 14026 vars, 100713 cls (grow=16)
c cl_inc_rate=1.096, var_dec_rate=1.075
c No. effective iterative eliminations: 2
c |  Simplification time:          0.33 s                                       |
c |                                                                             |
c running deterministic with LRB
c ============================[ Search Statistics ]==============================
c | Conflicts |          ORIGINAL         |          LEARNT          | Progress |
c |           |    Vars  Clauses Literals |    Limit  Clauses Lit/Cl |          |
c ===============================================================================
reserve 85196788 on /local_ssd/proof.dat
reserve 138444788 on /local_ssd/proof.dat
reserve 224972788 on /local_ssd/proof.dat
reserve 365580788 on /local_ssd/proof.dat
reserve 594074612 on /local_ssd/proof.dat
c ===============================================================================
c restarts              : 2105
c conflicts             : 955870         (15797 /sec)
c decisions             : 6547972        (0.00 % random) (108217 /sec)
c propagations          : 149908651      (2477501 /sec)
c conflict literals     : 40251770       (8.09 % deleted)
c backtracks            : 954502         (NCB 99% , CB 1%)
c Memory used           : 669.00 MB
c CPU time              : 60.508 s

s UNSATISFIABLE
Marking proof: 0.004 seconds
c Dumping LRAT: 0.164 seconds
c Analyze time: 	0.168 seconds
c Analyze used disk storage:	455.62 MB
LRAT_SIZE: 2468	/local_ssd/proof.lrat
s UNSATISFIABLE
/local_ssd/proof.lrat
	Command being timed: "/nfs/scratch/bzchartu/programs/maplechronobt_proof_analyze/drat-trim/lrat-check /nfs/scratch/bzchartu/unsat_2018_solved/cms-scheel-md5-families-r24-c7-p1-3-6-10-11-14-15.cnf /local_ssd/proof.lrat"
	User time (seconds): 0.16
	System time (seconds): 0.01
	Percent of CPU this job got: 97%
	Elapsed (wall clock) time (h:mm:ss or m:ss): 0:00.18
	Average shared text size (kbytes): 0
	Average unshared data size (kbytes): 0
	Average stack size (kbytes): 0
	Average total size (kbytes): 0
	Maximum resident set size (kbytes): 18160
	Average resident set size (kbytes): 0
	Major (requiring I/O) page faults: 0
	Minor (reclaiming a frame) page faults: 4499
	Voluntary context switches: 18
	Involuntary context switches: 1
	Swaps: 0
	File system inputs: 0
	File system outputs: 8
	Socket messages sent: 0
	Socket messages received: 0
	Signals delivered: 0
	Page size (bytes): 4096
	Exit status: 0
LRAT_W_TIME,	Elapsed (wall clock) time (h:mm:ss or m:ss): 0:00.18
c parsed a formula with 39546 variables and 131271 clauses
c VERIFIED
c Added clauses = 158108.  Deleted clauses = 128753.  Max live clauses = 131271
c verification time = 0.18 secs
c VERIFIED
OVERVIEW_HEADER,benchmark,solve mem,solve time,drat kb,drat sec,lrat kb,lrat sec,restarts,decisions,conflicts,propagations,mark proof sec,dump lrat sec, ana sec, anamem mb
OVERVIEW_CSV,/nfs/scratch/bzchartu/unsat_2018_solved/cms-scheel-md5-families-r24-c7-p1-3-6-10-11-14-15.cnf,	Maximum resident set size (kbytes): 528860,	Elapsed (wall clock) time (h:mm:ss or m:ss): 1:01.30,0,0,2468	/local_ssd/proof.lrat,	Elapsed (wall clock) time (h:mm:ss or m:ss): 0:00.18,c restarts              : 2105,c decisions             : 6547972        (0.00 % random) (108217 /sec),c conflicts             : 955870         (15797 /sec),c propagations          : 149908651      (2477501 /sec),Marking proof: 0.004 seconds,c Dumping LRAT: 0.164 seconds,c Analyze time: 	0.168 seconds,c Analyze used disk storage:	455.62 MB
