SOLVERNAME,ANA
ANA_TMP_CONFIG,'/local_ssd/proof.dat'
BENCHNAME,/nfs/scratch/bzchartu/unsat_2018_solved/T117.2.0.cnf
running lrb Bench '/nfs/scratch/bzchartu/unsat_2018_solved/T117.2.0.cnf' on cumu01-04
Command exited with non-zero status 20
	Command being timed: "/nfs/scratch/bzchartu/programs/maplechronobt_proof_analyze/sources/simp/glucose_release_ana -det=lrb /nfs/scratch/bzchartu/unsat_2018_solved/T117.2.0.cnf -cpu-lim=10000 -analyzer-tmp-file=/local_ssd/proof.dat -lrat-file=/local_ssd/proof.lrat"
	User time (seconds): 233.15
	System time (seconds): 9.19
	Percent of CPU this job got: 99%
	Elapsed (wall clock) time (h:mm:ss or m:ss): 4:02.46
	Average shared text size (kbytes): 0
	Average unshared data size (kbytes): 0
	Average stack size (kbytes): 0
	Average total size (kbytes): 0
	Maximum resident set size (kbytes): 4040724
	Average resident set size (kbytes): 0
	Major (requiring I/O) page faults: 10
	Minor (reclaiming a frame) page faults: 9065940
	Voluntary context switches: 47
	Involuntary context switches: 1433
	Swaps: 0
	File system inputs: 475480
	File system outputs: 6523808
	Socket messages sent: 0
	Socket messages received: 0
	Signals delivered: 0
	Page size (bytes): 4096
	Exit status: 20
SOLVE_W_TIME,	Elapsed (wall clock) time (h:mm:ss or m:ss): 4:02.46
c This is MapleLCMDistChronoBT.
c WARNING: for repeatability, setting FPU to use double precision
c Sat Analyzer will analyze result
c Analyzer will dump LRAT to '/local_ssd/proof.lrat'
c ============================[ Problem Statistics ]=============================
c |                                                                             |
reserve 85196788 on /local_ssd/proof.dat
reserve 138444788 on /local_ssd/proof.dat
reserve 224972788 on /local_ssd/proof.dat
reserve 365580788 on /local_ssd/proof.dat
reserve 594074612 on /local_ssd/proof.dat
c |  Number of variables:       3130801                                         |
c |  Number of clauses:        10809771                                         |
c |  Parse time:                   5.02 s                                       |
reserve 965372916 on /local_ssd/proof.dat
reserve 1568732660 on /local_ssd/proof.dat
c |  Eliminated clauses:         119.89 Mb                                      |
c Reduced to 580892 vars, 3455185 cls (grow=0)
reserve 2549194740 on /local_ssd/proof.dat
c |  Eliminated clauses:         136.39 Mb                                      |
c Reduced to 378836 vars, 3506838 cls (grow=8)
c cl_inc_rate=1.015, var_dec_rate=1.533
c |  Eliminated clauses:         139.56 Mb                                      |
c Reduced to 348989 vars, 3647033 cls (grow=16)
c cl_inc_rate=1.040, var_dec_rate=1.086
c |  Eliminated clauses:         145.03 Mb                                      |
c Reduced to 309821 vars, 3846077 cls (grow=32)
c cl_inc_rate=1.055, var_dec_rate=1.126
c |  Eliminated clauses:         153.33 Mb                                      |
c Reduced to 260921 vars, 4709020 cls (grow=64)
c cl_inc_rate=1.224, var_dec_rate=1.187
c No. effective iterative eliminations: 4
c |  Simplification time:         82.12 s                                       |
c |                                                                             |
c running deterministic with LRB
c ============================[ Search Statistics ]==============================
c | Conflicts |          ORIGINAL         |          LEARNT          | Progress |
c |           |    Vars  Clauses Literals |    Limit  Clauses Lit/Cl |          |
c ===============================================================================
reserve 4142441460 on /local_ssd/proof.dat
c ===============================================================================
c restarts              : 582
c conflicts             : 221747         (969 /sec)
c decisions             : 3287977        (0.00 % random) (14369 /sec)
c propagations          : 329498673      (1439940 /sec)
c conflict literals     : 8821942        (24.48 % deleted)
c backtracks            : 220550         (NCB 98% , CB 2%)
c Memory used           : 5656.00 MB
c CPU time              : 228.828 s

s UNSATISFIABLE
Marking proof: 0.38 seconds
c Dumping LRAT: 3.684 seconds
c Analyze time: 	4.068 seconds
c Analyze used disk storage:	2665.89 MB
LRAT_SIZE: 166108	/local_ssd/proof.lrat
s UNSATISFIABLE
/local_ssd/proof.lrat
	Command being timed: "/nfs/scratch/bzchartu/programs/maplechronobt_proof_analyze/drat-trim/lrat-check /nfs/scratch/bzchartu/unsat_2018_solved/T117.2.0.cnf /local_ssd/proof.lrat"
	User time (seconds): 7.27
	System time (seconds): 0.60
	Percent of CPU this job got: 99%
	Elapsed (wall clock) time (h:mm:ss or m:ss): 0:07.87
	Average shared text size (kbytes): 0
	Average unshared data size (kbytes): 0
	Average stack size (kbytes): 0
	Average total size (kbytes): 0
	Maximum resident set size (kbytes): 1313168
	Average resident set size (kbytes): 0
	Major (requiring I/O) page faults: 0
	Minor (reclaiming a frame) page faults: 390364
	Voluntary context switches: 17
	Involuntary context switches: 3
	Swaps: 0
	File system inputs: 0
	File system outputs: 8
	Socket messages sent: 0
	Socket messages received: 0
	Signals delivered: 0
	Page size (bytes): 4096
	Exit status: 0
LRAT_W_TIME,	Elapsed (wall clock) time (h:mm:ss or m:ss): 0:07.87
c parsed a formula with 3130801 variables and 10809771 clauses
c VERIFIED
c Added clauses = 11400091.  Deleted clauses = 10924148.  Max live clauses = 10809771
c verification time = 7.83 secs
c VERIFIED
OVERVIEW_HEADER,benchmark,solve mem,solve time,drat kb,drat sec,lrat kb,lrat sec,restarts,decisions,conflicts,propagations,mark proof sec,dump lrat sec, ana sec, anamem mb
OVERVIEW_CSV,/nfs/scratch/bzchartu/unsat_2018_solved/T117.2.0.cnf,	Maximum resident set size (kbytes): 4040724,	Elapsed (wall clock) time (h:mm:ss or m:ss): 4:02.46,0,0,166108	/local_ssd/proof.lrat,	Elapsed (wall clock) time (h:mm:ss or m:ss): 0:07.87,c restarts              : 582,c decisions             : 3287977        (0.00 % random) (14369 /sec),c conflicts             : 221747         (969 /sec),c propagations          : 329498673      (1439940 /sec),Marking proof: 0.38 seconds,c Dumping LRAT: 3.684 seconds,c Analyze time: 	4.068 seconds,c Analyze used disk storage:	2665.89 MB
