SOLVERNAME,ANA
ANA_TMP_CONFIG,'/local_ssd/proof.dat'
BENCHNAME,/nfs/scratch/bzchartu/unsat_2018_solved/cms-scheel-md5-families-r24-c5-p6-11-15-16-19.cnf
running lrb Bench '/nfs/scratch/bzchartu/unsat_2018_solved/cms-scheel-md5-families-r24-c5-p6-11-15-16-19.cnf' on cumu01-15
Command exited with non-zero status 20
	Command being timed: "/nfs/scratch/bzchartu/programs/maplechronobt_proof_analyze/sources/simp/glucose_release_ana -det=lrb /nfs/scratch/bzchartu/unsat_2018_solved/cms-scheel-md5-families-r24-c5-p6-11-15-16-19.cnf -cpu-lim=10000 -analyzer-tmp-file=/local_ssd/proof.dat -lrat-file=/local_ssd/proof.lrat"
	User time (seconds): 2006.60
	System time (seconds): 23.66
	Percent of CPU this job got: 99%
	Elapsed (wall clock) time (h:mm:ss or m:ss): 33:50.50
	Average shared text size (kbytes): 0
	Average unshared data size (kbytes): 0
	Average stack size (kbytes): 0
	Average total size (kbytes): 0
	Maximum resident set size (kbytes): 12988804
	Average resident set size (kbytes): 0
	Major (requiring I/O) page faults: 13
	Minor (reclaiming a frame) page faults: 11612804
	Voluntary context switches: 77
	Involuntary context switches: 1760
	Swaps: 0
	File system inputs: 6320
	File system outputs: 25881688
	Socket messages sent: 0
	Socket messages received: 0
	Signals delivered: 0
	Page size (bytes): 4096
	Exit status: 20
SOLVE_W_TIME,	Elapsed (wall clock) time (h:mm:ss or m:ss): 33:50.50
c This is MapleLCMDistChronoBT.
c WARNING: for repeatability, setting FPU to use double precision
c Sat Analyzer will analyze result
c Analyzer will dump LRAT to '/local_ssd/proof.lrat'
c ============================[ Problem Statistics ]=============================
c |                                                                             |
c |  Number of variables:         39544                                         |
c |  Number of clauses:          128735                                         |
c |  Parse time:                   0.08 s                                       |
c |  Eliminated clauses:           1.15 Mb                                      |
c Reduced to 15861 vars, 89650 cls (grow=0)
c |  Eliminated clauses:           1.22 Mb                                      |
c Reduced to 15004 vars, 91781 cls (grow=8)
c cl_inc_rate=1.024, var_dec_rate=1.057
c |  Eliminated clauses:           1.36 Mb                                      |
c Reduced to 13953 vars, 100628 cls (grow=16)
c cl_inc_rate=1.096, var_dec_rate=1.075
c No. effective iterative eliminations: 2
c |  Simplification time:          0.28 s                                       |
c |                                                                             |
c running deterministic with LRB
c ============================[ Search Statistics ]==============================
c | Conflicts |          ORIGINAL         |          LEARNT          | Progress |
c |           |    Vars  Clauses Literals |    Limit  Clauses Lit/Cl |          |
c ===============================================================================
reserve 85196788 on /local_ssd/proof.dat
reserve 138444788 on /local_ssd/proof.dat
reserve 224972788 on /local_ssd/proof.dat
reserve 365580788 on /local_ssd/proof.dat
reserve 594074612 on /local_ssd/proof.dat
reserve 965372916 on /local_ssd/proof.dat
reserve 1568732660 on /local_ssd/proof.dat
reserve 2549194740 on /local_ssd/proof.dat
reserve 4142441460 on /local_ssd/proof.dat
reserve 6731472372 on /local_ssd/proof.dat
reserve 10938643444 on /local_ssd/proof.dat
reserve 17775300596 on /local_ssd/proof.dat
c ===============================================================================
c restarts              : 32826
c conflicts             : 22560436       (11262 /sec)
c decisions             : 55875850       (0.00 % random) (27893 /sec)
c propagations          : 1998086974     (997428 /sec)
c conflict literals     : 1288396749     (14.16 % deleted)
c backtracks            : 22557716       (NCB 100% , CB 0%)
c Memory used           : 17288.00 MB
c CPU time              : 2003.24 s

s UNSATISFIABLE
Marking proof: 0.032 seconds
c Dumping LRAT: 3.324 seconds
c Analyze time: 	3.356 seconds
c Analyze used disk storage:	13108.5 MB
LRAT_SIZE: 11048	/local_ssd/proof.lrat
s UNSATISFIABLE
/local_ssd/proof.lrat
	Command being timed: "/nfs/scratch/bzchartu/programs/maplechronobt_proof_analyze/drat-trim/lrat-check /nfs/scratch/bzchartu/unsat_2018_solved/cms-scheel-md5-families-r24-c5-p6-11-15-16-19.cnf /local_ssd/proof.lrat"
	User time (seconds): 0.33
	System time (seconds): 0.02
	Percent of CPU this job got: 98%
	Elapsed (wall clock) time (h:mm:ss or m:ss): 0:00.36
	Average shared text size (kbytes): 0
	Average unshared data size (kbytes): 0
	Average stack size (kbytes): 0
	Average total size (kbytes): 0
	Maximum resident set size (kbytes): 20704
	Average resident set size (kbytes): 0
	Major (requiring I/O) page faults: 0
	Minor (reclaiming a frame) page faults: 5134
	Voluntary context switches: 19
	Involuntary context switches: 1
	Swaps: 0
	File system inputs: 0
	File system outputs: 8
	Socket messages sent: 0
	Socket messages received: 0
	Signals delivered: 0
	Page size (bytes): 4096
	Exit status: 0
LRAT_W_TIME,	Elapsed (wall clock) time (h:mm:ss or m:ss): 0:00.36
c parsed a formula with 39544 variables and 131267 clauses
c VERIFIED
c Added clauses = 244885.  Deleted clauses = 154577.  Max live clauses = 131267
c verification time = 0.36 secs
c VERIFIED
OVERVIEW_HEADER,benchmark,solve mem,solve time,drat kb,drat sec,lrat kb,lrat sec,restarts,decisions,conflicts,propagations,mark proof sec,dump lrat sec, ana sec, anamem mb
OVERVIEW_CSV,/nfs/scratch/bzchartu/unsat_2018_solved/cms-scheel-md5-families-r24-c5-p6-11-15-16-19.cnf,	Maximum resident set size (kbytes): 12988804,	Elapsed (wall clock) time (h:mm:ss or m:ss): 33:50.50,0,0,11048	/local_ssd/proof.lrat,	Elapsed (wall clock) time (h:mm:ss or m:ss): 0:00.36,c restarts              : 32826,c decisions             : 55875850       (0.00 % random) (27893 /sec),c conflicts             : 22560436       (11262 /sec),c propagations          : 1998086974     (997428 /sec),Marking proof: 0.032 seconds,c Dumping LRAT: 3.324 seconds,c Analyze time: 	3.356 seconds,c Analyze used disk storage:	13108.5 MB
