SOLVERNAME,ANA
ANA_TMP_CONFIG,'/local_ssd/proof.dat'
BENCHNAME,/nfs/scratch/bzchartu/unsat_2018_solved/T87.2.0.cnf
running lrb Bench '/nfs/scratch/bzchartu/unsat_2018_solved/T87.2.0.cnf' on cumu02-10
Command exited with non-zero status 20
	Command being timed: "/nfs/scratch/bzchartu/programs/maplechronobt_proof_analyze/sources/simp/glucose_release_ana -det=lrb /nfs/scratch/bzchartu/unsat_2018_solved/T87.2.0.cnf -cpu-lim=10000 -analyzer-tmp-file=/local_ssd/proof.dat -lrat-file=/local_ssd/proof.lrat"
	User time (seconds): 293.28
	System time (seconds): 7.17
	Percent of CPU this job got: 99%
	Elapsed (wall clock) time (h:mm:ss or m:ss): 5:01.18
	Average shared text size (kbytes): 0
	Average unshared data size (kbytes): 0
	Average stack size (kbytes): 0
	Average total size (kbytes): 0
	Maximum resident set size (kbytes): 4084720
	Average resident set size (kbytes): 0
	Major (requiring I/O) page faults: 10
	Minor (reclaiming a frame) page faults: 7178051
	Voluntary context switches: 55
	Involuntary context switches: 1364
	Swaps: 0
	File system inputs: 480128
	File system outputs: 6549400
	Socket messages sent: 0
	Socket messages received: 0
	Signals delivered: 0
	Page size (bytes): 4096
	Exit status: 20
SOLVE_W_TIME,	Elapsed (wall clock) time (h:mm:ss or m:ss): 5:01.18
c This is MapleLCMDistChronoBT.
c WARNING: for repeatability, setting FPU to use double precision
c Sat Analyzer will analyze result
c Analyzer will dump LRAT to '/local_ssd/proof.lrat'
c ============================[ Problem Statistics ]=============================
c |                                                                             |
reserve 85196788 on /local_ssd/proof.dat
reserve 138444788 on /local_ssd/proof.dat
reserve 224972788 on /local_ssd/proof.dat
reserve 365580788 on /local_ssd/proof.dat
reserve 594074612 on /local_ssd/proof.dat
c |  Number of variables:       3165161                                         |
c |  Number of clauses:        10917078                                         |
c |  Parse time:                   5.23 s                                       |
reserve 965372916 on /local_ssd/proof.dat
reserve 1568732660 on /local_ssd/proof.dat
c |  Eliminated clauses:         120.99 Mb                                      |
c Reduced to 589430 vars, 3516323 cls (grow=0)
reserve 2549194740 on /local_ssd/proof.dat
c |  Eliminated clauses:         137.59 Mb                                      |
c Reduced to 385791 vars, 3573152 cls (grow=8)
c cl_inc_rate=1.016, var_dec_rate=1.528
c |  Eliminated clauses:         140.81 Mb                                      |
c Reduced to 355419 vars, 3715926 cls (grow=16)
c cl_inc_rate=1.040, var_dec_rate=1.085
c |  Eliminated clauses:         146.41 Mb                                      |
c Reduced to 315256 vars, 3924902 cls (grow=32)
c cl_inc_rate=1.056, var_dec_rate=1.127
c |  Eliminated clauses:         154.86 Mb                                      |
c Reduced to 265454 vars, 4805942 cls (grow=64)
c cl_inc_rate=1.224, var_dec_rate=1.188
c No. effective iterative eliminations: 4
c |  Simplification time:         84.39 s                                       |
c |                                                                             |
c running deterministic with LRB
c ============================[ Search Statistics ]==============================
c | Conflicts |          ORIGINAL         |          LEARNT          | Progress |
c |           |    Vars  Clauses Literals |    Limit  Clauses Lit/Cl |          |
c ===============================================================================
reserve 4142441460 on /local_ssd/proof.dat
c ===============================================================================
c restarts              : 587
c conflicts             : 235535         (816 /sec)
c decisions             : 4937550        (0.00 % random) (17107 /sec)
c propagations          : 435886760      (1510203 /sec)
c conflict literals     : 11382911       (26.56 % deleted)
c backtracks            : 233340         (NCB 96% , CB 4%)
c Memory used           : 6184.00 MB
c CPU time              : 288.628 s

s UNSATISFIABLE
Marking proof: 0.456 seconds
c Dumping LRAT: 3.968 seconds
c Analyze time: 	4.428 seconds
c Analyze used disk storage:	2705.99 MB
LRAT_SIZE: 185952	/local_ssd/proof.lrat
s UNSATISFIABLE
/local_ssd/proof.lrat
	Command being timed: "/nfs/scratch/bzchartu/programs/maplechronobt_proof_analyze/drat-trim/lrat-check /nfs/scratch/bzchartu/unsat_2018_solved/T87.2.0.cnf /local_ssd/proof.lrat"
	User time (seconds): 7.62
	System time (seconds): 0.63
	Percent of CPU this job got: 99%
	Elapsed (wall clock) time (h:mm:ss or m:ss): 0:08.26
	Average shared text size (kbytes): 0
	Average unshared data size (kbytes): 0
	Average stack size (kbytes): 0
	Average total size (kbytes): 0
	Maximum resident set size (kbytes): 1329024
	Average resident set size (kbytes): 0
	Major (requiring I/O) page faults: 0
	Minor (reclaiming a frame) page faults: 389451
	Voluntary context switches: 19
	Involuntary context switches: 8
	Swaps: 0
	File system inputs: 0
	File system outputs: 8
	Socket messages sent: 0
	Socket messages received: 0
	Signals delivered: 0
	Page size (bytes): 4096
	Exit status: 0
LRAT_W_TIME,	Elapsed (wall clock) time (h:mm:ss or m:ss): 0:08.26
c parsed a formula with 3165161 variables and 10917078 clauses
c VERIFIED
c Added clauses = 11535721.  Deleted clauses = 11053601.  Max live clauses = 10917078
c verification time = 8.21 secs
c VERIFIED
OVERVIEW_HEADER,benchmark,solve mem,solve time,drat kb,drat sec,lrat kb,lrat sec,restarts,decisions,conflicts,propagations,mark proof sec,dump lrat sec, ana sec, anamem mb
OVERVIEW_CSV,/nfs/scratch/bzchartu/unsat_2018_solved/T87.2.0.cnf,	Maximum resident set size (kbytes): 4084720,	Elapsed (wall clock) time (h:mm:ss or m:ss): 5:01.18,0,0,185952	/local_ssd/proof.lrat,	Elapsed (wall clock) time (h:mm:ss or m:ss): 0:08.26,c restarts              : 587,c decisions             : 4937550        (0.00 % random) (17107 /sec),c conflicts             : 235535         (816 /sec),c propagations          : 435886760      (1510203 /sec),Marking proof: 0.456 seconds,c Dumping LRAT: 3.968 seconds,c Analyze time: 	4.428 seconds,c Analyze used disk storage:	2705.99 MB
