SOLVERNAME,ANA
ANA_TMP_CONFIG,'/local_ssd/proof.dat'
BENCHNAME,/nfs/scratch/bzchartu/unsat_2018_solved/Nb52T6.cnf
running lrb Bench '/nfs/scratch/bzchartu/unsat_2018_solved/Nb52T6.cnf' on cumu02-06
Command exited with non-zero status 20
	Command being timed: "/nfs/scratch/bzchartu/programs/maplechronobt_proof_analyze/sources/simp/glucose_release_ana -det=lrb /nfs/scratch/bzchartu/unsat_2018_solved/Nb52T6.cnf -cpu-lim=10000 -analyzer-tmp-file=/local_ssd/proof.dat -lrat-file=/local_ssd/proof.lrat"
	User time (seconds): 1593.88
	System time (seconds): 9.43
	Percent of CPU this job got: 99%
	Elapsed (wall clock) time (h:mm:ss or m:ss): 26:43.65
	Average shared text size (kbytes): 0
	Average unshared data size (kbytes): 0
	Average stack size (kbytes): 0
	Average total size (kbytes): 0
	Maximum resident set size (kbytes): 4188448
	Average resident set size (kbytes): 0
	Major (requiring I/O) page faults: 12
	Minor (reclaiming a frame) page faults: 10001091
	Voluntary context switches: 54
	Involuntary context switches: 3078
	Swaps: 0
	File system inputs: 592240
	File system outputs: 5642152
	Socket messages sent: 0
	Socket messages received: 0
	Signals delivered: 0
	Page size (bytes): 4096
	Exit status: 20
SOLVE_W_TIME,	Elapsed (wall clock) time (h:mm:ss or m:ss): 26:43.65
c This is MapleLCMDistChronoBT.
c WARNING: for repeatability, setting FPU to use double precision
c Sat Analyzer will analyze result
c Analyzer will dump LRAT to '/local_ssd/proof.lrat'
c ============================[ Problem Statistics ]=============================
c |                                                                             |
reserve 85196788 on /local_ssd/proof.dat
reserve 138444788 on /local_ssd/proof.dat
reserve 224972788 on /local_ssd/proof.dat
reserve 365580788 on /local_ssd/proof.dat
reserve 594074612 on /local_ssd/proof.dat
c |  Number of variables:       2507850                                         |
c |  Number of clauses:        11140480                                         |
c |  Parse time:                   4.20 s                                       |
reserve 965372916 on /local_ssd/proof.dat
reserve 1568732660 on /local_ssd/proof.dat
c |  Eliminated clauses:          63.75 Mb                                      |
c Reduced to 1393802 vars, 11140480 cls (grow=0)
reserve 2549194740 on /local_ssd/proof.dat
c |  Eliminated clauses:         116.87 Mb                                      |
c Reduced to 836778 vars, 13368576 cls (grow=8)
c cl_inc_rate=1.200, var_dec_rate=1.666
c No. effective iterative eliminations: 1
c |  Simplification time:         25.36 s                                       |
c |                                                                             |
c running deterministic with LRB
c ============================[ Search Statistics ]==============================
c | Conflicts |          ORIGINAL         |          LEARNT          | Progress |
c |           |    Vars  Clauses Literals |    Limit  Clauses Lit/Cl |          |
c ===============================================================================
c ===============================================================================
c restarts              : 1643
c conflicts             : 735151         (463 /sec)
c decisions             : 491464264      (0.00 % random) (309296 /sec)
c propagations          : 2226689184     (1401336 /sec)
c conflict literals     : 13431666       (22.35 % deleted)
c backtracks            : 729174         (NCB 97% , CB 3%)
c Memory used           : 5905.00 MB
c CPU time              : 1588.98 s

s UNSATISFIABLE
Marking proof: 0.812 seconds
c Dumping LRAT: 3.712 seconds
c Analyze time: 	4.524 seconds
c Analyze used disk storage:	2205.44 MB
LRAT_SIZE: 300612	/local_ssd/proof.lrat
s UNSATISFIABLE
/local_ssd/proof.lrat
	Command being timed: "/nfs/scratch/bzchartu/programs/maplechronobt_proof_analyze/drat-trim/lrat-check /nfs/scratch/bzchartu/unsat_2018_solved/Nb52T6.cnf /local_ssd/proof.lrat"
	User time (seconds): 9.67
	System time (seconds): 0.51
	Percent of CPU this job got: 99%
	Elapsed (wall clock) time (h:mm:ss or m:ss): 0:10.20
	Average shared text size (kbytes): 0
	Average unshared data size (kbytes): 0
	Average stack size (kbytes): 0
	Average total size (kbytes): 0
	Maximum resident set size (kbytes): 1158616
	Average resident set size (kbytes): 0
	Major (requiring I/O) page faults: 0
	Minor (reclaiming a frame) page faults: 318285
	Voluntary context switches: 19
	Involuntary context switches: 7
	Swaps: 0
	File system inputs: 0
	File system outputs: 8
	Socket messages sent: 0
	Socket messages received: 0
	Signals delivered: 0
	Page size (bytes): 4096
	Exit status: 0
LRAT_W_TIME,	Elapsed (wall clock) time (h:mm:ss or m:ss): 0:10.20
c parsed a formula with 2507850 variables and 11140480 clauses
c VERIFIED
c Added clauses = 11801149.  Deleted clauses = 11692078.  Max live clauses = 11140480
c verification time = 10.15 secs
c VERIFIED
OVERVIEW_HEADER,benchmark,solve mem,solve time,drat kb,drat sec,lrat kb,lrat sec,restarts,decisions,conflicts,propagations,mark proof sec,dump lrat sec, ana sec, anamem mb
OVERVIEW_CSV,/nfs/scratch/bzchartu/unsat_2018_solved/Nb52T6.cnf,	Maximum resident set size (kbytes): 4188448,	Elapsed (wall clock) time (h:mm:ss or m:ss): 26:43.65,0,0,300612	/local_ssd/proof.lrat,	Elapsed (wall clock) time (h:mm:ss or m:ss): 0:10.20,c restarts              : 1643,c decisions             : 491464264      (0.00 % random) (309296 /sec),c conflicts             : 735151         (463 /sec),c propagations          : 2226689184     (1401336 /sec),Marking proof: 0.812 seconds,c Dumping LRAT: 3.712 seconds,c Analyze time: 	4.524 seconds,c Analyze used disk storage:	2205.44 MB
