SOLVERNAME,ANA
ANA_TMP_CONFIG,'/local_ssd/proof.dat'
BENCHNAME,/nfs/scratch/bzchartu/unsat_2018_solved/a_rphp085_04.cnf
running lrb Bench '/nfs/scratch/bzchartu/unsat_2018_solved/a_rphp085_04.cnf' on cumu02-10
Command exited with non-zero status 20
	Command being timed: "/nfs/scratch/bzchartu/programs/maplechronobt_proof_analyze/sources/simp/glucose_release_ana -det=lrb /nfs/scratch/bzchartu/unsat_2018_solved/a_rphp085_04.cnf -cpu-lim=10000 -analyzer-tmp-file=/local_ssd/proof.dat -lrat-file=/local_ssd/proof.lrat"
	User time (seconds): 2188.07
	System time (seconds): 25.39
	Percent of CPU this job got: 98%
	Elapsed (wall clock) time (h:mm:ss or m:ss): 37:17.88
	Average shared text size (kbytes): 0
	Average unshared data size (kbytes): 0
	Average stack size (kbytes): 0
	Average total size (kbytes): 0
	Maximum resident set size (kbytes): 10688184
	Average resident set size (kbytes): 0
	Major (requiring I/O) page faults: 12
	Minor (reclaiming a frame) page faults: 15768052
	Voluntary context switches: 256
	Involuntary context switches: 1836
	Swaps: 0
	File system inputs: 712
	File system outputs: 68860968
	Socket messages sent: 0
	Socket messages received: 0
	Signals delivered: 0
	Page size (bytes): 4096
	Exit status: 20
SOLVE_W_TIME,	Elapsed (wall clock) time (h:mm:ss or m:ss): 37:17.88
c This is MapleLCMDistChronoBT.
c WARNING: for repeatability, setting FPU to use double precision
c Sat Analyzer will analyze result
c Analyzer will dump LRAT to '/local_ssd/proof.lrat'
c ============================[ Problem Statistics ]=============================
c |                                                                             |
c |  Number of variables:           722                                         |
c |  Number of clauses:           16983                                         |
c |  Parse time:                   0.01 s                                       |
c |  Eliminated clauses:           0.00 Mb                                      |
c Reduced to 636 vars, 16033 cls (grow=0)
c No iterative elimination performed. (vars=636, c/v ratio=25.2)
c |  Simplification time:          0.06 s                                       |
c |                                                                             |
c running deterministic with LRB
c ============================[ Search Statistics ]==============================
c | Conflicts |          ORIGINAL         |          LEARNT          | Progress |
c |           |    Vars  Clauses Literals |    Limit  Clauses Lit/Cl |          |
c ===============================================================================
reserve 85196788 on /local_ssd/proof.dat
reserve 138444788 on /local_ssd/proof.dat
reserve 224972788 on /local_ssd/proof.dat
reserve 365580788 on /local_ssd/proof.dat
reserve 594074612 on /local_ssd/proof.dat
reserve 965372916 on /local_ssd/proof.dat
reserve 1568732660 on /local_ssd/proof.dat
reserve 2549194740 on /local_ssd/proof.dat
reserve 4142441460 on /local_ssd/proof.dat
reserve 6731472372 on /local_ssd/proof.dat
reserve 10938643444 on /local_ssd/proof.dat
c ===============================================================================
c restarts              : 32950
c conflicts             : 24432958       (11807 /sec)
c decisions             : 304317229      (0.00 % random) (147057 /sec)
c propagations          : 1145529506     (553563 /sec)
c conflict literals     : 917000351      (26.26 % deleted)
c backtracks            : 24092366       (NCB 97% , CB 3%)
c Memory used           : 10700.00 MB
c CPU time              : 2069.38 s

s UNSATISFIABLE
Marking proof: 25.1 seconds
c Dumping LRAT: 93.6 seconds
c Analyze time: 	118.7 seconds
c Analyze used disk storage:	10788.6 MB
LRAT_SIZE: 6187800	/local_ssd/proof.lrat
s UNSATISFIABLE
/local_ssd/proof.lrat
	Command being timed: "/nfs/scratch/bzchartu/programs/maplechronobt_proof_analyze/drat-trim/lrat-check /nfs/scratch/bzchartu/unsat_2018_solved/a_rphp085_04.cnf /local_ssd/proof.lrat"
	User time (seconds): 144.08
	System time (seconds): 2.25
	Percent of CPU this job got: 99%
	Elapsed (wall clock) time (h:mm:ss or m:ss): 2:26.34
	Average shared text size (kbytes): 0
	Average unshared data size (kbytes): 0
	Average stack size (kbytes): 0
	Average total size (kbytes): 0
	Maximum resident set size (kbytes): 2991492
	Average resident set size (kbytes): 0
	Major (requiring I/O) page faults: 0
	Minor (reclaiming a frame) page faults: 774520
	Voluntary context switches: 19
	Involuntary context switches: 179
	Swaps: 0
	File system inputs: 0
	File system outputs: 8
	Socket messages sent: 0
	Socket messages received: 0
	Signals delivered: 0
	Page size (bytes): 4096
	Exit status: 0
LRAT_W_TIME,	Elapsed (wall clock) time (h:mm:ss or m:ss): 2:26.34
c parsed a formula with 722 variables and 16983 clauses
c VERIFIED
c Added clauses = 22457121.  Deleted clauses = 22260864.  Max live clauses = 306260
c verification time = 146.25 secs
c VERIFIED
OVERVIEW_HEADER,benchmark,solve mem,solve time,drat kb,drat sec,lrat kb,lrat sec,restarts,decisions,conflicts,propagations,mark proof sec,dump lrat sec, ana sec, anamem mb
OVERVIEW_CSV,/nfs/scratch/bzchartu/unsat_2018_solved/a_rphp085_04.cnf,	Maximum resident set size (kbytes): 10688184,	Elapsed (wall clock) time (h:mm:ss or m:ss): 37:17.88,0,0,6187800	/local_ssd/proof.lrat,	Elapsed (wall clock) time (h:mm:ss or m:ss): 2:26.34,c restarts              : 32950,c decisions             : 304317229      (0.00 % random) (147057 /sec),c conflicts             : 24432958       (11807 /sec),c propagations          : 1145529506     (553563 /sec),Marking proof: 25.1 seconds,c Dumping LRAT: 93.6 seconds,c Analyze time: 	118.7 seconds,c Analyze used disk storage:	10788.6 MB
