SOLVERNAME,ANA
ANA_TMP_CONFIG,'/local_ssd/proof.dat'
BENCHNAME,/nfs/scratch/bzchartu/unsat_2018_solved/T125.2.0.cnf
running lrb Bench '/nfs/scratch/bzchartu/unsat_2018_solved/T125.2.0.cnf' on cumu02-10
Command exited with non-zero status 20
	Command being timed: "/nfs/scratch/bzchartu/programs/maplechronobt_proof_analyze/sources/simp/glucose_release_ana -det=lrb /nfs/scratch/bzchartu/unsat_2018_solved/T125.2.0.cnf -cpu-lim=10000 -analyzer-tmp-file=/local_ssd/proof.dat -lrat-file=/local_ssd/proof.lrat"
	User time (seconds): 242.15
	System time (seconds): 7.27
	Percent of CPU this job got: 99%
	Elapsed (wall clock) time (h:mm:ss or m:ss): 4:10.21
	Average shared text size (kbytes): 0
	Average unshared data size (kbytes): 0
	Average stack size (kbytes): 0
	Average total size (kbytes): 0
	Maximum resident set size (kbytes): 4110484
	Average resident set size (kbytes): 0
	Major (requiring I/O) page faults: 10
	Minor (reclaiming a frame) page faults: 6602275
	Voluntary context switches: 42
	Involuntary context switches: 1508
	Swaps: 0
	File system inputs: 479808
	File system outputs: 7340248
	Socket messages sent: 0
	Socket messages received: 0
	Signals delivered: 0
	Page size (bytes): 4096
	Exit status: 20
SOLVE_W_TIME,	Elapsed (wall clock) time (h:mm:ss or m:ss): 4:10.21
c This is MapleLCMDistChronoBT.
c WARNING: for repeatability, setting FPU to use double precision
c Sat Analyzer will analyze result
c Analyzer will dump LRAT to '/local_ssd/proof.lrat'
c ============================[ Problem Statistics ]=============================
c |                                                                             |
reserve 85196788 on /local_ssd/proof.dat
reserve 138444788 on /local_ssd/proof.dat
reserve 224972788 on /local_ssd/proof.dat
reserve 365580788 on /local_ssd/proof.dat
reserve 594074612 on /local_ssd/proof.dat
c |  Number of variables:       3163789                                         |
c |  Number of clauses:        10911218                                         |
c |  Parse time:                   5.08 s                                       |
reserve 965372916 on /local_ssd/proof.dat
reserve 1568732660 on /local_ssd/proof.dat
c |  Eliminated clauses:         120.93 Mb                                      |
c Reduced to 587691 vars, 3508386 cls (grow=0)
reserve 2549194740 on /local_ssd/proof.dat
c |  Eliminated clauses:         137.55 Mb                                      |
c Reduced to 384299 vars, 3563553 cls (grow=8)
c cl_inc_rate=1.016, var_dec_rate=1.529
c |  Eliminated clauses:         140.79 Mb                                      |
c Reduced to 353755 vars, 3706003 cls (grow=16)
c cl_inc_rate=1.040, var_dec_rate=1.086
c |  Eliminated clauses:         146.34 Mb                                      |
c Reduced to 313926 vars, 3915464 cls (grow=32)
c cl_inc_rate=1.057, var_dec_rate=1.127
c |  Eliminated clauses:         154.78 Mb                                      |
c Reduced to 264212 vars, 4791548 cls (grow=64)
c cl_inc_rate=1.224, var_dec_rate=1.188
c No. effective iterative eliminations: 4
c |  Simplification time:         84.72 s                                       |
c |                                                                             |
c running deterministic with LRB
c ============================[ Search Statistics ]==============================
c | Conflicts |          ORIGINAL         |          LEARNT          | Progress |
c |           |    Vars  Clauses Literals |    Limit  Clauses Lit/Cl |          |
c ===============================================================================
reserve 4142441460 on /local_ssd/proof.dat
c ===============================================================================
c restarts              : 594
c conflicts             : 230261         (970 /sec)
c decisions             : 2406606        (0.00 % random) (10142 /sec)
c propagations          : 310342086      (1307893 /sec)
c conflict literals     : 10959625       (22.66 % deleted)
c backtracks            : 229412         (NCB 99% , CB 1%)
c Memory used           : 6184.00 MB
c CPU time              : 237.284 s

s UNSATISFIABLE
Marking proof: 0.476 seconds
c Dumping LRAT: 4.188 seconds
c Analyze time: 	4.664 seconds
c Analyze used disk storage:	2730.81 MB
LRAT_SIZE: 195380	/local_ssd/proof.lrat
s UNSATISFIABLE
/local_ssd/proof.lrat
	Command being timed: "/nfs/scratch/bzchartu/programs/maplechronobt_proof_analyze/drat-trim/lrat-check /nfs/scratch/bzchartu/unsat_2018_solved/T125.2.0.cnf /local_ssd/proof.lrat"
	User time (seconds): 7.81
	System time (seconds): 0.60
	Percent of CPU this job got: 99%
	Elapsed (wall clock) time (h:mm:ss or m:ss): 0:08.42
	Average shared text size (kbytes): 0
	Average unshared data size (kbytes): 0
	Average stack size (kbytes): 0
	Average total size (kbytes): 0
	Maximum resident set size (kbytes): 1330796
	Average resident set size (kbytes): 0
	Major (requiring I/O) page faults: 0
	Minor (reclaiming a frame) page faults: 385883
	Voluntary context switches: 17
	Involuntary context switches: 6
	Swaps: 0
	File system inputs: 0
	File system outputs: 8
	Socket messages sent: 0
	Socket messages received: 0
	Signals delivered: 0
	Page size (bytes): 4096
	Exit status: 0
LRAT_W_TIME,	Elapsed (wall clock) time (h:mm:ss or m:ss): 0:08.42
c parsed a formula with 3163789 variables and 10911218 clauses
c VERIFIED
c Added clauses = 11686800.  Deleted clauses = 11040579.  Max live clauses = 10911218
c verification time = 8.38 secs
c VERIFIED
OVERVIEW_HEADER,benchmark,solve mem,solve time,drat kb,drat sec,lrat kb,lrat sec,restarts,decisions,conflicts,propagations,mark proof sec,dump lrat sec, ana sec, anamem mb
OVERVIEW_CSV,/nfs/scratch/bzchartu/unsat_2018_solved/T125.2.0.cnf,	Maximum resident set size (kbytes): 4110484,	Elapsed (wall clock) time (h:mm:ss or m:ss): 4:10.21,0,0,195380	/local_ssd/proof.lrat,	Elapsed (wall clock) time (h:mm:ss or m:ss): 0:08.42,c restarts              : 594,c decisions             : 2406606        (0.00 % random) (10142 /sec),c conflicts             : 230261         (970 /sec),c propagations          : 310342086      (1307893 /sec),Marking proof: 0.476 seconds,c Dumping LRAT: 4.188 seconds,c Analyze time: 	4.664 seconds,c Analyze used disk storage:	2730.81 MB
