SOLVERNAME,ANA
ANA_TMP_CONFIG,'/local_ssd/proof.dat'
BENCHNAME,/nfs/scratch/bzchartu/unsat_2018_solved/dist9.c.cnf
running lrb Bench '/nfs/scratch/bzchartu/unsat_2018_solved/dist9.c.cnf' on cumu01-12
Command exited with non-zero status 20
	Command being timed: "/nfs/scratch/bzchartu/programs/maplechronobt_proof_analyze/sources/simp/glucose_release_ana -det=lrb /nfs/scratch/bzchartu/unsat_2018_solved/dist9.c.cnf -cpu-lim=10000 -analyzer-tmp-file=/local_ssd/proof.dat -lrat-file=/local_ssd/proof.lrat"
	User time (seconds): 226.10
	System time (seconds): 8.74
	Percent of CPU this job got: 99%
	Elapsed (wall clock) time (h:mm:ss or m:ss): 3:56.92
	Average shared text size (kbytes): 0
	Average unshared data size (kbytes): 0
	Average stack size (kbytes): 0
	Average total size (kbytes): 0
	Maximum resident set size (kbytes): 4610924
	Average resident set size (kbytes): 0
	Major (requiring I/O) page faults: 15
	Minor (reclaiming a frame) page faults: 3278035
	Voluntary context switches: 85
	Involuntary context switches: 238
	Swaps: 0
	File system inputs: 41976
	File system outputs: 29023600
	Socket messages sent: 0
	Socket messages received: 0
	Signals delivered: 0
	Page size (bytes): 4096
	Exit status: 20
SOLVE_W_TIME,	Elapsed (wall clock) time (h:mm:ss or m:ss): 3:56.92
c This is MapleLCMDistChronoBT.
c WARNING: for repeatability, setting FPU to use double precision
c Sat Analyzer will analyze result
c Analyzer will dump LRAT to '/local_ssd/proof.lrat'
c ============================[ Problem Statistics ]=============================
c |                                                                             |
c |  Number of variables:         15276                                         |
c |  Number of clauses:           68129                                         |
c |  Parse time:                   0.06 s                                       |
c |  Eliminated clauses:           0.23 Mb                                      |
c Reduced to 10298 vars, 55000 cls (grow=0)
c |  Eliminated clauses:           0.48 Mb                                      |
c Reduced to 7392 vars, 54992 cls (grow=8)
c cl_inc_rate=1.000, var_dec_rate=1.393
c |  Eliminated clauses:           0.53 Mb                                      |
c Reduced to 7011 vars, 57597 cls (grow=16)
c cl_inc_rate=1.047, var_dec_rate=1.054
c |  Eliminated clauses:           0.68 Mb                                      |
c Reduced to 5989 vars, 77844 cls (grow=32)
c cl_inc_rate=1.352, var_dec_rate=1.171
c No. effective iterative eliminations: 3
c |  Simplification time:          0.32 s                                       |
c |                                                                             |
c running deterministic with LRB
c ============================[ Search Statistics ]==============================
c | Conflicts |          ORIGINAL         |          LEARNT          | Progress |
c |           |    Vars  Clauses Literals |    Limit  Clauses Lit/Cl |          |
c ===============================================================================
reserve 85196788 on /local_ssd/proof.dat
reserve 138444788 on /local_ssd/proof.dat
reserve 224972788 on /local_ssd/proof.dat
reserve 365580788 on /local_ssd/proof.dat
reserve 594074612 on /local_ssd/proof.dat
reserve 965372916 on /local_ssd/proof.dat
reserve 1568732660 on /local_ssd/proof.dat
reserve 2549194740 on /local_ssd/proof.dat
reserve 4142441460 on /local_ssd/proof.dat
reserve 6731472372 on /local_ssd/proof.dat
c ===============================================================================
c restarts              : 1956
c conflicts             : 866702         (5959 /sec)
c decisions             : 1525112        (0.00 % random) (10486 /sec)
c propagations          : 322601537      (2218107 /sec)
c conflict literals     : 26997463       (72.27 % deleted)
c backtracks            : 866599         (NCB 100% , CB 0%)
c Memory used           : 6481.00 MB
c CPU time              : 145.44 s

s UNSATISFIABLE
Marking proof: 45.804 seconds
c Dumping LRAT: 34.856 seconds
c Analyze time: 	80.66 seconds
c Analyze used disk storage:	4671.32 MB
LRAT_SIZE: 3433276	/local_ssd/proof.lrat
s UNSATISFIABLE
/local_ssd/proof.lrat
	Command being timed: "/nfs/scratch/bzchartu/programs/maplechronobt_proof_analyze/drat-trim/lrat-check /nfs/scratch/bzchartu/unsat_2018_solved/dist9.c.cnf /local_ssd/proof.lrat"
	User time (seconds): 77.82
	System time (seconds): 1.07
	Percent of CPU this job got: 99%
	Elapsed (wall clock) time (h:mm:ss or m:ss): 1:18.90
	Average shared text size (kbytes): 0
	Average unshared data size (kbytes): 0
	Average stack size (kbytes): 0
	Average total size (kbytes): 0
	Maximum resident set size (kbytes): 91708
	Average resident set size (kbytes): 0
	Major (requiring I/O) page faults: 0
	Minor (reclaiming a frame) page faults: 36500
	Voluntary context switches: 17
	Involuntary context switches: 100
	Swaps: 0
	File system inputs: 0
	File system outputs: 8
	Socket messages sent: 0
	Socket messages received: 0
	Signals delivered: 0
	Page size (bytes): 4096
	Exit status: 0
LRAT_W_TIME,	Elapsed (wall clock) time (h:mm:ss or m:ss): 1:18.90
c parsed a formula with 15276 variables and 68149 clauses
c VERIFIED
c Added clauses = 922080.  Deleted clauses = 871022.  Max live clauses = 98646
c verification time = 78.90 secs
c VERIFIED
OVERVIEW_HEADER,benchmark,solve mem,solve time,drat kb,drat sec,lrat kb,lrat sec,restarts,decisions,conflicts,propagations,mark proof sec,dump lrat sec, ana sec, anamem mb
OVERVIEW_CSV,/nfs/scratch/bzchartu/unsat_2018_solved/dist9.c.cnf,	Maximum resident set size (kbytes): 4610924,	Elapsed (wall clock) time (h:mm:ss or m:ss): 3:56.92,0,0,3433276	/local_ssd/proof.lrat,	Elapsed (wall clock) time (h:mm:ss or m:ss): 1:18.90,c restarts              : 1956,c decisions             : 1525112        (0.00 % random) (10486 /sec),c conflicts             : 866702         (5959 /sec),c propagations          : 322601537      (2218107 /sec),Marking proof: 45.804 seconds,c Dumping LRAT: 34.856 seconds,c Analyze time: 	80.66 seconds,c Analyze used disk storage:	4671.32 MB
