SOLVERNAME,ANA
ANA_TMP_CONFIG,'/local_ssd/proof.dat'
BENCHNAME,/nfs/scratch/bzchartu/unsat_2018_solved/Nb37T6.cnf
running lrb Bench '/nfs/scratch/bzchartu/unsat_2018_solved/Nb37T6.cnf' on cumu02-02
Command exited with non-zero status 20
	Command being timed: "/nfs/scratch/bzchartu/programs/maplechronobt_proof_analyze/sources/simp/glucose_release_ana -det=lrb /nfs/scratch/bzchartu/unsat_2018_solved/Nb37T6.cnf -cpu-lim=10000 -analyzer-tmp-file=/local_ssd/proof.dat -lrat-file=/local_ssd/proof.lrat"
	User time (seconds): 509.06
	System time (seconds): 2.64
	Percent of CPU this job got: 100%
	Elapsed (wall clock) time (h:mm:ss or m:ss): 8:31.69
	Average shared text size (kbytes): 0
	Average unshared data size (kbytes): 0
	Average stack size (kbytes): 0
	Average total size (kbytes): 0
	Maximum resident set size (kbytes): 1635476
	Average resident set size (kbytes): 0
	Major (requiring I/O) page faults: 7
	Minor (reclaiming a frame) page faults: 2488435
	Voluntary context switches: 24
	Involuntary context switches: 651
	Swaps: 0
	File system inputs: 181744
	File system outputs: 2671736
	Socket messages sent: 0
	Socket messages received: 0
	Signals delivered: 0
	Page size (bytes): 4096
	Exit status: 20
SOLVE_W_TIME,	Elapsed (wall clock) time (h:mm:ss or m:ss): 8:31.69
c This is MapleLCMDistChronoBT.
c WARNING: for repeatability, setting FPU to use double precision
c Sat Analyzer will analyze result
c Analyzer will dump LRAT to '/local_ssd/proof.lrat'
c ============================[ Problem Statistics ]=============================
c |                                                                             |
reserve 85196788 on /local_ssd/proof.dat
reserve 138444788 on /local_ssd/proof.dat
reserve 224972788 on /local_ssd/proof.dat
c |  Number of variables:        900315                                         |
c |  Number of clauses:         3997480                                         |
c |  Parse time:                   1.36 s                                       |
reserve 365580788 on /local_ssd/proof.dat
reserve 594074612 on /local_ssd/proof.dat
c |  Eliminated clauses:          22.87 Mb                                      |
c Reduced to 500567 vars, 3997480 cls (grow=0)
reserve 965372916 on /local_ssd/proof.dat
c |  Eliminated clauses:          41.94 Mb                                      |
c Reduced to 300693 vars, 4796976 cls (grow=8)
c cl_inc_rate=1.200, var_dec_rate=1.665
c No. effective iterative eliminations: 1
c |  Simplification time:          8.94 s                                       |
c |                                                                             |
c running deterministic with LRB
c ============================[ Search Statistics ]==============================
c | Conflicts |          ORIGINAL         |          LEARNT          | Progress |
c |           |    Vars  Clauses Literals |    Limit  Clauses Lit/Cl |          |
c ===============================================================================
c ===============================================================================
c restarts              : 1440
c conflicts             : 639007         (1262 /sec)
c decisions             : 177996164      (0.00 % random) (351657 /sec)
c propagations          : 979858976      (1935853 /sec)
c conflict literals     : 14726692       (18.53 % deleted)
c backtracks            : 633609         (NCB 96% , CB 4%)
c Memory used           : 2175.00 MB
c CPU time              : 506.164 s

s UNSATISFIABLE
Marking proof: 0.7 seconds
c Dumping LRAT: 2.08 seconds
c Analyze time: 	2.78 seconds
c Analyze used disk storage:	928.127 MB
LRAT_SIZE: 195076	/local_ssd/proof.lrat
s UNSATISFIABLE
/local_ssd/proof.lrat
	Command being timed: "/nfs/scratch/bzchartu/programs/maplechronobt_proof_analyze/drat-trim/lrat-check /nfs/scratch/bzchartu/unsat_2018_solved/Nb37T6.cnf /local_ssd/proof.lrat"
	User time (seconds): 5.30
	System time (seconds): 0.21
	Percent of CPU this job got: 99%
	Elapsed (wall clock) time (h:mm:ss or m:ss): 0:05.52
	Average shared text size (kbytes): 0
	Average unshared data size (kbytes): 0
	Average stack size (kbytes): 0
	Average total size (kbytes): 0
	Maximum resident set size (kbytes): 435652
	Average resident set size (kbytes): 0
	Major (requiring I/O) page faults: 0
	Minor (reclaiming a frame) page faults: 117373
	Voluntary context switches: 19
	Involuntary context switches: 6
	Swaps: 0
	File system inputs: 0
	File system outputs: 8
	Socket messages sent: 0
	Socket messages received: 0
	Signals delivered: 0
	Page size (bytes): 4096
	Exit status: 0
LRAT_W_TIME,	Elapsed (wall clock) time (h:mm:ss or m:ss): 0:05.52
c parsed a formula with 900315 variables and 3997480 clauses
c VERIFIED
c Added clauses = 4617759.  Deleted clauses = 4469257.  Max live clauses = 3997480
c verification time = 5.50 secs
c VERIFIED
OVERVIEW_HEADER,benchmark,solve mem,solve time,drat kb,drat sec,lrat kb,lrat sec,restarts,decisions,conflicts,propagations,mark proof sec,dump lrat sec, ana sec, anamem mb
OVERVIEW_CSV,/nfs/scratch/bzchartu/unsat_2018_solved/Nb37T6.cnf,	Maximum resident set size (kbytes): 1635476,	Elapsed (wall clock) time (h:mm:ss or m:ss): 8:31.69,0,0,195076	/local_ssd/proof.lrat,	Elapsed (wall clock) time (h:mm:ss or m:ss): 0:05.52,c restarts              : 1440,c decisions             : 177996164      (0.00 % random) (351657 /sec),c conflicts             : 639007         (1262 /sec),c propagations          : 979858976      (1935853 /sec),Marking proof: 0.7 seconds,c Dumping LRAT: 2.08 seconds,c Analyze time: 	2.78 seconds,c Analyze used disk storage:	928.127 MB
