SOLVERNAME,ANA
ANA_TMP_CONFIG,'/local_ssd/proof.dat'
BENCHNAME,/nfs/scratch/bzchartu/unsat_2018_solved/mchess_15.cnf
running lrb Bench '/nfs/scratch/bzchartu/unsat_2018_solved/mchess_15.cnf' on cumu01-13
Command exited with non-zero status 20
	Command being timed: "/nfs/scratch/bzchartu/programs/maplechronobt_proof_analyze/sources/simp/glucose_release_ana -det=lrb /nfs/scratch/bzchartu/unsat_2018_solved/mchess_15.cnf -cpu-lim=10000 -analyzer-tmp-file=/local_ssd/proof.dat -lrat-file=/local_ssd/proof.lrat"
	User time (seconds): 59.52
	System time (seconds): 0.71
	Percent of CPU this job got: 100%
	Elapsed (wall clock) time (h:mm:ss or m:ss): 1:00.23
	Average shared text size (kbytes): 0
	Average unshared data size (kbytes): 0
	Average stack size (kbytes): 0
	Average total size (kbytes): 0
	Maximum resident set size (kbytes): 406684
	Average resident set size (kbytes): 0
	Major (requiring I/O) page faults: 6
	Minor (reclaiming a frame) page faults: 252979
	Voluntary context switches: 14
	Involuntary context switches: 44
	Swaps: 0
	File system inputs: 40
	File system outputs: 2038976
	Socket messages sent: 0
	Socket messages received: 0
	Signals delivered: 0
	Page size (bytes): 4096
	Exit status: 20
SOLVE_W_TIME,	Elapsed (wall clock) time (h:mm:ss or m:ss): 1:00.23
c This is MapleLCMDistChronoBT.
c WARNING: for repeatability, setting FPU to use double precision
c Sat Analyzer will analyze result
c Analyzer will dump LRAT to '/local_ssd/proof.lrat'
c ============================[ Problem Statistics ]=============================
c |                                                                             |
c |  Number of variables:           420                                         |
c |  Number of clauses:            1387                                         |
c |  Parse time:                   0.00 s                                       |
c |  Eliminated clauses:           0.01 Mb                                      |
c Reduced to 282 vars, 1131 cls (grow=0)
c No iterative elimination performed. (vars=282, c/v ratio=4.0)
c |  Simplification time:          0.00 s                                       |
c |                                                                             |
c running deterministic with LRB
c ============================[ Search Statistics ]==============================
c | Conflicts |          ORIGINAL         |          LEARNT          | Progress |
c |           |    Vars  Clauses Literals |    Limit  Clauses Lit/Cl |          |
c ===============================================================================
reserve 85196788 on /local_ssd/proof.dat
reserve 138444788 on /local_ssd/proof.dat
reserve 224972788 on /local_ssd/proof.dat
reserve 365580788 on /local_ssd/proof.dat
reserve 594074612 on /local_ssd/proof.dat
c ===============================================================================
c restarts              : 2857
c conflicts             : 1460072        (26384 /sec)
c decisions             : 1827502        (0.00 % random) (33023 /sec)
c propagations          : 25222043       (455765 /sec)
c conflict literals     : 21208566       (28.83 % deleted)
c backtracks            : 1460071        (NCB 100% , CB 0%)
c Memory used           : 610.00 MB
c CPU time              : 55.34 s

s UNSATISFIABLE
Marking proof: 1.08 seconds
c Dumping LRAT: 3.104 seconds
c Analyze time: 	4.184 seconds
c Analyze used disk storage:	387.995 MB
LRAT_SIZE: 227296	/local_ssd/proof.lrat
s UNSATISFIABLE
/local_ssd/proof.lrat
	Command being timed: "/nfs/scratch/bzchartu/programs/maplechronobt_proof_analyze/drat-trim/lrat-check /nfs/scratch/bzchartu/unsat_2018_solved/mchess_15.cnf /local_ssd/proof.lrat"
	User time (seconds): 5.47
	System time (seconds): 0.10
	Percent of CPU this job got: 99%
	Elapsed (wall clock) time (h:mm:ss or m:ss): 0:05.57
	Average shared text size (kbytes): 0
	Average unshared data size (kbytes): 0
	Average stack size (kbytes): 0
	Average total size (kbytes): 0
	Maximum resident set size (kbytes): 87064
	Average resident set size (kbytes): 0
	Major (requiring I/O) page faults: 0
	Minor (reclaiming a frame) page faults: 24715
	Voluntary context switches: 18
	Involuntary context switches: 4
	Swaps: 0
	File system inputs: 0
	File system outputs: 8
	Socket messages sent: 0
	Socket messages received: 0
	Signals delivered: 0
	Page size (bytes): 4096
	Exit status: 0
LRAT_W_TIME,	Elapsed (wall clock) time (h:mm:ss or m:ss): 0:05.57
c parsed a formula with 420 variables and 1391 clauses
c VERIFIED
c Added clauses = 1381560.  Deleted clauses = 1334662.  Max live clauses = 78221
c verification time = 5.57 secs
c VERIFIED
OVERVIEW_HEADER,benchmark,solve mem,solve time,drat kb,drat sec,lrat kb,lrat sec,restarts,decisions,conflicts,propagations,mark proof sec,dump lrat sec, ana sec, anamem mb
OVERVIEW_CSV,/nfs/scratch/bzchartu/unsat_2018_solved/mchess_15.cnf,	Maximum resident set size (kbytes): 406684,	Elapsed (wall clock) time (h:mm:ss or m:ss): 1:00.23,0,0,227296	/local_ssd/proof.lrat,	Elapsed (wall clock) time (h:mm:ss or m:ss): 0:05.57,c restarts              : 2857,c decisions             : 1827502        (0.00 % random) (33023 /sec),c conflicts             : 1460072        (26384 /sec),c propagations          : 25222043       (455765 /sec),Marking proof: 1.08 seconds,c Dumping LRAT: 3.104 seconds,c Analyze time: 	4.184 seconds,c Analyze used disk storage:	387.995 MB
