SOLVERNAME,ANA
ANA_TMP_CONFIG,'/local_ssd/proof.dat'
BENCHNAME,/nfs/scratch/bzchartu/unsat_2018_solved/terminator_03_true-unreach-call_true-termination.i.cnf
running lrb Bench '/nfs/scratch/bzchartu/unsat_2018_solved/terminator_03_true-unreach-call_true-termination.i.cnf' on cumu02-02
Command exited with non-zero status 20
	Command being timed: "/nfs/scratch/bzchartu/programs/maplechronobt_proof_analyze/sources/simp/glucose_release_ana -det=lrb /nfs/scratch/bzchartu/unsat_2018_solved/terminator_03_true-unreach-call_true-termination.i.cnf -cpu-lim=10000 -analyzer-tmp-file=/local_ssd/proof.dat -lrat-file=/local_ssd/proof.lrat"
	User time (seconds): 565.42
	System time (seconds): 7.20
	Percent of CPU this job got: 99%
	Elapsed (wall clock) time (h:mm:ss or m:ss): 9:33.68
	Average shared text size (kbytes): 0
	Average unshared data size (kbytes): 0
	Average stack size (kbytes): 0
	Average total size (kbytes): 0
	Maximum resident set size (kbytes): 4393856
	Average resident set size (kbytes): 0
	Major (requiring I/O) page faults: 13
	Minor (reclaiming a frame) page faults: 4140309
	Voluntary context switches: 66
	Involuntary context switches: 520
	Swaps: 0
	File system inputs: 0
	File system outputs: 14529352
	Socket messages sent: 0
	Socket messages received: 0
	Signals delivered: 0
	Page size (bytes): 4096
	Exit status: 20
SOLVE_W_TIME,	Elapsed (wall clock) time (h:mm:ss or m:ss): 9:33.68
c This is MapleLCMDistChronoBT.
c WARNING: for repeatability, setting FPU to use double precision
c Sat Analyzer will analyze result
c Analyzer will dump LRAT to '/local_ssd/proof.lrat'
c ============================[ Problem Statistics ]=============================
c |                                                                             |
c |  Number of variables:        136902                                         |
c |  Number of clauses:         1256579                                         |
c |  Parse time:                   0.38 s                                       |
reserve 85196788 on /local_ssd/proof.dat
reserve 138444788 on /local_ssd/proof.dat
c |  Eliminated clauses:           5.85 Mb                                      |
c Reduced to 70348 vars, 499587 cls (grow=0)
c |  Eliminated clauses:           6.43 Mb                                      |
c Reduced to 63167 vars, 531270 cls (grow=8)
c cl_inc_rate=1.063, var_dec_rate=1.114
c |  Eliminated clauses:           6.43 Mb                                      |
c Reduced to 63159 vars, 531369 cls (grow=16)
c cl_inc_rate=1.000, var_dec_rate=1.000
c No. effective iterative eliminations: 2
c |  Simplification time:          6.02 s                                       |
c |                                                                             |
c running deterministic with LRB
c ============================[ Search Statistics ]==============================
c | Conflicts |          ORIGINAL         |          LEARNT          | Progress |
c |           |    Vars  Clauses Literals |    Limit  Clauses Lit/Cl |          |
c ===============================================================================
reserve 224972788 on /local_ssd/proof.dat
reserve 365580788 on /local_ssd/proof.dat
reserve 594074612 on /local_ssd/proof.dat
reserve 965372916 on /local_ssd/proof.dat
reserve 1568732660 on /local_ssd/proof.dat
reserve 2549194740 on /local_ssd/proof.dat
reserve 4142441460 on /local_ssd/proof.dat
reserve 6731472372 on /local_ssd/proof.dat
c ===============================================================================
c restarts              : 2109
c conflicts             : 1029894        (1877 /sec)
c decisions             : 5484306        (0.00 % random) (9996 /sec)
c propagations          : 1588631305     (2895581 /sec)
c conflict literals     : 144876649      (23.61 % deleted)
c backtracks            : 1020267        (NCB 99% , CB 1%)
c Memory used           : 6737.00 MB
c CPU time              : 548.64 s

s UNSATISFIABLE
Marking proof: 9.228 seconds
c Dumping LRAT: 7.532 seconds
c Analyze time: 	16.76 seconds
c Analyze used disk storage:	5382.36 MB
LRAT_SIZE: 684504	/local_ssd/proof.lrat
s UNSATISFIABLE
/local_ssd/proof.lrat
	Command being timed: "/nfs/scratch/bzchartu/programs/maplechronobt_proof_analyze/drat-trim/lrat-check /nfs/scratch/bzchartu/unsat_2018_solved/terminator_03_true-unreach-call_true-termination.i.cnf /local_ssd/proof.lrat"
	User time (seconds): 15.11
	System time (seconds): 0.22
	Percent of CPU this job got: 99%
	Elapsed (wall clock) time (h:mm:ss or m:ss): 0:15.35
	Average shared text size (kbytes): 0
	Average unshared data size (kbytes): 0
	Average stack size (kbytes): 0
	Average total size (kbytes): 0
	Maximum resident set size (kbytes): 145136
	Average resident set size (kbytes): 0
	Major (requiring I/O) page faults: 0
	Minor (reclaiming a frame) page faults: 66787
	Voluntary context switches: 19
	Involuntary context switches: 20
	Swaps: 0
	File system inputs: 0
	File system outputs: 8
	Socket messages sent: 0
	Socket messages received: 0
	Signals delivered: 0
	Page size (bytes): 4096
	Exit status: 0
LRAT_W_TIME,	Elapsed (wall clock) time (h:mm:ss or m:ss): 0:15.35
c parsed a formula with 136902 variables and 1257615 clauses
c VERIFIED
c Added clauses = 2088061.  Deleted clauses = 1260366.  Max live clauses = 1257615
c verification time = 15.33 secs
c VERIFIED
OVERVIEW_HEADER,benchmark,solve mem,solve time,drat kb,drat sec,lrat kb,lrat sec,restarts,decisions,conflicts,propagations,mark proof sec,dump lrat sec, ana sec, anamem mb
OVERVIEW_CSV,/nfs/scratch/bzchartu/unsat_2018_solved/terminator_03_true-unreach-call_true-termination.i.cnf,	Maximum resident set size (kbytes): 4393856,	Elapsed (wall clock) time (h:mm:ss or m:ss): 9:33.68,0,0,684504	/local_ssd/proof.lrat,	Elapsed (wall clock) time (h:mm:ss or m:ss): 0:15.35,c restarts              : 2109,c decisions             : 5484306        (0.00 % random) (9996 /sec),c conflicts             : 1029894        (1877 /sec),c propagations          : 1588631305     (2895581 /sec),Marking proof: 9.228 seconds,c Dumping LRAT: 7.532 seconds,c Analyze time: 	16.76 seconds,c Analyze used disk storage:	5382.36 MB
