SOLVERNAME,ANA
ANA_TMP_CONFIG,'/local_ssd/proof.dat'
BENCHNAME,/nfs/scratch/bzchartu/unsat_2018_solved/ae_rphp095_04.cnf
running lrb Bench '/nfs/scratch/bzchartu/unsat_2018_solved/ae_rphp095_04.cnf' on cumu02-07
Command exited with non-zero status 20
	Command being timed: "/nfs/scratch/bzchartu/programs/maplechronobt_proof_analyze/sources/simp/glucose_release_ana -det=lrb /nfs/scratch/bzchartu/unsat_2018_solved/ae_rphp095_04.cnf -cpu-lim=10000 -analyzer-tmp-file=/local_ssd/proof.dat -lrat-file=/local_ssd/proof.lrat"
	User time (seconds): 3894.26
	System time (seconds): 48.75
	Percent of CPU this job got: 98%
	Elapsed (wall clock) time (h:mm:ss or m:ss): 1:06:50
	Average shared text size (kbytes): 0
	Average unshared data size (kbytes): 0
	Average stack size (kbytes): 0
	Average total size (kbytes): 0
	Maximum resident set size (kbytes): 18546172
	Average resident set size (kbytes): 0
	Major (requiring I/O) page faults: 15
	Minor (reclaiming a frame) page faults: 26143244
	Voluntary context switches: 464
	Involuntary context switches: 3016
	Swaps: 0
	File system inputs: 4680
	File system outputs: 119218688
	Socket messages sent: 0
	Socket messages received: 0
	Signals delivered: 0
	Page size (bytes): 4096
	Exit status: 20
SOLVE_W_TIME,	Elapsed (wall clock) time (h:mm:ss or m:ss): 1:06:50
c This is MapleLCMDistChronoBT.
c WARNING: for repeatability, setting FPU to use double precision
c Sat Analyzer will analyze result
c Analyzer will dump LRAT to '/local_ssd/proof.lrat'
c ============================[ Problem Statistics ]=============================
c |                                                                             |
c |  Number of variables:         14665                                         |
c |  Number of clauses:           34976                                         |
c |  Parse time:                   0.03 s                                       |
c |  Eliminated clauses:           0.32 Mb                                      |
c Reduced to 713 vars, 19940 cls (grow=0)
c No iterative elimination performed. (vars=713, c/v ratio=28.0)
c |  Simplification time:          0.08 s                                       |
c |                                                                             |
c running deterministic with LRB
c ============================[ Search Statistics ]==============================
c | Conflicts |          ORIGINAL         |          LEARNT          | Progress |
c |           |    Vars  Clauses Literals |    Limit  Clauses Lit/Cl |          |
c ===============================================================================
reserve 85196788 on /local_ssd/proof.dat
reserve 138444788 on /local_ssd/proof.dat
reserve 224972788 on /local_ssd/proof.dat
reserve 365580788 on /local_ssd/proof.dat
reserve 594074612 on /local_ssd/proof.dat
reserve 965372916 on /local_ssd/proof.dat
reserve 1568732660 on /local_ssd/proof.dat
reserve 2549194740 on /local_ssd/proof.dat
reserve 4142441460 on /local_ssd/proof.dat
reserve 6731472372 on /local_ssd/proof.dat
reserve 10938643444 on /local_ssd/proof.dat
reserve 17775300596 on /local_ssd/proof.dat
reserve 28884863476 on /local_ssd/proof.dat
c ===============================================================================
c restarts              : 59782
c conflicts             : 42708766       (11560 /sec)
c decisions             : 548859257      (0.00 % random) (148556 /sec)
c propagations          : 2298207270     (622042 /sec)
c conflict literals     : 1651549595     (25.05 % deleted)
c backtracks            : 41551336       (NCB 95% , CB 5%)
c Memory used           : 27850.00 MB
c CPU time              : 3694.62 s

s UNSATISFIABLE
Marking proof: 42.576 seconds
c Dumping LRAT: 157.068 seconds
c Analyze time: 	199.644 seconds
c Analyze used disk storage:	18782.5 MB
LRAT_SIZE: 11398376	/local_ssd/proof.lrat
s UNSATISFIABLE
/local_ssd/proof.lrat
	Command being timed: "/nfs/scratch/bzchartu/programs/maplechronobt_proof_analyze/drat-trim/lrat-check /nfs/scratch/bzchartu/unsat_2018_solved/ae_rphp095_04.cnf /local_ssd/proof.lrat"
	User time (seconds): 245.73
	System time (seconds): 4.64
	Percent of CPU this job got: 99%
	Elapsed (wall clock) time (h:mm:ss or m:ss): 4:10.39
	Average shared text size (kbytes): 0
	Average unshared data size (kbytes): 0
	Average stack size (kbytes): 0
	Average total size (kbytes): 0
	Maximum resident set size (kbytes): 4982520
	Average resident set size (kbytes): 0
	Major (requiring I/O) page faults: 0
	Minor (reclaiming a frame) page faults: 1289285
	Voluntary context switches: 19
	Involuntary context switches: 309
	Swaps: 0
	File system inputs: 0
	File system outputs: 8
	Socket messages sent: 0
	Socket messages received: 0
	Signals delivered: 0
	Page size (bytes): 4096
	Exit status: 0
LRAT_W_TIME,	Elapsed (wall clock) time (h:mm:ss or m:ss): 4:10.39
c parsed a formula with 14665 variables and 34976 clauses
c VERIFIED
c Added clauses = 36853508.  Deleted clauses = 36785077.  Max live clauses = 545691
c verification time = 250.26 secs
c VERIFIED
OVERVIEW_HEADER,benchmark,solve mem,solve time,drat kb,drat sec,lrat kb,lrat sec,restarts,decisions,conflicts,propagations,mark proof sec,dump lrat sec, ana sec, anamem mb
OVERVIEW_CSV,/nfs/scratch/bzchartu/unsat_2018_solved/ae_rphp095_04.cnf,	Maximum resident set size (kbytes): 18546172,	Elapsed (wall clock) time (h:mm:ss or m:ss): 1:06:50,0,0,11398376	/local_ssd/proof.lrat,	Elapsed (wall clock) time (h:mm:ss or m:ss): 4:10.39,c restarts              : 59782,c decisions             : 548859257      (0.00 % random) (148556 /sec),c conflicts             : 42708766       (11560 /sec),c propagations          : 2298207270     (622042 /sec),Marking proof: 42.576 seconds,c Dumping LRAT: 157.068 seconds,c Analyze time: 	199.644 seconds,c Analyze used disk storage:	18782.5 MB
