running picosat bench '/nfs/scratch/bzchartu/unsat_2018_solved/Nb37T6.cnf' on cumu01-03
s UNSATISFIABLE
/local_ssd/pico.trace
Command exited with non-zero status 20
	Command being timed: "/nfs/scratch/bzchartu/programs/pico_test/picosat-965/picosat -L 50000 -t /local_ssd/pico.trace /nfs/scratch/bzchartu/unsat_2018_solved/Nb37T6.cnf"
	User time (seconds): 14810.52
	System time (seconds): 29.33
	Percent of CPU this job got: 99%
	Elapsed (wall clock) time (h:mm:ss or m:ss): 4:07:20
	Average shared text size (kbytes): 0
	Average unshared data size (kbytes): 0
	Average stack size (kbytes): 0
	Average total size (kbytes): 0
	Maximum resident set size (kbytes): 1956780
	Average resident set size (kbytes): 0
	Major (requiring I/O) page faults: 0
	Minor (reclaiming a frame) page faults: 55917602
	Voluntary context switches: 19
	Involuntary context switches: 18744
	Swaps: 0
	File system inputs: 181744
	File system outputs: 1071480
	Socket messages sent: 0
	Socket messages received: 0
	Signals delivered: 0
	Page size (bytes): 4096
	Exit status: 20
resolved 1 root and 1 empty clause
	Command being timed: "/nfs/scratch/bzchartu/programs/pico_test/booleforce-1.3/tracecheck /local_ssd/pico.trace"
	User time (seconds): 21.28
	System time (seconds): 0.70
	Percent of CPU this job got: 99%
	Elapsed (wall clock) time (h:mm:ss or m:ss): 0:21.98
	Average shared text size (kbytes): 0
	Average unshared data size (kbytes): 0
	Average stack size (kbytes): 0
	Average total size (kbytes): 0
	Maximum resident set size (kbytes): 736752
	Average resident set size (kbytes): 0
	Major (requiring I/O) page faults: 0
	Minor (reclaiming a frame) page faults: 793626
	Voluntary context switches: 10
	Involuntary context switches: 15
	Swaps: 0
	File system inputs: 0
	File system outputs: 8
	Socket messages sent: 0
	Socket messages received: 0
	Signals delivered: 0
	Page size (bytes): 4096
	Exit status: 0
OVERVIEW_HEADER,benchmark,solve mem,solve time,drat kb,drat sec,lrat kb,lrat sec,restarts,decisions,conflicts,propagations,mark proof sec,dump lrat sec, ana sec, anamem mb
OVERVIEW_CSV,/nfs/scratch/bzchartu/unsat_2018_solved/Nb37T6.cnf,	Maximum resident set size (kbytes): 1956780,	Elapsed (wall clock) time (h:mm:ss or m:ss): 4:07:20,0,0,535736	/local_ssd/pico.trace,	Elapsed (wall clock) time (h:mm:ss or m:ss): 0:21.98,0,0,0,0,0,0,0,0
