running picosat bench '/nfs/scratch/bzchartu/unsat_2018_solved/T82.2.0.cnf' on cumu01-06
s UNSATISFIABLE
/local_ssd/pico.trace
Command exited with non-zero status 20
	Command being timed: "/nfs/scratch/bzchartu/programs/pico_test/picosat-965/picosat -L 50000 -t /local_ssd/pico.trace /nfs/scratch/bzchartu/unsat_2018_solved/T82.2.0.cnf"
	User time (seconds): 2067.00
	System time (seconds): 6.70
	Percent of CPU this job got: 99%
	Elapsed (wall clock) time (h:mm:ss or m:ss): 34:33.88
	Average shared text size (kbytes): 0
	Average unshared data size (kbytes): 0
	Average stack size (kbytes): 0
	Average total size (kbytes): 0
	Maximum resident set size (kbytes): 1395268
	Average resident set size (kbytes): 0
	Major (requiring I/O) page faults: 0
	Minor (reclaiming a frame) page faults: 11905002
	Voluntary context switches: 18
	Involuntary context switches: 3671
	Swaps: 0
	File system inputs: 480096
	File system outputs: 236736
	Socket messages sent: 0
	Socket messages received: 0
	Signals delivered: 0
	Page size (bytes): 4096
	Exit status: 20
resolved 1 root and 1 empty clause
	Command being timed: "/nfs/scratch/bzchartu/programs/pico_test/booleforce-1.3/tracecheck /local_ssd/pico.trace"
	User time (seconds): 3.57
	System time (seconds): 0.16
	Percent of CPU this job got: 99%
	Elapsed (wall clock) time (h:mm:ss or m:ss): 0:03.73
	Average shared text size (kbytes): 0
	Average unshared data size (kbytes): 0
	Average stack size (kbytes): 0
	Average total size (kbytes): 0
	Maximum resident set size (kbytes): 269140
	Average resident set size (kbytes): 0
	Major (requiring I/O) page faults: 0
	Minor (reclaiming a frame) page faults: 158535
	Voluntary context switches: 10
	Involuntary context switches: 3
	Swaps: 0
	File system inputs: 0
	File system outputs: 8
	Socket messages sent: 0
	Socket messages received: 0
	Signals delivered: 0
	Page size (bytes): 4096
	Exit status: 0
OVERVIEW_HEADER,benchmark,solve mem,solve time,drat kb,drat sec,lrat kb,lrat sec,restarts,decisions,conflicts,propagations,mark proof sec,dump lrat sec, ana sec, anamem mb
OVERVIEW_CSV,/nfs/scratch/bzchartu/unsat_2018_solved/T82.2.0.cnf,	Maximum resident set size (kbytes): 1395268,	Elapsed (wall clock) time (h:mm:ss or m:ss): 34:33.88,0,0,118364	/local_ssd/pico.trace,	Elapsed (wall clock) time (h:mm:ss or m:ss): 0:03.73,0,0,0,0,0,0,0,0
