running picosat bench '/nfs/scratch/bzchartu/unsat_2018_solved/ae_rphp075_04.cnf' on cumu01-04
s UNSATISFIABLE
/local_ssd/pico.trace
Command exited with non-zero status 20
	Command being timed: "/nfs/scratch/bzchartu/programs/pico_test/picosat-965/picosat -L 50000 -t /local_ssd/pico.trace /nfs/scratch/bzchartu/unsat_2018_solved/ae_rphp075_04.cnf"
	User time (seconds): 1370.62
	System time (seconds): 15.79
	Percent of CPU this job got: 99%
	Elapsed (wall clock) time (h:mm:ss or m:ss): 23:06.42
	Average shared text size (kbytes): 0
	Average unshared data size (kbytes): 0
	Average stack size (kbytes): 0
	Average total size (kbytes): 0
	Maximum resident set size (kbytes): 7564196
	Average resident set size (kbytes): 0
	Major (requiring I/O) page faults: 1
	Minor (reclaiming a frame) page faults: 24538213
	Voluntary context switches: 92
	Involuntary context switches: 501
	Swaps: 0
	File system inputs: 1000
	File system outputs: 6947456
	Socket messages sent: 0
	Socket messages received: 0
	Signals delivered: 0
	Page size (bytes): 4096
	Exit status: 20
resolved 1 root and 1 empty clause
	Command being timed: "/nfs/scratch/bzchartu/programs/pico_test/booleforce-1.3/tracecheck /local_ssd/pico.trace"
	User time (seconds): 126.83
	System time (seconds): 5.41
	Percent of CPU this job got: 99%
	Elapsed (wall clock) time (h:mm:ss or m:ss): 2:12.24
	Average shared text size (kbytes): 0
	Average unshared data size (kbytes): 0
	Average stack size (kbytes): 0
	Average total size (kbytes): 0
	Maximum resident set size (kbytes): 6161228
	Average resident set size (kbytes): 0
	Major (requiring I/O) page faults: 1
	Minor (reclaiming a frame) page faults: 7001615
	Voluntary context switches: 13
	Involuntary context switches: 75
	Swaps: 0
	File system inputs: 96
	File system outputs: 8
	Socket messages sent: 0
	Socket messages received: 0
	Signals delivered: 0
	Page size (bytes): 4096
	Exit status: 0
OVERVIEW_HEADER,benchmark,solve mem,solve time,drat kb,drat sec,lrat kb,lrat sec,restarts,decisions,conflicts,propagations,mark proof sec,dump lrat sec, ana sec, anamem mb
OVERVIEW_CSV,/nfs/scratch/bzchartu/unsat_2018_solved/ae_rphp075_04.cnf,	Maximum resident set size (kbytes): 7564196,	Elapsed (wall clock) time (h:mm:ss or m:ss): 23:06.42,0,0,3473728	/local_ssd/pico.trace,	Elapsed (wall clock) time (h:mm:ss or m:ss): 2:12.24,0,0,0,0,0,0,0,0
