running picosat bench '/nfs/scratch/bzchartu/unsat_2018_solved/cms-scheel-md4-families-r24-c5-p1-8-9-16-19.cnf' on cumu02-00
s UNSATISFIABLE
/local_ssd/pico.trace
Command exited with non-zero status 20
	Command being timed: "/nfs/scratch/bzchartu/programs/pico_test/picosat-965/picosat -L 50000 -t /local_ssd/pico.trace /nfs/scratch/bzchartu/unsat_2018_solved/cms-scheel-md4-families-r24-c5-p1-8-9-16-19.cnf"
	User time (seconds): 0.77
	System time (seconds): 0.00
	Percent of CPU this job got: 99%
	Elapsed (wall clock) time (h:mm:ss or m:ss): 0:00.78
	Average shared text size (kbytes): 0
	Average unshared data size (kbytes): 0
	Average stack size (kbytes): 0
	Average total size (kbytes): 0
	Maximum resident set size (kbytes): 15864
	Average resident set size (kbytes): 0
	Major (requiring I/O) page faults: 1
	Minor (reclaiming a frame) page faults: 3711
	Voluntary context switches: 18
	Involuntary context switches: 4
	Swaps: 0
	File system inputs: 4656
	File system outputs: 1848
	Socket messages sent: 0
	Socket messages received: 0
	Signals delivered: 0
	Page size (bytes): 4096
	Exit status: 20
resolved 1 root and 1 empty clause
	Command being timed: "/nfs/scratch/bzchartu/programs/pico_test/booleforce-1.3/tracecheck /local_ssd/pico.trace"
	User time (seconds): 0.05
	System time (seconds): 0.00
	Percent of CPU this job got: 91%
	Elapsed (wall clock) time (h:mm:ss or m:ss): 0:00.06
	Average shared text size (kbytes): 0
	Average unshared data size (kbytes): 0
	Average stack size (kbytes): 0
	Average total size (kbytes): 0
	Maximum resident set size (kbytes): 4964
	Average resident set size (kbytes): 0
	Major (requiring I/O) page faults: 1
	Minor (reclaiming a frame) page faults: 1151
	Voluntary context switches: 9
	Involuntary context switches: 2
	Swaps: 0
	File system inputs: 96
	File system outputs: 8
	Socket messages sent: 0
	Socket messages received: 0
	Signals delivered: 0
	Page size (bytes): 4096
	Exit status: 0
OVERVIEW_HEADER,benchmark,solve mem,solve time,drat kb,drat sec,lrat kb,lrat sec,restarts,decisions,conflicts,propagations,mark proof sec,dump lrat sec, ana sec, anamem mb
OVERVIEW_CSV,/nfs/scratch/bzchartu/unsat_2018_solved/cms-scheel-md4-families-r24-c5-p1-8-9-16-19.cnf,	Maximum resident set size (kbytes): 15864,	Elapsed (wall clock) time (h:mm:ss or m:ss): 0:00.78,0,0,920	/local_ssd/pico.trace,	Elapsed (wall clock) time (h:mm:ss or m:ss): 0:00.06,0,0,0,0,0,0,0,0
