running picosat bench '/nfs/scratch/bzchartu/unsat_2018_solved/mchess_15.cnf' on cumu02-13
s UNSATISFIABLE
/local_ssd/pico.trace
Command exited with non-zero status 20
	Command being timed: "/nfs/scratch/bzchartu/programs/pico_test/picosat-965/picosat -L 50000 -t /local_ssd/pico.trace /nfs/scratch/bzchartu/unsat_2018_solved/mchess_15.cnf"
	User time (seconds): 288.33
	System time (seconds): 1.18
	Percent of CPU this job got: 99%
	Elapsed (wall clock) time (h:mm:ss or m:ss): 4:49.52
	Average shared text size (kbytes): 0
	Average unshared data size (kbytes): 0
	Average stack size (kbytes): 0
	Average total size (kbytes): 0
	Maximum resident set size (kbytes): 1291996
	Average resident set size (kbytes): 0
	Major (requiring I/O) page faults: 0
	Minor (reclaiming a frame) page faults: 1216636
	Voluntary context switches: 14
	Involuntary context switches: 362
	Swaps: 0
	File system inputs: 40
	File system outputs: 417632
	Socket messages sent: 0
	Socket messages received: 0
	Signals delivered: 0
	Page size (bytes): 4096
	Exit status: 20
resolved 1 root and 1 empty clause
	Command being timed: "/nfs/scratch/bzchartu/programs/pico_test/booleforce-1.3/tracecheck /local_ssd/pico.trace"
	User time (seconds): 10.71
	System time (seconds): 0.44
	Percent of CPU this job got: 99%
	Elapsed (wall clock) time (h:mm:ss or m:ss): 0:11.16
	Average shared text size (kbytes): 0
	Average unshared data size (kbytes): 0
	Average stack size (kbytes): 0
	Average total size (kbytes): 0
	Maximum resident set size (kbytes): 475036
	Average resident set size (kbytes): 0
	Major (requiring I/O) page faults: 0
	Minor (reclaiming a frame) page faults: 599979
	Voluntary context switches: 10
	Involuntary context switches: 10
	Swaps: 0
	File system inputs: 0
	File system outputs: 8
	Socket messages sent: 0
	Socket messages received: 0
	Signals delivered: 0
	Page size (bytes): 4096
	Exit status: 0
OVERVIEW_HEADER,benchmark,solve mem,solve time,drat kb,drat sec,lrat kb,lrat sec,restarts,decisions,conflicts,propagations,mark proof sec,dump lrat sec, ana sec, anamem mb
OVERVIEW_CSV,/nfs/scratch/bzchartu/unsat_2018_solved/mchess_15.cnf,	Maximum resident set size (kbytes): 1291996,	Elapsed (wall clock) time (h:mm:ss or m:ss): 4:49.52,0,0,208812	/local_ssd/pico.trace,	Elapsed (wall clock) time (h:mm:ss or m:ss): 0:11.16,0,0,0,0,0,0,0,0
