running picosat bench '/nfs/scratch/bzchartu/unsat_2018_solved/Problem14_label20_true-unreach-call.c.cnf' on cumu01-15
s UNSATISFIABLE
/local_ssd/pico.trace
Command exited with non-zero status 20
	Command being timed: "/nfs/scratch/bzchartu/programs/pico_test/picosat-965/picosat -L 50000 -t /local_ssd/pico.trace /nfs/scratch/bzchartu/unsat_2018_solved/Problem14_label20_true-unreach-call.c.cnf"
	User time (seconds): 8.26
	System time (seconds): 0.89
	Percent of CPU this job got: 99%
	Elapsed (wall clock) time (h:mm:ss or m:ss): 0:09.21
	Average shared text size (kbytes): 0
	Average unshared data size (kbytes): 0
	Average stack size (kbytes): 0
	Average total size (kbytes): 0
	Maximum resident set size (kbytes): 705540
	Average resident set size (kbytes): 0
	Major (requiring I/O) page faults: 0
	Minor (reclaiming a frame) page faults: 494651
	Voluntary context switches: 13
	Involuntary context switches: 1020
	Swaps: 0
	File system inputs: 360376
	File system outputs: 1840
	Socket messages sent: 0
	Socket messages received: 0
	Signals delivered: 0
	Page size (bytes): 4096
	Exit status: 20
resolved 1 root and 1 empty clause
	Command being timed: "/nfs/scratch/bzchartu/programs/pico_test/booleforce-1.3/tracecheck /local_ssd/pico.trace"
	User time (seconds): 0.09
	System time (seconds): 0.06
	Percent of CPU this job got: 97%
	Elapsed (wall clock) time (h:mm:ss or m:ss): 0:00.15
	Average shared text size (kbytes): 0
	Average unshared data size (kbytes): 0
	Average stack size (kbytes): 0
	Average total size (kbytes): 0
	Maximum resident set size (kbytes): 80500
	Average resident set size (kbytes): 0
	Major (requiring I/O) page faults: 0
	Minor (reclaiming a frame) page faults: 33136
	Voluntary context switches: 6
	Involuntary context switches: 1
	Swaps: 0
	File system inputs: 0
	File system outputs: 8
	Socket messages sent: 0
	Socket messages received: 0
	Signals delivered: 0
	Page size (bytes): 4096
	Exit status: 0
OVERVIEW_HEADER,benchmark,solve mem,solve time,drat kb,drat sec,lrat kb,lrat sec,restarts,decisions,conflicts,propagations,mark proof sec,dump lrat sec, ana sec, anamem mb
OVERVIEW_CSV,/nfs/scratch/bzchartu/unsat_2018_solved/Problem14_label20_true-unreach-call.c.cnf,	Maximum resident set size (kbytes): 705540,	Elapsed (wall clock) time (h:mm:ss or m:ss): 0:09.21,0,0,916	/local_ssd/pico.trace,	Elapsed (wall clock) time (h:mm:ss or m:ss): 0:00.15,0,0,0,0,0,0,0,0
