running picosat bench '/nfs/scratch/bzchartu/unsat_2018_solved/a_rphp085_04.cnf' on cumu01-10
s UNSATISFIABLE
/local_ssd/pico.trace
Command exited with non-zero status 20
	Command being timed: "/nfs/scratch/bzchartu/programs/pico_test/picosat-965/picosat -L 50000 -t /local_ssd/pico.trace /nfs/scratch/bzchartu/unsat_2018_solved/a_rphp085_04.cnf"
	User time (seconds): 4092.77
	System time (seconds): 98.62
	Percent of CPU this job got: 99%
	Elapsed (wall clock) time (h:mm:ss or m:ss): 1:09:52
	Average shared text size (kbytes): 0
	Average unshared data size (kbytes): 0
	Average stack size (kbytes): 0
	Average total size (kbytes): 0
	Maximum resident set size (kbytes): 21381928
	Average resident set size (kbytes): 0
	Major (requiring I/O) page faults: 1
	Minor (reclaiming a frame) page faults: 212652887
	Voluntary context switches: 167
	Involuntary context switches: 5055
	Swaps: 0
	File system inputs: 928
	File system outputs: 13955792
	Socket messages sent: 0
	Socket messages received: 0
	Signals delivered: 0
	Page size (bytes): 4096
	Exit status: 20
resolved 1 root and 1 empty clause
	Command being timed: "/nfs/scratch/bzchartu/programs/pico_test/booleforce-1.3/tracecheck /local_ssd/pico.trace"
	User time (seconds): 265.71
	System time (seconds): 13.00
	Percent of CPU this job got: 100%
	Elapsed (wall clock) time (h:mm:ss or m:ss): 4:38.70
	Average shared text size (kbytes): 0
	Average unshared data size (kbytes): 0
	Average stack size (kbytes): 0
	Average total size (kbytes): 0
	Maximum resident set size (kbytes): 14265172
	Average resident set size (kbytes): 0
	Major (requiring I/O) page faults: 1
	Minor (reclaiming a frame) page faults: 18033030
	Voluntary context switches: 14
	Involuntary context switches: 153
	Swaps: 0
	File system inputs: 96
	File system outputs: 8
	Socket messages sent: 0
	Socket messages received: 0
	Signals delivered: 0
	Page size (bytes): 4096
	Exit status: 0
OVERVIEW_HEADER,benchmark,solve mem,solve time,drat kb,drat sec,lrat kb,lrat sec,restarts,decisions,conflicts,propagations,mark proof sec,dump lrat sec, ana sec, anamem mb
OVERVIEW_CSV,/nfs/scratch/bzchartu/unsat_2018_solved/a_rphp085_04.cnf,	Maximum resident set size (kbytes): 21381928,	Elapsed (wall clock) time (h:mm:ss or m:ss): 1:09:52,0,0,6977896	/local_ssd/pico.trace,	Elapsed (wall clock) time (h:mm:ss or m:ss): 4:38.70,0,0,0,0,0,0,0,0
