running picosat bench '/nfs/scratch/bzchartu/unsat_2018_solved/pals_lcr.8_overflow_false-unreach-call.ufo.UNBOUNDED.pals.c.cnf' on cumu02-02
s UNSATISFIABLE
/local_ssd/pico.trace
Command exited with non-zero status 20
	Command being timed: "/nfs/scratch/bzchartu/programs/pico_test/picosat-965/picosat -L 50000 -t /local_ssd/pico.trace /nfs/scratch/bzchartu/unsat_2018_solved/pals_lcr.8_overflow_false-unreach-call.ufo.UNBOUNDED.pals.c.cnf"
	User time (seconds): 10549.55
	System time (seconds): 277.65
	Percent of CPU this job got: 99%
	Elapsed (wall clock) time (h:mm:ss or m:ss): 3:00:31
	Average shared text size (kbytes): 0
	Average unshared data size (kbytes): 0
	Average stack size (kbytes): 0
	Average total size (kbytes): 0
	Maximum resident set size (kbytes): 31117304
	Average resident set size (kbytes): 0
	Major (requiring I/O) page faults: 0
	Minor (reclaiming a frame) page faults: 584955636
	Voluntary context switches: 833
	Involuntary context switches: 2972
	Swaps: 0
	File system inputs: 22952
	File system outputs: 53108048
	Socket messages sent: 0
	Socket messages received: 0
	Signals delivered: 0
	Page size (bytes): 4096
	Exit status: 20
resolved 1 root and 1 empty clause
	Command being timed: "/nfs/scratch/bzchartu/programs/pico_test/booleforce-1.3/tracecheck /local_ssd/pico.trace"
	User time (seconds): 1680.58
	System time (seconds): 35.23
	Percent of CPU this job got: 100%
	Elapsed (wall clock) time (h:mm:ss or m:ss): 28:35.71
	Average shared text size (kbytes): 0
	Average unshared data size (kbytes): 0
	Average stack size (kbytes): 0
	Average total size (kbytes): 0
	Maximum resident set size (kbytes): 16412704
	Average resident set size (kbytes): 0
	Major (requiring I/O) page faults: 0
	Minor (reclaiming a frame) page faults: 42167101
	Voluntary context switches: 11
	Involuntary context switches: 776
	Swaps: 0
	File system inputs: 0
	File system outputs: 8
	Socket messages sent: 0
	Socket messages received: 0
	Signals delivered: 0
	Page size (bytes): 4096
	Exit status: 0
OVERVIEW_HEADER,benchmark,solve mem,solve time,drat kb,drat sec,lrat kb,lrat sec,restarts,decisions,conflicts,propagations,mark proof sec,dump lrat sec, ana sec, anamem mb
OVERVIEW_CSV,/nfs/scratch/bzchartu/unsat_2018_solved/pals_lcr.8_overflow_false-unreach-call.ufo.UNBOUNDED.pals.c.cnf,	Maximum resident set size (kbytes): 31117304,	Elapsed (wall clock) time (h:mm:ss or m:ss): 3:00:31,0,0,26554024	/local_ssd/pico.trace,	Elapsed (wall clock) time (h:mm:ss or m:ss): 28:35.71,0,0,0,0,0,0,0,0
