running picosat bench '/nfs/scratch/bzchartu/unsat_2018_solved/queen13_13.col.13.cnf' on cumu01-10
s UNKNOWN
ls: Zugriff auf '/local_ssd/pico.trace' nicht möglich: Datei oder Verzeichnis nicht gefunden
	Command being timed: "/nfs/scratch/bzchartu/programs/pico_test/picosat-965/picosat -L 50000 -t /local_ssd/pico.trace /nfs/scratch/bzchartu/unsat_2018_solved/queen13_13.col.13.cnf"
	User time (seconds): 43815.83
	System time (seconds): 4658.32
	Percent of CPU this job got: 96%
	Elapsed (wall clock) time (h:mm:ss or m:ss): 13:58:12
	Average shared text size (kbytes): 0
	Average unshared data size (kbytes): 0
	Average stack size (kbytes): 0
	Average total size (kbytes): 0
	Maximum resident set size (kbytes): 64834312
	Average resident set size (kbytes): 0
	Major (requiring I/O) page faults: 10009968
	Minor (reclaiming a frame) page faults: 9529279290
	Voluntary context switches: 10026762
	Involuntary context switches: 49399
	Swaps: 0
	File system inputs: 609075552
	File system outputs: 8
	Socket messages sent: 0
	Socket messages received: 0
	Signals delivered: 0
	Page size (bytes): 4096
	Exit status: 0
NOT FINISHED: solution not found (02)
rm: das Entfernen von '/local_ssd/pico.trace' ist nicht möglich: Datei oder Verzeichnis nicht gefunden
