SOLVERNAME,ANA
ANA_TMP_CONFIG,'/local_ssd/proof.dat:/local/proof.dat'
BENCHNAME,/nfs/scratch/bzchartu/sat_comp_18/ex025_19.cnf
running lrb Bench '/nfs/scratch/bzchartu/sat_comp_18/ex025_19.cnf' on cumu01-01
WARNING! DIMACS header mismatch: wrong number of variables.
Command exited with non-zero status 20
	Command being timed: "/nfs/scratch/bzchartu/programs/maplechronobt_proof_analyze/sources/simp/glucose_release_ana -det=lrb /nfs/scratch/bzchartu/sat_comp_18/ex025_19.cnf -cpu-lim=50000 -analyzer-tmp-file=/local_ssd/proof.dat:/local/proof.dat -lrat-file=/local/proof.lrat"
	User time (seconds): 24056.59
	System time (seconds): 178.39
	Percent of CPU this job got: 99%
	Elapsed (wall clock) time (h:mm:ss or m:ss): 6:47:20
	Average shared text size (kbytes): 0
	Average unshared data size (kbytes): 0
	Average stack size (kbytes): 0
	Average total size (kbytes): 0
	Maximum resident set size (kbytes): 53817404
	Average resident set size (kbytes): 0
	Major (requiring I/O) page faults: 13736
	Minor (reclaiming a frame) page faults: 93039003
	Voluntary context switches: 108547
	Involuntary context switches: 20993
	Swaps: 0
	File system inputs: 30232240
	File system outputs: 290469336
	Socket messages sent: 0
	Socket messages received: 0
	Signals delivered: 0
	Page size (bytes): 4096
	Exit status: 20
SOLVE_W_TIME,	Elapsed (wall clock) time (h:mm:ss or m:ss): 6:47:20
c This is MapleLCMDistChronoBT.
c WARNING: for repeatability, setting FPU to use double precision
c Sat Analyzer will analyze result
c Analyzer will dump LRAT to '/local/proof.lrat'
c ============================[ Problem Statistics ]=============================
c |                                                                             |
reserve 85196788 on /local_ssd/proof.dat
c |  Number of variables:        213579                                         |
c |  Number of clauses:         1939231                                         |
c |  Parse time:                   0.70 s                                       |
reserve 138444788 on /local_ssd/proof.dat
reserve 224972788 on /local_ssd/proof.dat
c |  Eliminated clauses:           2.05 Mb                                      |
c Reduced to 77185 vars, 757874 cls (grow=0)
c |  Eliminated clauses:           3.28 Mb                                      |
c Reduced to 51618 vars, 855113 cls (grow=8)
c cl_inc_rate=1.128, var_dec_rate=1.495
c |  Eliminated clauses:           3.62 Mb                                      |
c Reduced to 46783 vars, 911974 cls (grow=16)
c cl_inc_rate=1.066, var_dec_rate=1.103
c |  Eliminated clauses:           4.02 Mb                                      |
c Reduced to 41387 vars, 1032155 cls (grow=32)
c cl_inc_rate=1.132, var_dec_rate=1.130
c No. effective iterative eliminations: 3
c |  Simplification time:          5.66 s                                       |
c |                                                                             |
c running deterministic with LRB
c ============================[ Search Statistics ]==============================
c | Conflicts |          ORIGINAL         |          LEARNT          | Progress |
c |           |    Vars  Clauses Literals |    Limit  Clauses Lit/Cl |          |
c ===============================================================================
reserve 365580788 on /local_ssd/proof.dat
reserve 594074612 on /local_ssd/proof.dat
reserve 965372916 on /local_ssd/proof.dat
reserve 1568732660 on /local_ssd/proof.dat
reserve 2549194740 on /local_ssd/proof.dat
reserve 4142441460 on /local_ssd/proof.dat
reserve 6731472372 on /local_ssd/proof.dat
reserve 10938643444 on /local_ssd/proof.dat
reserve 17775300596 on /local_ssd/proof.dat
reserve 28884863476 on /local_ssd/proof.dat
reserve 46937905652 on /local_ssd/proof.dat
reserve 76274099188 on /local_ssd/proof.dat
c ===============================================================================
c restarts              : 93288
c conflicts             : 70948691       (3015 /sec)
c decisions             : 116238769      (0.00 % random) (4940 /sec)
c propagations          : 41775165302    (1775225 /sec)
c conflict literals     : 2891243491     (38.22 % deleted)
c backtracks            : 70946452       (NCB 100% , CB 0%)
c Memory used           : 73388.00 MB
c CPU time              : 23532.3 s

s UNSATISFIABLE
Marking proof: 215.576 seconds
c Dumping LRAT: 308.684 seconds
c Analyze time: 	524.26 seconds
c Analyze used disk storage:	61708.9 MB
LRAT_SIZE: 26683636	/local/proof.lrat
s UNSATISFIABLE
/local/proof.lrat
	Command being timed: "/nfs/scratch/bzchartu/programs/maplechronobt_proof_analyze/drat-trim/lrat-check /nfs/scratch/bzchartu/sat_comp_18/ex025_19.cnf /local/proof.lrat"
	User time (seconds): 564.74
	System time (seconds): 15.86
	Percent of CPU this job got: 98%
	Elapsed (wall clock) time (h:mm:ss or m:ss): 9:47.50
	Average shared text size (kbytes): 0
	Average unshared data size (kbytes): 0
	Average stack size (kbytes): 0
	Average total size (kbytes): 0
	Maximum resident set size (kbytes): 4680576
	Average resident set size (kbytes): 0
	Major (requiring I/O) page faults: 0
	Minor (reclaiming a frame) page faults: 1390409
	Voluntary context switches: 2227
	Involuntary context switches: 1356
	Swaps: 0
	File system inputs: 18468016
	File system outputs: 8
	Socket messages sent: 0
	Socket messages received: 0
	Signals delivered: 0
	Page size (bytes): 4096
	Exit status: 0
LRAT_W_TIME,	Elapsed (wall clock) time (h:mm:ss or m:ss): 9:47.50
c parsed a formula with 213602 variables and 1974699 clauses
c VERIFIED
c Added clauses = 30647713.  Deleted clauses = 29596217.  Max live clauses = 1974699
c verification time = 587.35 secs
c VERIFIED
OVERVIEW_HEADER,benchmark,solve mem,solve time,drat kb,drat sec,lrat kb,lrat sec,restarts,decisions,conflicts,propagations,mark proof sec,dump lrat sec, ana sec, anamem mb
OVERVIEW_CSV,/nfs/scratch/bzchartu/sat_comp_18/ex025_19.cnf,	Maximum resident set size (kbytes): 53817404,	Elapsed (wall clock) time (h:mm:ss or m:ss): 6:47:20,0,0,26683636	/local/proof.lrat,	Elapsed (wall clock) time (h:mm:ss or m:ss): 9:47.50,c restarts              : 93288,c decisions             : 116238769      (0.00 % random) (4940 /sec),c conflicts             : 70948691       (3015 /sec),c propagations          : 41775165302    (1775225 /sec),Marking proof: 215.576 seconds,c Dumping LRAT: 308.684 seconds,c Analyze time: 	524.26 seconds,c Analyze used disk storage:	61708.9 MB
