SOLVERNAME,ANA
ANA_TMP_CONFIG,'/local_ssd/proof.dat:/local/proof.dat'
BENCHNAME,/nfs/scratch/bzchartu/sat_comp_18/mchess_18.cnf
running lrb Bench '/nfs/scratch/bzchartu/sat_comp_18/mchess_18.cnf' on cumu01-01
Command exited with non-zero status 20
	Command being timed: "/nfs/scratch/bzchartu/programs/maplechronobt_proof_analyze/sources/simp/glucose_release_ana -det=lrb /nfs/scratch/bzchartu/sat_comp_18/mchess_18.cnf -cpu-lim=50000 -analyzer-tmp-file=/local_ssd/proof.dat:/local/proof.dat -lrat-file=/local/proof.lrat"
	User time (seconds): 21915.01
	System time (seconds): 209.73
	Percent of CPU this job got: 98%
	Elapsed (wall clock) time (h:mm:ss or m:ss): 6:15:59
	Average shared text size (kbytes): 0
	Average unshared data size (kbytes): 0
	Average stack size (kbytes): 0
	Average total size (kbytes): 0
	Maximum resident set size (kbytes): 58737788
	Average resident set size (kbytes): 0
	Major (requiring I/O) page faults: 115064
	Minor (reclaiming a frame) page faults: 87095998
	Voluntary context switches: 203945
	Involuntary context switches: 17756
	Swaps: 0
	File system inputs: 93654288
	File system outputs: 435307200
	Socket messages sent: 0
	Socket messages received: 0
	Signals delivered: 0
	Page size (bytes): 4096
	Exit status: 20
SOLVE_W_TIME,	Elapsed (wall clock) time (h:mm:ss or m:ss): 6:15:59
c This is MapleLCMDistChronoBT.
c WARNING: for repeatability, setting FPU to use double precision
c Sat Analyzer will analyze result
c Analyzer will dump LRAT to '/local/proof.lrat'
c ============================[ Problem Statistics ]=============================
c |                                                                             |
c |  Number of variables:           612                                         |
c |  Number of clauses:            2044                                         |
c |  Parse time:                   0.00 s                                       |
c |  Eliminated clauses:           0.01 Mb                                      |
c Reduced to 431 vars, 1717 cls (grow=0)
c No iterative elimination performed. (vars=431, c/v ratio=4.0)
c |  Simplification time:          0.00 s                                       |
c |                                                                             |
c running deterministic with LRB
c ============================[ Search Statistics ]==============================
c | Conflicts |          ORIGINAL         |          LEARNT          | Progress |
c |           |    Vars  Clauses Literals |    Limit  Clauses Lit/Cl |          |
c ===============================================================================
reserve 85196788 on /local_ssd/proof.dat
reserve 138444788 on /local_ssd/proof.dat
reserve 224972788 on /local_ssd/proof.dat
reserve 365580788 on /local_ssd/proof.dat
reserve 594074612 on /local_ssd/proof.dat
reserve 965372916 on /local_ssd/proof.dat
reserve 1568732660 on /local_ssd/proof.dat
reserve 2549194740 on /local_ssd/proof.dat
reserve 4142441460 on /local_ssd/proof.dat
reserve 6731472372 on /local_ssd/proof.dat
reserve 10938643444 on /local_ssd/proof.dat
reserve 17775300596 on /local_ssd/proof.dat
reserve 28884863476 on /local_ssd/proof.dat
reserve 46937905652 on /local_ssd/proof.dat
reserve 76274099188 on /local_ssd/proof.dat
c ===============================================================================
c restarts              : 285254
c conflicts             : 251412677      (11955 /sec)
c decisions             : 292016613      (0.00 % random) (13886 /sec)
c propagations          : 4561823563     (216925 /sec)
c conflict literals     : 4745454366     (30.33 % deleted)
c backtracks            : 251412676      (NCB 100% , CB 0%)
c Memory used           : 73070.00 MB
c CPU time              : 21029.5 s

s UNSATISFIABLE
Marking proof: 255.964 seconds
c Dumping LRAT: 629.528 seconds
c Analyze time: 	885.492 seconds
c Analyze used disk storage:	71104.2 MB
LRAT_SIZE: 46884784	/local/proof.lrat
s UNSATISFIABLE
/local/proof.lrat
LRAT_ommand being timed: "./lrat-check /nfs/scratch/bzchartu/sat_comp_18/mchess_18.cnf /nfs/scratch/bzchartu/mchess_18.lrat"
        User time (seconds): 1032.72
        System time (seconds): 14.60
        Percent of CPU this job got: 99%
        Elapsed (wall clock) time (h:mm:ss or m:ss): 17:27.40
        Average shared text size (kbytes): 0
        Average unshared data size (kbytes): 0
        Average stack size (kbytes): 0
        Average total size (kbytes): 0
        Maximum resident set size (kbytes): 17171372
        Average resident set size (kbytes): 0
        Major (requiring I/O) page faults: 0
        Minor (reclaiming a frame) page faults: 5150616
        Voluntary context switches: 283
        Involuntary context switches: 2281
        Swaps: 0
        File system inputs: 857848
        File system outputs: 0
        Socket messages sent: 0
        Socket messages received: 0
        Signals delivered: 0
        Page size (bytes): 4096
        Exit status: 0
LRAT_W_TIME,        Elapsed (wall clock) time (h:mm:ss or m:ss): 17:27.40
c parsed a formula with 612 variables and 2048 clauses
c VERIFIED
c Added clauses = 201332923.  Deleted clauses = 200980128.  Max live clauses = 586533
c verification time = 1046.92 secs
OVERVIEW_HEADER,benchmark,solve mem,solve time,drat kb,drat sec,lrat kb,lrat sec,restarts,decisions,conflicts,propagations,mark proof sec,dump lrat sec, ana sec, anamem mb
OVERVIEW_CSV,/nfs/scratch/bzchartu/sat_comp_18/mchess_18.cnf,	Maximum resident set size (kbytes): 58737788,   Elapsed (wall clock) time (h:mm:ss or m:ss): 6:15:59,0,0,46884784       /local/proof.lrat,      Elapsed (wall clock) time (h:mm:ss or m:ss): 17:27.40,c restarts              : 285254,c decisions             : 292016613       (0.00 % random) (13886 /sec),c conflicts             : 251412677       (11955 /sec),c propagations          : 4561823563    (216925 /sec),Marking proof: 255.964 seconds,c Dumping LRAT: 629.528 seconds,c Analyze time:  885.492 seconds,c Analyze used disk storage:    73070.00 MB
