SOLVERNAME,ANA
ANA_TMP_CONFIG,'/local_ssd/proof.dat'
BENCHNAME,/nfs/scratch/bzchartu/unsat_2018_solved/udiv35prop.cnf
running lrb Bench '/nfs/scratch/bzchartu/unsat_2018_solved/udiv35prop.cnf' on cumu02-14
Command exited with non-zero status 20
	Command being timed: "/nfs/scratch/bzchartu/programs/maplechronobt_proof_analyze/sources/simp/glucose_release_ana -det=lrb /nfs/scratch/bzchartu/unsat_2018_solved/udiv35prop.cnf -cpu-lim=10000 -analyzer-tmp-file=/local_ssd/proof.dat -lrat-file=/local_ssd/proof.lrat"
	User time (seconds): 2411.38
	System time (seconds): 104.76
	Percent of CPU this job got: 69%
	Elapsed (wall clock) time (h:mm:ss or m:ss): 1:00:29
	Average shared text size (kbytes): 0
	Average unshared data size (kbytes): 0
	Average stack size (kbytes): 0
	Average total size (kbytes): 0
	Maximum resident set size (kbytes): 44355068
	Average resident set size (kbytes): 0
	Major (requiring I/O) page faults: 3819
	Minor (reclaiming a frame) page faults: 41131870
	Voluntary context switches: 46615
	Involuntary context switches: 2957
	Swaps: 0
	File system inputs: 24289088
	File system outputs: 269405304
	Socket messages sent: 0
	Socket messages received: 0
	Signals delivered: 0
	Page size (bytes): 4096
	Exit status: 20
SOLVE_W_TIME,	Elapsed (wall clock) time (h:mm:ss or m:ss): 1:00:29
c This is MapleLCMDistChronoBT.
c WARNING: for repeatability, setting FPU to use double precision
c Sat Analyzer will analyze result
c Analyzer will dump LRAT to '/local_ssd/proof.lrat'
c ============================[ Problem Statistics ]=============================
c |                                                                             |
c |  Number of variables:         10972                                         |
c |  Number of clauses:           32256                                         |
c |  Parse time:                   0.02 s                                       |
c |  Eliminated clauses:           0.28 Mb                                      |
c Reduced to 4425 vars, 19674 cls (grow=0)
c No iterative elimination performed. (vars=4425, c/v ratio=4.4)
c |  Simplification time:          0.05 s                                       |
c |                                                                             |
c running deterministic with LRB
c ============================[ Search Statistics ]==============================
c | Conflicts |          ORIGINAL         |          LEARNT          | Progress |
c |           |    Vars  Clauses Literals |    Limit  Clauses Lit/Cl |          |
c ===============================================================================
reserve 85196788 on /local_ssd/proof.dat
reserve 138444788 on /local_ssd/proof.dat
reserve 224972788 on /local_ssd/proof.dat
reserve 365580788 on /local_ssd/proof.dat
reserve 594074612 on /local_ssd/proof.dat
reserve 965372916 on /local_ssd/proof.dat
reserve 1568732660 on /local_ssd/proof.dat
reserve 2549194740 on /local_ssd/proof.dat
reserve 4142441460 on /local_ssd/proof.dat
reserve 6731472372 on /local_ssd/proof.dat
reserve 10938643444 on /local_ssd/proof.dat
reserve 17775300596 on /local_ssd/proof.dat
reserve 28884863476 on /local_ssd/proof.dat
reserve 46937905652 on /local_ssd/proof.dat
c ===============================================================================
c restarts              : 16479
c conflicts             : 10214736       (6871 /sec)
c decisions             : 13625552       (0.00 % random) (9166 /sec)
c propagations          : 2898422859     (1949725 /sec)
c conflict literals     : 325618662      (61.68 % deleted)
c backtracks            : 10214731       (NCB 100% , CB 0%)
c Memory used           : 44847.00 MB
c CPU time              : 1486.58 s

s UNSATISFIABLE
Marking proof: 520.476 seconds
c Dumping LRAT: 404.332 seconds
c Analyze time: 	924.808 seconds
c Analyze used disk storage:	45361.5 MB
LRAT_SIZE: 31082724	/local_ssd/proof.lrat
s UNSATISFIABLE
/local_ssd/proof.lrat
	Command being timed: "/nfs/scratch/bzchartu/programs/maplechronobt_proof_analyze/drat-trim/lrat-check /nfs/scratch/bzchartu/unsat_2018_solved/udiv35prop.cnf /local_ssd/proof.lrat"
	User time (seconds): 745.44
	System time (seconds): 16.13
	Percent of CPU this job got: 99%
	Elapsed (wall clock) time (h:mm:ss or m:ss): 12:46.84
	Average shared text size (kbytes): 0
	Average unshared data size (kbytes): 0
	Average stack size (kbytes): 0
	Average total size (kbytes): 0
	Maximum resident set size (kbytes): 1194248
	Average resident set size (kbytes): 0
	Major (requiring I/O) page faults: 0
	Minor (reclaiming a frame) page faults: 358854
	Voluntary context switches: 1333
	Involuntary context switches: 1543
	Swaps: 0
	File system inputs: 25302000
	File system outputs: 8
	Socket messages sent: 0
	Socket messages received: 0
	Signals delivered: 0
	Page size (bytes): 4096
	Exit status: 0
LRAT_W_TIME,	Elapsed (wall clock) time (h:mm:ss or m:ss): 12:46.84
c parsed a formula with 10972 variables and 32257 clauses
c VERIFIED
c Added clauses = 9270489.  Deleted clauses = 9198292.  Max live clauses = 158894
c verification time = 766.80 secs
c VERIFIED
OVERVIEW_HEADER,benchmark,solve mem,solve time,drat kb,drat sec,lrat kb,lrat sec,restarts,decisions,conflicts,propagations,mark proof sec,dump lrat sec, ana sec, anamem mb
OVERVIEW_CSV,/nfs/scratch/bzchartu/unsat_2018_solved/udiv35prop.cnf,	Maximum resident set size (kbytes): 44355068,	Elapsed (wall clock) time (h:mm:ss or m:ss): 1:00:29,0,0,31082724	/local_ssd/proof.lrat,	Elapsed (wall clock) time (h:mm:ss or m:ss): 12:46.84,c restarts              : 16479,c decisions             : 13625552       (0.00 % random) (9166 /sec),c conflicts             : 10214736       (6871 /sec),c propagations          : 2898422859     (1949725 /sec),Marking proof: 520.476 seconds,c Dumping LRAT: 404.332 seconds,c Analyze time: 	924.808 seconds,c Analyze used disk storage:	45361.5 MB
