SOLVERNAME,STD
BENCHNAME,/nfs/scratch/bzchartu/unsat_2018_solved/huck.col.11.cnf
running lrb Bench '/nfs/scratch/bzchartu/unsat_2018_solved/huck.col.11.cnf' on cumu02-07
Command exited with non-zero status 20
	Command being timed: "/nfs/scratch/bzchartu/programs/maplechronobt_proof_analyze/sources/simp/glucose_release -det=lrb /nfs/scratch/bzchartu/unsat_2018_solved/huck.col.11.cnf -cpu-lim=10000 -drup-file=/local_ssd/proof.drat"
	User time (seconds): 65.68
	System time (seconds): 0.10
	Percent of CPU this job got: 99%
	Elapsed (wall clock) time (h:mm:ss or m:ss): 1:05.81
	Average shared text size (kbytes): 0
	Average unshared data size (kbytes): 0
	Average stack size (kbytes): 0
	Average total size (kbytes): 0
	Maximum resident set size (kbytes): 33196
	Average resident set size (kbytes): 0
	Major (requiring I/O) page faults: 2
	Minor (reclaiming a frame) page faults: 51154
	Voluntary context switches: 41
	Involuntary context switches: 61
	Swaps: 0
	File system inputs: 36336
	File system outputs: 277144
	Socket messages sent: 0
	Socket messages received: 0
	Signals delivered: 0
	Page size (bytes): 4096
	Exit status: 20
SOLVE_W_TIME,	Elapsed (wall clock) time (h:mm:ss or m:ss): 1:05.81
c This is MapleLCMDistChronoBT.
c WARNING: for repeatability, setting FPU to use double precision
c Analyzer is deactivated by mode: 1 and dyn: 1
c ============================[ Problem Statistics ]=============================
c |                                                                             |
c |  Number of variables:           740                                         |
c |  Number of clauses:            6094                                         |
c |  Parse time:                   0.00 s                                       |
c |  Eliminated clauses:           0.01 Mb                                      |
c Reduced to 525 vars, 2834 cls (grow=0)
c No iterative elimination performed. (vars=525, c/v ratio=5.4)
c |  Simplification time:          0.01 s                                       |
c |                                                                             |
c running deterministic with LRB
c ============================[ Search Statistics ]==============================
c | Conflicts |          ORIGINAL         |          LEARNT          | Progress |
c |           |    Vars  Clauses Literals |    Limit  Clauses Lit/Cl |          |
c ===============================================================================
c ===============================================================================
c restarts              : 3331
c conflicts             : 1711008        (26051 /sec)
c decisions             : 2051027        (0.00 % random) (31228 /sec)
c propagations          : 28532217       (434413 /sec)
c conflict literals     : 36578317       (30.14 % deleted)
c backtracks            : 1711007        (NCB 100% , CB 0%)
c Memory used           : 46.00 MB
c CPU time              : 65.68 s

s UNSATISFIABLE
DRAT_SIZE: 138564	/local_ssd/proof.drat
s UNSATISFIABLE
/local_ssd/proof.drat
	Command being timed: "/nfs/scratch/bzchartu/programs/maplechronobt_proof_analyze/drat-trim/drat-trim /nfs/scratch/bzchartu/unsat_2018_solved/huck.col.11.cnf /local_ssd/proof.drat -L /local_ssd/proof.lrat -t 200000"
	User time (seconds): 174.09
	System time (seconds): 0.67
	Percent of CPU this job got: 99%
	Elapsed (wall clock) time (h:mm:ss or m:ss): 2:54.77
	Average shared text size (kbytes): 0
	Average unshared data size (kbytes): 0
	Average stack size (kbytes): 0
	Average total size (kbytes): 0
	Maximum resident set size (kbytes): 542004
	Average resident set size (kbytes): 0
	Major (requiring I/O) page faults: 0
	Minor (reclaiming a frame) page faults: 443183
	Voluntary context switches: 18
	Involuntary context switches: 214
	Swaps: 0
	File system inputs: 0
	File system outputs: 701416
	Socket messages sent: 0
	Socket messages received: 0
	Signals delivered: 0
	Page size (bytes): 4096
	Exit status: 0
DRAT_W_TIME,	Elapsed (wall clock) time (h:mm:ss or m:ss): 2:54.77
c turning on binary mode checking
c parsing input formula with 740 variables and 6094 clauses
c finished parsing, read 141888731 bytes from proof file
c detected empty clause; start verification via backward checking
c 561 of 6094 clauses in core                            
c 1601600 of 1836176 lemmas in core using 32606529 resolution steps
c 0 RAT lemmas in core; 0 redundant literals in core lemmas
s VERIFIED
c verification time: 174.757 seconds
LRAT_SIZE: 350704	/local_ssd/proof.lrat
s VERIFIED
/local_ssd/proof.lrat
	Command being timed: "/nfs/scratch/bzchartu/programs/maplechronobt_proof_analyze/drat-trim/lrat-check /nfs/scratch/bzchartu/unsat_2018_solved/huck.col.11.cnf /local_ssd/proof.lrat"
	User time (seconds): 8.10
	System time (seconds): 0.12
	Percent of CPU this job got: 99%
	Elapsed (wall clock) time (h:mm:ss or m:ss): 0:08.22
	Average shared text size (kbytes): 0
	Average unshared data size (kbytes): 0
	Average stack size (kbytes): 0
	Average total size (kbytes): 0
	Maximum resident set size (kbytes): 148248
	Average resident set size (kbytes): 0
	Major (requiring I/O) page faults: 0
	Minor (reclaiming a frame) page faults: 48893
	Voluntary context switches: 17
	Involuntary context switches: 4
	Swaps: 0
	File system inputs: 0
	File system outputs: 8
	Socket messages sent: 0
	Socket messages received: 0
	Signals delivered: 0
	Page size (bytes): 4096
	Exit status: 0
LRAT_W_TIME,	Elapsed (wall clock) time (h:mm:ss or m:ss): 0:08.22
c parsed a formula with 740 variables and 6094 clauses
c VERIFIED
c Added clauses = 1607694.  Deleted clauses = 1607650.  Max live clauses = 10659
c verification time = 8.22 secs
c VERIFIED
OVERVIEW_HEADER,benchmark,solve mem,solve time,drat kb,drat sec,lrat kb,lrat sec,restarts,decisions,conflicts,propagations
OVERVIEW_CSV,/nfs/scratch/bzchartu/unsat_2018_solved/huck.col.11.cnf,	Elapsed (wall clock) time (h:mm:ss or m:ss): 1:05.81,	Maximum resident set size (kbytes): 33196,138564	/local_ssd/proof.drat,	Elapsed (wall clock) time (h:mm:ss or m:ss): 2:54.77,350704	/local_ssd/proof.lrat,	Elapsed (wall clock) time (h:mm:ss or m:ss): 0:08.22,c restarts              : 3331,c decisions             : 2051027        (0.00 % random) (31228 /sec),c conflicts             : 1711008        (26051 /sec),c propagations          : 28532217       (434413 /sec)
