SOLVERNAME,STD
BENCHNAME,/nfs/scratch/bzchartu/unsat_2018_solved/ae_rphp035_05.cnf
running lrb Bench '/nfs/scratch/bzchartu/unsat_2018_solved/ae_rphp035_05.cnf' on cumu01-01
Command exited with non-zero status 20
	Command being timed: "/nfs/scratch/bzchartu/programs/maplechronobt_proof_analyze/sources/simp/glucose_release -det=lrb /nfs/scratch/bzchartu/unsat_2018_solved/ae_rphp035_05.cnf -cpu-lim=10000 -drup-file=/local_ssd/proof.drat"
	User time (seconds): 448.78
	System time (seconds): 0.60
	Percent of CPU this job got: 99%
	Elapsed (wall clock) time (h:mm:ss or m:ss): 7:30.14
	Average shared text size (kbytes): 0
	Average unshared data size (kbytes): 0
	Average stack size (kbytes): 0
	Average total size (kbytes): 0
	Maximum resident set size (kbytes): 106232
	Average resident set size (kbytes): 0
	Major (requiring I/O) page faults: 3
	Minor (reclaiming a frame) page faults: 281802
	Voluntary context switches: 92
	Involuntary context switches: 381
	Swaps: 0
	File system inputs: 39128
	File system outputs: 1465816
	Socket messages sent: 0
	Socket messages received: 0
	Signals delivered: 0
	Page size (bytes): 4096
	Exit status: 20
SOLVE_W_TIME,	Elapsed (wall clock) time (h:mm:ss or m:ss): 7:30.14
c This is MapleLCMDistChronoBT.
c WARNING: for repeatability, setting FPU to use double precision
c Analyzer is deactivated by mode: 1 and dyn: 1
c ============================[ Problem Statistics ]=============================
c |                                                                             |
c |  Number of variables:          2977                                         |
c |  Number of clauses:            6728                                         |
c |  Parse time:                   0.00 s                                       |
c |  Eliminated clauses:           0.06 Mb                                      |
c Reduced to 326 vars, 3937 cls (grow=0)
c No iterative elimination performed. (vars=326, c/v ratio=12.1)
c |  Simplification time:          0.02 s                                       |
c |                                                                             |
c running deterministic with LRB
c ============================[ Search Statistics ]==============================
c | Conflicts |          ORIGINAL         |          LEARNT          | Progress |
c |           |    Vars  Clauses Literals |    Limit  Clauses Lit/Cl |          |
c ===============================================================================
c ===============================================================================
c restarts              : 16535
c conflicts             : 9969428        (22215 /sec)
c decisions             : 38522778       (0.00 % random) (85839 /sec)
c propagations          : 254450008      (566982 /sec)
c conflict literals     : 190863551      (32.96 % deleted)
c backtracks            : 9969290        (NCB 100% , CB 0%)
c Memory used           : 119.00 MB
c CPU time              : 448.78 s

s UNSATISFIABLE
DRAT_SIZE: 732904	/local_ssd/proof.drat
s UNSATISFIABLE
/local_ssd/proof.drat
	Command being timed: "/nfs/scratch/bzchartu/programs/maplechronobt_proof_analyze/drat-trim/drat-trim /nfs/scratch/bzchartu/unsat_2018_solved/ae_rphp035_05.cnf /local_ssd/proof.drat -L /local_ssd/proof.lrat -t 200000"
	User time (seconds): 3077.59
	System time (seconds): 5.45
	Percent of CPU this job got: 99%
	Elapsed (wall clock) time (h:mm:ss or m:ss): 51:23.05
	Average shared text size (kbytes): 0
	Average unshared data size (kbytes): 0
	Average stack size (kbytes): 0
	Average total size (kbytes): 0
	Maximum resident set size (kbytes): 2805424
	Average resident set size (kbytes): 0
	Major (requiring I/O) page faults: 1
	Minor (reclaiming a frame) page faults: 5676798
	Voluntary context switches: 47
	Involuntary context switches: 3394
	Swaps: 0
	File system inputs: 88
	File system outputs: 3597552
	Socket messages sent: 0
	Socket messages received: 0
	Signals delivered: 0
	Page size (bytes): 4096
	Exit status: 0
DRAT_W_TIME,	Elapsed (wall clock) time (h:mm:ss or m:ss): 51:23.05
c turning on binary mode checking
c parsing input formula with 2977 variables and 6728 clauses
c finished parsing, read 750487361 bytes from proof file
c detected empty clause; start verification via backward checking
c 6521 of 6728 clauses in core                            
c 9238117 of 10790833 lemmas in core using 176996595 resolution steps
c 0 RAT lemmas in core; 0 redundant literals in core lemmas
s VERIFIED
c verification time: 3082.957 seconds
LRAT_SIZE: 1798776	/local_ssd/proof.lrat
s VERIFIED
/local_ssd/proof.lrat
	Command being timed: "/nfs/scratch/bzchartu/programs/maplechronobt_proof_analyze/drat-trim/lrat-check /nfs/scratch/bzchartu/unsat_2018_solved/ae_rphp035_05.cnf /local_ssd/proof.lrat"
	User time (seconds): 52.16
	System time (seconds): 0.69
	Percent of CPU this job got: 99%
	Elapsed (wall clock) time (h:mm:ss or m:ss): 0:53.00
	Average shared text size (kbytes): 0
	Average unshared data size (kbytes): 0
	Average stack size (kbytes): 0
	Average total size (kbytes): 0
	Maximum resident set size (kbytes): 731124
	Average resident set size (kbytes): 0
	Major (requiring I/O) page faults: 0
	Minor (reclaiming a frame) page faults: 265082
	Voluntary context switches: 30
	Involuntary context switches: 18
	Swaps: 0
	File system inputs: 32
	File system outputs: 8
	Socket messages sent: 0
	Socket messages received: 0
	Signals delivered: 0
	Page size (bytes): 4096
	Exit status: 0
LRAT_W_TIME,	Elapsed (wall clock) time (h:mm:ss or m:ss): 0:53.00
c parsed a formula with 2977 variables and 6728 clauses
c VERIFIED
c Added clauses = 9244845.  Deleted clauses = 9244802.  Max live clauses = 49225
c verification time = 52.84 secs
c VERIFIED
OVERVIEW_HEADER,benchmark,solve mem,solve time,drat kb,drat sec,lrat kb,lrat sec,restarts,decisions,conflicts,propagations
OVERVIEW_CSV,/nfs/scratch/bzchartu/unsat_2018_solved/ae_rphp035_05.cnf,	Elapsed (wall clock) time (h:mm:ss or m:ss): 7:30.14,	Maximum resident set size (kbytes): 106232,732904	/local_ssd/proof.drat,	Elapsed (wall clock) time (h:mm:ss or m:ss): 51:23.05,1798776	/local_ssd/proof.lrat,	Elapsed (wall clock) time (h:mm:ss or m:ss): 0:53.00,c restarts              : 16535,c decisions             : 38522778       (0.00 % random) (85839 /sec),c conflicts             : 9969428        (22215 /sec),c propagations          : 254450008      (566982 /sec)
