SOLVERNAME,STD
BENCHNAME,/nfs/scratch/bzchartu/unsat_2018_solved/dist6.c.cnf
running lrb Bench '/nfs/scratch/bzchartu/unsat_2018_solved/dist6.c.cnf' on cumu02-10
Command exited with non-zero status 20
	Command being timed: "/nfs/scratch/bzchartu/programs/maplechronobt_proof_analyze/sources/simp/glucose_release -det=lrb /nfs/scratch/bzchartu/unsat_2018_solved/dist6.c.cnf -cpu-lim=10000 -drup-file=/local_ssd/proof.drat"
	User time (seconds): 166.21
	System time (seconds): 0.18
	Percent of CPU this job got: 99%
	Elapsed (wall clock) time (h:mm:ss or m:ss): 2:46.93
	Average shared text size (kbytes): 0
	Average unshared data size (kbytes): 0
	Average stack size (kbytes): 0
	Average total size (kbytes): 0
	Maximum resident set size (kbytes): 43420
	Average resident set size (kbytes): 0
	Major (requiring I/O) page faults: 3
	Minor (reclaiming a frame) page faults: 90698
	Voluntary context switches: 61
	Involuntary context switches: 144
	Swaps: 0
	File system inputs: 41352
	File system outputs: 303672
	Socket messages sent: 0
	Socket messages received: 0
	Signals delivered: 0
	Page size (bytes): 4096
	Exit status: 20
SOLVE_W_TIME,	Elapsed (wall clock) time (h:mm:ss or m:ss): 2:46.93
c This is MapleLCMDistChronoBT.
c WARNING: for repeatability, setting FPU to use double precision
c Analyzer is deactivated by mode: 1 and dyn: 1
c ============================[ Problem Statistics ]=============================
c |                                                                             |
c |  Number of variables:         15254                                         |
c |  Number of clauses:           68098                                         |
c |  Parse time:                   0.04 s                                       |
c |  Eliminated clauses:           0.24 Mb                                      |
c Reduced to 10287 vars, 55000 cls (grow=0)
c |  Eliminated clauses:           0.48 Mb                                      |
c Reduced to 7390 vars, 54945 cls (grow=8)
c cl_inc_rate=0.999, var_dec_rate=1.392
c |  Eliminated clauses:           0.53 Mb                                      |
c Reduced to 7016 vars, 57543 cls (grow=16)
c cl_inc_rate=1.047, var_dec_rate=1.053
c |  Eliminated clauses:           0.68 Mb                                      |
c Reduced to 6020 vars, 77988 cls (grow=32)
c cl_inc_rate=1.355, var_dec_rate=1.165
c No. effective iterative eliminations: 3
c |  Simplification time:          0.36 s                                       |
c |                                                                             |
c running deterministic with LRB
c ============================[ Search Statistics ]==============================
c | Conflicts |          ORIGINAL         |          LEARNT          | Progress |
c |           |    Vars  Clauses Literals |    Limit  Clauses Lit/Cl |          |
c ===============================================================================
c ===============================================================================
c restarts              : 2138
c conflicts             : 973247         (5855 /sec)
c decisions             : 1574940        (0.00 % random) (9475 /sec)
c propagations          : 403937636      (2430197 /sec)
c conflict literals     : 30389122       (76.40 % deleted)
c backtracks            : 973131         (NCB 100% , CB 0%)
c Memory used           : 55.00 MB
c CPU time              : 166.216 s

s UNSATISFIABLE
DRAT_SIZE: 151828	/local_ssd/proof.drat
s UNSATISFIABLE
/local_ssd/proof.drat
	Command being timed: "/nfs/scratch/bzchartu/programs/maplechronobt_proof_analyze/drat-trim/drat-trim /nfs/scratch/bzchartu/unsat_2018_solved/dist6.c.cnf /local_ssd/proof.drat -L /local_ssd/proof.lrat -t 200000"
	User time (seconds): 523.52
	System time (seconds): 8.77
	Percent of CPU this job got: 99%
	Elapsed (wall clock) time (h:mm:ss or m:ss): 8:54.00
	Average shared text size (kbytes): 0
	Average unshared data size (kbytes): 0
	Average stack size (kbytes): 0
	Average total size (kbytes): 0
	Maximum resident set size (kbytes): 5628584
	Average resident set size (kbytes): 0
	Major (requiring I/O) page faults: 1
	Minor (reclaiming a frame) page faults: 3235217
	Voluntary context switches: 294
	Involuntary context switches: 214
	Swaps: 0
	File system inputs: 88
	File system outputs: 18357384
	Socket messages sent: 0
	Socket messages received: 0
	Signals delivered: 0
	Page size (bytes): 4096
	Exit status: 0
DRAT_W_TIME,	Elapsed (wall clock) time (h:mm:ss or m:ss): 8:54.00
c turning on binary mode checking
c parsing input formula with 15254 variables and 68118 clauses
c finished parsing, read 155470826 bytes from proof file
c detected empty clause; start verification via backward checking
c 23979 of 68118 clauses in core                            
c 838442 of 1185976 lemmas in core using 1362579980 resolution steps
c 0 RAT lemmas in core; 24 redundant literals in core lemmas
s VERIFIED
c verification time: 533.844 seconds
LRAT_SIZE: 9178692	/local_ssd/proof.lrat
s VERIFIED
/local_ssd/proof.lrat
	Command being timed: "/nfs/scratch/bzchartu/programs/maplechronobt_proof_analyze/drat-trim/lrat-check /nfs/scratch/bzchartu/unsat_2018_solved/dist6.c.cnf /local_ssd/proof.lrat"
	User time (seconds): 199.38
	System time (seconds): 2.02
	Percent of CPU this job got: 99%
	Elapsed (wall clock) time (h:mm:ss or m:ss): 3:21.54
	Average shared text size (kbytes): 0
	Average unshared data size (kbytes): 0
	Average stack size (kbytes): 0
	Average total size (kbytes): 0
	Maximum resident set size (kbytes): 100176
	Average resident set size (kbytes): 0
	Major (requiring I/O) page faults: 0
	Minor (reclaiming a frame) page faults: 54299
	Voluntary context switches: 30
	Involuntary context switches: 253
	Swaps: 0
	File system inputs: 32
	File system outputs: 8
	Socket messages sent: 0
	Socket messages received: 0
	Signals delivered: 0
	Page size (bytes): 4096
	Exit status: 0
LRAT_W_TIME,	Elapsed (wall clock) time (h:mm:ss or m:ss): 3:21.54
c parsed a formula with 15254 variables and 68118 clauses
c VERIFIED
c Added clauses = 906560.  Deleted clauses = 905128.  Max live clauses = 68118
c verification time = 201.40 secs
c VERIFIED
OVERVIEW_HEADER,benchmark,solve mem,solve time,drat kb,drat sec,lrat kb,lrat sec,restarts,decisions,conflicts,propagations
OVERVIEW_CSV,/nfs/scratch/bzchartu/unsat_2018_solved/dist6.c.cnf,	Elapsed (wall clock) time (h:mm:ss or m:ss): 2:46.93,	Maximum resident set size (kbytes): 43420,151828	/local_ssd/proof.drat,	Elapsed (wall clock) time (h:mm:ss or m:ss): 8:54.00,9178692	/local_ssd/proof.lrat,	Elapsed (wall clock) time (h:mm:ss or m:ss): 3:21.54,c restarts              : 2138,c decisions             : 1574940        (0.00 % random) (9475 /sec),c conflicts             : 973247         (5855 /sec),c propagations          : 403937636      (2430197 /sec)
