SOLVERNAME,STD
BENCHNAME,/nfs/scratch/bzchartu/unsat_2018_solved/a_rphp065_04.cnf
running lrb Bench '/nfs/scratch/bzchartu/unsat_2018_solved/a_rphp065_04.cnf' on cumu01-09
Command exited with non-zero status 20
	Command being timed: "/nfs/scratch/bzchartu/programs/maplechronobt_proof_analyze/sources/simp/glucose_release -det=lrb /nfs/scratch/bzchartu/unsat_2018_solved/a_rphp065_04.cnf -cpu-lim=10000 -drup-file=/local_ssd/proof.drat"
	User time (seconds): 551.22
	System time (seconds): 0.73
	Percent of CPU this job got: 99%
	Elapsed (wall clock) time (h:mm:ss or m:ss): 9:12.53
	Average shared text size (kbytes): 0
	Average unshared data size (kbytes): 0
	Average stack size (kbytes): 0
	Average total size (kbytes): 0
	Maximum resident set size (kbytes): 100576
	Average resident set size (kbytes): 0
	Major (requiring I/O) page faults: 3
	Minor (reclaiming a frame) page faults: 202076
	Voluntary context switches: 81
	Involuntary context switches: 379
	Swaps: 0
	File system inputs: 39312
	File system outputs: 1783976
	Socket messages sent: 0
	Socket messages received: 0
	Signals delivered: 0
	Page size (bytes): 4096
	Exit status: 20
SOLVE_W_TIME,	Elapsed (wall clock) time (h:mm:ss or m:ss): 9:12.53
c This is MapleLCMDistChronoBT.
c WARNING: for repeatability, setting FPU to use double precision
c Analyzer is deactivated by mode: 1 and dyn: 1
c ============================[ Problem Statistics ]=============================
c |                                                                             |
c |  Number of variables:           552                                         |
c |  Number of clauses:           10063                                         |
c |  Parse time:                   0.01 s                                       |
c |  Eliminated clauses:           0.00 Mb                                      |
c Reduced to 486 vars, 9498 cls (grow=0)
c No iterative elimination performed. (vars=486, c/v ratio=19.5)
c |  Simplification time:          0.03 s                                       |
c |                                                                             |
c running deterministic with LRB
c ============================[ Search Statistics ]==============================
c | Conflicts |          ORIGINAL         |          LEARNT          | Progress |
c |           |    Vars  Clauses Literals |    Limit  Clauses Lit/Cl |          |
c ===============================================================================
c ===============================================================================
c restarts              : 12519
c conflicts             : 7816243        (14180 /sec)
c decisions             : 86381253       (0.00 % random) (156710 /sec)
c propagations          : 314674975      (570874 /sec)
c conflict literals     : 239288431      (24.84 % deleted)
c backtracks            : 7776230        (NCB 99% , CB 1%)
c Memory used           : 111.00 MB
c CPU time              : 551.216 s

s UNSATISFIABLE
DRAT_SIZE: 891984	/local_ssd/proof.drat
s UNSATISFIABLE
/local_ssd/proof.drat
	Command being timed: "/nfs/scratch/bzchartu/programs/maplechronobt_proof_analyze/drat-trim/drat-trim /nfs/scratch/bzchartu/unsat_2018_solved/a_rphp065_04.cnf /local_ssd/proof.drat -L /local_ssd/proof.lrat -t 200000"
	User time (seconds): 1845.09
	System time (seconds): 4.91
	Percent of CPU this job got: 100%
	Elapsed (wall clock) time (h:mm:ss or m:ss): 30:49.97
	Average shared text size (kbytes): 0
	Average unshared data size (kbytes): 0
	Average stack size (kbytes): 0
	Average total size (kbytes): 0
	Maximum resident set size (kbytes): 2835252
	Average resident set size (kbytes): 0
	Major (requiring I/O) page faults: 1
	Minor (reclaiming a frame) page faults: 4924115
	Voluntary context switches: 49
	Involuntary context switches: 2077
	Swaps: 0
	File system inputs: 88
	File system outputs: 3251816
	Socket messages sent: 0
	Socket messages received: 0
	Signals delivered: 0
	Page size (bytes): 4096
	Exit status: 0
DRAT_W_TIME,	Elapsed (wall clock) time (h:mm:ss or m:ss): 30:49.97
c turning on binary mode checking
c parsing input formula with 552 variables and 10063 clauses
c finished parsing, read 913383475 bytes from proof file
c detected empty clause; start verification via backward checking
c 9531 of 10063 clauses in core                            
c 6930949 of 9224384 lemmas in core using 167752581 resolution steps
c 0 RAT lemmas in core; 0 redundant literals in core lemmas
s VERIFIED
c verification time: 1849.872 seconds
LRAT_SIZE: 1625908	/local_ssd/proof.lrat
s VERIFIED
/local_ssd/proof.lrat
	Command being timed: "/nfs/scratch/bzchartu/programs/maplechronobt_proof_analyze/drat-trim/lrat-check /nfs/scratch/bzchartu/unsat_2018_solved/a_rphp065_04.cnf /local_ssd/proof.lrat"
	User time (seconds): 37.31
	System time (seconds): 0.66
	Percent of CPU this job got: 99%
	Elapsed (wall clock) time (h:mm:ss or m:ss): 0:38.12
	Average shared text size (kbytes): 0
	Average unshared data size (kbytes): 0
	Average stack size (kbytes): 0
	Average total size (kbytes): 0
	Maximum resident set size (kbytes): 698964
	Average resident set size (kbytes): 0
	Major (requiring I/O) page faults: 0
	Minor (reclaiming a frame) page faults: 219257
	Voluntary context switches: 30
	Involuntary context switches: 45
	Swaps: 0
	File system inputs: 32
	File system outputs: 8
	Socket messages sent: 0
	Socket messages received: 0
	Signals delivered: 0
	Page size (bytes): 4096
	Exit status: 0
LRAT_W_TIME,	Elapsed (wall clock) time (h:mm:ss or m:ss): 0:38.12
c parsed a formula with 552 variables and 10063 clauses
c VERIFIED
c Added clauses = 6941012.  Deleted clauses = 6940912.  Max live clauses = 49976
c verification time = 37.96 secs
c VERIFIED
OVERVIEW_HEADER,benchmark,solve mem,solve time,drat kb,drat sec,lrat kb,lrat sec,restarts,decisions,conflicts,propagations
OVERVIEW_CSV,/nfs/scratch/bzchartu/unsat_2018_solved/a_rphp065_04.cnf,	Elapsed (wall clock) time (h:mm:ss or m:ss): 9:12.53,	Maximum resident set size (kbytes): 100576,891984	/local_ssd/proof.drat,	Elapsed (wall clock) time (h:mm:ss or m:ss): 30:49.97,1625908	/local_ssd/proof.lrat,	Elapsed (wall clock) time (h:mm:ss or m:ss): 0:38.12,c restarts              : 12519,c decisions             : 86381253       (0.00 % random) (156710 /sec),c conflicts             : 7816243        (14180 /sec),c propagations          : 314674975      (570874 /sec)
