SOLVERNAME,STD
BENCHNAME,/nfs/scratch/bzchartu/unsat_2018_solved/cms-scheel-md4-families-r24-c5-p1-8-9-16-19.cnf
running lrb Bench '/nfs/scratch/bzchartu/unsat_2018_solved/cms-scheel-md4-families-r24-c5-p1-8-9-16-19.cnf' on cumu02-00
Command exited with non-zero status 20
	Command being timed: "/nfs/scratch/bzchartu/programs/maplechronobt_proof_analyze/sources/simp/glucose_release -det=lrb /nfs/scratch/bzchartu/unsat_2018_solved/cms-scheel-md4-families-r24-c5-p1-8-9-16-19.cnf -cpu-lim=10000 -drup-file=/local_ssd/proof.drat"
	User time (seconds): 106.98
	System time (seconds): 0.32
	Percent of CPU this job got: 99%
	Elapsed (wall clock) time (h:mm:ss or m:ss): 1:47.92
	Average shared text size (kbytes): 0
	Average unshared data size (kbytes): 0
	Average stack size (kbytes): 0
	Average total size (kbytes): 0
	Maximum resident set size (kbytes): 97292
	Average resident set size (kbytes): 0
	Major (requiring I/O) page faults: 3
	Minor (reclaiming a frame) page faults: 171121
	Voluntary context switches: 55
	Involuntary context switches: 132
	Swaps: 0
	File system inputs: 43336
	File system outputs: 1014656
	Socket messages sent: 0
	Socket messages received: 0
	Signals delivered: 0
	Page size (bytes): 4096
	Exit status: 20
SOLVE_W_TIME,	Elapsed (wall clock) time (h:mm:ss or m:ss): 1:47.92
c This is MapleLCMDistChronoBT.
c WARNING: for repeatability, setting FPU to use double precision
c Analyzer is deactivated by mode: 1 and dyn: 1
c ============================[ Problem Statistics ]=============================
c |                                                                             |
c |  Number of variables:         29690                                         |
c |  Number of clauses:           91605                                         |
c |  Parse time:                   0.05 s                                       |
c |  Eliminated clauses:           0.81 Mb                                      |
c Reduced to 11490 vars, 62134 cls (grow=0)
c |  Eliminated clauses:           0.87 Mb                                      |
c Reduced to 10596 vars, 63282 cls (grow=8)
c cl_inc_rate=1.018, var_dec_rate=1.084
c |  Eliminated clauses:           0.96 Mb                                      |
c Reduced to 9925 vars, 68382 cls (grow=16)
c cl_inc_rate=1.081, var_dec_rate=1.068
c No. effective iterative eliminations: 2
c |  Simplification time:          0.20 s                                       |
c |                                                                             |
c running deterministic with LRB
c ============================[ Search Statistics ]==============================
c | Conflicts |          ORIGINAL         |          LEARNT          | Progress |
c |           |    Vars  Clauses Literals |    Limit  Clauses Lit/Cl |          |
c ===============================================================================
c ===============================================================================
c restarts              : 4282
c conflicts             : 2509418        (23458 /sec)
c decisions             : 8547996        (0.00 % random) (79906 /sec)
c propagations          : 185835577      (1737171 /sec)
c conflict literals     : 95202620       (9.61 % deleted)
c backtracks            : 2508716        (NCB 100% , CB 0%)
c Memory used           : 125.00 MB
c CPU time              : 106.976 s

s UNSATISFIABLE
DRAT_SIZE: 507320	/local_ssd/proof.drat
s UNSATISFIABLE
/local_ssd/proof.drat
	Command being timed: "/nfs/scratch/bzchartu/programs/maplechronobt_proof_analyze/drat-trim/drat-trim /nfs/scratch/bzchartu/unsat_2018_solved/cms-scheel-md4-families-r24-c5-p1-8-9-16-19.cnf /local_ssd/proof.drat -L /local_ssd/proof.lrat -t 200000"
	User time (seconds): 16.20
	System time (seconds): 0.48
	Percent of CPU this job got: 99%
	Elapsed (wall clock) time (h:mm:ss or m:ss): 0:16.69
	Average shared text size (kbytes): 0
	Average unshared data size (kbytes): 0
	Average stack size (kbytes): 0
	Average total size (kbytes): 0
	Maximum resident set size (kbytes): 535940
	Average resident set size (kbytes): 0
	Major (requiring I/O) page faults: 1
	Minor (reclaiming a frame) page faults: 349503
	Voluntary context switches: 22
	Involuntary context switches: 18
	Swaps: 0
	File system inputs: 88
	File system outputs: 3200
	Socket messages sent: 0
	Socket messages received: 0
	Signals delivered: 0
	Page size (bytes): 4096
	Exit status: 0
DRAT_W_TIME,	Elapsed (wall clock) time (h:mm:ss or m:ss): 0:16.69
c turning on binary mode checking
c parsing input formula with 29690 variables and 94137 clauses
c finished parsing, read 519494470 bytes from proof file
c detected empty clause; start verification via backward checking
c 8194 of 94137 clauses in core                            
c 14351 of 2798153 lemmas in core using 56677 resolution steps
c 0 RAT lemmas in core; 0 redundant literals in core lemmas
s VERIFIED
c verification time: 16.669 seconds
LRAT_SIZE: 1596	/local_ssd/proof.lrat
s VERIFIED
/local_ssd/proof.lrat
	Command being timed: "/nfs/scratch/bzchartu/programs/maplechronobt_proof_analyze/drat-trim/lrat-check /nfs/scratch/bzchartu/unsat_2018_solved/cms-scheel-md4-families-r24-c5-p1-8-9-16-19.cnf /local_ssd/proof.lrat"
	User time (seconds): 0.12
	System time (seconds): 0.01
	Percent of CPU this job got: 98%
	Elapsed (wall clock) time (h:mm:ss or m:ss): 0:00.14
	Average shared text size (kbytes): 0
	Average unshared data size (kbytes): 0
	Average stack size (kbytes): 0
	Average total size (kbytes): 0
	Maximum resident set size (kbytes): 27008
	Average resident set size (kbytes): 0
	Major (requiring I/O) page faults: 0
	Minor (reclaiming a frame) page faults: 6719
	Voluntary context switches: 6
	Involuntary context switches: 1
	Swaps: 0
	File system inputs: 32
	File system outputs: 8
	Socket messages sent: 0
	Socket messages received: 0
	Signals delivered: 0
	Page size (bytes): 4096
	Exit status: 0
LRAT_W_TIME,	Elapsed (wall clock) time (h:mm:ss or m:ss): 0:00.14
c parsed a formula with 29690 variables and 94137 clauses
c VERIFIED
c Added clauses = 108488.  Deleted clauses = 108448.  Max live clauses = 94137
c verification time = 0.14 secs
c VERIFIED
OVERVIEW_HEADER,benchmark,solve mem,solve time,drat kb,drat sec,lrat kb,lrat sec,restarts,decisions,conflicts,propagations
OVERVIEW_CSV,/nfs/scratch/bzchartu/unsat_2018_solved/cms-scheel-md4-families-r24-c5-p1-8-9-16-19.cnf,	Elapsed (wall clock) time (h:mm:ss or m:ss): 1:47.92,	Maximum resident set size (kbytes): 97292,507320	/local_ssd/proof.drat,	Elapsed (wall clock) time (h:mm:ss or m:ss): 0:16.69,1596	/local_ssd/proof.lrat,	Elapsed (wall clock) time (h:mm:ss or m:ss): 0:00.14,c restarts              : 4282,c decisions             : 8547996        (0.00 % random) (79906 /sec),c conflicts             : 2509418        (23458 /sec),c propagations          : 185835577      (1737171 /sec)
