SOLVERNAME,STD
BENCHNAME,/nfs/scratch/bzchartu/unsat_2018_solved/T90.2.0.cnf
running lrb Bench '/nfs/scratch/bzchartu/unsat_2018_solved/T90.2.0.cnf' on cumu02-07
Command exited with non-zero status 20
	Command being timed: "/nfs/scratch/bzchartu/programs/maplechronobt_proof_analyze/sources/simp/glucose_release -det=lrb /nfs/scratch/bzchartu/unsat_2018_solved/T90.2.0.cnf -cpu-lim=10000 -drup-file=/local_ssd/proof.drat"
	User time (seconds): 264.69
	System time (seconds): 3.36
	Percent of CPU this job got: 99%
	Elapsed (wall clock) time (h:mm:ss or m:ss): 4:28.15
	Average shared text size (kbytes): 0
	Average unshared data size (kbytes): 0
	Average stack size (kbytes): 0
	Average total size (kbytes): 0
	Maximum resident set size (kbytes): 1958280
	Average resident set size (kbytes): 0
	Major (requiring I/O) page faults: 0
	Minor (reclaiming a frame) page faults: 3051436
	Voluntary context switches: 29
	Involuntary context switches: 1302
	Swaps: 0
	File system inputs: 477568
	File system outputs: 1625616
	Socket messages sent: 0
	Socket messages received: 0
	Signals delivered: 0
	Page size (bytes): 4096
	Exit status: 20
SOLVE_W_TIME,	Elapsed (wall clock) time (h:mm:ss or m:ss): 4:28.15
c This is MapleLCMDistChronoBT.
c WARNING: for repeatability, setting FPU to use double precision
c Analyzer is deactivated by mode: 1 and dyn: 1
c ============================[ Problem Statistics ]=============================
c |                                                                             |
c |  Number of variables:       3148025                                         |
c |  Number of clauses:        10859973                                         |
c |  Parse time:                   4.65 s                                       |
c |  Eliminated clauses:         120.38 Mb                                      |
c Reduced to 583341 vars, 3479950 cls (grow=0)
c |  Eliminated clauses:         136.91 Mb                                      |
c Reduced to 380732 vars, 3533201 cls (grow=8)
c cl_inc_rate=1.015, var_dec_rate=1.532
c |  Eliminated clauses:         140.07 Mb                                      |
c Reduced to 350836 vars, 3673244 cls (grow=16)
c cl_inc_rate=1.040, var_dec_rate=1.085
c |  Eliminated clauses:         145.57 Mb                                      |
c Reduced to 311420 vars, 3875182 cls (grow=32)
c cl_inc_rate=1.055, var_dec_rate=1.127
c |  Eliminated clauses:         153.95 Mb                                      |
c Reduced to 261966 vars, 4745863 cls (grow=64)
c cl_inc_rate=1.225, var_dec_rate=1.189
c No. effective iterative eliminations: 4
c |  Simplification time:         79.20 s                                       |
c |                                                                             |
c running deterministic with LRB
c ============================[ Search Statistics ]==============================
c | Conflicts |          ORIGINAL         |          LEARNT          | Progress |
c |           |    Vars  Clauses Literals |    Limit  Clauses Lit/Cl |          |
c ===============================================================================
c ===============================================================================
c restarts              : 598
c conflicts             : 243234         (920 /sec)
c decisions             : 2522846        (0.00 % random) (9539 /sec)
c propagations          : 395933118      (1497093 /sec)
c conflict literals     : 6219031        (27.01 % deleted)
c backtracks            : 242560         (NCB 98% , CB 2%)
c Memory used           : 2202.00 MB
c CPU time              : 264.468 s

s UNSATISFIABLE
DRAT_SIZE: 812800	/local_ssd/proof.drat
s UNSATISFIABLE
/local_ssd/proof.drat
	Command being timed: "/nfs/scratch/bzchartu/programs/maplechronobt_proof_analyze/drat-trim/drat-trim /nfs/scratch/bzchartu/unsat_2018_solved/T90.2.0.cnf /local_ssd/proof.drat -L /local_ssd/proof.lrat -t 200000"
	User time (seconds): 68.89
	System time (seconds): 1.92
	Percent of CPU this job got: 99%
	Elapsed (wall clock) time (h:mm:ss or m:ss): 1:10.82
	Average shared text size (kbytes): 0
	Average unshared data size (kbytes): 0
	Average stack size (kbytes): 0
	Average total size (kbytes): 0
	Maximum resident set size (kbytes): 2392312
	Average resident set size (kbytes): 0
	Major (requiring I/O) page faults: 0
	Minor (reclaiming a frame) page faults: 1563013
	Voluntary context switches: 17
	Involuntary context switches: 46
	Swaps: 0
	File system inputs: 0
	File system outputs: 460168
	Socket messages sent: 0
	Socket messages received: 0
	Signals delivered: 0
	Page size (bytes): 4096
	Exit status: 0
DRAT_W_TIME,	Elapsed (wall clock) time (h:mm:ss or m:ss): 1:10.82
c turning on binary mode checking
c parsing input formula with 3148025 variables and 10859973 clauses
c finished parsing, read 832300195 bytes from proof file
c detected empty clause; start verification via backward checking
c 310715 of 10859973 clauses in core                            
c 526571 of 19520216 lemmas in core using 12628184 resolution steps
c 0 RAT lemmas in core; 4 redundant literals in core lemmas
s VERIFIED
c verification time: 69.991 seconds
LRAT_SIZE: 230080	/local_ssd/proof.lrat
s VERIFIED
/local_ssd/proof.lrat
	Command being timed: "/nfs/scratch/bzchartu/programs/maplechronobt_proof_analyze/drat-trim/lrat-check /nfs/scratch/bzchartu/unsat_2018_solved/T90.2.0.cnf /local_ssd/proof.lrat"
	User time (seconds): 8.54
	System time (seconds): 0.59
	Percent of CPU this job got: 99%
	Elapsed (wall clock) time (h:mm:ss or m:ss): 0:09.14
	Average shared text size (kbytes): 0
	Average unshared data size (kbytes): 0
	Average stack size (kbytes): 0
	Average total size (kbytes): 0
	Maximum resident set size (kbytes): 1361132
	Average resident set size (kbytes): 0
	Major (requiring I/O) page faults: 0
	Minor (reclaiming a frame) page faults: 411863
	Voluntary context switches: 17
	Involuntary context switches: 5
	Swaps: 0
	File system inputs: 0
	File system outputs: 8
	Socket messages sent: 0
	Socket messages received: 0
	Signals delivered: 0
	Page size (bytes): 4096
	Exit status: 0
LRAT_W_TIME,	Elapsed (wall clock) time (h:mm:ss or m:ss): 0:09.14
c parsed a formula with 3148025 variables and 10859973 clauses
c VERIFIED
c Added clauses = 11386544.  Deleted clauses = 11386015.  Max live clauses = 10859973
c verification time = 9.10 secs
c VERIFIED
OVERVIEW_HEADER,benchmark,solve mem,solve time,drat kb,drat sec,lrat kb,lrat sec,restarts,decisions,conflicts,propagations
OVERVIEW_CSV,/nfs/scratch/bzchartu/unsat_2018_solved/T90.2.0.cnf,	Elapsed (wall clock) time (h:mm:ss or m:ss): 4:28.15,	Maximum resident set size (kbytes): 1958280,812800	/local_ssd/proof.drat,	Elapsed (wall clock) time (h:mm:ss or m:ss): 1:10.82,230080	/local_ssd/proof.lrat,	Elapsed (wall clock) time (h:mm:ss or m:ss): 0:09.14,c restarts              : 598,c decisions             : 2522846        (0.00 % random) (9539 /sec),c conflicts             : 243234         (920 /sec),c propagations          : 395933118      (1497093 /sec)
