SOLVERNAME,STD
BENCHNAME,/nfs/scratch/bzchartu/unsat_2018_solved/prime_200560490131.cnf
running lrb Bench '/nfs/scratch/bzchartu/unsat_2018_solved/prime_200560490131.cnf' on cumu02-00
Command exited with non-zero status 20
	Command being timed: "/nfs/scratch/bzchartu/programs/maplechronobt_proof_analyze/sources/simp/glucose_release -det=lrb /nfs/scratch/bzchartu/unsat_2018_solved/prime_200560490131.cnf -cpu-lim=10000 -drup-file=/local_ssd/proof.drat"
	User time (seconds): 86.37
	System time (seconds): 0.09
	Percent of CPU this job got: 99%
	Elapsed (wall clock) time (h:mm:ss or m:ss): 1:26.48
	Average shared text size (kbytes): 0
	Average unshared data size (kbytes): 0
	Average stack size (kbytes): 0
	Average total size (kbytes): 0
	Maximum resident set size (kbytes): 30216
	Average resident set size (kbytes): 0
	Major (requiring I/O) page faults: 0
	Minor (reclaiming a frame) page faults: 54795
	Voluntary context switches: 22
	Involuntary context switches: 69
	Swaps: 0
	File system inputs: 936
	File system outputs: 110760
	Socket messages sent: 0
	Socket messages received: 0
	Signals delivered: 0
	Page size (bytes): 4096
	Exit status: 20
SOLVE_W_TIME,	Elapsed (wall clock) time (h:mm:ss or m:ss): 1:26.48
c This is MapleLCMDistChronoBT.
c WARNING: for repeatability, setting FPU to use double precision
c Analyzer is deactivated by mode: 1 and dyn: 1
c ============================[ Problem Statistics ]=============================
c |                                                                             |
c |  Number of variables:          4586                                         |
c |  Number of clauses:           24774                                         |
c |  Parse time:                   0.02 s                                       |
c |  Eliminated clauses:           0.00 Mb                                      |
c Reduced to 2094 vars, 11910 cls (grow=0)
c No iterative elimination performed. (vars=2094, c/v ratio=5.7)
c |  Simplification time:          0.02 s                                       |
c |                                                                             |
c running deterministic with LRB
c ============================[ Search Statistics ]==============================
c | Conflicts |          ORIGINAL         |          LEARNT          | Progress |
c |           |    Vars  Clauses Literals |    Limit  Clauses Lit/Cl |          |
c ===============================================================================
c ===============================================================================
c restarts              : 1093
c conflicts             : 496057         (5743 /sec)
c decisions             : 711461         (0.00 % random) (8237 /sec)
c propagations          : 176380084      (2042003 /sec)
c conflict literals     : 15625708       (61.73 % deleted)
c backtracks            : 496056         (NCB 100% , CB 0%)
c Memory used           : 47.00 MB
c CPU time              : 86.376 s

s UNSATISFIABLE
DRAT_SIZE: 55372	/local_ssd/proof.drat
s UNSATISFIABLE
/local_ssd/proof.drat
	Command being timed: "/nfs/scratch/bzchartu/programs/maplechronobt_proof_analyze/drat-trim/drat-trim /nfs/scratch/bzchartu/unsat_2018_solved/prime_200560490131.cnf /local_ssd/proof.drat -L /local_ssd/proof.lrat -t 200000"
	User time (seconds): 170.90
	System time (seconds): 1.05
	Percent of CPU this job got: 99%
	Elapsed (wall clock) time (h:mm:ss or m:ss): 2:52.01
	Average shared text size (kbytes): 0
	Average unshared data size (kbytes): 0
	Average stack size (kbytes): 0
	Average total size (kbytes): 0
	Maximum resident set size (kbytes): 681176
	Average resident set size (kbytes): 0
	Major (requiring I/O) page faults: 0
	Minor (reclaiming a frame) page faults: 423277
	Voluntary context switches: 26
	Involuntary context switches: 48
	Swaps: 0
	File system inputs: 0
	File system outputs: 1644504
	Socket messages sent: 0
	Socket messages received: 0
	Signals delivered: 0
	Page size (bytes): 4096
	Exit status: 0
DRAT_W_TIME,	Elapsed (wall clock) time (h:mm:ss or m:ss): 2:52.01
c turning on binary mode checking
c parsing input formula with 4586 variables and 24936 clauses
c finished parsing, read 56699893 bytes from proof file
c detected empty clause; start verification via backward checking
c 15653 of 24936 clauses in core                            
c 411649 of 596610 lemmas in core using 133552058 resolution steps
c 0 RAT lemmas in core; 91 redundant literals in core lemmas
s VERIFIED
c verification time: 171.993 seconds
LRAT_SIZE: 822248	/local_ssd/proof.lrat
s VERIFIED
/local_ssd/proof.lrat
	Command being timed: "/nfs/scratch/bzchartu/programs/maplechronobt_proof_analyze/drat-trim/lrat-check /nfs/scratch/bzchartu/unsat_2018_solved/prime_200560490131.cnf /local_ssd/proof.lrat"
	User time (seconds): 18.54
	System time (seconds): 0.23
	Percent of CPU this job got: 99%
	Elapsed (wall clock) time (h:mm:ss or m:ss): 0:18.78
	Average shared text size (kbytes): 0
	Average unshared data size (kbytes): 0
	Average stack size (kbytes): 0
	Average total size (kbytes): 0
	Maximum resident set size (kbytes): 51100
	Average resident set size (kbytes): 0
	Major (requiring I/O) page faults: 0
	Minor (reclaiming a frame) page faults: 23001
	Voluntary context switches: 17
	Involuntary context switches: 15
	Swaps: 0
	File system inputs: 0
	File system outputs: 8
	Socket messages sent: 0
	Socket messages received: 0
	Signals delivered: 0
	Page size (bytes): 4096
	Exit status: 0
LRAT_W_TIME,	Elapsed (wall clock) time (h:mm:ss or m:ss): 0:18.78
c parsed a formula with 4586 variables and 24936 clauses
c VERIFIED
c Added clauses = 436585.  Deleted clauses = 435322.  Max live clauses = 26386
c verification time = 18.78 secs
c VERIFIED
OVERVIEW_HEADER,benchmark,solve mem,solve time,drat kb,drat sec,lrat kb,lrat sec,restarts,decisions,conflicts,propagations
OVERVIEW_CSV,/nfs/scratch/bzchartu/unsat_2018_solved/prime_200560490131.cnf,	Elapsed (wall clock) time (h:mm:ss or m:ss): 1:26.48,	Maximum resident set size (kbytes): 30216,55372	/local_ssd/proof.drat,	Elapsed (wall clock) time (h:mm:ss or m:ss): 2:52.01,822248	/local_ssd/proof.lrat,	Elapsed (wall clock) time (h:mm:ss or m:ss): 0:18.78,c restarts              : 1093,c decisions             : 711461         (0.00 % random) (8237 /sec),c conflicts             : 496057         (5743 /sec),c propagations          : 176380084      (2042003 /sec)
