SOLVERNAME,STD
BENCHNAME,/nfs/scratch/bzchartu/unsat_2018_solved/queen8_12.col.12.cnf
running lrb Bench '/nfs/scratch/bzchartu/unsat_2018_solved/queen8_12.col.12.cnf' on cumu02-02
Command exited with non-zero status 20
	Command being timed: "/nfs/scratch/bzchartu/programs/maplechronobt_proof_analyze/sources/simp/glucose_release -det=lrb /nfs/scratch/bzchartu/unsat_2018_solved/queen8_12.col.12.cnf -cpu-lim=10000 -drup-file=/local_ssd/proof.drat"
	User time (seconds): 116.17
	System time (seconds): 0.22
	Percent of CPU this job got: 100%
	Elapsed (wall clock) time (h:mm:ss or m:ss): 1:56.39
	Average shared text size (kbytes): 0
	Average unshared data size (kbytes): 0
	Average stack size (kbytes): 0
	Average total size (kbytes): 0
	Maximum resident set size (kbytes): 41992
	Average resident set size (kbytes): 0
	Major (requiring I/O) page faults: 0
	Minor (reclaiming a frame) page faults: 85998
	Voluntary context switches: 31
	Involuntary context switches: 73
	Swaps: 0
	File system inputs: 712
	File system outputs: 556584
	Socket messages sent: 0
	Socket messages received: 0
	Signals delivered: 0
	Page size (bytes): 4096
	Exit status: 20
SOLVE_W_TIME,	Elapsed (wall clock) time (h:mm:ss or m:ss): 1:56.39
c This is MapleLCMDistChronoBT.
c WARNING: for repeatability, setting FPU to use double precision
c Analyzer is deactivated by mode: 1 and dyn: 1
c ============================[ Problem Statistics ]=============================
c |                                                                             |
c |  Number of variables:          1056                                         |
c |  Number of clauses:           30192                                         |
c |  Parse time:                   0.02 s                                       |
c |  Eliminated clauses:           0.01 Mb                                      |
c Reduced to 960 vars, 15048 cls (grow=0)
c No iterative elimination performed. (vars=960, c/v ratio=15.7)
c |  Simplification time:          0.04 s                                       |
c |                                                                             |
c running deterministic with LRB
c ============================[ Search Statistics ]==============================
c | Conflicts |          ORIGINAL         |          LEARNT          | Progress |
c |           |    Vars  Clauses Literals |    Limit  Clauses Lit/Cl |          |
c ===============================================================================
c ===============================================================================
c restarts              : 3829
c conflicts             : 1899476        (16351 /sec)
c decisions             : 2448434        (0.00 % random) (21076 /sec)
c propagations          : 68898966       (593077 /sec)
c conflict literals     : 69235602       (12.80 % deleted)
c backtracks            : 1899474        (NCB 100% , CB 0%)
c Memory used           : 62.00 MB
c CPU time              : 116.172 s

s UNSATISFIABLE
DRAT_SIZE: 278284	/local_ssd/proof.drat
s UNSATISFIABLE
/local_ssd/proof.drat
	Command being timed: "/nfs/scratch/bzchartu/programs/maplechronobt_proof_analyze/drat-trim/drat-trim /nfs/scratch/bzchartu/unsat_2018_solved/queen8_12.col.12.cnf /local_ssd/proof.drat -L /local_ssd/proof.lrat -t 200000"
	User time (seconds): 256.69
	System time (seconds): 1.23
	Percent of CPU this job got: 100%
	Elapsed (wall clock) time (h:mm:ss or m:ss): 4:17.91
	Average shared text size (kbytes): 0
	Average unshared data size (kbytes): 0
	Average stack size (kbytes): 0
	Average total size (kbytes): 0
	Maximum resident set size (kbytes): 743380
	Average resident set size (kbytes): 0
	Major (requiring I/O) page faults: 0
	Minor (reclaiming a frame) page faults: 1004189
	Voluntary context switches: 24
	Involuntary context switches: 319
	Swaps: 0
	File system inputs: 0
	File system outputs: 902728
	Socket messages sent: 0
	Socket messages received: 0
	Signals delivered: 0
	Page size (bytes): 4096
	Exit status: 0
DRAT_W_TIME,	Elapsed (wall clock) time (h:mm:ss or m:ss): 4:17.91
c turning on binary mode checking
c parsing input formula with 1056 variables and 30192 clauses
c finished parsing, read 284962585 bytes from proof file
c detected empty clause; start verification via backward checking
c 738 of 30192 clauses in core                            
c 1670758 of 1991059 lemmas in core using 26507107 resolution steps
c 0 RAT lemmas in core; 0 redundant literals in core lemmas
s VERIFIED
c verification time: 257.894 seconds
LRAT_SIZE: 451360	/local_ssd/proof.lrat
s VERIFIED
/local_ssd/proof.lrat
	Command being timed: "/nfs/scratch/bzchartu/programs/maplechronobt_proof_analyze/drat-trim/lrat-check /nfs/scratch/bzchartu/unsat_2018_solved/queen8_12.col.12.cnf /local_ssd/proof.lrat"
	User time (seconds): 9.72
	System time (seconds): 0.20
	Percent of CPU this job got: 99%
	Elapsed (wall clock) time (h:mm:ss or m:ss): 0:09.93
	Average shared text size (kbytes): 0
	Average unshared data size (kbytes): 0
	Average stack size (kbytes): 0
	Average total size (kbytes): 0
	Maximum resident set size (kbytes): 234024
	Average resident set size (kbytes): 0
	Major (requiring I/O) page faults: 0
	Minor (reclaiming a frame) page faults: 77054
	Voluntary context switches: 17
	Involuntary context switches: 14
	Swaps: 0
	File system inputs: 0
	File system outputs: 8
	Socket messages sent: 0
	Socket messages received: 0
	Signals delivered: 0
	Page size (bytes): 4096
	Exit status: 0
LRAT_W_TIME,	Elapsed (wall clock) time (h:mm:ss or m:ss): 0:09.93
c parsed a formula with 1056 variables and 30192 clauses
c VERIFIED
c Added clauses = 1700950.  Deleted clauses = 1700884.  Max live clauses = 30192
c verification time = 9.92 secs
c VERIFIED
OVERVIEW_HEADER,benchmark,solve mem,solve time,drat kb,drat sec,lrat kb,lrat sec,restarts,decisions,conflicts,propagations
OVERVIEW_CSV,/nfs/scratch/bzchartu/unsat_2018_solved/queen8_12.col.12.cnf,	Elapsed (wall clock) time (h:mm:ss or m:ss): 1:56.39,	Maximum resident set size (kbytes): 41992,278284	/local_ssd/proof.drat,	Elapsed (wall clock) time (h:mm:ss or m:ss): 4:17.91,451360	/local_ssd/proof.lrat,	Elapsed (wall clock) time (h:mm:ss or m:ss): 0:09.93,c restarts              : 3829,c decisions             : 2448434        (0.00 % random) (21076 /sec),c conflicts             : 1899476        (16351 /sec),c propagations          : 68898966       (593077 /sec)
