SOLVERNAME,STD
BENCHNAME,/nfs/scratch/bzchartu/unsat_2018_solved/gto_p60c231.cnf
running lrb Bench '/nfs/scratch/bzchartu/unsat_2018_solved/gto_p60c231.cnf' on cumu02-01
Command exited with non-zero status 20
	Command being timed: "/nfs/scratch/bzchartu/programs/maplechronobt_proof_analyze/sources/simp/glucose_release -det=lrb /nfs/scratch/bzchartu/unsat_2018_solved/gto_p60c231.cnf -cpu-lim=10000 -drup-file=/local_ssd/proof.drat"
	User time (seconds): 37.09
	System time (seconds): 0.06
	Percent of CPU this job got: 99%
	Elapsed (wall clock) time (h:mm:ss or m:ss): 0:37.16
	Average shared text size (kbytes): 0
	Average unshared data size (kbytes): 0
	Average stack size (kbytes): 0
	Average total size (kbytes): 0
	Maximum resident set size (kbytes): 25100
	Average resident set size (kbytes): 0
	Major (requiring I/O) page faults: 0
	Minor (reclaiming a frame) page faults: 39643
	Voluntary context switches: 18
	Involuntary context switches: 20
	Swaps: 0
	File system inputs: 88
	File system outputs: 176240
	Socket messages sent: 0
	Socket messages received: 0
	Signals delivered: 0
	Page size (bytes): 4096
	Exit status: 20
SOLVE_W_TIME,	Elapsed (wall clock) time (h:mm:ss or m:ss): 0:37.16
c This is MapleLCMDistChronoBT.
c WARNING: for repeatability, setting FPU to use double precision
c Analyzer is deactivated by mode: 1 and dyn: 1
c ============================[ Problem Statistics ]=============================
c |                                                                             |
c |  Number of variables:          1015                                         |
c |  Number of clauses:            2694                                         |
c |  Parse time:                   0.00 s                                       |
c |  Eliminated clauses:           0.02 Mb                                      |
c Reduced to 118 vars, 486 cls (grow=0)
c No iterative elimination performed. (vars=118, c/v ratio=4.1)
c |  Simplification time:          0.01 s                                       |
c |                                                                             |
c running deterministic with LRB
c ============================[ Search Statistics ]==============================
c | Conflicts |          ORIGINAL         |          LEARNT          | Progress |
c |           |    Vars  Clauses Literals |    Limit  Clauses Lit/Cl |          |
c ===============================================================================
c ===============================================================================
c restarts              : 2076
c conflicts             : 1106789        (29839 /sec)
c decisions             : 1238335        (0.00 % random) (33386 /sec)
c propagations          : 19528819       (526497 /sec)
c conflict literals     : 21381439       (39.86 % deleted)
c backtracks            : 1106788        (NCB 100% , CB 0%)
c Memory used           : 39.00 MB
c CPU time              : 37.092 s

s UNSATISFIABLE
DRAT_SIZE: 88112	/local_ssd/proof.drat
s UNSATISFIABLE
/local_ssd/proof.drat
	Command being timed: "/nfs/scratch/bzchartu/programs/maplechronobt_proof_analyze/drat-trim/drat-trim /nfs/scratch/bzchartu/unsat_2018_solved/gto_p60c231.cnf /local_ssd/proof.drat -L /local_ssd/proof.lrat -t 200000"
	User time (seconds): 105.39
	System time (seconds): 0.46
	Percent of CPU this job got: 99%
	Elapsed (wall clock) time (h:mm:ss or m:ss): 1:45.89
	Average shared text size (kbytes): 0
	Average unshared data size (kbytes): 0
	Average stack size (kbytes): 0
	Average total size (kbytes): 0
	Maximum resident set size (kbytes): 372892
	Average resident set size (kbytes): 0
	Major (requiring I/O) page faults: 0
	Minor (reclaiming a frame) page faults: 321230
	Voluntary context switches: 15
	Involuntary context switches: 28
	Swaps: 0
	File system inputs: 0
	File system outputs: 567968
	Socket messages sent: 0
	Socket messages received: 0
	Signals delivered: 0
	Page size (bytes): 4096
	Exit status: 0
DRAT_W_TIME,	Elapsed (wall clock) time (h:mm:ss or m:ss): 1:45.89
c turning on binary mode checking
c parsing input formula with 1015 variables and 3493 clauses
c finished parsing, read 90224248 bytes from proof file
c detected empty clause; start verification via backward checking
c 940 of 3493 clauses in core                            
c 1004080 of 1167272 lemmas in core using 32817691 resolution steps
c 0 RAT lemmas in core; 5 redundant literals in core lemmas
s VERIFIED
c verification time: 105.878 seconds
LRAT_SIZE: 283980	/local_ssd/proof.lrat
s VERIFIED
/local_ssd/proof.lrat
	Command being timed: "/nfs/scratch/bzchartu/programs/maplechronobt_proof_analyze/drat-trim/lrat-check /nfs/scratch/bzchartu/unsat_2018_solved/gto_p60c231.cnf /local_ssd/proof.lrat"
	User time (seconds): 6.69
	System time (seconds): 0.13
	Percent of CPU this job got: 99%
	Elapsed (wall clock) time (h:mm:ss or m:ss): 0:06.82
	Average shared text size (kbytes): 0
	Average unshared data size (kbytes): 0
	Average stack size (kbytes): 0
	Average total size (kbytes): 0
	Maximum resident set size (kbytes): 85248
	Average resident set size (kbytes): 0
	Major (requiring I/O) page faults: 0
	Minor (reclaiming a frame) page faults: 32382
	Voluntary context switches: 17
	Involuntary context switches: 7
	Swaps: 0
	File system inputs: 0
	File system outputs: 8
	Socket messages sent: 0
	Socket messages received: 0
	Signals delivered: 0
	Page size (bytes): 4096
	Exit status: 0
LRAT_W_TIME,	Elapsed (wall clock) time (h:mm:ss or m:ss): 0:06.82
c parsed a formula with 1015 variables and 3493 clauses
c VERIFIED
c Added clauses = 1007573.  Deleted clauses = 1007476.  Max live clauses = 8890
c verification time = 6.82 secs
c VERIFIED
OVERVIEW_HEADER,benchmark,solve mem,solve time,drat kb,drat sec,lrat kb,lrat sec,restarts,decisions,conflicts,propagations
OVERVIEW_CSV,/nfs/scratch/bzchartu/unsat_2018_solved/gto_p60c231.cnf,	Elapsed (wall clock) time (h:mm:ss or m:ss): 0:37.16,	Maximum resident set size (kbytes): 25100,88112	/local_ssd/proof.drat,	Elapsed (wall clock) time (h:mm:ss or m:ss): 1:45.89,283980	/local_ssd/proof.lrat,	Elapsed (wall clock) time (h:mm:ss or m:ss): 0:06.82,c restarts              : 2076,c decisions             : 1238335        (0.00 % random) (33386 /sec),c conflicts             : 1106789        (29839 /sec),c propagations          : 19528819       (526497 /sec)
