SOLVERNAME,STD
BENCHNAME,/nfs/scratch/bzchartu/unsat_2018_solved/quadratic_tight_error.c.cnf
running lrb Bench '/nfs/scratch/bzchartu/unsat_2018_solved/quadratic_tight_error.c.cnf' on cumu02-02
Command exited with non-zero status 20
	Command being timed: "/nfs/scratch/bzchartu/programs/maplechronobt_proof_analyze/sources/simp/glucose_release -det=lrb /nfs/scratch/bzchartu/unsat_2018_solved/quadratic_tight_error.c.cnf -cpu-lim=10000 -drup-file=/local_ssd/proof.drat"
	User time (seconds): 123.34
	System time (seconds): 0.22
	Percent of CPU this job got: 99%
	Elapsed (wall clock) time (h:mm:ss or m:ss): 2:03.56
	Average shared text size (kbytes): 0
	Average unshared data size (kbytes): 0
	Average stack size (kbytes): 0
	Average total size (kbytes): 0
	Maximum resident set size (kbytes): 122552
	Average resident set size (kbytes): 0
	Major (requiring I/O) page faults: 0
	Minor (reclaiming a frame) page faults: 259364
	Voluntary context switches: 26
	Involuntary context switches: 80
	Swaps: 0
	File system inputs: 17216
	File system outputs: 268928
	Socket messages sent: 0
	Socket messages received: 0
	Signals delivered: 0
	Page size (bytes): 4096
	Exit status: 20
SOLVE_W_TIME,	Elapsed (wall clock) time (h:mm:ss or m:ss): 2:03.56
c This is MapleLCMDistChronoBT.
c WARNING: for repeatability, setting FPU to use double precision
c Analyzer is deactivated by mode: 1 and dyn: 1
c ============================[ Problem Statistics ]=============================
c |                                                                             |
c |  Number of variables:         92762                                         |
c |  Number of clauses:          430759                                         |
c |  Parse time:                   0.19 s                                       |
c |  Eliminated clauses:           0.95 Mb                                      |
c Reduced to 71939 vars, 388120 cls (grow=0)
c |  Eliminated clauses:           2.69 Mb                                      |
c Reduced to 51789 vars, 387336 cls (grow=8)
c cl_inc_rate=0.998, var_dec_rate=1.389
c |  Eliminated clauses:           3.04 Mb                                      |
c Reduced to 48760 vars, 405090 cls (grow=16)
c cl_inc_rate=1.046, var_dec_rate=1.062
c |  Eliminated clauses:           4.23 Mb                                      |
c Reduced to 41184 vars, 568641 cls (grow=32)
c cl_inc_rate=1.404, var_dec_rate=1.184
c No. effective iterative eliminations: 3
c |  Simplification time:          1.96 s                                       |
c |                                                                             |
c running deterministic with LRB
c ============================[ Search Statistics ]==============================
c | Conflicts |          ORIGINAL         |          LEARNT          | Progress |
c |           |    Vars  Clauses Literals |    Limit  Clauses Lit/Cl |          |
c ===============================================================================
c ===============================================================================
c restarts              : 1123
c conflicts             : 519396         (4211 /sec)
c decisions             : 3143092        (0.00 % random) (25485 /sec)
c propagations          : 439597154      (3564340 /sec)
c conflict literals     : 18936755       (52.03 % deleted)
c backtracks            : 517311         (NCB 99% , CB 1%)
c Memory used           : 154.00 MB
c CPU time              : 123.332 s

s UNSATISFIABLE
DRAT_SIZE: 134456	/local_ssd/proof.drat
s UNSATISFIABLE
/local_ssd/proof.drat
	Command being timed: "/nfs/scratch/bzchartu/programs/maplechronobt_proof_analyze/drat-trim/drat-trim /nfs/scratch/bzchartu/unsat_2018_solved/quadratic_tight_error.c.cnf /local_ssd/proof.drat -L /local_ssd/proof.lrat -t 200000"
	User time (seconds): 135.19
	System time (seconds): 1.06
	Percent of CPU this job got: 100%
	Elapsed (wall clock) time (h:mm:ss or m:ss): 2:16.25
	Average shared text size (kbytes): 0
	Average unshared data size (kbytes): 0
	Average stack size (kbytes): 0
	Average total size (kbytes): 0
	Maximum resident set size (kbytes): 732968
	Average resident set size (kbytes): 0
	Major (requiring I/O) page faults: 0
	Minor (reclaiming a frame) page faults: 490366
	Voluntary context switches: 27
	Involuntary context switches: 162
	Swaps: 0
	File system inputs: 0
	File system outputs: 1802856
	Socket messages sent: 0
	Socket messages received: 0
	Signals delivered: 0
	Page size (bytes): 4096
	Exit status: 0
DRAT_W_TIME,	Elapsed (wall clock) time (h:mm:ss or m:ss): 2:16.25
c turning on binary mode checking
c parsing input formula with 92762 variables and 431818 clauses
c finished parsing, read 137679073 bytes from proof file
c detected empty clause; start verification via backward checking
c 176944 of 431818 clauses in core                            
c 439242 of 1444064 lemmas in core using 118496218 resolution steps
c 0 RAT lemmas in core; 2 redundant literals in core lemmas
s VERIFIED
c verification time: 136.213 seconds
LRAT_SIZE: 901424	/local_ssd/proof.lrat
s VERIFIED
/local_ssd/proof.lrat
	Command being timed: "/nfs/scratch/bzchartu/programs/maplechronobt_proof_analyze/drat-trim/lrat-check /nfs/scratch/bzchartu/unsat_2018_solved/quadratic_tight_error.c.cnf /local_ssd/proof.lrat"
	User time (seconds): 19.38
	System time (seconds): 0.26
	Percent of CPU this job got: 99%
	Elapsed (wall clock) time (h:mm:ss or m:ss): 0:19.64
	Average shared text size (kbytes): 0
	Average unshared data size (kbytes): 0
	Average stack size (kbytes): 0
	Average total size (kbytes): 0
	Maximum resident set size (kbytes): 74812
	Average resident set size (kbytes): 0
	Major (requiring I/O) page faults: 0
	Minor (reclaiming a frame) page faults: 44567
	Voluntary context switches: 17
	Involuntary context switches: 26
	Swaps: 0
	File system inputs: 0
	File system outputs: 8
	Socket messages sent: 0
	Socket messages received: 0
	Signals delivered: 0
	Page size (bytes): 4096
	Exit status: 0
LRAT_W_TIME,	Elapsed (wall clock) time (h:mm:ss or m:ss): 0:19.64
c parsed a formula with 92762 variables and 431818 clauses
c VERIFIED
c Added clauses = 871060.  Deleted clauses = 870173.  Max live clauses = 431818
c verification time = 19.64 secs
c VERIFIED
OVERVIEW_HEADER,benchmark,solve mem,solve time,drat kb,drat sec,lrat kb,lrat sec,restarts,decisions,conflicts,propagations
OVERVIEW_CSV,/nfs/scratch/bzchartu/unsat_2018_solved/quadratic_tight_error.c.cnf,	Elapsed (wall clock) time (h:mm:ss or m:ss): 2:03.56,	Maximum resident set size (kbytes): 122552,134456	/local_ssd/proof.drat,	Elapsed (wall clock) time (h:mm:ss or m:ss): 2:16.25,901424	/local_ssd/proof.lrat,	Elapsed (wall clock) time (h:mm:ss or m:ss): 0:19.64,c restarts              : 1123,c decisions             : 3143092        (0.00 % random) (25485 /sec),c conflicts             : 519396         (4211 /sec),c propagations          : 439597154      (3564340 /sec)
