SOLVERNAME,STD
BENCHNAME,/nfs/scratch/bzchartu/unsat_2018_solved/terminator_03_true-unreach-call_true-termination.i.cnf
running lrb Bench '/nfs/scratch/bzchartu/unsat_2018_solved/terminator_03_true-unreach-call_true-termination.i.cnf' on cumu02-02
Command exited with non-zero status 20
	Command being timed: "/nfs/scratch/bzchartu/programs/maplechronobt_proof_analyze/sources/simp/glucose_release -det=lrb /nfs/scratch/bzchartu/unsat_2018_solved/terminator_03_true-unreach-call_true-termination.i.cnf -cpu-lim=10000 -drup-file=/local_ssd/proof.drat"
	User time (seconds): 532.84
	System time (seconds): 2.14
	Percent of CPU this job got: 100%
	Elapsed (wall clock) time (h:mm:ss or m:ss): 8:54.98
	Average shared text size (kbytes): 0
	Average unshared data size (kbytes): 0
	Average stack size (kbytes): 0
	Average total size (kbytes): 0
	Maximum resident set size (kbytes): 256792
	Average resident set size (kbytes): 0
	Major (requiring I/O) page faults: 0
	Minor (reclaiming a frame) page faults: 2070831
	Voluntary context switches: 48
	Involuntary context switches: 494
	Swaps: 0
	File system inputs: 48872
	File system outputs: 1560216
	Socket messages sent: 0
	Socket messages received: 0
	Signals delivered: 0
	Page size (bytes): 4096
	Exit status: 20
SOLVE_W_TIME,	Elapsed (wall clock) time (h:mm:ss or m:ss): 8:54.98
c This is MapleLCMDistChronoBT.
c WARNING: for repeatability, setting FPU to use double precision
c Analyzer is deactivated by mode: 1 and dyn: 1
c ============================[ Problem Statistics ]=============================
c |                                                                             |
c |  Number of variables:        136902                                         |
c |  Number of clauses:         1256579                                         |
c |  Parse time:                   0.34 s                                       |
c |  Eliminated clauses:           5.85 Mb                                      |
c Reduced to 70348 vars, 499587 cls (grow=0)
c |  Eliminated clauses:           6.43 Mb                                      |
c Reduced to 63167 vars, 531270 cls (grow=8)
c cl_inc_rate=1.063, var_dec_rate=1.114
c |  Eliminated clauses:           6.43 Mb                                      |
c Reduced to 63159 vars, 531369 cls (grow=16)
c cl_inc_rate=1.000, var_dec_rate=1.000
c No. effective iterative eliminations: 2
c |  Simplification time:          5.96 s                                       |
c |                                                                             |
c running deterministic with LRB
c ============================[ Search Statistics ]==============================
c | Conflicts |          ORIGINAL         |          LEARNT          | Progress |
c |           |    Vars  Clauses Literals |    Limit  Clauses Lit/Cl |          |
c ===============================================================================
c ===============================================================================
c restarts              : 2109
c conflicts             : 1029894        (1933 /sec)
c decisions             : 5484306        (0.00 % random) (10293 /sec)
c propagations          : 1588631305     (2981576 /sec)
c conflict literals     : 144876649      (23.61 % deleted)
c backtracks            : 1020267        (NCB 99% , CB 1%)
c Memory used           : 304.00 MB
c CPU time              : 532.816 s

s UNSATISFIABLE
DRAT_SIZE: 780100	/local_ssd/proof.drat
s UNSATISFIABLE
/local_ssd/proof.drat
	Command being timed: "/nfs/scratch/bzchartu/programs/maplechronobt_proof_analyze/drat-trim/drat-trim /nfs/scratch/bzchartu/unsat_2018_solved/terminator_03_true-unreach-call_true-termination.i.cnf /local_ssd/proof.drat -L /local_ssd/proof.lrat -t 200000"
	User time (seconds): 138.45
	System time (seconds): 1.42
	Percent of CPU this job got: 99%
	Elapsed (wall clock) time (h:mm:ss or m:ss): 2:19.88
	Average shared text size (kbytes): 0
	Average unshared data size (kbytes): 0
	Average stack size (kbytes): 0
	Average total size (kbytes): 0
	Maximum resident set size (kbytes): 1190260
	Average resident set size (kbytes): 0
	Major (requiring I/O) page faults: 0
	Minor (reclaiming a frame) page faults: 1042680
	Voluntary context switches: 24
	Involuntary context switches: 50
	Swaps: 0
	File system inputs: 0
	File system outputs: 1401760
	Socket messages sent: 0
	Socket messages received: 0
	Signals delivered: 0
	Page size (bytes): 4096
	Exit status: 0
DRAT_W_TIME,	Elapsed (wall clock) time (h:mm:ss or m:ss): 2:19.88
c turning on binary mode checking
c parsing input formula with 136902 variables and 1257615 clauses
c finished parsing, read 798815544 bytes from proof file
c detected empty clause; start verification via backward checking
c 448951 of 1257615 clauses in core                            
c 638514 of 1741661 lemmas in core using 80366173 resolution steps
c 0 RAT lemmas in core; 0 redundant literals in core lemmas
s VERIFIED
c verification time: 139.807 seconds
LRAT_SIZE: 700876	/local_ssd/proof.lrat
s VERIFIED
/local_ssd/proof.lrat
	Command being timed: "/nfs/scratch/bzchartu/programs/maplechronobt_proof_analyze/drat-trim/lrat-check /nfs/scratch/bzchartu/unsat_2018_solved/terminator_03_true-unreach-call_true-termination.i.cnf /local_ssd/proof.lrat"
	User time (seconds): 15.97
	System time (seconds): 0.31
	Percent of CPU this job got: 99%
	Elapsed (wall clock) time (h:mm:ss or m:ss): 0:16.28
	Average shared text size (kbytes): 0
	Average unshared data size (kbytes): 0
	Average stack size (kbytes): 0
	Average total size (kbytes): 0
	Maximum resident set size (kbytes): 137316
	Average resident set size (kbytes): 0
	Major (requiring I/O) page faults: 0
	Minor (reclaiming a frame) page faults: 73611
	Voluntary context switches: 17
	Involuntary context switches: 16
	Swaps: 0
	File system inputs: 0
	File system outputs: 8
	Socket messages sent: 0
	Socket messages received: 0
	Signals delivered: 0
	Page size (bytes): 4096
	Exit status: 0
LRAT_W_TIME,	Elapsed (wall clock) time (h:mm:ss or m:ss): 0:16.28
c parsed a formula with 136902 variables and 1257615 clauses
c VERIFIED
c Added clauses = 1896129.  Deleted clauses = 1893831.  Max live clauses = 1257615
c verification time = 16.28 secs
c VERIFIED
OVERVIEW_HEADER,benchmark,solve mem,solve time,drat kb,drat sec,lrat kb,lrat sec,restarts,decisions,conflicts,propagations
OVERVIEW_CSV,/nfs/scratch/bzchartu/unsat_2018_solved/terminator_03_true-unreach-call_true-termination.i.cnf,	Elapsed (wall clock) time (h:mm:ss or m:ss): 8:54.98,	Maximum resident set size (kbytes): 256792,780100	/local_ssd/proof.drat,	Elapsed (wall clock) time (h:mm:ss or m:ss): 2:19.88,700876	/local_ssd/proof.lrat,	Elapsed (wall clock) time (h:mm:ss or m:ss): 0:16.28,c restarts              : 2109,c decisions             : 5484306        (0.00 % random) (10293 /sec),c conflicts             : 1029894        (1933 /sec),c propagations          : 1588631305     (2981576 /sec)
