SOLVERNAME,STD
BENCHNAME,/nfs/scratch/bzchartu/unsat_2018_solved/ae_rphp045_05.cnf
running lrb Bench '/nfs/scratch/bzchartu/unsat_2018_solved/ae_rphp045_05.cnf' on cumu01-02
Command exited with non-zero status 20
	Command being timed: "/nfs/scratch/bzchartu/programs/maplechronobt_proof_analyze/sources/simp/glucose_release -det=lrb /nfs/scratch/bzchartu/unsat_2018_solved/ae_rphp045_05.cnf -cpu-lim=10000 -drup-file=/local_ssd/proof.drat"
	User time (seconds): 1688.13
	System time (seconds): 2.46
	Percent of CPU this job got: 99%
	Elapsed (wall clock) time (h:mm:ss or m:ss): 28:11.46
	Average shared text size (kbytes): 0
	Average unshared data size (kbytes): 0
	Average stack size (kbytes): 0
	Average total size (kbytes): 0
	Maximum resident set size (kbytes): 126748
	Average resident set size (kbytes): 0
	Major (requiring I/O) page faults: 3
	Minor (reclaiming a frame) page faults: 1423915
	Voluntary context switches: 199
	Involuntary context switches: 1237
	Swaps: 0
	File system inputs: 39280
	File system outputs: 5540768
	Socket messages sent: 0
	Socket messages received: 0
	Signals delivered: 0
	Page size (bytes): 4096
	Exit status: 20
SOLVE_W_TIME,	Elapsed (wall clock) time (h:mm:ss or m:ss): 28:11.46
c This is MapleLCMDistChronoBT.
c WARNING: for repeatability, setting FPU to use double precision
c Analyzer is deactivated by mode: 1 and dyn: 1
c ============================[ Problem Statistics ]=============================
c |                                                                             |
c |  Number of variables:          4732                                         |
c |  Number of clauses:           10903                                         |
c |  Parse time:                   0.01 s                                       |
c |  Eliminated clauses:           0.10 Mb                                      |
c Reduced to 421 vars, 6357 cls (grow=0)
c No iterative elimination performed. (vars=421, c/v ratio=15.1)
c |  Simplification time:          0.02 s                                       |
c |                                                                             |
c running deterministic with LRB
c ============================[ Search Statistics ]==============================
c | Conflicts |          ORIGINAL         |          LEARNT          | Progress |
c |           |    Vars  Clauses Literals |    Limit  Clauses Lit/Cl |          |
c ===============================================================================
c ===============================================================================
c restarts              : 54536
c conflicts             : 39084363       (23152 /sec)
c decisions             : 198127582      (0.00 % random) (117365 /sec)
c propagations          : 1243317846     (736505 /sec)
c conflict literals     : 694481336      (33.65 % deleted)
c backtracks            : 39079524       (NCB 100% , CB 0%)
c Memory used           : 137.00 MB
c CPU time              : 1688.13 s

s UNSATISFIABLE
DRAT_SIZE: 2770380	/local_ssd/proof.drat
s UNSATISFIABLE
/local_ssd/proof.drat
	Command being timed: "/nfs/scratch/bzchartu/programs/maplechronobt_proof_analyze/drat-trim/drat-trim /nfs/scratch/bzchartu/unsat_2018_solved/ae_rphp045_05.cnf /local_ssd/proof.drat -L /local_ssd/proof.lrat -t 200000"
	User time (seconds): 24615.41
	System time (seconds): 57.06
	Percent of CPU this job got: 99%
	Elapsed (wall clock) time (h:mm:ss or m:ss): 6:51:12
	Average shared text size (kbytes): 0
	Average unshared data size (kbytes): 0
	Average stack size (kbytes): 0
	Average total size (kbytes): 0
	Maximum resident set size (kbytes): 10298204
	Average resident set size (kbytes): 0
	Major (requiring I/O) page faults: 1
	Minor (reclaiming a frame) page faults: 84610598
	Voluntary context switches: 187
	Involuntary context switches: 31441
	Swaps: 0
	File system inputs: 88
	File system outputs: 14135328
	Socket messages sent: 0
	Socket messages received: 0
	Signals delivered: 0
	Page size (bytes): 4096
	Exit status: 0
DRAT_W_TIME,	Elapsed (wall clock) time (h:mm:ss or m:ss): 6:51:12
c turning on binary mode checking
c parsing input formula with 4732 variables and 10903 clauses
c finished parsing, read 2836861249 bytes from proof file
c detected empty clause; start verification via backward checking
c 10536 of 10903 clauses in core                            
c 35923751 of 40858498 lemmas in core using 663793290 resolution steps
c 0 RAT lemmas in core; 0 redundant literals in core lemmas
s VERIFIED
c verification time: 24672.522 seconds
LRAT_SIZE: 7067664	/local_ssd/proof.lrat
s VERIFIED
/local_ssd/proof.lrat
	Command being timed: "/nfs/scratch/bzchartu/programs/maplechronobt_proof_analyze/drat-trim/lrat-check /nfs/scratch/bzchartu/unsat_2018_solved/ae_rphp045_05.cnf /local_ssd/proof.lrat"
	User time (seconds): 155.54
	System time (seconds): 2.78
	Percent of CPU this job got: 99%
	Elapsed (wall clock) time (h:mm:ss or m:ss): 2:38.45
	Average shared text size (kbytes): 0
	Average unshared data size (kbytes): 0
	Average stack size (kbytes): 0
	Average total size (kbytes): 0
	Maximum resident set size (kbytes): 2665340
	Average resident set size (kbytes): 0
	Major (requiring I/O) page faults: 0
	Minor (reclaiming a frame) page faults: 838539
	Voluntary context switches: 30
	Involuntary context switches: 45
	Swaps: 0
	File system inputs: 32
	File system outputs: 8
	Socket messages sent: 0
	Socket messages received: 0
	Signals delivered: 0
	Page size (bytes): 4096
	Exit status: 0
LRAT_W_TIME,	Elapsed (wall clock) time (h:mm:ss or m:ss): 2:38.45
c parsed a formula with 4732 variables and 10903 clauses
c VERIFIED
c Added clauses = 35934654.  Deleted clauses = 35934608.  Max live clauses = 97307
c verification time = 158.24 secs
c VERIFIED
OVERVIEW_HEADER,benchmark,solve mem,solve time,drat kb,drat sec,lrat kb,lrat sec,restarts,decisions,conflicts,propagations
OVERVIEW_CSV,/nfs/scratch/bzchartu/unsat_2018_solved/ae_rphp045_05.cnf,	Elapsed (wall clock) time (h:mm:ss or m:ss): 28:11.46,	Maximum resident set size (kbytes): 126748,2770380	/local_ssd/proof.drat,	Elapsed (wall clock) time (h:mm:ss or m:ss): 6:51:12,7067664	/local_ssd/proof.lrat,	Elapsed (wall clock) time (h:mm:ss or m:ss): 2:38.45,c restarts              : 54536,c decisions             : 198127582      (0.00 % random) (117365 /sec),c conflicts             : 39084363       (23152 /sec),c propagations          : 1243317846     (736505 /sec)
