SOLVERNAME,STD
BENCHNAME,/nfs/scratch/bzchartu/unsat_2018_solved/T98.2.0.cnf
running lrb Bench '/nfs/scratch/bzchartu/unsat_2018_solved/T98.2.0.cnf' on cumu02-12
Command exited with non-zero status 20
	Command being timed: "/nfs/scratch/bzchartu/programs/maplechronobt_proof_analyze/sources/simp/glucose_release -det=lrb /nfs/scratch/bzchartu/unsat_2018_solved/T98.2.0.cnf -cpu-lim=10000 -drup-file=/local_ssd/proof.drat"
	User time (seconds): 275.41
	System time (seconds): 6.21
	Percent of CPU this job got: 99%
	Elapsed (wall clock) time (h:mm:ss or m:ss): 4:41.71
	Average shared text size (kbytes): 0
	Average unshared data size (kbytes): 0
	Average stack size (kbytes): 0
	Average total size (kbytes): 0
	Maximum resident set size (kbytes): 1958716
	Average resident set size (kbytes): 0
	Major (requiring I/O) page faults: 0
	Minor (reclaiming a frame) page faults: 8985776
	Voluntary context switches: 41
	Involuntary context switches: 1332
	Swaps: 0
	File system inputs: 477616
	File system outputs: 1642608
	Socket messages sent: 0
	Socket messages received: 0
	Signals delivered: 0
	Page size (bytes): 4096
	Exit status: 20
SOLVE_W_TIME,	Elapsed (wall clock) time (h:mm:ss or m:ss): 4:41.71
c This is MapleLCMDistChronoBT.
c WARNING: for repeatability, setting FPU to use double precision
c Analyzer is deactivated by mode: 1 and dyn: 1
c ============================[ Problem Statistics ]=============================
c |                                                                             |
c |  Number of variables:       3148471                                         |
c |  Number of clauses:        10861077                                         |
c |  Parse time:                   4.32 s                                       |
c |  Eliminated clauses:         120.34 Mb                                      |
c Reduced to 584529 vars, 3488798 cls (grow=0)
c |  Eliminated clauses:         136.99 Mb                                      |
c Reduced to 380490 vars, 3533595 cls (grow=8)
c cl_inc_rate=1.013, var_dec_rate=1.536
c |  Eliminated clauses:         140.17 Mb                                      |
c Reduced to 350549 vars, 3672658 cls (grow=16)
c cl_inc_rate=1.039, var_dec_rate=1.085
c |  Eliminated clauses:         145.71 Mb                                      |
c Reduced to 310901 vars, 3874245 cls (grow=32)
c cl_inc_rate=1.055, var_dec_rate=1.128
c |  Eliminated clauses:         154.11 Mb                                      |
c Reduced to 261384 vars, 4741949 cls (grow=64)
c cl_inc_rate=1.224, var_dec_rate=1.189
c No. effective iterative eliminations: 4
c |  Simplification time:         82.91 s                                       |
c |                                                                             |
c running deterministic with LRB
c ============================[ Search Statistics ]==============================
c | Conflicts |          ORIGINAL         |          LEARNT          | Progress |
c |           |    Vars  Clauses Literals |    Limit  Clauses Lit/Cl |          |
c ===============================================================================
c ===============================================================================
c restarts              : 583
c conflicts             : 232294         (844 /sec)
c decisions             : 5889994        (0.00 % random) (21403 /sec)
c propagations          : 431121927      (1566600 /sec)
c conflict literals     : 6964600        (26.97 % deleted)
c backtracks            : 230529         (NCB 96% , CB 4%)
c Memory used           : 2202.00 MB
c CPU time              : 275.196 s

s UNSATISFIABLE
DRAT_SIZE: 821296	/local_ssd/proof.drat
s UNSATISFIABLE
/local_ssd/proof.drat
	Command being timed: "/nfs/scratch/bzchartu/programs/maplechronobt_proof_analyze/drat-trim/drat-trim /nfs/scratch/bzchartu/unsat_2018_solved/T98.2.0.cnf /local_ssd/proof.drat -L /local_ssd/proof.lrat -t 200000"
	User time (seconds): 66.55
	System time (seconds): 1.75
	Percent of CPU this job got: 99%
	Elapsed (wall clock) time (h:mm:ss or m:ss): 1:08.31
	Average shared text size (kbytes): 0
	Average unshared data size (kbytes): 0
	Average stack size (kbytes): 0
	Average total size (kbytes): 0
	Maximum resident set size (kbytes): 2385964
	Average resident set size (kbytes): 0
	Major (requiring I/O) page faults: 0
	Minor (reclaiming a frame) page faults: 1144778
	Voluntary context switches: 17
	Involuntary context switches: 42
	Swaps: 0
	File system inputs: 0
	File system outputs: 448200
	Socket messages sent: 0
	Socket messages received: 0
	Signals delivered: 0
	Page size (bytes): 4096
	Exit status: 0
DRAT_W_TIME,	Elapsed (wall clock) time (h:mm:ss or m:ss): 1:08.31
c turning on binary mode checking
c parsing input formula with 3148471 variables and 10861077 clauses
c finished parsing, read 841000087 bytes from proof file
c detected empty clause; start verification via backward checking
c 256203 of 10861077 clauses in core                            
c 459052 of 19526711 lemmas in core using 12435790 resolution steps
c 0 RAT lemmas in core; 0 redundant literals in core lemmas
s VERIFIED
c verification time: 67.490 seconds
LRAT_SIZE: 224096	/local_ssd/proof.lrat
s VERIFIED
/local_ssd/proof.lrat
	Command being timed: "/nfs/scratch/bzchartu/programs/maplechronobt_proof_analyze/drat-trim/lrat-check /nfs/scratch/bzchartu/unsat_2018_solved/T98.2.0.cnf /local_ssd/proof.lrat"
	User time (seconds): 8.36
	System time (seconds): 0.60
	Percent of CPU this job got: 99%
	Elapsed (wall clock) time (h:mm:ss or m:ss): 0:08.98
	Average shared text size (kbytes): 0
	Average unshared data size (kbytes): 0
	Average stack size (kbytes): 0
	Average total size (kbytes): 0
	Maximum resident set size (kbytes): 1360440
	Average resident set size (kbytes): 0
	Major (requiring I/O) page faults: 0
	Minor (reclaiming a frame) page faults: 394547
	Voluntary context switches: 17
	Involuntary context switches: 7
	Swaps: 0
	File system inputs: 0
	File system outputs: 8
	Socket messages sent: 0
	Socket messages received: 0
	Signals delivered: 0
	Page size (bytes): 4096
	Exit status: 0
LRAT_W_TIME,	Elapsed (wall clock) time (h:mm:ss or m:ss): 0:08.98
c parsed a formula with 3148471 variables and 10861077 clauses
c VERIFIED
c Added clauses = 11320129.  Deleted clauses = 11319625.  Max live clauses = 10861077
c verification time = 8.94 secs
c VERIFIED
OVERVIEW_HEADER,benchmark,solve mem,solve time,drat kb,drat sec,lrat kb,lrat sec,restarts,decisions,conflicts,propagations
OVERVIEW_CSV,/nfs/scratch/bzchartu/unsat_2018_solved/T98.2.0.cnf,	Elapsed (wall clock) time (h:mm:ss or m:ss): 4:41.71,	Maximum resident set size (kbytes): 1958716,821296	/local_ssd/proof.drat,	Elapsed (wall clock) time (h:mm:ss or m:ss): 1:08.31,224096	/local_ssd/proof.lrat,	Elapsed (wall clock) time (h:mm:ss or m:ss): 0:08.98,c restarts              : 583,c decisions             : 5889994        (0.00 % random) (21403 /sec),c conflicts             : 232294         (844 /sec),c propagations          : 431121927      (1566600 /sec)
