SOLVERNAME,STD
BENCHNAME,/nfs/scratch/bzchartu/unsat_2018_solved/cz-alt-3-7.cnf
running lrb Bench '/nfs/scratch/bzchartu/unsat_2018_solved/cz-alt-3-7.cnf' on cumu02-06
Command exited with non-zero status 20
	Command being timed: "/nfs/scratch/bzchartu/programs/maplechronobt_proof_analyze/sources/simp/glucose_release -det=lrb /nfs/scratch/bzchartu/unsat_2018_solved/cz-alt-3-7.cnf -cpu-lim=10000 -drup-file=/local_ssd/proof.drat"
	User time (seconds): 1741.06
	System time (seconds): 0.68
	Percent of CPU this job got: 99%
	Elapsed (wall clock) time (h:mm:ss or m:ss): 29:02.54
	Average shared text size (kbytes): 0
	Average unshared data size (kbytes): 0
	Average stack size (kbytes): 0
	Average total size (kbytes): 0
	Maximum resident set size (kbytes): 73500
	Average resident set size (kbytes): 0
	Major (requiring I/O) page faults: 3
	Minor (reclaiming a frame) page faults: 495436
	Voluntary context switches: 102
	Involuntary context switches: 862
	Swaps: 0
	File system inputs: 42272
	File system outputs: 1521928
	Socket messages sent: 0
	Socket messages received: 0
	Signals delivered: 0
	Page size (bytes): 4096
	Exit status: 20
SOLVE_W_TIME,	Elapsed (wall clock) time (h:mm:ss or m:ss): 29:02.54
c This is MapleLCMDistChronoBT.
c WARNING: for repeatability, setting FPU to use double precision
c Analyzer is deactivated by mode: 1 and dyn: 1
c ============================[ Problem Statistics ]=============================
c |                                                                             |
c |  Number of variables:         12145                                         |
c |  Number of clauses:          100033                                         |
c |  Parse time:                   0.06 s                                       |
c |  Eliminated clauses:           0.01 Mb                                      |
c Reduced to 11720 vars, 89459 cls (grow=0)
c |  Eliminated clauses:           0.06 Mb                                      |
c Reduced to 10797 vars, 93912 cls (grow=8)
c cl_inc_rate=1.050, var_dec_rate=1.085
c |  Eliminated clauses:           0.10 Mb                                      |
c Reduced to 10132 vars, 99791 cls (grow=16)
c cl_inc_rate=1.063, var_dec_rate=1.066
c |  Eliminated clauses:           0.19 Mb                                      |
c Reduced to 9011 vars, 116171 cls (grow=32)
c cl_inc_rate=1.164, var_dec_rate=1.124
c No. effective iterative eliminations: 3
c |  Simplification time:          0.21 s                                       |
c |                                                                             |
c running deterministic with LRB
c ============================[ Search Statistics ]==============================
c | Conflicts |          ORIGINAL         |          LEARNT          | Progress |
c |           |    Vars  Clauses Literals |    Limit  Clauses Lit/Cl |          |
c ===============================================================================
c ===============================================================================
c restarts              : 8873
c conflicts             : 5545851        (3185 /sec)
c decisions             : 6935623        (0.00 % random) (3984 /sec)
c propagations          : 4365601965     (2507428 /sec)
c conflict literals     : 179593480      (33.49 % deleted)
c backtracks            : 5545849        (NCB 100% , CB 0%)
c Memory used           : 99.00 MB
c CPU time              : 1741.07 s

s UNSATISFIABLE
DRAT_SIZE: 760960	/local_ssd/proof.drat
s UNSATISFIABLE
/local_ssd/proof.drat
	Command being timed: "/nfs/scratch/bzchartu/programs/maplechronobt_proof_analyze/drat-trim/drat-trim /nfs/scratch/bzchartu/unsat_2018_solved/cz-alt-3-7.cnf /local_ssd/proof.drat -L /local_ssd/proof.lrat -t 200000"
	User time (seconds): 3786.23
	System time (seconds): 8.46
	Percent of CPU this job got: 99%
	Elapsed (wall clock) time (h:mm:ss or m:ss): 1:03:15
	Average shared text size (kbytes): 0
	Average unshared data size (kbytes): 0
	Average stack size (kbytes): 0
	Average total size (kbytes): 0
	Maximum resident set size (kbytes): 3428308
	Average resident set size (kbytes): 0
	Major (requiring I/O) page faults: 1
	Minor (reclaiming a frame) page faults: 9469628
	Voluntary context switches: 108
	Involuntary context switches: 979
	Swaps: 0
	File system inputs: 88
	File system outputs: 7232976
	Socket messages sent: 0
	Socket messages received: 0
	Signals delivered: 0
	Page size (bytes): 4096
	Exit status: 0
DRAT_W_TIME,	Elapsed (wall clock) time (h:mm:ss or m:ss): 1:03:15
c turning on binary mode checking
c parsing input formula with 12145 variables and 108383 clauses
c finished parsing, read 779216895 bytes from proof file
c detected empty clause; start verification via backward checking
c 49572 of 108383 clauses in core                            
c 4714258 of 5888515 lemmas in core using 450271013 resolution steps
c 0 RAT lemmas in core; 0 redundant literals in core lemmas
s VERIFIED
c verification time: 3795.235 seconds
LRAT_SIZE: 3616488	/local_ssd/proof.lrat
s VERIFIED
/local_ssd/proof.lrat
	Command being timed: "/nfs/scratch/bzchartu/programs/maplechronobt_proof_analyze/drat-trim/lrat-check /nfs/scratch/bzchartu/unsat_2018_solved/cz-alt-3-7.cnf /local_ssd/proof.lrat"
	User time (seconds): 81.39
	System time (seconds): 1.12
	Percent of CPU this job got: 99%
	Elapsed (wall clock) time (h:mm:ss or m:ss): 1:22.66
	Average shared text size (kbytes): 0
	Average unshared data size (kbytes): 0
	Average stack size (kbytes): 0
	Average total size (kbytes): 0
	Maximum resident set size (kbytes): 625344
	Average resident set size (kbytes): 0
	Major (requiring I/O) page faults: 0
	Minor (reclaiming a frame) page faults: 291098
	Voluntary context switches: 30
	Involuntary context switches: 23
	Swaps: 0
	File system inputs: 32
	File system outputs: 8
	Socket messages sent: 0
	Socket messages received: 0
	Signals delivered: 0
	Page size (bytes): 4096
	Exit status: 0
LRAT_W_TIME,	Elapsed (wall clock) time (h:mm:ss or m:ss): 1:22.66
c parsed a formula with 12145 variables and 108383 clauses
c VERIFIED
c Added clauses = 4822641.  Deleted clauses = 4822450.  Max live clauses = 108383
c verification time = 82.51 secs
c VERIFIED
OVERVIEW_HEADER,benchmark,solve mem,solve time,drat kb,drat sec,lrat kb,lrat sec,restarts,decisions,conflicts,propagations
OVERVIEW_CSV,/nfs/scratch/bzchartu/unsat_2018_solved/cz-alt-3-7.cnf,	Elapsed (wall clock) time (h:mm:ss or m:ss): 29:02.54,	Maximum resident set size (kbytes): 73500,760960	/local_ssd/proof.drat,	Elapsed (wall clock) time (h:mm:ss or m:ss): 1:03:15,3616488	/local_ssd/proof.lrat,	Elapsed (wall clock) time (h:mm:ss or m:ss): 1:22.66,c restarts              : 8873,c decisions             : 6935623        (0.00 % random) (3984 /sec),c conflicts             : 5545851        (3185 /sec),c propagations          : 4365601965     (2507428 /sec)
