SOLVERNAME,STD
BENCHNAME,/nfs/scratch/bzchartu/unsat_2018_solved/cms-scheel-md5-families-r24-c7-p1-3-6-10-11-14-15.cnf
running lrb Bench '/nfs/scratch/bzchartu/unsat_2018_solved/cms-scheel-md5-families-r24-c7-p1-3-6-10-11-14-15.cnf' on cumu02-04
Command exited with non-zero status 20
	Command being timed: "/nfs/scratch/bzchartu/programs/maplechronobt_proof_analyze/sources/simp/glucose_release -det=lrb /nfs/scratch/bzchartu/unsat_2018_solved/cms-scheel-md5-families-r24-c7-p1-3-6-10-11-14-15.cnf -cpu-lim=10000 -drup-file=/local_ssd/proof.drat"
	User time (seconds): 59.00
	System time (seconds): 0.25
	Percent of CPU this job got: 98%
	Elapsed (wall clock) time (h:mm:ss or m:ss): 0:59.95
	Average shared text size (kbytes): 0
	Average unshared data size (kbytes): 0
	Average stack size (kbytes): 0
	Average total size (kbytes): 0
	Maximum resident set size (kbytes): 97112
	Average resident set size (kbytes): 0
	Major (requiring I/O) page faults: 3
	Minor (reclaiming a frame) page faults: 169755
	Voluntary context switches: 64
	Involuntary context switches: 93
	Swaps: 0
	File system inputs: 45216
	File system outputs: 457080
	Socket messages sent: 0
	Socket messages received: 0
	Signals delivered: 0
	Page size (bytes): 4096
	Exit status: 20
SOLVE_W_TIME,	Elapsed (wall clock) time (h:mm:ss or m:ss): 0:59.95
c This is MapleLCMDistChronoBT.
c WARNING: for repeatability, setting FPU to use double precision
c Analyzer is deactivated by mode: 1 and dyn: 1
c ============================[ Problem Statistics ]=============================
c |                                                                             |
c |  Number of variables:         39546                                         |
c |  Number of clauses:          128865                                         |
c |  Parse time:                   0.07 s                                       |
c |  Eliminated clauses:           1.15 Mb                                      |
c Reduced to 15926 vars, 89774 cls (grow=0)
c |  Eliminated clauses:           1.22 Mb                                      |
c Reduced to 15074 vars, 91883 cls (grow=8)
c cl_inc_rate=1.023, var_dec_rate=1.057
c |  Eliminated clauses:           1.36 Mb                                      |
c Reduced to 14026 vars, 100713 cls (grow=16)
c cl_inc_rate=1.096, var_dec_rate=1.075
c No. effective iterative eliminations: 2
c |  Simplification time:          0.28 s                                       |
c |                                                                             |
c running deterministic with LRB
c ============================[ Search Statistics ]==============================
c | Conflicts |          ORIGINAL         |          LEARNT          | Progress |
c |           |    Vars  Clauses Literals |    Limit  Clauses Lit/Cl |          |
c ===============================================================================
c ===============================================================================
c restarts              : 2105
c conflicts             : 955870         (16201 /sec)
c decisions             : 6547972        (0.00 % random) (110983 /sec)
c propagations          : 149908651      (2540825 /sec)
c conflict literals     : 40251770       (8.09 % deleted)
c backtracks            : 954502         (NCB 99% , CB 1%)
c Memory used           : 120.00 MB
c CPU time              : 59 s

s UNSATISFIABLE
DRAT_SIZE: 228532	/local_ssd/proof.drat
s UNSATISFIABLE
/local_ssd/proof.drat
	Command being timed: "/nfs/scratch/bzchartu/programs/maplechronobt_proof_analyze/drat-trim/drat-trim /nfs/scratch/bzchartu/unsat_2018_solved/cms-scheel-md5-families-r24-c7-p1-3-6-10-11-14-15.cnf /local_ssd/proof.drat -L /local_ssd/proof.lrat -t 200000"
	User time (seconds): 6.50
	System time (seconds): 0.21
	Percent of CPU this job got: 99%
	Elapsed (wall clock) time (h:mm:ss or m:ss): 0:06.72
	Average shared text size (kbytes): 0
	Average unshared data size (kbytes): 0
	Average stack size (kbytes): 0
	Average total size (kbytes): 0
	Maximum resident set size (kbytes): 267800
	Average resident set size (kbytes): 0
	Major (requiring I/O) page faults: 1
	Minor (reclaiming a frame) page faults: 153171
	Voluntary context switches: 21
	Involuntary context switches: 4
	Swaps: 0
	File system inputs: 88
	File system outputs: 5280
	Socket messages sent: 0
	Socket messages received: 0
	Signals delivered: 0
	Page size (bytes): 4096
	Exit status: 0
DRAT_W_TIME,	Elapsed (wall clock) time (h:mm:ss or m:ss): 0:06.72
c turning on binary mode checking
c parsing input formula with 39546 variables and 131271 clauses
c finished parsing, read 234015957 bytes from proof file
c detected empty clause; start verification via backward checking
c 13017 of 131271 clauses in core                            
c 24475 of 1214417 lemmas in core using 97710 resolution steps
c 0 RAT lemmas in core; 0 redundant literals in core lemmas
s VERIFIED
c verification time: 6.708 seconds
LRAT_SIZE: 2636	/local_ssd/proof.lrat
s VERIFIED
/local_ssd/proof.lrat
	Command being timed: "/nfs/scratch/bzchartu/programs/maplechronobt_proof_analyze/drat-trim/lrat-check /nfs/scratch/bzchartu/unsat_2018_solved/cms-scheel-md5-families-r24-c7-p1-3-6-10-11-14-15.cnf /local_ssd/proof.lrat"
	User time (seconds): 0.16
	System time (seconds): 0.02
	Percent of CPU this job got: 98%
	Elapsed (wall clock) time (h:mm:ss or m:ss): 0:00.19
	Average shared text size (kbytes): 0
	Average unshared data size (kbytes): 0
	Average stack size (kbytes): 0
	Average total size (kbytes): 0
	Maximum resident set size (kbytes): 24984
	Average resident set size (kbytes): 0
	Major (requiring I/O) page faults: 0
	Minor (reclaiming a frame) page faults: 6206
	Voluntary context switches: 5
	Involuntary context switches: 1
	Swaps: 0
	File system inputs: 32
	File system outputs: 8
	Socket messages sent: 0
	Socket messages received: 0
	Signals delivered: 0
	Page size (bytes): 4096
	Exit status: 0
LRAT_W_TIME,	Elapsed (wall clock) time (h:mm:ss or m:ss): 0:00.19
c parsed a formula with 39546 variables and 131271 clauses
c VERIFIED
c Added clauses = 155746.  Deleted clauses = 155693.  Max live clauses = 131271
c verification time = 0.19 secs
c VERIFIED
OVERVIEW_HEADER,benchmark,solve mem,solve time,drat kb,drat sec,lrat kb,lrat sec,restarts,decisions,conflicts,propagations
OVERVIEW_CSV,/nfs/scratch/bzchartu/unsat_2018_solved/cms-scheel-md5-families-r24-c7-p1-3-6-10-11-14-15.cnf,	Elapsed (wall clock) time (h:mm:ss or m:ss): 0:59.95,	Maximum resident set size (kbytes): 97112,228532	/local_ssd/proof.drat,	Elapsed (wall clock) time (h:mm:ss or m:ss): 0:06.72,2636	/local_ssd/proof.lrat,	Elapsed (wall clock) time (h:mm:ss or m:ss): 0:00.19,c restarts              : 2105,c decisions             : 6547972        (0.00 % random) (110983 /sec),c conflicts             : 955870         (16201 /sec),c propagations          : 149908651      (2540825 /sec)
