SOLVERNAME,STD
BENCHNAME,/nfs/scratch/bzchartu/unsat_2018_solved/Problem14_label20_true-unreach-call.c.cnf
running lrb Bench '/nfs/scratch/bzchartu/unsat_2018_solved/Problem14_label20_true-unreach-call.c.cnf' on cumu01-03
Command exited with non-zero status 20
	Command being timed: "/nfs/scratch/bzchartu/programs/maplechronobt_proof_analyze/sources/simp/glucose_release -det=lrb /nfs/scratch/bzchartu/unsat_2018_solved/Problem14_label20_true-unreach-call.c.cnf -cpu-lim=10000 -drup-file=/local_ssd/proof.drat"
	User time (seconds): 97.09
	System time (seconds): 2.19
	Percent of CPU this job got: 99%
	Elapsed (wall clock) time (h:mm:ss or m:ss): 1:39.35
	Average shared text size (kbytes): 0
	Average unshared data size (kbytes): 0
	Average stack size (kbytes): 0
	Average total size (kbytes): 0
	Maximum resident set size (kbytes): 1390056
	Average resident set size (kbytes): 0
	Major (requiring I/O) page faults: 0
	Minor (reclaiming a frame) page faults: 1551404
	Voluntary context switches: 20
	Involuntary context switches: 1086
	Swaps: 0
	File system inputs: 360376
	File system outputs: 768192
	Socket messages sent: 0
	Socket messages received: 0
	Signals delivered: 0
	Page size (bytes): 4096
	Exit status: 20
SOLVE_W_TIME,	Elapsed (wall clock) time (h:mm:ss or m:ss): 1:39.35
c This is MapleLCMDistChronoBT.
c WARNING: for repeatability, setting FPU to use double precision
c Analyzer is deactivated by mode: 1 and dyn: 1
c ============================[ Problem Statistics ]=============================
c |                                                                             |
c |  Number of variables:       1703806                                         |
c |  Number of clauses:         7042299                                         |
c |  Parse time:                   2.62 s                                       |
c |  Eliminated clauses:          33.32 Mb                                      |
c Reduced to 796468 vars, 4239565 cls (grow=0)
c |  Eliminated clauses:          49.92 Mb                                      |
c Reduced to 588610 vars, 4379460 cls (grow=8)
c cl_inc_rate=1.033, var_dec_rate=1.353
c |  Eliminated clauses:          53.67 Mb                                      |
c Reduced to 553551 vars, 4478555 cls (grow=16)
c cl_inc_rate=1.023, var_dec_rate=1.063
c |  Eliminated clauses:          65.87 Mb                                      |
c Reduced to 462436 vars, 5381045 cls (grow=32)
c cl_inc_rate=1.202, var_dec_rate=1.197
c No. effective iterative eliminations: 3
c |  Simplification time:         43.97 s                                       |
c |                                                                             |
c running deterministic with LRB
c ============================[ Search Statistics ]==============================
c | Conflicts |          ORIGINAL         |          LEARNT          | Progress |
c |           |    Vars  Clauses Literals |    Limit  Clauses Lit/Cl |          |
c ===============================================================================
c ===============================================================================
c restarts              : 183
c conflicts             : 50223          (519 /sec)
c decisions             : 1320525        (0.00 % random) (13646 /sec)
c propagations          : 148707222      (1536676 /sec)
c conflict literals     : 1362084        (28.37 % deleted)
c backtracks            : 49483          (NCB 88% , CB 12%)
c Memory used           : 1632.00 MB
c CPU time              : 96.772 s

s UNSATISFIABLE
DRAT_SIZE: 384084	/local_ssd/proof.drat
s UNSATISFIABLE
/local_ssd/proof.drat
	Command being timed: "/nfs/scratch/bzchartu/programs/maplechronobt_proof_analyze/drat-trim/drat-trim /nfs/scratch/bzchartu/unsat_2018_solved/Problem14_label20_true-unreach-call.c.cnf /local_ssd/proof.drat -L /local_ssd/proof.lrat -t 200000"
	User time (seconds): 68.82
	System time (seconds): 1.07
	Percent of CPU this job got: 99%
	Elapsed (wall clock) time (h:mm:ss or m:ss): 1:09.91
	Average shared text size (kbytes): 0
	Average unshared data size (kbytes): 0
	Average stack size (kbytes): 0
	Average total size (kbytes): 0
	Maximum resident set size (kbytes): 1399908
	Average resident set size (kbytes): 0
	Major (requiring I/O) page faults: 0
	Minor (reclaiming a frame) page faults: 750125
	Voluntary context switches: 17
	Involuntary context switches: 45
	Swaps: 0
	File system inputs: 0
	File system outputs: 123200
	Socket messages sent: 0
	Socket messages received: 0
	Signals delivered: 0
	Page size (bytes): 4096
	Exit status: 0
DRAT_W_TIME,	Elapsed (wall clock) time (h:mm:ss or m:ss): 1:09.91
c turning on binary mode checking
c parsing input formula with 1703806 variables and 7317082 clauses
c finished parsing, read 393300615 bytes from proof file
c detected empty clause; start verification via backward checking
c 55552 of 7317082 clauses in core                            
c 63585 of 12264967 lemmas in core using 220335 resolution steps
c 0 RAT lemmas in core; 0 redundant literals in core lemmas
s VERIFIED
c verification time: 69.534 seconds
LRAT_SIZE: 61596	/local_ssd/proof.lrat
s VERIFIED
/local_ssd/proof.lrat
	Command being timed: "/nfs/scratch/bzchartu/programs/maplechronobt_proof_analyze/drat-trim/lrat-check /nfs/scratch/bzchartu/unsat_2018_solved/Problem14_label20_true-unreach-call.c.cnf /local_ssd/proof.lrat"
	User time (seconds): 4.34
	System time (seconds): 0.36
	Percent of CPU this job got: 99%
	Elapsed (wall clock) time (h:mm:ss or m:ss): 0:04.71
	Average shared text size (kbytes): 0
	Average unshared data size (kbytes): 0
	Average stack size (kbytes): 0
	Average total size (kbytes): 0
	Maximum resident set size (kbytes): 789660
	Average resident set size (kbytes): 0
	Major (requiring I/O) page faults: 0
	Minor (reclaiming a frame) page faults: 222691
	Voluntary context switches: 17
	Involuntary context switches: 7
	Swaps: 0
	File system inputs: 0
	File system outputs: 8
	Socket messages sent: 0
	Socket messages received: 0
	Signals delivered: 0
	Page size (bytes): 4096
	Exit status: 0
LRAT_W_TIME,	Elapsed (wall clock) time (h:mm:ss or m:ss): 0:04.71
c parsed a formula with 1703806 variables and 7317082 clauses
c VERIFIED
c Added clauses = 7380667.  Deleted clauses = 7378600.  Max live clauses = 7317082
c verification time = 4.68 secs
c VERIFIED
OVERVIEW_HEADER,benchmark,solve mem,solve time,drat kb,drat sec,lrat kb,lrat sec,restarts,decisions,conflicts,propagations
OVERVIEW_CSV,/nfs/scratch/bzchartu/unsat_2018_solved/Problem14_label20_true-unreach-call.c.cnf,	Elapsed (wall clock) time (h:mm:ss or m:ss): 1:39.35,	Maximum resident set size (kbytes): 1390056,384084	/local_ssd/proof.drat,	Elapsed (wall clock) time (h:mm:ss or m:ss): 1:09.91,61596	/local_ssd/proof.lrat,	Elapsed (wall clock) time (h:mm:ss or m:ss): 0:04.71,c restarts              : 183,c decisions             : 1320525        (0.00 % random) (13646 /sec),c conflicts             : 50223          (519 /sec),c propagations          : 148707222      (1536676 /sec)
