SOLVERNAME,STD
BENCHNAME,/nfs/scratch/bzchartu/unsat_2018_solved/by-X-2-7-100.cnf
running lrb Bench '/nfs/scratch/bzchartu/unsat_2018_solved/by-X-2-7-100.cnf' on cumu01-14
Command exited with non-zero status 20
	Command being timed: "/nfs/scratch/bzchartu/programs/maplechronobt_proof_analyze/sources/simp/glucose_release -det=lrb /nfs/scratch/bzchartu/unsat_2018_solved/by-X-2-7-100.cnf -cpu-lim=10000 -drup-file=/local_ssd/proof.drat"
	User time (seconds): 1062.51
	System time (seconds): 1.01
	Percent of CPU this job got: 99%
	Elapsed (wall clock) time (h:mm:ss or m:ss): 17:44.03
	Average shared text size (kbytes): 0
	Average unshared data size (kbytes): 0
	Average stack size (kbytes): 0
	Average total size (kbytes): 0
	Maximum resident set size (kbytes): 247484
	Average resident set size (kbytes): 0
	Major (requiring I/O) page faults: 3
	Minor (reclaiming a frame) page faults: 1218818
	Voluntary context switches: 51
	Involuntary context switches: 982
	Swaps: 0
	File system inputs: 167240
	File system outputs: 198712
	Socket messages sent: 0
	Socket messages received: 0
	Signals delivered: 0
	Page size (bytes): 4096
	Exit status: 20
SOLVE_W_TIME,	Elapsed (wall clock) time (h:mm:ss or m:ss): 17:44.03
c This is MapleLCMDistChronoBT.
c WARNING: for repeatability, setting FPU to use double precision
c Analyzer is deactivated by mode: 1 and dyn: 1
c ============================[ Problem Statistics ]=============================
c |                                                                             |
c |  Number of variables:         62000                                         |
c |  Number of clauses:         2698301                                         |
c |  Parse time:                   0.72 s                                       |
c |  Eliminated clauses:           0.01 Mb                                      |
c Reduced to 59831 vars, 2651245 cls (grow=0)
c No iterative elimination performed. (vars=59831, c/v ratio=44.3)
c |  Simplification time:          1.34 s                                       |
c |                                                                             |
c running deterministic with LRB
c ============================[ Search Statistics ]==============================
c | Conflicts |          ORIGINAL         |          LEARNT          | Progress |
c |           |    Vars  Clauses Literals |    Limit  Clauses Lit/Cl |          |
c ===============================================================================
c ===============================================================================
c restarts              : 1322
c conflicts             : 562713         (530 /sec)
c decisions             : 945345         (0.00 % random) (890 /sec)
c propagations          : 1726714072     (1625161 /sec)
c conflict literals     : 17142129       (25.75 % deleted)
c backtracks            : 562712         (NCB 100% , CB 0%)
c Memory used           : 296.00 MB
c CPU time              : 1062.49 s

s UNSATISFIABLE
DRAT_SIZE: 99348	/local_ssd/proof.drat
s UNSATISFIABLE
/local_ssd/proof.drat
	Command being timed: "/nfs/scratch/bzchartu/programs/maplechronobt_proof_analyze/drat-trim/drat-trim /nfs/scratch/bzchartu/unsat_2018_solved/by-X-2-7-100.cnf /local_ssd/proof.drat -L /local_ssd/proof.lrat -t 200000"
	User time (seconds): 3297.73
	System time (seconds): 2.66
	Percent of CPU this job got: 99%
	Elapsed (wall clock) time (h:mm:ss or m:ss): 55:00.46
	Average shared text size (kbytes): 0
	Average unshared data size (kbytes): 0
	Average stack size (kbytes): 0
	Average total size (kbytes): 0
	Maximum resident set size (kbytes): 612480
	Average resident set size (kbytes): 0
	Major (requiring I/O) page faults: 1
	Minor (reclaiming a frame) page faults: 3607426
	Voluntary context switches: 24
	Involuntary context switches: 837
	Swaps: 0
	File system inputs: 88
	File system outputs: 863960
	Socket messages sent: 0
	Socket messages received: 0
	Signals delivered: 0
	Page size (bytes): 4096
	Exit status: 0
DRAT_W_TIME,	Elapsed (wall clock) time (h:mm:ss or m:ss): 55:00.46
c turning on binary mode checking
c parsing input formula with 62000 variables and 3259670 clauses
c finished parsing, read 101731069 bytes from proof file
c detected empty clause; start verification via backward checking
c 305043 of 3259670 clauses in core                            
c 403454 of 1133095 lemmas in core using 48500815 resolution steps
c 0 RAT lemmas in core; 0 redundant literals in core lemmas
s VERIFIED
c verification time: 3300.395 seconds
LRAT_SIZE: 431976	/local_ssd/proof.lrat
s VERIFIED
/local_ssd/proof.lrat
	Command being timed: "/nfs/scratch/bzchartu/programs/maplechronobt_proof_analyze/drat-trim/lrat-check /nfs/scratch/bzchartu/unsat_2018_solved/by-X-2-7-100.cnf /local_ssd/proof.lrat"
	User time (seconds): 10.20
	System time (seconds): 0.20
	Percent of CPU this job got: 98%
	Elapsed (wall clock) time (h:mm:ss or m:ss): 0:10.53
	Average shared text size (kbytes): 0
	Average unshared data size (kbytes): 0
	Average stack size (kbytes): 0
	Average total size (kbytes): 0
	Maximum resident set size (kbytes): 157680
	Average resident set size (kbytes): 0
	Major (requiring I/O) page faults: 0
	Minor (reclaiming a frame) page faults: 81845
	Voluntary context switches: 30
	Involuntary context switches: 11
	Swaps: 0
	File system inputs: 32
	File system outputs: 8
	Socket messages sent: 0
	Socket messages received: 0
	Signals delivered: 0
	Page size (bytes): 4096
	Exit status: 0
LRAT_W_TIME,	Elapsed (wall clock) time (h:mm:ss or m:ss): 0:10.53
c parsed a formula with 62000 variables and 3259670 clauses
c VERIFIED
c Added clauses = 3663124.  Deleted clauses = 3662888.  Max live clauses = 3259670
c verification time = 10.39 secs
c VERIFIED
OVERVIEW_HEADER,benchmark,solve mem,solve time,drat kb,drat sec,lrat kb,lrat sec,restarts,decisions,conflicts,propagations
OVERVIEW_CSV,/nfs/scratch/bzchartu/unsat_2018_solved/by-X-2-7-100.cnf,	Elapsed (wall clock) time (h:mm:ss or m:ss): 17:44.03,	Maximum resident set size (kbytes): 247484,99348	/local_ssd/proof.drat,	Elapsed (wall clock) time (h:mm:ss or m:ss): 55:00.46,431976	/local_ssd/proof.lrat,	Elapsed (wall clock) time (h:mm:ss or m:ss): 0:10.53,c restarts              : 1322,c decisions             : 945345         (0.00 % random) (890 /sec),c conflicts             : 562713         (530 /sec),c propagations          : 1726714072     (1625161 /sec)
