SOLVERNAME,STD
BENCHNAME,/nfs/scratch/bzchartu/unsat_2018_solved/newton_3_4_true-unreach-call.i.cnf
running lrb Bench '/nfs/scratch/bzchartu/unsat_2018_solved/newton_3_4_true-unreach-call.i.cnf' on cumu01-08
Command exited with non-zero status 20
	Command being timed: "/nfs/scratch/bzchartu/programs/maplechronobt_proof_analyze/sources/simp/glucose_release -det=lrb /nfs/scratch/bzchartu/unsat_2018_solved/newton_3_4_true-unreach-call.i.cnf -cpu-lim=10000 -drup-file=/local_ssd/proof.drat"
	User time (seconds): 324.09
	System time (seconds): 0.64
	Percent of CPU this job got: 99%
	Elapsed (wall clock) time (h:mm:ss or m:ss): 5:24.77
	Average shared text size (kbytes): 0
	Average unshared data size (kbytes): 0
	Average stack size (kbytes): 0
	Average total size (kbytes): 0
	Maximum resident set size (kbytes): 248400
	Average resident set size (kbytes): 0
	Major (requiring I/O) page faults: 0
	Minor (reclaiming a frame) page faults: 509076
	Voluntary context switches: 22
	Involuntary context switches: 228
	Swaps: 0
	File system inputs: 32272
	File system outputs: 357584
	Socket messages sent: 0
	Socket messages received: 0
	Signals delivered: 0
	Page size (bytes): 4096
	Exit status: 20
SOLVE_W_TIME,	Elapsed (wall clock) time (h:mm:ss or m:ss): 5:24.77
c This is MapleLCMDistChronoBT.
c WARNING: for repeatability, setting FPU to use double precision
c Analyzer is deactivated by mode: 1 and dyn: 1
c ============================[ Problem Statistics ]=============================
c |                                                                             |
c |  Number of variables:        164694                                         |
c |  Number of clauses:          759649                                         |
c |  Parse time:                   0.27 s                                       |
c |  Eliminated clauses:           1.69 Mb                                      |
c Reduced to 128843 vars, 689959 cls (grow=0)
c |  Eliminated clauses:           4.71 Mb                                      |
c Reduced to 94085 vars, 693374 cls (grow=8)
c cl_inc_rate=1.005, var_dec_rate=1.369
c |  Eliminated clauses:           5.25 Mb                                      |
c Reduced to 89320 vars, 724616 cls (grow=16)
c cl_inc_rate=1.045, var_dec_rate=1.053
c |  Eliminated clauses:           7.22 Mb                                      |
c Reduced to 76683 vars, 983627 cls (grow=32)
c cl_inc_rate=1.357, var_dec_rate=1.165
c No. effective iterative eliminations: 3
c |  Simplification time:          3.74 s                                       |
c |                                                                             |
c running deterministic with LRB
c ============================[ Search Statistics ]==============================
c | Conflicts |          ORIGINAL         |          LEARNT          | Progress |
c |           |    Vars  Clauses Literals |    Limit  Clauses Lit/Cl |          |
c ===============================================================================
c ===============================================================================
c restarts              : 1297
c conflicts             : 588551         (1816 /sec)
c decisions             : 5101955        (0.00 % random) (15743 /sec)
c propagations          : 1228513890     (3790867 /sec)
c conflict literals     : 26291883       (57.80 % deleted)
c backtracks            : 585699         (NCB 97% , CB 3%)
c Memory used           : 280.00 MB
c CPU time              : 324.072 s

s UNSATISFIABLE
DRAT_SIZE: 178780	/local_ssd/proof.drat
s UNSATISFIABLE
/local_ssd/proof.drat
	Command being timed: "/nfs/scratch/bzchartu/programs/maplechronobt_proof_analyze/drat-trim/drat-trim /nfs/scratch/bzchartu/unsat_2018_solved/newton_3_4_true-unreach-call.i.cnf /local_ssd/proof.drat -L /local_ssd/proof.lrat -t 200000"
	User time (seconds): 16.87
	System time (seconds): 0.36
	Percent of CPU this job got: 99%
	Elapsed (wall clock) time (h:mm:ss or m:ss): 0:17.25
	Average shared text size (kbytes): 0
	Average unshared data size (kbytes): 0
	Average stack size (kbytes): 0
	Average total size (kbytes): 0
	Maximum resident set size (kbytes): 366092
	Average resident set size (kbytes): 0
	Major (requiring I/O) page faults: 0
	Minor (reclaiming a frame) page faults: 262957
	Voluntary context switches: 19
	Involuntary context switches: 21
	Swaps: 0
	File system inputs: 0
	File system outputs: 125936
	Socket messages sent: 0
	Socket messages received: 0
	Signals delivered: 0
	Page size (bytes): 4096
	Exit status: 0
DRAT_W_TIME,	Elapsed (wall clock) time (h:mm:ss or m:ss): 0:17.25
c turning on binary mode checking
c parsing input formula with 164694 variables and 766037 clauses
c finished parsing, read 183069705 bytes from proof file
c detected empty clause; start verification via backward checking
c 268768 of 766037 clauses in core                            
c 356474 of 2196577 lemmas in core using 4899187 resolution steps
c 0 RAT lemmas in core; 140 redundant literals in core lemmas
s VERIFIED
c verification time: 17.183 seconds
LRAT_SIZE: 62964	/local_ssd/proof.lrat
s VERIFIED
/local_ssd/proof.lrat
	Command being timed: "/nfs/scratch/bzchartu/programs/maplechronobt_proof_analyze/drat-trim/lrat-check /nfs/scratch/bzchartu/unsat_2018_solved/newton_3_4_true-unreach-call.i.cnf /local_ssd/proof.lrat"
	User time (seconds): 1.64
	System time (seconds): 0.05
	Percent of CPU this job got: 99%
	Elapsed (wall clock) time (h:mm:ss or m:ss): 0:01.70
	Average shared text size (kbytes): 0
	Average unshared data size (kbytes): 0
	Average stack size (kbytes): 0
	Average total size (kbytes): 0
	Maximum resident set size (kbytes): 91024
	Average resident set size (kbytes): 0
	Major (requiring I/O) page faults: 0
	Minor (reclaiming a frame) page faults: 22705
	Voluntary context switches: 5
	Involuntary context switches: 2
	Swaps: 0
	File system inputs: 0
	File system outputs: 8
	Socket messages sent: 0
	Socket messages received: 0
	Signals delivered: 0
	Page size (bytes): 4096
	Exit status: 0
LRAT_W_TIME,	Elapsed (wall clock) time (h:mm:ss or m:ss): 0:01.70
c parsed a formula with 164694 variables and 766037 clauses
c VERIFIED
c Added clauses = 1122511.  Deleted clauses = 1121542.  Max live clauses = 766037
c verification time = 1.70 secs
c VERIFIED
OVERVIEW_HEADER,benchmark,solve mem,solve time,drat kb,drat sec,lrat kb,lrat sec,restarts,decisions,conflicts,propagations
OVERVIEW_CSV,/nfs/scratch/bzchartu/unsat_2018_solved/newton_3_4_true-unreach-call.i.cnf,	Elapsed (wall clock) time (h:mm:ss or m:ss): 5:24.77,	Maximum resident set size (kbytes): 248400,178780	/local_ssd/proof.drat,	Elapsed (wall clock) time (h:mm:ss or m:ss): 0:17.25,62964	/local_ssd/proof.lrat,	Elapsed (wall clock) time (h:mm:ss or m:ss): 0:01.70,c restarts              : 1297,c decisions             : 5101955        (0.00 % random) (15743 /sec),c conflicts             : 588551         (1816 /sec),c propagations          : 1228513890     (3790867 /sec)
