SOLVERNAME,STD
BENCHNAME,/nfs/scratch/bzchartu/unsat_2018_solved/mchess_17.cnf
running lrb Bench '/nfs/scratch/bzchartu/unsat_2018_solved/mchess_17.cnf' on cumu02-11
Command exited with non-zero status 20
	Command being timed: "/nfs/scratch/bzchartu/programs/maplechronobt_proof_analyze/sources/simp/glucose_release -det=lrb /nfs/scratch/bzchartu/unsat_2018_solved/mchess_17.cnf -cpu-lim=10000 -drup-file=/local_ssd/proof.drat"
	User time (seconds): 1151.54
	System time (seconds): 1.28
	Percent of CPU this job got: 99%
	Elapsed (wall clock) time (h:mm:ss or m:ss): 19:12.91
	Average shared text size (kbytes): 0
	Average unshared data size (kbytes): 0
	Average stack size (kbytes): 0
	Average total size (kbytes): 0
	Maximum resident set size (kbytes): 70864
	Average resident set size (kbytes): 0
	Major (requiring I/O) page faults: 2
	Minor (reclaiming a frame) page faults: 654916
	Voluntary context switches: 154
	Involuntary context switches: 964
	Swaps: 0
	File system inputs: 36240
	File system outputs: 3580944
	Socket messages sent: 0
	Socket messages received: 0
	Signals delivered: 0
	Page size (bytes): 4096
	Exit status: 20
SOLVE_W_TIME,	Elapsed (wall clock) time (h:mm:ss or m:ss): 19:12.91
c This is MapleLCMDistChronoBT.
c WARNING: for repeatability, setting FPU to use double precision
c Analyzer is deactivated by mode: 1 and dyn: 1
c ============================[ Problem Statistics ]=============================
c |                                                                             |
c |  Number of variables:           544                                         |
c |  Number of clauses:            1811                                         |
c |  Parse time:                   0.00 s                                       |
c |  Eliminated clauses:           0.01 Mb                                      |
c Reduced to 374 vars, 1496 cls (grow=0)
c No iterative elimination performed. (vars=374, c/v ratio=4.0)
c |  Simplification time:          0.00 s                                       |
c |                                                                             |
c running deterministic with LRB
c ============================[ Search Statistics ]==============================
c | Conflicts |          ORIGINAL         |          LEARNT          | Progress |
c |           |    Vars  Clauses Literals |    Limit  Clauses Lit/Cl |          |
c ===============================================================================
c ===============================================================================
c restarts              : 37836
c conflicts             : 27451435       (23839 /sec)
c decisions             : 33670343       (0.00 % random) (29239 /sec)
c propagations          : 490933381      (426328 /sec)
c conflict literals     : 456088848      (30.20 % deleted)
c backtracks            : 27451434       (NCB 100% , CB 0%)
c Memory used           : 82.00 MB
c CPU time              : 1151.54 s

s UNSATISFIABLE
DRAT_SIZE: 1790468	/local_ssd/proof.drat
s UNSATISFIABLE
/local_ssd/proof.drat
	Command being timed: "/nfs/scratch/bzchartu/programs/maplechronobt_proof_analyze/drat-trim/drat-trim /nfs/scratch/bzchartu/unsat_2018_solved/mchess_17.cnf /local_ssd/proof.drat -L /local_ssd/proof.lrat -t 200000"
	User time (seconds): 6598.86
	System time (seconds): 18.19
	Percent of CPU this job got: 99%
	Elapsed (wall clock) time (h:mm:ss or m:ss): 1:50:18
	Average shared text size (kbytes): 0
	Average unshared data size (kbytes): 0
	Average stack size (kbytes): 0
	Average total size (kbytes): 0
	Maximum resident set size (kbytes): 7088796
	Average resident set size (kbytes): 0
	Major (requiring I/O) page faults: 0
	Minor (reclaiming a frame) page faults: 23761681
	Voluntary context switches: 164
	Involuntary context switches: 7695
	Swaps: 0
	File system inputs: 0
	File system outputs: 11331664
	Socket messages sent: 0
	Socket messages received: 0
	Signals delivered: 0
	Page size (bytes): 4096
	Exit status: 0
DRAT_W_TIME,	Elapsed (wall clock) time (h:mm:ss or m:ss): 1:50:18
c turning on binary mode checking
c parsing input formula with 544 variables and 1815 clauses
c finished parsing, read 1833431229 bytes from proof file
c detected empty clause; start verification via backward checking
c 1757 of 1815 clauses in core                            
c 24374041 of 27769542 lemmas in core using 501468754 resolution steps
c 0 RAT lemmas in core; 0 redundant literals in core lemmas
s VERIFIED
c verification time: 6617.905 seconds
LRAT_SIZE: 5665832	/local_ssd/proof.lrat
s VERIFIED
/local_ssd/proof.lrat
	Command being timed: "/nfs/scratch/bzchartu/programs/maplechronobt_proof_analyze/drat-trim/lrat-check /nfs/scratch/bzchartu/unsat_2018_solved/mchess_17.cnf /local_ssd/proof.lrat"
	User time (seconds): 127.09
	System time (seconds): 2.10
	Percent of CPU this job got: 99%
	Elapsed (wall clock) time (h:mm:ss or m:ss): 2:09.34
	Average shared text size (kbytes): 0
	Average unshared data size (kbytes): 0
	Average stack size (kbytes): 0
	Average total size (kbytes): 0
	Maximum resident set size (kbytes): 1774976
	Average resident set size (kbytes): 0
	Major (requiring I/O) page faults: 0
	Minor (reclaiming a frame) page faults: 550562
	Voluntary context switches: 29
	Involuntary context switches: 180
	Swaps: 0
	File system inputs: 0
	File system outputs: 8
	Socket messages sent: 0
	Socket messages received: 0
	Signals delivered: 0
	Page size (bytes): 4096
	Exit status: 0
LRAT_W_TIME,	Elapsed (wall clock) time (h:mm:ss or m:ss): 2:09.34
c parsed a formula with 544 variables and 1815 clauses
c VERIFIED
c Added clauses = 24375856.  Deleted clauses = 24375822.  Max live clauses = 89235
c verification time = 129.15 secs
c VERIFIED
OVERVIEW_HEADER,benchmark,solve mem,solve time,drat kb,drat sec,lrat kb,lrat sec,restarts,decisions,conflicts,propagations
OVERVIEW_CSV,/nfs/scratch/bzchartu/unsat_2018_solved/mchess_17.cnf,	Elapsed (wall clock) time (h:mm:ss or m:ss): 19:12.91,	Maximum resident set size (kbytes): 70864,1790468	/local_ssd/proof.drat,	Elapsed (wall clock) time (h:mm:ss or m:ss): 1:50:18,5665832	/local_ssd/proof.lrat,	Elapsed (wall clock) time (h:mm:ss or m:ss): 2:09.34,c restarts              : 37836,c decisions             : 33670343       (0.00 % random) (29239 /sec),c conflicts             : 27451435       (23839 /sec),c propagations          : 490933381      (426328 /sec)
