SOLVERNAME,STD
BENCHNAME,/nfs/scratch/bzchartu/unsat_2018_solved/pals_lcr-var-start-time.6_true-unreach-call.ufo.UNBOUNDED.pals.c.cnf
running lrb Bench '/nfs/scratch/bzchartu/unsat_2018_solved/pals_lcr-var-start-time.6_true-unreach-call.ufo.UNBOUNDED.pals.c.cnf' on cumu02-01
Command exited with non-zero status 20
	Command being timed: "/nfs/scratch/bzchartu/programs/maplechronobt_proof_analyze/sources/simp/glucose_release -det=lrb /nfs/scratch/bzchartu/unsat_2018_solved/pals_lcr-var-start-time.6_true-unreach-call.ufo.UNBOUNDED.pals.c.cnf -cpu-lim=10000 -drup-file=/local_ssd/proof.drat"
	User time (seconds): 400.18
	System time (seconds): 0.36
	Percent of CPU this job got: 99%
	Elapsed (wall clock) time (h:mm:ss or m:ss): 6:40.58
	Average shared text size (kbytes): 0
	Average unshared data size (kbytes): 0
	Average stack size (kbytes): 0
	Average total size (kbytes): 0
	Maximum resident set size (kbytes): 73692
	Average resident set size (kbytes): 0
	Major (requiring I/O) page faults: 0
	Minor (reclaiming a frame) page faults: 217228
	Voluntary context switches: 43
	Involuntary context switches: 275
	Swaps: 0
	File system inputs: 10192
	File system outputs: 798824
	Socket messages sent: 0
	Socket messages received: 0
	Signals delivered: 0
	Page size (bytes): 4096
	Exit status: 20
SOLVE_W_TIME,	Elapsed (wall clock) time (h:mm:ss or m:ss): 6:40.58
c This is MapleLCMDistChronoBT.
c WARNING: for repeatability, setting FPU to use double precision
c Analyzer is deactivated by mode: 1 and dyn: 1
c ============================[ Problem Statistics ]=============================
c |                                                                             |
c |  Number of variables:         53391                                         |
c |  Number of clauses:          235804                                         |
c |  Parse time:                   0.13 s                                       |
c |  Eliminated clauses:           1.17 Mb                                      |
c Reduced to 26418 vars, 152154 cls (grow=0)
c |  Eliminated clauses:           1.23 Mb                                      |
c Reduced to 25715 vars, 153254 cls (grow=8)
c cl_inc_rate=1.007, var_dec_rate=1.027
c |  Eliminated clauses:           1.45 Mb                                      |
c Reduced to 24157 vars, 176783 cls (grow=16)
c cl_inc_rate=1.154, var_dec_rate=1.064
c No. effective iterative eliminations: 2
c |  Simplification time:          0.44 s                                       |
c |                                                                             |
c running deterministic with LRB
c ============================[ Search Statistics ]==============================
c | Conflicts |          ORIGINAL         |          LEARNT          | Progress |
c |           |    Vars  Clauses Literals |    Limit  Clauses Lit/Cl |          |
c ===============================================================================
c ===============================================================================
c restarts              : 3632
c conflicts             : 1831697        (4577 /sec)
c decisions             : 2523905        (0.00 % random) (6307 /sec)
c propagations          : 1297397047     (3242066 /sec)
c conflict literals     : 80815180       (50.06 % deleted)
c backtracks            : 1831693        (NCB 100% , CB 0%)
c Memory used           : 93.00 MB
c CPU time              : 400.176 s

s UNSATISFIABLE
DRAT_SIZE: 399404	/local_ssd/proof.drat
s UNSATISFIABLE
/local_ssd/proof.drat
	Command being timed: "/nfs/scratch/bzchartu/programs/maplechronobt_proof_analyze/drat-trim/drat-trim /nfs/scratch/bzchartu/unsat_2018_solved/pals_lcr-var-start-time.6_true-unreach-call.ufo.UNBOUNDED.pals.c.cnf /local_ssd/proof.drat -L /local_ssd/proof.lrat -t 200000"
	User time (seconds): 973.48
	System time (seconds): 4.41
	Percent of CPU this job got: 99%
	Elapsed (wall clock) time (h:mm:ss or m:ss): 16:18.34
	Average shared text size (kbytes): 0
	Average unshared data size (kbytes): 0
	Average stack size (kbytes): 0
	Average total size (kbytes): 0
	Maximum resident set size (kbytes): 2810672
	Average resident set size (kbytes): 0
	Major (requiring I/O) page faults: 0
	Minor (reclaiming a frame) page faults: 2807738
	Voluntary context switches: 81
	Involuntary context switches: 1201
	Swaps: 0
	File system inputs: 0
	File system outputs: 7769216
	Socket messages sent: 0
	Socket messages received: 0
	Signals delivered: 0
	Page size (bytes): 4096
	Exit status: 0
DRAT_W_TIME,	Elapsed (wall clock) time (h:mm:ss or m:ss): 16:18.34
c turning on binary mode checking
c parsing input formula with 53391 variables and 236905 clauses
c finished parsing, read 408985614 bytes from proof file
c detected empty clause; start verification via backward checking
c 61675 of 236905 clauses in core                            
c 1399609 of 2213656 lemmas in core using 537079942 resolution steps
c 0 RAT lemmas in core; 0 redundant literals in core lemmas
s VERIFIED
c verification time: 978.257 seconds
LRAT_SIZE: 3884608	/local_ssd/proof.lrat
s VERIFIED
/local_ssd/proof.lrat
	Command being timed: "/nfs/scratch/bzchartu/programs/maplechronobt_proof_analyze/drat-trim/lrat-check /nfs/scratch/bzchartu/unsat_2018_solved/pals_lcr-var-start-time.6_true-unreach-call.ufo.UNBOUNDED.pals.c.cnf /local_ssd/proof.lrat"
	User time (seconds): 82.30
	System time (seconds): 1.23
	Percent of CPU this job got: 99%
	Elapsed (wall clock) time (h:mm:ss or m:ss): 1:23.67
	Average shared text size (kbytes): 0
	Average unshared data size (kbytes): 0
	Average stack size (kbytes): 0
	Average total size (kbytes): 0
	Maximum resident set size (kbytes): 249468
	Average resident set size (kbytes): 0
	Major (requiring I/O) page faults: 0
	Minor (reclaiming a frame) page faults: 132515
	Voluntary context switches: 29
	Involuntary context switches: 96
	Swaps: 0
	File system inputs: 0
	File system outputs: 8
	Socket messages sent: 0
	Socket messages received: 0
	Signals delivered: 0
	Page size (bytes): 4096
	Exit status: 0
LRAT_W_TIME,	Elapsed (wall clock) time (h:mm:ss or m:ss): 1:23.67
c parsed a formula with 53391 variables and 236905 clauses
c VERIFIED
c Added clauses = 1636514.  Deleted clauses = 1635418.  Max live clauses = 236905
c verification time = 83.53 secs
c VERIFIED
OVERVIEW_HEADER,benchmark,solve mem,solve time,drat kb,drat sec,lrat kb,lrat sec,restarts,decisions,conflicts,propagations
OVERVIEW_CSV,/nfs/scratch/bzchartu/unsat_2018_solved/pals_lcr-var-start-time.6_true-unreach-call.ufo.UNBOUNDED.pals.c.cnf,	Elapsed (wall clock) time (h:mm:ss or m:ss): 6:40.58,	Maximum resident set size (kbytes): 73692,399404	/local_ssd/proof.drat,	Elapsed (wall clock) time (h:mm:ss or m:ss): 16:18.34,3884608	/local_ssd/proof.lrat,	Elapsed (wall clock) time (h:mm:ss or m:ss): 1:23.67,c restarts              : 3632,c decisions             : 2523905        (0.00 % random) (6307 /sec),c conflicts             : 1831697        (4577 /sec),c propagations          : 1297397047     (3242066 /sec)
