SOLVERNAME,STD
BENCHNAME,/nfs/scratch/bzchartu/unsat_2018_solved/cms-scheel-md4-families-r24-c6-p0-5-10-11-17-18.cnf
running lrb Bench '/nfs/scratch/bzchartu/unsat_2018_solved/cms-scheel-md4-families-r24-c6-p0-5-10-11-17-18.cnf' on cumu02-01
Command exited with non-zero status 20
	Command being timed: "/nfs/scratch/bzchartu/programs/maplechronobt_proof_analyze/sources/simp/glucose_release -det=lrb /nfs/scratch/bzchartu/unsat_2018_solved/cms-scheel-md4-families-r24-c6-p0-5-10-11-17-18.cnf -cpu-lim=10000 -drup-file=/local_ssd/proof.drat"
	User time (seconds): 115.32
	System time (seconds): 0.61
	Percent of CPU this job got: 99%
	Elapsed (wall clock) time (h:mm:ss or m:ss): 1:56.35
	Average shared text size (kbytes): 0
	Average unshared data size (kbytes): 0
	Average stack size (kbytes): 0
	Average total size (kbytes): 0
	Maximum resident set size (kbytes): 98536
	Average resident set size (kbytes): 0
	Major (requiring I/O) page faults: 3
	Minor (reclaiming a frame) page faults: 425158
	Voluntary context switches: 75
	Involuntary context switches: 163
	Swaps: 0
	File system inputs: 43336
	File system outputs: 1097248
	Socket messages sent: 0
	Socket messages received: 0
	Signals delivered: 0
	Page size (bytes): 4096
	Exit status: 20
SOLVE_W_TIME,	Elapsed (wall clock) time (h:mm:ss or m:ss): 1:56.35
c This is MapleLCMDistChronoBT.
c WARNING: for repeatability, setting FPU to use double precision
c Analyzer is deactivated by mode: 1 and dyn: 1
c ============================[ Problem Statistics ]=============================
c |                                                                             |
c |  Number of variables:         29691                                         |
c |  Number of clauses:           91670                                         |
c |  Parse time:                   0.05 s                                       |
c |  Eliminated clauses:           0.81 Mb                                      |
c Reduced to 11529 vars, 62199 cls (grow=0)
c |  Eliminated clauses:           0.87 Mb                                      |
c Reduced to 10626 vars, 63321 cls (grow=8)
c cl_inc_rate=1.018, var_dec_rate=1.085
c |  Eliminated clauses:           0.96 Mb                                      |
c Reduced to 9960 vars, 68385 cls (grow=16)
c cl_inc_rate=1.080, var_dec_rate=1.067
c No. effective iterative eliminations: 2
c |  Simplification time:          0.19 s                                       |
c |                                                                             |
c running deterministic with LRB
c ============================[ Search Statistics ]==============================
c | Conflicts |          ORIGINAL         |          LEARNT          | Progress |
c |           |    Vars  Clauses Literals |    Limit  Clauses Lit/Cl |          |
c ===============================================================================
c ===============================================================================
c restarts              : 4823
c conflicts             : 2749830        (23844 /sec)
c decisions             : 9067195        (0.00 % random) (78621 /sec)
c propagations          : 169354367      (1468458 /sec)
c conflict literals     : 102637053      (10.83 % deleted)
c backtracks            : 2748789        (NCB 100% , CB 0%)
c Memory used           : 110.00 MB
c CPU time              : 115.328 s

s UNSATISFIABLE
DRAT_SIZE: 548616	/local_ssd/proof.drat
s UNSATISFIABLE
/local_ssd/proof.drat
	Command being timed: "/nfs/scratch/bzchartu/programs/maplechronobt_proof_analyze/drat-trim/drat-trim /nfs/scratch/bzchartu/unsat_2018_solved/cms-scheel-md4-families-r24-c6-p0-5-10-11-17-18.cnf /local_ssd/proof.drat -L /local_ssd/proof.lrat -t 200000"
	User time (seconds): 20.41
	System time (seconds): 0.50
	Percent of CPU this job got: 99%
	Elapsed (wall clock) time (h:mm:ss or m:ss): 0:20.92
	Average shared text size (kbytes): 0
	Average unshared data size (kbytes): 0
	Average stack size (kbytes): 0
	Average total size (kbytes): 0
	Maximum resident set size (kbytes): 569960
	Average resident set size (kbytes): 0
	Major (requiring I/O) page faults: 1
	Minor (reclaiming a frame) page faults: 433102
	Voluntary context switches: 22
	Involuntary context switches: 12
	Swaps: 0
	File system inputs: 88
	File system outputs: 9168
	Socket messages sent: 0
	Socket messages received: 0
	Signals delivered: 0
	Page size (bytes): 4096
	Exit status: 0
DRAT_W_TIME,	Elapsed (wall clock) time (h:mm:ss or m:ss): 0:20.92
c turning on binary mode checking
c parsing input formula with 29691 variables and 94139 clauses
c finished parsing, read 561779860 bytes from proof file
c detected empty clause; start verification via backward checking
c 15722 of 94139 clauses in core                            
c 41919 of 3053911 lemmas in core using 243132 resolution steps
c 0 RAT lemmas in core; 0 redundant literals in core lemmas
s VERIFIED
c verification time: 20.897 seconds
LRAT_SIZE: 4580	/local_ssd/proof.lrat
s VERIFIED
/local_ssd/proof.lrat
	Command being timed: "/nfs/scratch/bzchartu/programs/maplechronobt_proof_analyze/drat-trim/lrat-check /nfs/scratch/bzchartu/unsat_2018_solved/cms-scheel-md4-families-r24-c6-p0-5-10-11-17-18.cnf /local_ssd/proof.lrat"
	User time (seconds): 0.20
	System time (seconds): 0.00
	Percent of CPU this job got: 99%
	Elapsed (wall clock) time (h:mm:ss or m:ss): 0:00.20
	Average shared text size (kbytes): 0
	Average unshared data size (kbytes): 0
	Average stack size (kbytes): 0
	Average total size (kbytes): 0
	Maximum resident set size (kbytes): 27240
	Average resident set size (kbytes): 0
	Major (requiring I/O) page faults: 0
	Minor (reclaiming a frame) page faults: 6771
	Voluntary context switches: 6
	Involuntary context switches: 1
	Swaps: 0
	File system inputs: 32
	File system outputs: 8
	Socket messages sent: 0
	Socket messages received: 0
	Signals delivered: 0
	Page size (bytes): 4096
	Exit status: 0
LRAT_W_TIME,	Elapsed (wall clock) time (h:mm:ss or m:ss): 0:00.20
c parsed a formula with 29691 variables and 94139 clauses
c VERIFIED
c Added clauses = 136058.  Deleted clauses = 136018.  Max live clauses = 94139
c verification time = 0.21 secs
c VERIFIED
OVERVIEW_HEADER,benchmark,solve mem,solve time,drat kb,drat sec,lrat kb,lrat sec,restarts,decisions,conflicts,propagations
OVERVIEW_CSV,/nfs/scratch/bzchartu/unsat_2018_solved/cms-scheel-md4-families-r24-c6-p0-5-10-11-17-18.cnf,	Elapsed (wall clock) time (h:mm:ss or m:ss): 1:56.35,	Maximum resident set size (kbytes): 98536,548616	/local_ssd/proof.drat,	Elapsed (wall clock) time (h:mm:ss or m:ss): 0:20.92,4580	/local_ssd/proof.lrat,	Elapsed (wall clock) time (h:mm:ss or m:ss): 0:00.20,c restarts              : 4823,c decisions             : 9067195        (0.00 % random) (78621 /sec),c conflicts             : 2749830        (23844 /sec),c propagations          : 169354367      (1468458 /sec)
