SOLVERNAME,STD
BENCHNAME,/nfs/scratch/bzchartu/unsat_2018_solved/T82.2.0.cnf
running lrb Bench '/nfs/scratch/bzchartu/unsat_2018_solved/T82.2.0.cnf' on cumu01-15
Command exited with non-zero status 20
	Command being timed: "/nfs/scratch/bzchartu/programs/maplechronobt_proof_analyze/sources/simp/glucose_release -det=lrb /nfs/scratch/bzchartu/unsat_2018_solved/T82.2.0.cnf -cpu-lim=10000 -drup-file=/local_ssd/proof.drat"
	User time (seconds): 261.07
	System time (seconds): 3.72
	Percent of CPU this job got: 99%
	Elapsed (wall clock) time (h:mm:ss or m:ss): 4:24.87
	Average shared text size (kbytes): 0
	Average unshared data size (kbytes): 0
	Average stack size (kbytes): 0
	Average total size (kbytes): 0
	Maximum resident set size (kbytes): 2021540
	Average resident set size (kbytes): 0
	Major (requiring I/O) page faults: 0
	Minor (reclaiming a frame) page faults: 3499765
	Voluntary context switches: 24
	Involuntary context switches: 1217
	Swaps: 0
	File system inputs: 480096
	File system outputs: 1664056
	Socket messages sent: 0
	Socket messages received: 0
	Signals delivered: 0
	Page size (bytes): 4096
	Exit status: 20
SOLVE_W_TIME,	Elapsed (wall clock) time (h:mm:ss or m:ss): 4:24.87
c This is MapleLCMDistChronoBT.
c WARNING: for repeatability, setting FPU to use double precision
c Analyzer is deactivated by mode: 1 and dyn: 1
c ============================[ Problem Statistics ]=============================
c |                                                                             |
c |  Number of variables:       3166041                                         |
c |  Number of clauses:        10917087                                         |
c |  Parse time:                   4.67 s                                       |
c |  Eliminated clauses:         120.92 Mb                                      |
c Reduced to 591080 vars, 3520055 cls (grow=0)
c |  Eliminated clauses:         137.68 Mb                                      |
c Reduced to 385586 vars, 3567278 cls (grow=8)
c cl_inc_rate=1.013, var_dec_rate=1.533
c |  Eliminated clauses:         140.92 Mb                                      |
c Reduced to 354999 vars, 3709990 cls (grow=16)
c cl_inc_rate=1.040, var_dec_rate=1.086
c |  Eliminated clauses:         146.47 Mb                                      |
c Reduced to 315136 vars, 3920257 cls (grow=32)
c cl_inc_rate=1.057, var_dec_rate=1.126
c |  Eliminated clauses:         154.89 Mb                                      |
c Reduced to 265482 vars, 4801235 cls (grow=64)
c cl_inc_rate=1.225, var_dec_rate=1.187
c No. effective iterative eliminations: 4
c |  Simplification time:         80.02 s                                       |
c |                                                                             |
c running deterministic with LRB
c ============================[ Search Statistics ]==============================
c | Conflicts |          ORIGINAL         |          LEARNT          | Progress |
c |           |    Vars  Clauses Literals |    Limit  Clauses Lit/Cl |          |
c ===============================================================================
c ===============================================================================
c restarts              : 624
c conflicts             : 249627         (957 /sec)
c decisions             : 3653843        (0.00 % random) (14006 /sec)
c propagations          : 390943897      (1498627 /sec)
c conflict literals     : 8554200        (29.17 % deleted)
c backtracks            : 248424         (NCB 97% , CB 3%)
c Memory used           : 2415.00 MB
c CPU time              : 260.868 s

s UNSATISFIABLE
DRAT_SIZE: 832020	/local_ssd/proof.drat
s UNSATISFIABLE
/local_ssd/proof.drat
	Command being timed: "/nfs/scratch/bzchartu/programs/maplechronobt_proof_analyze/drat-trim/drat-trim /nfs/scratch/bzchartu/unsat_2018_solved/T82.2.0.cnf /local_ssd/proof.drat -L /local_ssd/proof.lrat -t 200000"
	User time (seconds): 79.68
	System time (seconds): 2.10
	Percent of CPU this job got: 99%
	Elapsed (wall clock) time (h:mm:ss or m:ss): 1:21.80
	Average shared text size (kbytes): 0
	Average unshared data size (kbytes): 0
	Average stack size (kbytes): 0
	Average total size (kbytes): 0
	Maximum resident set size (kbytes): 2469420
	Average resident set size (kbytes): 0
	Major (requiring I/O) page faults: 0
	Minor (reclaiming a frame) page faults: 1872166
	Voluntary context switches: 17
	Involuntary context switches: 46
	Swaps: 0
	File system inputs: 0
	File system outputs: 544704
	Socket messages sent: 0
	Socket messages received: 0
	Signals delivered: 0
	Page size (bytes): 4096
	Exit status: 0
DRAT_W_TIME,	Elapsed (wall clock) time (h:mm:ss or m:ss): 1:21.80
c turning on binary mode checking
c parsing input formula with 3166041 variables and 10917087 clauses
c finished parsing, read 851981014 bytes from proof file
c detected empty clause; start verification via backward checking
c 605644 of 10917087 clauses in core                            
c 830019 of 19668067 lemmas in core using 14923425 resolution steps
c 0 RAT lemmas in core; 23 redundant literals in core lemmas
s VERIFIED
c verification time: 80.932 seconds
LRAT_SIZE: 272348	/local_ssd/proof.lrat
s VERIFIED
/local_ssd/proof.lrat
	Command being timed: "/nfs/scratch/bzchartu/programs/maplechronobt_proof_analyze/drat-trim/lrat-check /nfs/scratch/bzchartu/unsat_2018_solved/T82.2.0.cnf /local_ssd/proof.lrat"
	User time (seconds): 9.45
	System time (seconds): 0.68
	Percent of CPU this job got: 99%
	Elapsed (wall clock) time (h:mm:ss or m:ss): 0:10.14
	Average shared text size (kbytes): 0
	Average unshared data size (kbytes): 0
	Average stack size (kbytes): 0
	Average total size (kbytes): 0
	Maximum resident set size (kbytes): 1374756
	Average resident set size (kbytes): 0
	Major (requiring I/O) page faults: 0
	Minor (reclaiming a frame) page faults: 416654
	Voluntary context switches: 17
	Involuntary context switches: 5
	Swaps: 0
	File system inputs: 0
	File system outputs: 8
	Socket messages sent: 0
	Socket messages received: 0
	Signals delivered: 0
	Page size (bytes): 4096
	Exit status: 0
LRAT_W_TIME,	Elapsed (wall clock) time (h:mm:ss or m:ss): 0:10.14
c parsed a formula with 3166041 variables and 10917087 clauses
c VERIFIED
c Added clauses = 11747106.  Deleted clauses = 11746636.  Max live clauses = 10917087
c verification time = 10.09 secs
c VERIFIED
OVERVIEW_HEADER,benchmark,solve mem,solve time,drat kb,drat sec,lrat kb,lrat sec,restarts,decisions,conflicts,propagations
OVERVIEW_CSV,/nfs/scratch/bzchartu/unsat_2018_solved/T82.2.0.cnf,	Elapsed (wall clock) time (h:mm:ss or m:ss): 4:24.87,	Maximum resident set size (kbytes): 2021540,832020	/local_ssd/proof.drat,	Elapsed (wall clock) time (h:mm:ss or m:ss): 1:21.80,272348	/local_ssd/proof.lrat,	Elapsed (wall clock) time (h:mm:ss or m:ss): 0:10.14,c restarts              : 624,c decisions             : 3653843        (0.00 % random) (14006 /sec),c conflicts             : 249627         (957 /sec),c propagations          : 390943897      (1498627 /sec)
