SOLVERNAME,STD
BENCHNAME,/nfs/scratch/bzchartu/unsat_2018_solved/T129.2.0.cnf
running lrb Bench '/nfs/scratch/bzchartu/unsat_2018_solved/T129.2.0.cnf' on cumu01-08
Command exited with non-zero status 20
	Command being timed: "/nfs/scratch/bzchartu/programs/maplechronobt_proof_analyze/sources/simp/glucose_release -det=lrb /nfs/scratch/bzchartu/unsat_2018_solved/T129.2.0.cnf -cpu-lim=10000 -drup-file=/local_ssd/proof.drat"
	User time (seconds): 277.66
	System time (seconds): 3.94
	Percent of CPU this job got: 99%
	Elapsed (wall clock) time (h:mm:ss or m:ss): 4:41.68
	Average shared text size (kbytes): 0
	Average unshared data size (kbytes): 0
	Average stack size (kbytes): 0
	Average total size (kbytes): 0
	Maximum resident set size (kbytes): 2021784
	Average resident set size (kbytes): 0
	Major (requiring I/O) page faults: 0
	Minor (reclaiming a frame) page faults: 3438095
	Voluntary context switches: 26
	Involuntary context switches: 1066
	Swaps: 0
	File system inputs: 480184
	File system outputs: 1653648
	Socket messages sent: 0
	Socket messages received: 0
	Signals delivered: 0
	Page size (bytes): 4096
	Exit status: 20
SOLVE_W_TIME,	Elapsed (wall clock) time (h:mm:ss or m:ss): 4:41.68
c This is MapleLCMDistChronoBT.
c WARNING: for repeatability, setting FPU to use double precision
c Analyzer is deactivated by mode: 1 and dyn: 1
c ============================[ Problem Statistics ]=============================
c |                                                                             |
c |  Number of variables:       3165889                                         |
c |  Number of clauses:        10918861                                         |
c |  Parse time:                   4.75 s                                       |
c |  Eliminated clauses:         120.99 Mb                                      |
c Reduced to 589218 vars, 3516056 cls (grow=0)
c |  Eliminated clauses:         137.60 Mb                                      |
c Reduced to 385530 vars, 3572701 cls (grow=8)
c cl_inc_rate=1.016, var_dec_rate=1.528
c |  Eliminated clauses:         140.82 Mb                                      |
c Reduced to 355116 vars, 3716150 cls (grow=16)
c cl_inc_rate=1.040, var_dec_rate=1.086
c |  Eliminated clauses:         146.43 Mb                                      |
c Reduced to 314899 vars, 3927892 cls (grow=32)
c cl_inc_rate=1.057, var_dec_rate=1.128
c |  Eliminated clauses:         154.86 Mb                                      |
c Reduced to 265163 vars, 4802052 cls (grow=64)
c cl_inc_rate=1.223, var_dec_rate=1.188
c No. effective iterative eliminations: 4
c |  Simplification time:         81.06 s                                       |
c |                                                                             |
c running deterministic with LRB
c ============================[ Search Statistics ]==============================
c | Conflicts |          ORIGINAL         |          LEARNT          | Progress |
c |           |    Vars  Clauses Literals |    Limit  Clauses Lit/Cl |          |
c ===============================================================================
c ===============================================================================
c restarts              : 571
c conflicts             : 232675         (839 /sec)
c decisions             : 5069643        (0.00 % random) (18271 /sec)
c propagations          : 422010048      (1520888 /sec)
c conflict literals     : 7603268        (27.41 % deleted)
c backtracks            : 230540         (NCB 96% , CB 4%)
c Memory used           : 2415.00 MB
c CPU time              : 277.476 s

s UNSATISFIABLE
DRAT_SIZE: 826816	/local_ssd/proof.drat
s UNSATISFIABLE
/local_ssd/proof.drat
	Command being timed: "/nfs/scratch/bzchartu/programs/maplechronobt_proof_analyze/drat-trim/drat-trim /nfs/scratch/bzchartu/unsat_2018_solved/T129.2.0.cnf /local_ssd/proof.drat -L /local_ssd/proof.lrat -t 200000"
	User time (seconds): 66.94
	System time (seconds): 1.92
	Percent of CPU this job got: 99%
	Elapsed (wall clock) time (h:mm:ss or m:ss): 1:08.88
	Average shared text size (kbytes): 0
	Average unshared data size (kbytes): 0
	Average stack size (kbytes): 0
	Average total size (kbytes): 0
	Maximum resident set size (kbytes): 2415144
	Average resident set size (kbytes): 0
	Major (requiring I/O) page faults: 0
	Minor (reclaiming a frame) page faults: 1560258
	Voluntary context switches: 17
	Involuntary context switches: 81
	Swaps: 0
	File system inputs: 0
	File system outputs: 440824
	Socket messages sent: 0
	Socket messages received: 0
	Signals delivered: 0
	Page size (bytes): 4096
	Exit status: 0
DRAT_W_TIME,	Elapsed (wall clock) time (h:mm:ss or m:ss): 1:08.88
c turning on binary mode checking
c parsing input formula with 3165889 variables and 10918861 clauses
c finished parsing, read 846651565 bytes from proof file
c detected empty clause; start verification via backward checking
c 325584 of 10918861 clauses in core                            
c 532938 of 19645374 lemmas in core using 11450277 resolution steps
c 0 RAT lemmas in core; 49 redundant literals in core lemmas
s VERIFIED
c verification time: 68.045 seconds
LRAT_SIZE: 220408	/local_ssd/proof.lrat
s VERIFIED
/local_ssd/proof.lrat
	Command being timed: "/nfs/scratch/bzchartu/programs/maplechronobt_proof_analyze/drat-trim/lrat-check /nfs/scratch/bzchartu/unsat_2018_solved/T129.2.0.cnf /local_ssd/proof.lrat"
	User time (seconds): 8.45
	System time (seconds): 0.59
	Percent of CPU this job got: 99%
	Elapsed (wall clock) time (h:mm:ss or m:ss): 0:09.05
	Average shared text size (kbytes): 0
	Average unshared data size (kbytes): 0
	Average stack size (kbytes): 0
	Average total size (kbytes): 0
	Maximum resident set size (kbytes): 1368460
	Average resident set size (kbytes): 0
	Major (requiring I/O) page faults: 0
	Minor (reclaiming a frame) page faults: 404035
	Voluntary context switches: 17
	Involuntary context switches: 5
	Swaps: 0
	File system inputs: 0
	File system outputs: 8
	Socket messages sent: 0
	Socket messages received: 0
	Signals delivered: 0
	Page size (bytes): 4096
	Exit status: 0
LRAT_W_TIME,	Elapsed (wall clock) time (h:mm:ss or m:ss): 0:09.05
c parsed a formula with 3165889 variables and 10918861 clauses
c VERIFIED
c Added clauses = 11451799.  Deleted clauses = 11450097.  Max live clauses = 10918861
c verification time = 9.01 secs
c VERIFIED
OVERVIEW_HEADER,benchmark,solve mem,solve time,drat kb,drat sec,lrat kb,lrat sec,restarts,decisions,conflicts,propagations
OVERVIEW_CSV,/nfs/scratch/bzchartu/unsat_2018_solved/T129.2.0.cnf,	Elapsed (wall clock) time (h:mm:ss or m:ss): 4:41.68,	Maximum resident set size (kbytes): 2021784,826816	/local_ssd/proof.drat,	Elapsed (wall clock) time (h:mm:ss or m:ss): 1:08.88,220408	/local_ssd/proof.lrat,	Elapsed (wall clock) time (h:mm:ss or m:ss): 0:09.05,c restarts              : 571,c decisions             : 5069643        (0.00 % random) (18271 /sec),c conflicts             : 232675         (839 /sec),c propagations          : 422010048      (1520888 /sec)
