SOLVERNAME,STD
BENCHNAME,/nfs/scratch/bzchartu/unsat_2018_solved/ae_rphp095_04.cnf
running lrb Bench '/nfs/scratch/bzchartu/unsat_2018_solved/ae_rphp095_04.cnf' on cumu01-05
Command exited with non-zero status 20
	Command being timed: "/nfs/scratch/bzchartu/programs/maplechronobt_proof_analyze/sources/simp/glucose_release -det=lrb /nfs/scratch/bzchartu/unsat_2018_solved/ae_rphp095_04.cnf -cpu-lim=10000 -drup-file=/local_ssd/proof.drat"
	User time (seconds): 3591.37
	System time (seconds): 14.57
	Percent of CPU this job got: 99%
	Elapsed (wall clock) time (h:mm:ss or m:ss): 1:00:06
	Average shared text size (kbytes): 0
	Average unshared data size (kbytes): 0
	Average stack size (kbytes): 0
	Average total size (kbytes): 0
	Maximum resident set size (kbytes): 274124
	Average resident set size (kbytes): 0
	Major (requiring I/O) page faults: 3
	Minor (reclaiming a frame) page faults: 9391702
	Voluntary context switches: 288
	Involuntary context switches: 2387
	Swaps: 0
	File system inputs: 40248
	File system outputs: 12740024
	Socket messages sent: 0
	Socket messages received: 0
	Signals delivered: 0
	Page size (bytes): 4096
	Exit status: 20
SOLVE_W_TIME,	Elapsed (wall clock) time (h:mm:ss or m:ss): 1:00:06
c This is MapleLCMDistChronoBT.
c WARNING: for repeatability, setting FPU to use double precision
c Analyzer is deactivated by mode: 1 and dyn: 1
c ============================[ Problem Statistics ]=============================
c |                                                                             |
c |  Number of variables:         14665                                         |
c |  Number of clauses:           34976                                         |
c |  Parse time:                   0.02 s                                       |
c |  Eliminated clauses:           0.32 Mb                                      |
c Reduced to 713 vars, 19940 cls (grow=0)
c No iterative elimination performed. (vars=713, c/v ratio=28.0)
c |  Simplification time:          0.09 s                                       |
c |                                                                             |
c running deterministic with LRB
c ============================[ Search Statistics ]==============================
c | Conflicts |          ORIGINAL         |          LEARNT          | Progress |
c |           |    Vars  Clauses Literals |    Limit  Clauses Lit/Cl |          |
c ===============================================================================
c ===============================================================================
c restarts              : 59782
c conflicts             : 42708766       (11892 /sec)
c decisions             : 548859257      (0.00 % random) (152827 /sec)
c propagations          : 2298207270     (639925 /sec)
c conflict literals     : 1651549595     (25.05 % deleted)
c backtracks            : 41551336       (NCB 95% , CB 5%)
c Memory used           : 308.00 MB
c CPU time              : 3591.37 s

s UNSATISFIABLE
DRAT_SIZE: 6370008	/local_ssd/proof.drat
s UNSATISFIABLE
/local_ssd/proof.drat
	Command being timed: "/nfs/scratch/bzchartu/programs/maplechronobt_proof_analyze/drat-trim/drat-trim /nfs/scratch/bzchartu/unsat_2018_solved/ae_rphp095_04.cnf /local_ssd/proof.drat -L /local_ssd/proof.lrat -t 200000"
	User time (seconds): 21071.81
	System time (seconds): 130.45
	Percent of CPU this job got: 99%
	Elapsed (wall clock) time (h:mm:ss or m:ss): 5:53:23
	Average shared text size (kbytes): 0
	Average unshared data size (kbytes): 0
	Average stack size (kbytes): 0
	Average total size (kbytes): 0
	Maximum resident set size (kbytes): 16852452
	Average resident set size (kbytes): 0
	Major (requiring I/O) page faults: 1
	Minor (reclaiming a frame) page faults: 197719695
	Voluntary context switches: 231
	Involuntary context switches: 22961
	Swaps: 0
	File system inputs: 88
	File system outputs: 21136888
	Socket messages sent: 0
	Socket messages received: 0
	Signals delivered: 0
	Page size (bytes): 4096
	Exit status: 0
DRAT_W_TIME,	Elapsed (wall clock) time (h:mm:ss or m:ss): 5:53:23
c turning on binary mode checking
c parsing input formula with 14665 variables and 34976 clauses
c finished parsing, read 6522882256 bytes from proof file
c detected empty clause; start verification via backward checking
c 33783 of 34976 clauses in core                            
c 33530499 of 45708062 lemmas in core using 969867642 resolution steps
c 0 RAT lemmas in core; 0 redundant literals in core lemmas
s VERIFIED
c verification time: 21202.692 seconds
LRAT_SIZE: 10568444	/local_ssd/proof.lrat
s VERIFIED
/local_ssd/proof.lrat
	Command being timed: "/nfs/scratch/bzchartu/programs/maplechronobt_proof_analyze/drat-trim/lrat-check /nfs/scratch/bzchartu/unsat_2018_solved/ae_rphp095_04.cnf /local_ssd/proof.lrat"
	User time (seconds): 220.62
	System time (seconds): 4.64
	Percent of CPU this job got: 99%
	Elapsed (wall clock) time (h:mm:ss or m:ss): 3:45.44
	Average shared text size (kbytes): 0
	Average unshared data size (kbytes): 0
	Average stack size (kbytes): 0
	Average total size (kbytes): 0
	Maximum resident set size (kbytes): 4038220
	Average resident set size (kbytes): 0
	Major (requiring I/O) page faults: 0
	Minor (reclaiming a frame) page faults: 1196014
	Voluntary context switches: 30
	Involuntary context switches: 61
	Swaps: 0
	File system inputs: 32
	File system outputs: 8
	Socket messages sent: 0
	Socket messages received: 0
	Signals delivered: 0
	Page size (bytes): 4096
	Exit status: 0
LRAT_W_TIME,	Elapsed (wall clock) time (h:mm:ss or m:ss): 3:45.44
c parsed a formula with 14665 variables and 34976 clauses
c VERIFIED
c Added clauses = 33565475.  Deleted clauses = 33565382.  Max live clauses = 293701
c verification time = 225.16 secs
c VERIFIED
OVERVIEW_HEADER,benchmark,solve mem,solve time,drat kb,drat sec,lrat kb,lrat sec,restarts,decisions,conflicts,propagations
OVERVIEW_CSV,/nfs/scratch/bzchartu/unsat_2018_solved/ae_rphp095_04.cnf,	Elapsed (wall clock) time (h:mm:ss or m:ss): 1:00:06,	Maximum resident set size (kbytes): 274124,6370008	/local_ssd/proof.drat,	Elapsed (wall clock) time (h:mm:ss or m:ss): 5:53:23,10568444	/local_ssd/proof.lrat,	Elapsed (wall clock) time (h:mm:ss or m:ss): 3:45.44,c restarts              : 59782,c decisions             : 548859257      (0.00 % random) (152827 /sec),c conflicts             : 42708766       (11892 /sec),c propagations          : 2298207270     (639925 /sec)
