SOLVERNAME,STD
BENCHNAME,/nfs/scratch/bzchartu/unsat_2018_solved/e_rphp055_04.cnf
running lrb Bench '/nfs/scratch/bzchartu/unsat_2018_solved/e_rphp055_04.cnf' on cumu02-02
Command exited with non-zero status 20
	Command being timed: "/nfs/scratch/bzchartu/programs/maplechronobt_proof_analyze/sources/simp/glucose_release -det=lrb /nfs/scratch/bzchartu/unsat_2018_solved/e_rphp055_04.cnf -cpu-lim=10000 -drup-file=/local_ssd/proof.drat"
	User time (seconds): 160.01
	System time (seconds): 0.25
	Percent of CPU this job got: 100%
	Elapsed (wall clock) time (h:mm:ss or m:ss): 2:40.26
	Average shared text size (kbytes): 0
	Average unshared data size (kbytes): 0
	Average stack size (kbytes): 0
	Average total size (kbytes): 0
	Maximum resident set size (kbytes): 60924
	Average resident set size (kbytes): 0
	Major (requiring I/O) page faults: 0
	Minor (reclaiming a frame) page faults: 178233
	Voluntary context switches: 22
	Involuntary context switches: 130
	Swaps: 0
	File system inputs: 328
	File system outputs: 575704
	Socket messages sent: 0
	Socket messages received: 0
	Signals delivered: 0
	Page size (bytes): 4096
	Exit status: 20
SOLVE_W_TIME,	Elapsed (wall clock) time (h:mm:ss or m:ss): 2:40.26
c This is MapleLCMDistChronoBT.
c WARNING: for repeatability, setting FPU to use double precision
c Analyzer is deactivated by mode: 1 and dyn: 1
c ============================[ Problem Statistics ]=============================
c |                                                                             |
c |  Number of variables:          5158                                         |
c |  Number of clauses:            9782                                         |
c |  Parse time:                   0.01 s                                       |
c |  Eliminated clauses:           0.11 Mb                                      |
c Reduced to 381 vars, 5005 cls (grow=0)
c No iterative elimination performed. (vars=381, c/v ratio=13.1)
c |  Simplification time:          0.02 s                                       |
c |                                                                             |
c running deterministic with LRB
c ============================[ Search Statistics ]==============================
c | Conflicts |          ORIGINAL         |          LEARNT          | Progress |
c |           |    Vars  Clauses Literals |    Limit  Clauses Lit/Cl |          |
c ===============================================================================
c ===============================================================================
c restarts              : 5612
c conflicts             : 3118078        (19486 /sec)
c decisions             : 31240383       (0.00 % random) (195233 /sec)
c propagations          : 121818749      (761291 /sec)
c conflict literals     : 74334019       (24.47 % deleted)
c backtracks            : 3113875        (NCB 100% , CB 0%)
c Memory used           : 73.00 MB
c CPU time              : 160.016 s

s UNSATISFIABLE
DRAT_SIZE: 287844	/local_ssd/proof.drat
s UNSATISFIABLE
/local_ssd/proof.drat
	Command being timed: "/nfs/scratch/bzchartu/programs/maplechronobt_proof_analyze/drat-trim/drat-trim /nfs/scratch/bzchartu/unsat_2018_solved/e_rphp055_04.cnf /local_ssd/proof.drat -L /local_ssd/proof.lrat -t 200000"
	User time (seconds): 457.54
	System time (seconds): 1.32
	Percent of CPU this job got: 100%
	Elapsed (wall clock) time (h:mm:ss or m:ss): 7:38.84
	Average shared text size (kbytes): 0
	Average unshared data size (kbytes): 0
	Average stack size (kbytes): 0
	Average total size (kbytes): 0
	Maximum resident set size (kbytes): 986188
	Average resident set size (kbytes): 0
	Major (requiring I/O) page faults: 0
	Minor (reclaiming a frame) page faults: 975048
	Voluntary context switches: 23
	Involuntary context switches: 518
	Swaps: 0
	File system inputs: 0
	File system outputs: 1130952
	Socket messages sent: 0
	Socket messages received: 0
	Signals delivered: 0
	Page size (bytes): 4096
	Exit status: 0
DRAT_W_TIME,	Elapsed (wall clock) time (h:mm:ss or m:ss): 7:38.84
c turning on binary mode checking
c parsing input formula with 5158 variables and 9782 clauses
c finished parsing, read 294750005 bytes from proof file
c detected empty clause; start verification via backward checking
c 9782 of 9782 clauses in core                            
c 2805344 of 3890700 lemmas in core using 57963566 resolution steps
c 0 RAT lemmas in core; 0 redundant literals in core lemmas
s VERIFIED
c verification time: 458.817 seconds
LRAT_SIZE: 565472	/local_ssd/proof.lrat
s VERIFIED
/local_ssd/proof.lrat
	Command being timed: "/nfs/scratch/bzchartu/programs/maplechronobt_proof_analyze/drat-trim/lrat-check /nfs/scratch/bzchartu/unsat_2018_solved/e_rphp055_04.cnf /local_ssd/proof.lrat"
	User time (seconds): 12.91
	System time (seconds): 0.24
	Percent of CPU this job got: 99%
	Elapsed (wall clock) time (h:mm:ss or m:ss): 0:13.28
	Average shared text size (kbytes): 0
	Average unshared data size (kbytes): 0
	Average stack size (kbytes): 0
	Average total size (kbytes): 0
	Maximum resident set size (kbytes): 235520
	Average resident set size (kbytes): 0
	Major (requiring I/O) page faults: 0
	Minor (reclaiming a frame) page faults: 70647
	Voluntary context switches: 29
	Involuntary context switches: 5
	Swaps: 0
	File system inputs: 0
	File system outputs: 8
	Socket messages sent: 0
	Socket messages received: 0
	Signals delivered: 0
	Page size (bytes): 4096
	Exit status: 0
LRAT_W_TIME,	Elapsed (wall clock) time (h:mm:ss or m:ss): 0:13.28
c parsed a formula with 5158 variables and 9782 clauses
c VERIFIED
c Added clauses = 2815126.  Deleted clauses = 2815062.  Max live clauses = 32490
c verification time = 13.15 secs
c VERIFIED
OVERVIEW_HEADER,benchmark,solve mem,solve time,drat kb,drat sec,lrat kb,lrat sec,restarts,decisions,conflicts,propagations
OVERVIEW_CSV,/nfs/scratch/bzchartu/unsat_2018_solved/e_rphp055_04.cnf,	Elapsed (wall clock) time (h:mm:ss or m:ss): 2:40.26,	Maximum resident set size (kbytes): 60924,287844	/local_ssd/proof.drat,	Elapsed (wall clock) time (h:mm:ss or m:ss): 7:38.84,565472	/local_ssd/proof.lrat,	Elapsed (wall clock) time (h:mm:ss or m:ss): 0:13.28,c restarts              : 5612,c decisions             : 31240383       (0.00 % random) (195233 /sec),c conflicts             : 3118078        (19486 /sec),c propagations          : 121818749      (761291 /sec)
