SOLVERNAME,STD
BENCHNAME,/nfs/scratch/bzchartu/unsat_2018_solved/cms-scheel-md5-families-r24-c5-p6-11-15-16-19.cnf
running lrb Bench '/nfs/scratch/bzchartu/unsat_2018_solved/cms-scheel-md5-families-r24-c5-p6-11-15-16-19.cnf' on cumu02-03
Command exited with non-zero status 20
	Command being timed: "/nfs/scratch/bzchartu/programs/maplechronobt_proof_analyze/sources/simp/glucose_release -det=lrb /nfs/scratch/bzchartu/unsat_2018_solved/cms-scheel-md5-families-r24-c5-p6-11-15-16-19.cnf -cpu-lim=10000 -drup-file=/local_ssd/proof.drat"
	User time (seconds): 1982.66
	System time (seconds): 11.57
	Percent of CPU this job got: 99%
	Elapsed (wall clock) time (h:mm:ss or m:ss): 33:15.25
	Average shared text size (kbytes): 0
	Average unshared data size (kbytes): 0
	Average stack size (kbytes): 0
	Average total size (kbytes): 0
	Maximum resident set size (kbytes): 250328
	Average resident set size (kbytes): 0
	Major (requiring I/O) page faults: 3
	Minor (reclaiming a frame) page faults: 6254649
	Voluntary context switches: 252
	Involuntary context switches: 1849
	Swaps: 0
	File system inputs: 45216
	File system outputs: 13357104
	Socket messages sent: 0
	Socket messages received: 0
	Signals delivered: 0
	Page size (bytes): 4096
	Exit status: 20
SOLVE_W_TIME,	Elapsed (wall clock) time (h:mm:ss or m:ss): 33:15.25
c This is MapleLCMDistChronoBT.
c WARNING: for repeatability, setting FPU to use double precision
c Analyzer is deactivated by mode: 1 and dyn: 1
c ============================[ Problem Statistics ]=============================
c |                                                                             |
c |  Number of variables:         39544                                         |
c |  Number of clauses:          128735                                         |
c |  Parse time:                   0.08 s                                       |
c |  Eliminated clauses:           1.15 Mb                                      |
c Reduced to 15861 vars, 89650 cls (grow=0)
c |  Eliminated clauses:           1.22 Mb                                      |
c Reduced to 15004 vars, 91781 cls (grow=8)
c cl_inc_rate=1.024, var_dec_rate=1.057
c |  Eliminated clauses:           1.36 Mb                                      |
c Reduced to 13953 vars, 100628 cls (grow=16)
c cl_inc_rate=1.096, var_dec_rate=1.075
c No. effective iterative eliminations: 2
c |  Simplification time:          0.29 s                                       |
c |                                                                             |
c running deterministic with LRB
c ============================[ Search Statistics ]==============================
c | Conflicts |          ORIGINAL         |          LEARNT          | Progress |
c |           |    Vars  Clauses Literals |    Limit  Clauses Lit/Cl |          |
c ===============================================================================
c ===============================================================================
c restarts              : 32826
c conflicts             : 22560436       (11379 /sec)
c decisions             : 55875850       (0.00 % random) (28182 /sec)
c propagations          : 1998086974     (1007783 /sec)
c conflict literals     : 1288396749     (14.16 % deleted)
c backtracks            : 22557716       (NCB 100% , CB 0%)
c Memory used           : 288.00 MB
c CPU time              : 1982.66 s

s UNSATISFIABLE
DRAT_SIZE: 6678548	/local_ssd/proof.drat
s UNSATISFIABLE
/local_ssd/proof.drat
	Command being timed: "/nfs/scratch/bzchartu/programs/maplechronobt_proof_analyze/drat-trim/drat-trim /nfs/scratch/bzchartu/unsat_2018_solved/cms-scheel-md5-families-r24-c5-p6-11-15-16-19.cnf /local_ssd/proof.drat -L /local_ssd/proof.lrat -t 200000"
	User time (seconds): 303.92
	System time (seconds): 5.16
	Percent of CPU this job got: 99%
	Elapsed (wall clock) time (h:mm:ss or m:ss): 5:09.12
	Average shared text size (kbytes): 0
	Average unshared data size (kbytes): 0
	Average stack size (kbytes): 0
	Average total size (kbytes): 0
	Maximum resident set size (kbytes): 5890976
	Average resident set size (kbytes): 0
	Major (requiring I/O) page faults: 1
	Minor (reclaiming a frame) page faults: 4650500
	Voluntary context switches: 24
	Involuntary context switches: 258
	Swaps: 0
	File system inputs: 88
	File system outputs: 20480
	Socket messages sent: 0
	Socket messages received: 0
	Signals delivered: 0
	Page size (bytes): 4096
	Exit status: 0
DRAT_W_TIME,	Elapsed (wall clock) time (h:mm:ss or m:ss): 5:09.12
c turning on binary mode checking
c parsing input formula with 39544 variables and 131267 clauses
c finished parsing, read 6838827021 bytes from proof file
c detected empty clause; start verification via backward checking
c 23188 of 131267 clauses in core                            
c 83423 of 23467221 lemmas in core using 577921 resolution steps
c 0 RAT lemmas in core; 0 redundant literals in core lemmas
s VERIFIED
c verification time: 308.932 seconds
LRAT_SIZE: 10236	/local_ssd/proof.lrat
s VERIFIED
/local_ssd/proof.lrat
	Command being timed: "/nfs/scratch/bzchartu/programs/maplechronobt_proof_analyze/drat-trim/lrat-check /nfs/scratch/bzchartu/unsat_2018_solved/cms-scheel-md5-families-r24-c5-p6-11-15-16-19.cnf /local_ssd/proof.lrat"
	User time (seconds): 0.33
	System time (seconds): 0.08
	Percent of CPU this job got: 98%
	Elapsed (wall clock) time (h:mm:ss or m:ss): 0:00.42
	Average shared text size (kbytes): 0
	Average unshared data size (kbytes): 0
	Average stack size (kbytes): 0
	Average total size (kbytes): 0
	Maximum resident set size (kbytes): 154684
	Average resident set size (kbytes): 0
	Major (requiring I/O) page faults: 0
	Minor (reclaiming a frame) page faults: 38622
	Voluntary context switches: 20
	Involuntary context switches: 1
	Swaps: 0
	File system inputs: 32
	File system outputs: 8
	Socket messages sent: 0
	Socket messages received: 0
	Signals delivered: 0
	Page size (bytes): 4096
	Exit status: 0
LRAT_W_TIME,	Elapsed (wall clock) time (h:mm:ss or m:ss): 0:00.42
c parsed a formula with 39544 variables and 131267 clauses
c VERIFIED
c Added clauses = 214690.  Deleted clauses = 214658.  Max live clauses = 131267
c verification time = 0.41 secs
c VERIFIED
OVERVIEW_HEADER,benchmark,solve mem,solve time,drat kb,drat sec,lrat kb,lrat sec,restarts,decisions,conflicts,propagations
OVERVIEW_CSV,/nfs/scratch/bzchartu/unsat_2018_solved/cms-scheel-md5-families-r24-c5-p6-11-15-16-19.cnf,	Elapsed (wall clock) time (h:mm:ss or m:ss): 33:15.25,	Maximum resident set size (kbytes): 250328,6678548	/local_ssd/proof.drat,	Elapsed (wall clock) time (h:mm:ss or m:ss): 5:09.12,10236	/local_ssd/proof.lrat,	Elapsed (wall clock) time (h:mm:ss or m:ss): 0:00.42,c restarts              : 32826,c decisions             : 55875850       (0.00 % random) (28182 /sec),c conflicts             : 22560436       (11379 /sec),c propagations          : 1998086974     (1007783 /sec)
