SOLVERNAME,STD
BENCHNAME,/nfs/scratch/bzchartu/unsat_2018_solved/dist10.c.cnf
running lrb Bench '/nfs/scratch/bzchartu/unsat_2018_solved/dist10.c.cnf' on cumu02-07
Command exited with non-zero status 20
	Command being timed: "/nfs/scratch/bzchartu/programs/maplechronobt_proof_analyze/sources/simp/glucose_release -det=lrb /nfs/scratch/bzchartu/unsat_2018_solved/dist10.c.cnf -cpu-lim=10000 -drup-file=/local_ssd/proof.drat"
	User time (seconds): 138.25
	System time (seconds): 0.13
	Percent of CPU this job got: 99%
	Elapsed (wall clock) time (h:mm:ss or m:ss): 2:18.83
	Average shared text size (kbytes): 0
	Average unshared data size (kbytes): 0
	Average stack size (kbytes): 0
	Average total size (kbytes): 0
	Maximum resident set size (kbytes): 44876
	Average resident set size (kbytes): 0
	Major (requiring I/O) page faults: 3
	Minor (reclaiming a frame) page faults: 63383
	Voluntary context switches: 64
	Involuntary context switches: 139
	Swaps: 0
	File system inputs: 41352
	File system outputs: 284192
	Socket messages sent: 0
	Socket messages received: 0
	Signals delivered: 0
	Page size (bytes): 4096
	Exit status: 20
SOLVE_W_TIME,	Elapsed (wall clock) time (h:mm:ss or m:ss): 2:18.83
c This is MapleLCMDistChronoBT.
c WARNING: for repeatability, setting FPU to use double precision
c Analyzer is deactivated by mode: 1 and dyn: 1
c ============================[ Problem Statistics ]=============================
c |                                                                             |
c |  Number of variables:         15276                                         |
c |  Number of clauses:           68129                                         |
c |  Parse time:                   0.04 s                                       |
c |  Eliminated clauses:           0.23 Mb                                      |
c Reduced to 10324 vars, 55124 cls (grow=0)
c |  Eliminated clauses:           0.48 Mb                                      |
c Reduced to 7404 vars, 55046 cls (grow=8)
c cl_inc_rate=0.999, var_dec_rate=1.394
c |  Eliminated clauses:           0.53 Mb                                      |
c Reduced to 7022 vars, 57660 cls (grow=16)
c cl_inc_rate=1.047, var_dec_rate=1.054
c |  Eliminated clauses:           0.68 Mb                                      |
c Reduced to 6009 vars, 78195 cls (grow=32)
c cl_inc_rate=1.356, var_dec_rate=1.169
c No. effective iterative eliminations: 3
c |  Simplification time:          0.31 s                                       |
c |                                                                             |
c running deterministic with LRB
c ============================[ Search Statistics ]==============================
c | Conflicts |          ORIGINAL         |          LEARNT          | Progress |
c |           |    Vars  Clauses Literals |    Limit  Clauses Lit/Cl |          |
c ===============================================================================
c ===============================================================================
c restarts              : 2033
c conflicts             : 888265         (6425 /sec)
c decisions             : 1653467        (0.00 % random) (11960 /sec)
c propagations          : 340656272      (2464024 /sec)
c conflict literals     : 28026685       (69.35 % deleted)
c backtracks            : 888192         (NCB 100% , CB 0%)
c Memory used           : 59.00 MB
c CPU time              : 138.252 s

s UNSATISFIABLE
DRAT_SIZE: 142088	/local_ssd/proof.drat
s UNSATISFIABLE
/local_ssd/proof.drat
	Command being timed: "/nfs/scratch/bzchartu/programs/maplechronobt_proof_analyze/drat-trim/drat-trim /nfs/scratch/bzchartu/unsat_2018_solved/dist10.c.cnf /local_ssd/proof.drat -L /local_ssd/proof.lrat -t 200000"
	User time (seconds): 419.18
	System time (seconds): 6.31
	Percent of CPU this job got: 99%
	Elapsed (wall clock) time (h:mm:ss or m:ss): 7:06.34
	Average shared text size (kbytes): 0
	Average unshared data size (kbytes): 0
	Average stack size (kbytes): 0
	Average total size (kbytes): 0
	Maximum resident set size (kbytes): 4011404
	Average resident set size (kbytes): 0
	Major (requiring I/O) page faults: 1
	Minor (reclaiming a frame) page faults: 2540501
	Voluntary context switches: 158
	Involuntary context switches: 153
	Swaps: 0
	File system inputs: 88
	File system outputs: 12923000
	Socket messages sent: 0
	Socket messages received: 0
	Signals delivered: 0
	Page size (bytes): 4096
	Exit status: 0
DRAT_W_TIME,	Elapsed (wall clock) time (h:mm:ss or m:ss): 7:06.34
c turning on binary mode checking
c parsing input formula with 15276 variables and 68149 clauses
c finished parsing, read 145497843 bytes from proof file
c detected empty clause; start verification via backward checking
c 23596 of 68149 clauses in core                            
c 781651 of 1105693 lemmas in core using 955896926 resolution steps
c 0 RAT lemmas in core; 1117 redundant literals in core lemmas
s VERIFIED
c verification time: 426.236 seconds
LRAT_SIZE: 6461500	/local_ssd/proof.lrat
s VERIFIED
/local_ssd/proof.lrat
	Command being timed: "/nfs/scratch/bzchartu/programs/maplechronobt_proof_analyze/drat-trim/lrat-check /nfs/scratch/bzchartu/unsat_2018_solved/dist10.c.cnf /local_ssd/proof.lrat"
	User time (seconds): 140.64
	System time (seconds): 1.48
	Percent of CPU this job got: 99%
	Elapsed (wall clock) time (h:mm:ss or m:ss): 2:22.23
	Average shared text size (kbytes): 0
	Average unshared data size (kbytes): 0
	Average stack size (kbytes): 0
	Average total size (kbytes): 0
	Maximum resident set size (kbytes): 86328
	Average resident set size (kbytes): 0
	Major (requiring I/O) page faults: 0
	Minor (reclaiming a frame) page faults: 62600
	Voluntary context switches: 30
	Involuntary context switches: 37
	Swaps: 0
	File system inputs: 32
	File system outputs: 8
	Socket messages sent: 0
	Socket messages received: 0
	Signals delivered: 0
	Page size (bytes): 4096
	Exit status: 0
LRAT_W_TIME,	Elapsed (wall clock) time (h:mm:ss or m:ss): 2:22.23
c parsed a formula with 15276 variables and 68149 clauses
c VERIFIED
c Added clauses = 849800.  Deleted clauses = 848913.  Max live clauses = 68149
c verification time = 142.13 secs
c VERIFIED
OVERVIEW_HEADER,benchmark,solve mem,solve time,drat kb,drat sec,lrat kb,lrat sec,restarts,decisions,conflicts,propagations
OVERVIEW_CSV,/nfs/scratch/bzchartu/unsat_2018_solved/dist10.c.cnf,	Elapsed (wall clock) time (h:mm:ss or m:ss): 2:18.83,	Maximum resident set size (kbytes): 44876,142088	/local_ssd/proof.drat,	Elapsed (wall clock) time (h:mm:ss or m:ss): 7:06.34,6461500	/local_ssd/proof.lrat,	Elapsed (wall clock) time (h:mm:ss or m:ss): 2:22.23,c restarts              : 2033,c decisions             : 1653467        (0.00 % random) (11960 /sec),c conflicts             : 888265         (6425 /sec),c propagations          : 340656272      (2464024 /sec)
