SOLVERNAME,STD
BENCHNAME,/nfs/scratch/bzchartu/unsat_2018_solved/Nb37T6.cnf
running lrb Bench '/nfs/scratch/bzchartu/unsat_2018_solved/Nb37T6.cnf' on cumu02-01
Command exited with non-zero status 20
	Command being timed: "/nfs/scratch/bzchartu/programs/maplechronobt_proof_analyze/sources/simp/glucose_release -det=lrb /nfs/scratch/bzchartu/unsat_2018_solved/Nb37T6.cnf -cpu-lim=10000 -drup-file=/local_ssd/proof.drat"
	User time (seconds): 464.44
	System time (seconds): 1.42
	Percent of CPU this job got: 99%
	Elapsed (wall clock) time (h:mm:ss or m:ss): 7:45.94
	Average shared text size (kbytes): 0
	Average unshared data size (kbytes): 0
	Average stack size (kbytes): 0
	Average total size (kbytes): 0
	Maximum resident set size (kbytes): 956212
	Average resident set size (kbytes): 0
	Major (requiring I/O) page faults: 0
	Minor (reclaiming a frame) page faults: 1673848
	Voluntary context switches: 22
	Involuntary context switches: 998
	Swaps: 0
	File system inputs: 181744
	File system outputs: 460456
	Socket messages sent: 0
	Socket messages received: 0
	Signals delivered: 0
	Page size (bytes): 4096
	Exit status: 20
SOLVE_W_TIME,	Elapsed (wall clock) time (h:mm:ss or m:ss): 7:45.94
c This is MapleLCMDistChronoBT.
c WARNING: for repeatability, setting FPU to use double precision
c Analyzer is deactivated by mode: 1 and dyn: 1
c ============================[ Problem Statistics ]=============================
c |                                                                             |
c |  Number of variables:        900315                                         |
c |  Number of clauses:         3997480                                         |
c |  Parse time:                   1.21 s                                       |
c |  Eliminated clauses:          22.87 Mb                                      |
c Reduced to 500567 vars, 3997480 cls (grow=0)
c |  Eliminated clauses:          41.94 Mb                                      |
c Reduced to 300693 vars, 4796976 cls (grow=8)
c cl_inc_rate=1.200, var_dec_rate=1.665
c No. effective iterative eliminations: 1
c |  Simplification time:          8.49 s                                       |
c |                                                                             |
c running deterministic with LRB
c ============================[ Search Statistics ]==============================
c | Conflicts |          ORIGINAL         |          LEARNT          | Progress |
c |           |    Vars  Clauses Literals |    Limit  Clauses Lit/Cl |          |
c ===============================================================================
c ===============================================================================
c restarts              : 1440
c conflicts             : 639007         (1376 /sec)
c decisions             : 177996164      (0.00 % random) (383348 /sec)
c propagations          : 979858976      (2110310 /sec)
c conflict literals     : 14726692       (18.53 % deleted)
c backtracks            : 633609         (NCB 96% , CB 4%)
c Memory used           : 1038.00 MB
c CPU time              : 464.32 s

s UNSATISFIABLE
DRAT_SIZE: 230216	/local_ssd/proof.drat
s UNSATISFIABLE
/local_ssd/proof.drat
	Command being timed: "/nfs/scratch/bzchartu/programs/maplechronobt_proof_analyze/drat-trim/drat-trim /nfs/scratch/bzchartu/unsat_2018_solved/Nb37T6.cnf /local_ssd/proof.drat -L /local_ssd/proof.lrat -t 200000"
	User time (seconds): 119.18
	System time (seconds): 1.58
	Percent of CPU this job got: 99%
	Elapsed (wall clock) time (h:mm:ss or m:ss): 2:00.81
	Average shared text size (kbytes): 0
	Average unshared data size (kbytes): 0
	Average stack size (kbytes): 0
	Average total size (kbytes): 0
	Maximum resident set size (kbytes): 980804
	Average resident set size (kbytes): 0
	Major (requiring I/O) page faults: 0
	Minor (reclaiming a frame) page faults: 1837342
	Voluntary context switches: 20
	Involuntary context switches: 143
	Swaps: 0
	File system inputs: 0
	File system outputs: 404080
	Socket messages sent: 0
	Socket messages received: 0
	Signals delivered: 0
	Page size (bytes): 4096
	Exit status: 0
DRAT_W_TIME,	Elapsed (wall clock) time (h:mm:ss or m:ss): 2:00.81
c turning on binary mode checking
c parsing input formula with 900315 variables and 3997480 clauses
c finished parsing, read 235737908 bytes from proof file
c detected empty clause; start verification via backward checking
c 51761 of 3997480 clauses in core                            
c 546674 of 7114362 lemmas in core using 12711248 resolution steps
c 0 RAT lemmas in core; 0 redundant literals in core lemmas
s VERIFIED
c verification time: 120.587 seconds
LRAT_SIZE: 202036	/local_ssd/proof.lrat
s VERIFIED
/local_ssd/proof.lrat
	Command being timed: "/nfs/scratch/bzchartu/programs/maplechronobt_proof_analyze/drat-trim/lrat-check /nfs/scratch/bzchartu/unsat_2018_solved/Nb37T6.cnf /local_ssd/proof.lrat"
	User time (seconds): 5.35
	System time (seconds): 0.24
	Percent of CPU this job got: 99%
	Elapsed (wall clock) time (h:mm:ss or m:ss): 0:05.60
	Average shared text size (kbytes): 0
	Average unshared data size (kbytes): 0
	Average stack size (kbytes): 0
	Average total size (kbytes): 0
	Maximum resident set size (kbytes): 448092
	Average resident set size (kbytes): 0
	Major (requiring I/O) page faults: 0
	Minor (reclaiming a frame) page faults: 125406
	Voluntary context switches: 17
	Involuntary context switches: 4
	Swaps: 0
	File system inputs: 0
	File system outputs: 8
	Socket messages sent: 0
	Socket messages received: 0
	Signals delivered: 0
	Page size (bytes): 4096
	Exit status: 0
LRAT_W_TIME,	Elapsed (wall clock) time (h:mm:ss or m:ss): 0:05.60
c parsed a formula with 900315 variables and 3997480 clauses
c VERIFIED
c Added clauses = 4544154.  Deleted clauses = 4544120.  Max live clauses = 3997480
c verification time = 5.59 secs
c VERIFIED
OVERVIEW_HEADER,benchmark,solve mem,solve time,drat kb,drat sec,lrat kb,lrat sec,restarts,decisions,conflicts,propagations
OVERVIEW_CSV,/nfs/scratch/bzchartu/unsat_2018_solved/Nb37T6.cnf,	Elapsed (wall clock) time (h:mm:ss or m:ss): 7:45.94,	Maximum resident set size (kbytes): 956212,230216	/local_ssd/proof.drat,	Elapsed (wall clock) time (h:mm:ss or m:ss): 2:00.81,202036	/local_ssd/proof.lrat,	Elapsed (wall clock) time (h:mm:ss or m:ss): 0:05.60,c restarts              : 1440,c decisions             : 177996164      (0.00 % random) (383348 /sec),c conflicts             : 639007         (1376 /sec),c propagations          : 979858976      (2110310 /sec)
