SOLVERNAME,STD
BENCHNAME,/nfs/scratch/bzchartu/unsat_2018_solved/Nb52T6.cnf
running lrb Bench '/nfs/scratch/bzchartu/unsat_2018_solved/Nb52T6.cnf' on cumu01-15
Command exited with non-zero status 20
	Command being timed: "/nfs/scratch/bzchartu/programs/maplechronobt_proof_analyze/sources/simp/glucose_release -det=lrb /nfs/scratch/bzchartu/unsat_2018_solved/Nb52T6.cnf -cpu-lim=10000 -drup-file=/local_ssd/proof.drat"
	User time (seconds): 1479.55
	System time (seconds): 7.36
	Percent of CPU this job got: 99%
	Elapsed (wall clock) time (h:mm:ss or m:ss): 24:47.14
	Average shared text size (kbytes): 0
	Average unshared data size (kbytes): 0
	Average stack size (kbytes): 0
	Average total size (kbytes): 0
	Maximum resident set size (kbytes): 2659428
	Average resident set size (kbytes): 0
	Major (requiring I/O) page faults: 0
	Minor (reclaiming a frame) page faults: 9478620
	Voluntary context switches: 24
	Involuntary context switches: 2020
	Swaps: 0
	File system inputs: 552720
	File system outputs: 1200544
	Socket messages sent: 0
	Socket messages received: 0
	Signals delivered: 0
	Page size (bytes): 4096
	Exit status: 20
SOLVE_W_TIME,	Elapsed (wall clock) time (h:mm:ss or m:ss): 24:47.14
c This is MapleLCMDistChronoBT.
c WARNING: for repeatability, setting FPU to use double precision
c Analyzer is deactivated by mode: 1 and dyn: 1
c ============================[ Problem Statistics ]=============================
c |                                                                             |
c |  Number of variables:       2507850                                         |
c |  Number of clauses:        11140480                                         |
c |  Parse time:                   3.48 s                                       |
c |  Eliminated clauses:          63.75 Mb                                      |
c Reduced to 1393802 vars, 11140480 cls (grow=0)
c |  Eliminated clauses:         116.87 Mb                                      |
c Reduced to 836778 vars, 13368576 cls (grow=8)
c cl_inc_rate=1.200, var_dec_rate=1.666
c No. effective iterative eliminations: 1
c |  Simplification time:         24.83 s                                       |
c |                                                                             |
c running deterministic with LRB
c ============================[ Search Statistics ]==============================
c | Conflicts |          ORIGINAL         |          LEARNT          | Progress |
c |           |    Vars  Clauses Literals |    Limit  Clauses Lit/Cl |          |
c ===============================================================================
c ===============================================================================
c restarts              : 1643
c conflicts             : 735151         (497 /sec)
c decisions             : 491464264      (0.00 % random) (332255 /sec)
c propagations          : 2226689184     (1505354 /sec)
c conflict literals     : 13431666       (22.35 % deleted)
c backtracks            : 729174         (NCB 97% , CB 3%)
c Memory used           : 3107.00 MB
c CPU time              : 1479.18 s

s UNSATISFIABLE
DRAT_SIZE: 600264	/local_ssd/proof.drat
s UNSATISFIABLE
/local_ssd/proof.drat
	Command being timed: "/nfs/scratch/bzchartu/programs/maplechronobt_proof_analyze/drat-trim/drat-trim /nfs/scratch/bzchartu/unsat_2018_solved/Nb52T6.cnf /local_ssd/proof.drat -L /local_ssd/proof.lrat -t 200000"
	User time (seconds): 266.58
	System time (seconds): 2.90
	Percent of CPU this job got: 99%
	Elapsed (wall clock) time (h:mm:ss or m:ss): 4:29.53
	Average shared text size (kbytes): 0
	Average unshared data size (kbytes): 0
	Average stack size (kbytes): 0
	Average total size (kbytes): 0
	Maximum resident set size (kbytes): 2329720
	Average resident set size (kbytes): 0
	Major (requiring I/O) page faults: 0
	Minor (reclaiming a frame) page faults: 2733649
	Voluntary context switches: 19
	Involuntary context switches: 86
	Swaps: 0
	File system inputs: 0
	File system outputs: 600816
	Socket messages sent: 0
	Socket messages received: 0
	Signals delivered: 0
	Page size (bytes): 4096
	Exit status: 0
DRAT_W_TIME,	Elapsed (wall clock) time (h:mm:ss or m:ss): 4:29.53
c turning on binary mode checking
c parsing input formula with 2507850 variables and 11140480 clauses
c finished parsing, read 614663194 bytes from proof file
c detected empty clause; start verification via backward checking
c 35630 of 11140480 clauses in core                            
c 587126 of 18641242 lemmas in core using 14408035 resolution steps
c 0 RAT lemmas in core; 0 redundant literals in core lemmas
s VERIFIED
c verification time: 268.901 seconds
LRAT_SIZE: 300404	/local_ssd/proof.lrat
s VERIFIED
/local_ssd/proof.lrat
	Command being timed: "/nfs/scratch/bzchartu/programs/maplechronobt_proof_analyze/drat-trim/lrat-check /nfs/scratch/bzchartu/unsat_2018_solved/Nb52T6.cnf /local_ssd/proof.lrat"
	User time (seconds): 9.79
	System time (seconds): 0.60
	Percent of CPU this job got: 99%
	Elapsed (wall clock) time (h:mm:ss or m:ss): 0:10.40
	Average shared text size (kbytes): 0
	Average unshared data size (kbytes): 0
	Average stack size (kbytes): 0
	Average total size (kbytes): 0
	Maximum resident set size (kbytes): 1199948
	Average resident set size (kbytes): 0
	Major (requiring I/O) page faults: 0
	Minor (reclaiming a frame) page faults: 338828
	Voluntary context switches: 17
	Involuntary context switches: 5
	Swaps: 0
	File system inputs: 0
	File system outputs: 8
	Socket messages sent: 0
	Socket messages received: 0
	Signals delivered: 0
	Page size (bytes): 4096
	Exit status: 0
LRAT_W_TIME,	Elapsed (wall clock) time (h:mm:ss or m:ss): 0:10.40
c parsed a formula with 2507850 variables and 11140480 clauses
c VERIFIED
c Added clauses = 11727606.  Deleted clauses = 11727560.  Max live clauses = 11140480
c verification time = 10.36 secs
c VERIFIED
OVERVIEW_HEADER,benchmark,solve mem,solve time,drat kb,drat sec,lrat kb,lrat sec,restarts,decisions,conflicts,propagations
OVERVIEW_CSV,/nfs/scratch/bzchartu/unsat_2018_solved/Nb52T6.cnf,	Elapsed (wall clock) time (h:mm:ss or m:ss): 24:47.14,	Maximum resident set size (kbytes): 2659428,600264	/local_ssd/proof.drat,	Elapsed (wall clock) time (h:mm:ss or m:ss): 4:29.53,300404	/local_ssd/proof.lrat,	Elapsed (wall clock) time (h:mm:ss or m:ss): 0:10.40,c restarts              : 1643,c decisions             : 491464264      (0.00 % random) (332255 /sec),c conflicts             : 735151         (497 /sec),c propagations          : 2226689184     (1505354 /sec)
