SOLVERNAME,STD
BENCHNAME,/nfs/scratch/bzchartu/unsat_2018_solved/pals_lcr.8_overflow_false-unreach-call.ufo.UNBOUNDED.pals.c.cnf
running lrb Bench '/nfs/scratch/bzchartu/unsat_2018_solved/pals_lcr.8_overflow_false-unreach-call.ufo.UNBOUNDED.pals.c.cnf' on cumu01-12
Command exited with non-zero status 20
	Command being timed: "/nfs/scratch/bzchartu/programs/maplechronobt_proof_analyze/sources/simp/glucose_release -det=lrb /nfs/scratch/bzchartu/unsat_2018_solved/pals_lcr.8_overflow_false-unreach-call.ufo.UNBOUNDED.pals.c.cnf -cpu-lim=10000 -drup-file=/local_ssd/proof.drat"
	User time (seconds): 888.79
	System time (seconds): 0.75
	Percent of CPU this job got: 99%
	Elapsed (wall clock) time (h:mm:ss or m:ss): 14:49.59
	Average shared text size (kbytes): 0
	Average unshared data size (kbytes): 0
	Average stack size (kbytes): 0
	Average total size (kbytes): 0
	Maximum resident set size (kbytes): 113288
	Average resident set size (kbytes): 0
	Major (requiring I/O) page faults: 2
	Minor (reclaiming a frame) page faults: 384354
	Voluntary context switches: 58
	Involuntary context switches: 751
	Swaps: 0
	File system inputs: 59144
	File system outputs: 1786584
	Socket messages sent: 0
	Socket messages received: 0
	Signals delivered: 0
	Page size (bytes): 4096
	Exit status: 20
SOLVE_W_TIME,	Elapsed (wall clock) time (h:mm:ss or m:ss): 14:49.59
c This is MapleLCMDistChronoBT.
c WARNING: for repeatability, setting FPU to use double precision
c Analyzer is deactivated by mode: 1 and dyn: 1
c ============================[ Problem Statistics ]=============================
c |                                                                             |
c |  Number of variables:        105346                                         |
c |  Number of clauses:          532381                                         |
c |  Parse time:                   0.23 s                                       |
c |  Eliminated clauses:           2.45 Mb                                      |
c Reduced to 53436 vars, 311569 cls (grow=0)
c |  Eliminated clauses:           2.57 Mb                                      |
c Reduced to 51973 vars, 314421 cls (grow=8)
c cl_inc_rate=1.009, var_dec_rate=1.028
c |  Eliminated clauses:           3.11 Mb                                      |
c Reduced to 48046 vars, 375378 cls (grow=16)
c cl_inc_rate=1.194, var_dec_rate=1.082
c No. effective iterative eliminations: 2
c |  Simplification time:          1.11 s                                       |
c |                                                                             |
c running deterministic with LRB
c ============================[ Search Statistics ]==============================
c | Conflicts |          ORIGINAL         |          LEARNT          | Progress |
c |           |    Vars  Clauses Literals |    Limit  Clauses Lit/Cl |          |
c ===============================================================================
c ===============================================================================
c restarts              : 4478
c conflicts             : 2559967        (2880 /sec)
c decisions             : 3625378        (0.00 % random) (4079 /sec)
c propagations          : 2551999466     (2871338 /sec)
c conflict literals     : 174167748      (52.07 % deleted)
c backtracks            : 2559947        (NCB 100% , CB 0%)
c Memory used           : 130.00 MB
c CPU time              : 888.784 s

s UNSATISFIABLE
DRAT_SIZE: 893288	/local_ssd/proof.drat
s UNSATISFIABLE
/local_ssd/proof.drat
	Command being timed: "/nfs/scratch/bzchartu/programs/maplechronobt_proof_analyze/drat-trim/drat-trim /nfs/scratch/bzchartu/unsat_2018_solved/pals_lcr.8_overflow_false-unreach-call.ufo.UNBOUNDED.pals.c.cnf /local_ssd/proof.drat -L /local_ssd/proof.lrat -t 200000"
	User time (seconds): 2185.98
	System time (seconds): 17.40
	Percent of CPU this job got: 99%
	Elapsed (wall clock) time (h:mm:ss or m:ss): 36:43.45
	Average shared text size (kbytes): 0
	Average unshared data size (kbytes): 0
	Average stack size (kbytes): 0
	Average total size (kbytes): 0
	Maximum resident set size (kbytes): 8588180
	Average resident set size (kbytes): 0
	Major (requiring I/O) page faults: 0
	Minor (reclaiming a frame) page faults: 12475616
	Voluntary context switches: 351
	Involuntary context switches: 2800
	Swaps: 0
	File system inputs: 0
	File system outputs: 26986312
	Socket messages sent: 0
	Socket messages received: 0
	Signals delivered: 0
	Page size (bytes): 4096
	Exit status: 0
DRAT_W_TIME,	Elapsed (wall clock) time (h:mm:ss or m:ss): 36:43.45
c turning on binary mode checking
c parsing input formula with 105346 variables and 534017 clauses
c finished parsing, read 914721352 bytes from proof file
c detected empty clause; start verification via backward checking
c 124408 of 534017 clauses in core                            
c 2005445 of 3155909 lemmas in core using 1836532716 resolution steps
c 0 RAT lemmas in core; 191 redundant literals in core lemmas
s VERIFIED
c verification time: 2203.187 seconds
LRAT_SIZE: 13493156	/local_ssd/proof.lrat
s VERIFIED
/local_ssd/proof.lrat
	Command being timed: "/nfs/scratch/bzchartu/programs/maplechronobt_proof_analyze/drat-trim/lrat-check /nfs/scratch/bzchartu/unsat_2018_solved/pals_lcr.8_overflow_false-unreach-call.ufo.UNBOUNDED.pals.c.cnf /local_ssd/proof.lrat"
	User time (seconds): 288.17
	System time (seconds): 4.57
	Percent of CPU this job got: 99%
	Elapsed (wall clock) time (h:mm:ss or m:ss): 4:52.88
	Average shared text size (kbytes): 0
	Average unshared data size (kbytes): 0
	Average stack size (kbytes): 0
	Average total size (kbytes): 0
	Maximum resident set size (kbytes): 539452
	Average resident set size (kbytes): 0
	Major (requiring I/O) page faults: 0
	Minor (reclaiming a frame) page faults: 223565
	Voluntary context switches: 29
	Involuntary context switches: 78
	Swaps: 0
	File system inputs: 0
	File system outputs: 8
	Socket messages sent: 0
	Socket messages received: 0
	Signals delivered: 0
	Page size (bytes): 4096
	Exit status: 0
LRAT_W_TIME,	Elapsed (wall clock) time (h:mm:ss or m:ss): 4:52.88
c parsed a formula with 105346 variables and 534017 clauses
c VERIFIED
c Added clauses = 2539462.  Deleted clauses = 2537071.  Max live clauses = 534017
c verification time = 292.73 secs
c VERIFIED
OVERVIEW_HEADER,benchmark,solve mem,solve time,drat kb,drat sec,lrat kb,lrat sec,restarts,decisions,conflicts,propagations
OVERVIEW_CSV,/nfs/scratch/bzchartu/unsat_2018_solved/pals_lcr.8_overflow_false-unreach-call.ufo.UNBOUNDED.pals.c.cnf,	Elapsed (wall clock) time (h:mm:ss or m:ss): 14:49.59,	Maximum resident set size (kbytes): 113288,893288	/local_ssd/proof.drat,	Elapsed (wall clock) time (h:mm:ss or m:ss): 36:43.45,13493156	/local_ssd/proof.lrat,	Elapsed (wall clock) time (h:mm:ss or m:ss): 4:52.88,c restarts              : 4478,c decisions             : 3625378        (0.00 % random) (4079 /sec),c conflicts             : 2559967        (2880 /sec),c propagations          : 2551999466     (2871338 /sec)
