SOLVERNAME,STD
BENCHNAME,/nfs/scratch/bzchartu/unsat_2018_solved/filter_iir_true-unreach-call.c.cnf
running lrb Bench '/nfs/scratch/bzchartu/unsat_2018_solved/filter_iir_true-unreach-call.c.cnf' on cumu02-00
Command exited with non-zero status 20
	Command being timed: "/nfs/scratch/bzchartu/programs/maplechronobt_proof_analyze/sources/simp/glucose_release -det=lrb /nfs/scratch/bzchartu/unsat_2018_solved/filter_iir_true-unreach-call.c.cnf -cpu-lim=10000 -drup-file=/local_ssd/proof.drat"
	User time (seconds): 678.82
	System time (seconds): 1.60
	Percent of CPU this job got: 99%
	Elapsed (wall clock) time (h:mm:ss or m:ss): 11:20.50
	Average shared text size (kbytes): 0
	Average unshared data size (kbytes): 0
	Average stack size (kbytes): 0
	Average total size (kbytes): 0
	Maximum resident set size (kbytes): 523660
	Average resident set size (kbytes): 0
	Major (requiring I/O) page faults: 0
	Minor (reclaiming a frame) page faults: 1634875
	Voluntary context switches: 33
	Involuntary context switches: 696
	Swaps: 0
	File system inputs: 106568
	File system outputs: 922872
	Socket messages sent: 0
	Socket messages received: 0
	Signals delivered: 0
	Page size (bytes): 4096
	Exit status: 20
SOLVE_W_TIME,	Elapsed (wall clock) time (h:mm:ss or m:ss): 11:20.50
c This is MapleLCMDistChronoBT.
c WARNING: for repeatability, setting FPU to use double precision
c Analyzer is deactivated by mode: 1 and dyn: 1
c ============================[ Problem Statistics ]=============================
c |                                                                             |
c |  Number of variables:        495025                                         |
c |  Number of clauses:         2356332                                         |
c |  Parse time:                   0.75 s                                       |
c |  Eliminated clauses:           6.17 Mb                                      |
c Reduced to 383032 vars, 2190405 cls (grow=0)
c |  Eliminated clauses:          10.53 Mb                                      |
c Reduced to 333602 vars, 2303735 cls (grow=8)
c cl_inc_rate=1.052, var_dec_rate=1.148
c |  Eliminated clauses:          16.31 Mb                                      |
c Reduced to 290234 vars, 2878806 cls (grow=16)
c cl_inc_rate=1.250, var_dec_rate=1.149
c No. effective iterative eliminations: 2
c |  Simplification time:          7.12 s                                       |
c |                                                                             |
c running deterministic with LRB
c ============================[ Search Statistics ]==============================
c | Conflicts |          ORIGINAL         |          LEARNT          | Progress |
c |           |    Vars  Clauses Literals |    Limit  Clauses Lit/Cl |          |
c ===============================================================================
c ===============================================================================
c restarts              : 2215
c conflicts             : 1148152        (1692 /sec)
c decisions             : 8763749        (0.00 % random) (12912 /sec)
c propagations          : 2415546527     (3559057 /sec)
c conflict literals     : 67522726       (26.52 % deleted)
c backtracks            : 1145149        (NCB 99% , CB 1%)
c Memory used           : 604.00 MB
c CPU time              : 678.704 s

s UNSATISFIABLE
DRAT_SIZE: 461424	/local_ssd/proof.drat
s UNSATISFIABLE
/local_ssd/proof.drat
	Command being timed: "/nfs/scratch/bzchartu/programs/maplechronobt_proof_analyze/drat-trim/drat-trim /nfs/scratch/bzchartu/unsat_2018_solved/filter_iir_true-unreach-call.c.cnf /local_ssd/proof.drat -L /local_ssd/proof.lrat -t 200000"
	User time (seconds): 49.96
	System time (seconds): 1.07
	Percent of CPU this job got: 99%
	Elapsed (wall clock) time (h:mm:ss or m:ss): 0:51.05
	Average shared text size (kbytes): 0
	Average unshared data size (kbytes): 0
	Average stack size (kbytes): 0
	Average total size (kbytes): 0
	Maximum resident set size (kbytes): 841768
	Average resident set size (kbytes): 0
	Major (requiring I/O) page faults: 0
	Minor (reclaiming a frame) page faults: 1053277
	Voluntary context switches: 19
	Involuntary context switches: 54
	Swaps: 0
	File system inputs: 0
	File system outputs: 331824
	Socket messages sent: 0
	Socket messages received: 0
	Signals delivered: 0
	Page size (bytes): 4096
	Exit status: 0
DRAT_W_TIME,	Elapsed (wall clock) time (h:mm:ss or m:ss): 0:51.05
c turning on binary mode checking
c parsing input formula with 495025 variables and 2356343 clauses
c finished parsing, read 472495151 bytes from proof file
c detected empty clause; start verification via backward checking
c 525426 of 2356343 clauses in core                            
c 466563 of 4187028 lemmas in core using 14468084 resolution steps
c 0 RAT lemmas in core; 10 redundant literals in core lemmas
s VERIFIED
c verification time: 50.890 seconds
LRAT_SIZE: 165908	/local_ssd/proof.lrat
s VERIFIED
/local_ssd/proof.lrat
	Command being timed: "/nfs/scratch/bzchartu/programs/maplechronobt_proof_analyze/drat-trim/lrat-check /nfs/scratch/bzchartu/unsat_2018_solved/filter_iir_true-unreach-call.c.cnf /local_ssd/proof.lrat"
	User time (seconds): 4.38
	System time (seconds): 0.20
	Percent of CPU this job got: 99%
	Elapsed (wall clock) time (h:mm:ss or m:ss): 0:04.58
	Average shared text size (kbytes): 0
	Average unshared data size (kbytes): 0
	Average stack size (kbytes): 0
	Average total size (kbytes): 0
	Maximum resident set size (kbytes): 250924
	Average resident set size (kbytes): 0
	Major (requiring I/O) page faults: 0
	Minor (reclaiming a frame) page faults: 87951
	Voluntary context switches: 11
	Involuntary context switches: 2
	Swaps: 0
	File system inputs: 0
	File system outputs: 8
	Socket messages sent: 0
	Socket messages received: 0
	Signals delivered: 0
	Page size (bytes): 4096
	Exit status: 0
LRAT_W_TIME,	Elapsed (wall clock) time (h:mm:ss or m:ss): 0:04.58
c parsed a formula with 495025 variables and 2356343 clauses
c VERIFIED
c Added clauses = 2822906.  Deleted clauses = 2822206.  Max live clauses = 2356343
c verification time = 4.58 secs
c VERIFIED
OVERVIEW_HEADER,benchmark,solve mem,solve time,drat kb,drat sec,lrat kb,lrat sec,restarts,decisions,conflicts,propagations
OVERVIEW_CSV,/nfs/scratch/bzchartu/unsat_2018_solved/filter_iir_true-unreach-call.c.cnf,	Elapsed (wall clock) time (h:mm:ss or m:ss): 11:20.50,	Maximum resident set size (kbytes): 523660,461424	/local_ssd/proof.drat,	Elapsed (wall clock) time (h:mm:ss or m:ss): 0:51.05,165908	/local_ssd/proof.lrat,	Elapsed (wall clock) time (h:mm:ss or m:ss): 0:04.58,c restarts              : 2215,c decisions             : 8763749        (0.00 % random) (12912 /sec),c conflicts             : 1148152        (1692 /sec),c propagations          : 2415546527     (3559057 /sec)
