SOLVERNAME,STD
BENCHNAME,/nfs/scratch/bzchartu/unsat_2018_solved/queen12_12.col.12.cnf
running lrb Bench '/nfs/scratch/bzchartu/unsat_2018_solved/queen12_12.col.12.cnf' on cumu02-14
Command exited with non-zero status 20
	Command being timed: "/nfs/scratch/bzchartu/programs/maplechronobt_proof_analyze/sources/simp/glucose_release -det=lrb /nfs/scratch/bzchartu/unsat_2018_solved/queen12_12.col.12.cnf -cpu-lim=10000 -drup-file=/local_ssd/proof.drat"
	User time (seconds): 540.55
	System time (seconds): 0.75
	Percent of CPU this job got: 99%
	Elapsed (wall clock) time (h:mm:ss or m:ss): 9:01.35
	Average shared text size (kbytes): 0
	Average unshared data size (kbytes): 0
	Average stack size (kbytes): 0
	Average total size (kbytes): 0
	Maximum resident set size (kbytes): 58648
	Average resident set size (kbytes): 0
	Major (requiring I/O) page faults: 2
	Minor (reclaiming a frame) page faults: 128511
	Voluntary context switches: 89
	Involuntary context switches: 411
	Swaps: 0
	File system inputs: 37616
	File system outputs: 2500176
	Socket messages sent: 0
	Socket messages received: 0
	Signals delivered: 0
	Page size (bytes): 4096
	Exit status: 20
SOLVE_W_TIME,	Elapsed (wall clock) time (h:mm:ss or m:ss): 9:01.35
c This is MapleLCMDistChronoBT.
c WARNING: for repeatability, setting FPU to use double precision
c Analyzer is deactivated by mode: 1 and dyn: 1
c ============================[ Problem Statistics ]=============================
c |                                                                             |
c |  Number of variables:          1584                                         |
c |  Number of clauses:           57256                                         |
c |  Parse time:                   0.02 s                                       |
c |  Eliminated clauses:           0.01 Mb                                      |
c Reduced to 1440 vars, 28556 cls (grow=0)
c No iterative elimination performed. (vars=1440, c/v ratio=19.8)
c |  Simplification time:          0.08 s                                       |
c |                                                                             |
c running deterministic with LRB
c ============================[ Search Statistics ]==============================
c | Conflicts |          ORIGINAL         |          LEARNT          | Progress |
c |           |    Vars  Clauses Literals |    Limit  Clauses Lit/Cl |          |
c ===============================================================================
c ===============================================================================
c restarts              : 16578
c conflicts             : 10598331       (19606 /sec)
c decisions             : 12257220       (0.00 % random) (22675 /sec)
c propagations          : 460145736      (851252 /sec)
c conflict literals     : 307799346      (23.30 % deleted)
c backtracks            : 10598318       (NCB 100% , CB 0%)
c Memory used           : 90.00 MB
c CPU time              : 540.552 s

s UNSATISFIABLE
DRAT_SIZE: 1250084	/local_ssd/proof.drat
s UNSATISFIABLE
/local_ssd/proof.drat
	Command being timed: "/nfs/scratch/bzchartu/programs/maplechronobt_proof_analyze/drat-trim/drat-trim /nfs/scratch/bzchartu/unsat_2018_solved/queen12_12.col.12.cnf /local_ssd/proof.drat -L /local_ssd/proof.lrat -t 200000"
	User time (seconds): 2460.41
	System time (seconds): 6.52
	Percent of CPU this job got: 99%
	Elapsed (wall clock) time (h:mm:ss or m:ss): 41:07.16
	Average shared text size (kbytes): 0
	Average unshared data size (kbytes): 0
	Average stack size (kbytes): 0
	Average total size (kbytes): 0
	Maximum resident set size (kbytes): 3816752
	Average resident set size (kbytes): 0
	Major (requiring I/O) page faults: 0
	Minor (reclaiming a frame) page faults: 6269232
	Voluntary context switches: 62
	Involuntary context switches: 3047
	Swaps: 0
	File system inputs: 0
	File system outputs: 5930472
	Socket messages sent: 0
	Socket messages received: 0
	Signals delivered: 0
	Page size (bytes): 4096
	Exit status: 0
DRAT_W_TIME,	Elapsed (wall clock) time (h:mm:ss or m:ss): 41:07.16
c turning on binary mode checking
c parsing input formula with 1584 variables and 57256 clauses
c finished parsing, read 1280080693 bytes from proof file
c detected empty clause; start verification via backward checking
c 738 of 57256 clauses in core                            
c 9897310 of 10853564 lemmas in core using 205593365 resolution steps
c 0 RAT lemmas in core; 0 redundant literals in core lemmas
s VERIFIED
c verification time: 2467.039 seconds
LRAT_SIZE: 2965236	/local_ssd/proof.lrat
s VERIFIED
/local_ssd/proof.lrat
	Command being timed: "/nfs/scratch/bzchartu/programs/maplechronobt_proof_analyze/drat-trim/lrat-check /nfs/scratch/bzchartu/unsat_2018_solved/queen12_12.col.12.cnf /local_ssd/proof.lrat"
	User time (seconds): 60.05
	System time (seconds): 1.03
	Percent of CPU this job got: 99%
	Elapsed (wall clock) time (h:mm:ss or m:ss): 1:01.23
	Average shared text size (kbytes): 0
	Average unshared data size (kbytes): 0
	Average stack size (kbytes): 0
	Average total size (kbytes): 0
	Maximum resident set size (kbytes): 1174508
	Average resident set size (kbytes): 0
	Major (requiring I/O) page faults: 0
	Minor (reclaiming a frame) page faults: 344616
	Voluntary context switches: 29
	Involuntary context switches: 69
	Swaps: 0
	File system inputs: 0
	File system outputs: 8
	Socket messages sent: 0
	Socket messages received: 0
	Signals delivered: 0
	Page size (bytes): 4096
	Exit status: 0
LRAT_W_TIME,	Elapsed (wall clock) time (h:mm:ss or m:ss): 1:01.23
c parsed a formula with 1584 variables and 57256 clauses
c VERIFIED
c Added clauses = 9954566.  Deleted clauses = 9954503.  Max live clauses = 57256
c verification time = 61.06 secs
c VERIFIED
OVERVIEW_HEADER,benchmark,solve mem,solve time,drat kb,drat sec,lrat kb,lrat sec,restarts,decisions,conflicts,propagations
OVERVIEW_CSV,/nfs/scratch/bzchartu/unsat_2018_solved/queen12_12.col.12.cnf,	Elapsed (wall clock) time (h:mm:ss or m:ss): 9:01.35,	Maximum resident set size (kbytes): 58648,1250084	/local_ssd/proof.drat,	Elapsed (wall clock) time (h:mm:ss or m:ss): 41:07.16,2965236	/local_ssd/proof.lrat,	Elapsed (wall clock) time (h:mm:ss or m:ss): 1:01.23,c restarts              : 16578,c decisions             : 12257220       (0.00 % random) (22675 /sec),c conflicts             : 10598331       (19606 /sec),c propagations          : 460145736      (851252 /sec)
