SOLVERNAME,STD
BENCHNAME,/nfs/scratch/bzchartu/unsat_2018_solved/Nb51T6.cnf
running lrb Bench '/nfs/scratch/bzchartu/unsat_2018_solved/Nb51T6.cnf' on cumu02-07
Command exited with non-zero status 20
	Command being timed: "/nfs/scratch/bzchartu/programs/maplechronobt_proof_analyze/sources/simp/glucose_release -det=lrb /nfs/scratch/bzchartu/unsat_2018_solved/Nb51T6.cnf -cpu-lim=10000 -drup-file=/local_ssd/proof.drat"
	User time (seconds): 1407.16
	System time (seconds): 6.65
	Percent of CPU this job got: 99%
	Elapsed (wall clock) time (h:mm:ss or m:ss): 23:34.00
	Average shared text size (kbytes): 0
	Average unshared data size (kbytes): 0
	Average stack size (kbytes): 0
	Average total size (kbytes): 0
	Maximum resident set size (kbytes): 2528548
	Average resident set size (kbytes): 0
	Major (requiring I/O) page faults: 0
	Minor (reclaiming a frame) page faults: 9368718
	Voluntary context switches: 30
	Involuntary context switches: 2640
	Swaps: 0
	File system inputs: 520352
	File system outputs: 1118368
	Socket messages sent: 0
	Socket messages received: 0
	Signals delivered: 0
	Page size (bytes): 4096
	Exit status: 20
SOLVE_W_TIME,	Elapsed (wall clock) time (h:mm:ss or m:ss): 23:34.00
c This is MapleLCMDistChronoBT.
c WARNING: for repeatability, setting FPU to use double precision
c Analyzer is deactivated by mode: 1 and dyn: 1
c ============================[ Problem Statistics ]=============================
c |                                                                             |
c |  Number of variables:       2365527                                         |
c |  Number of clauses:        10508040                                         |
c |  Parse time:                   3.39 s                                       |
c |  Eliminated clauses:          60.13 Mb                                      |
c Reduced to 1314723 vars, 10508040 cls (grow=0)
c |  Eliminated clauses:         110.23 Mb                                      |
c Reduced to 789321 vars, 12609648 cls (grow=8)
c cl_inc_rate=1.200, var_dec_rate=1.666
c No. effective iterative eliminations: 1
c |  Simplification time:         23.20 s                                       |
c |                                                                             |
c running deterministic with LRB
c ============================[ Search Statistics ]==============================
c | Conflicts |          ORIGINAL         |          LEARNT          | Progress |
c |           |    Vars  Clauses Literals |    Limit  Clauses Lit/Cl |          |
c ===============================================================================
c ===============================================================================
c restarts              : 1655
c conflicts             : 704702         (501 /sec)
c decisions             : 514473511      (0.00 % random) (365703 /sec)
c propagations          : 2166367956     (1539917 /sec)
c conflict literals     : 11612255       (23.49 % deleted)
c backtracks            : 698433         (NCB 96% , CB 4%)
c Memory used           : 2859.00 MB
c CPU time              : 1406.81 s

s UNSATISFIABLE
DRAT_SIZE: 559176	/local_ssd/proof.drat
s UNSATISFIABLE
/local_ssd/proof.drat
	Command being timed: "/nfs/scratch/bzchartu/programs/maplechronobt_proof_analyze/drat-trim/drat-trim /nfs/scratch/bzchartu/unsat_2018_solved/Nb51T6.cnf /local_ssd/proof.drat -L /local_ssd/proof.lrat -t 200000"
	User time (seconds): 241.45
	System time (seconds): 2.46
	Percent of CPU this job got: 99%
	Elapsed (wall clock) time (h:mm:ss or m:ss): 4:03.96
	Average shared text size (kbytes): 0
	Average unshared data size (kbytes): 0
	Average stack size (kbytes): 0
	Average total size (kbytes): 0
	Maximum resident set size (kbytes): 2201440
	Average resident set size (kbytes): 0
	Major (requiring I/O) page faults: 0
	Minor (reclaiming a frame) page faults: 2412940
	Voluntary context switches: 25
	Involuntary context switches: 319
	Swaps: 0
	File system inputs: 0
	File system outputs: 580984
	Socket messages sent: 0
	Socket messages received: 0
	Signals delivered: 0
	Page size (bytes): 4096
	Exit status: 0
DRAT_W_TIME,	Elapsed (wall clock) time (h:mm:ss or m:ss): 4:03.96
c turning on binary mode checking
c parsing input formula with 2365527 variables and 10508040 clauses
c finished parsing, read 572590296 bytes from proof file
c detected empty clause; start verification via backward checking
c 45144 of 10508040 clauses in core                            
c 583239 of 17597195 lemmas in core using 14167114 resolution steps
c 0 RAT lemmas in core; 0 redundant literals in core lemmas
s VERIFIED
c verification time: 243.367 seconds
LRAT_SIZE: 290488	/local_ssd/proof.lrat
s VERIFIED
/local_ssd/proof.lrat
	Command being timed: "/nfs/scratch/bzchartu/programs/maplechronobt_proof_analyze/drat-trim/lrat-check /nfs/scratch/bzchartu/unsat_2018_solved/Nb51T6.cnf /local_ssd/proof.lrat"
	User time (seconds): 9.28
	System time (seconds): 0.55
	Percent of CPU this job got: 99%
	Elapsed (wall clock) time (h:mm:ss or m:ss): 0:09.84
	Average shared text size (kbytes): 0
	Average unshared data size (kbytes): 0
	Average stack size (kbytes): 0
	Average total size (kbytes): 0
	Maximum resident set size (kbytes): 1131492
	Average resident set size (kbytes): 0
	Major (requiring I/O) page faults: 0
	Minor (reclaiming a frame) page faults: 317973
	Voluntary context switches: 17
	Involuntary context switches: 16
	Swaps: 0
	File system inputs: 0
	File system outputs: 8
	Socket messages sent: 0
	Socket messages received: 0
	Signals delivered: 0
	Page size (bytes): 4096
	Exit status: 0
LRAT_W_TIME,	Elapsed (wall clock) time (h:mm:ss or m:ss): 0:09.84
c parsed a formula with 2365527 variables and 10508040 clauses
c VERIFIED
c Added clauses = 11091279.  Deleted clauses = 11091242.  Max live clauses = 10508040
c verification time = 9.81 secs
c VERIFIED
OVERVIEW_HEADER,benchmark,solve mem,solve time,drat kb,drat sec,lrat kb,lrat sec,restarts,decisions,conflicts,propagations
OVERVIEW_CSV,/nfs/scratch/bzchartu/unsat_2018_solved/Nb51T6.cnf,	Elapsed (wall clock) time (h:mm:ss or m:ss): 23:34.00,	Maximum resident set size (kbytes): 2528548,559176	/local_ssd/proof.drat,	Elapsed (wall clock) time (h:mm:ss or m:ss): 4:03.96,290488	/local_ssd/proof.lrat,	Elapsed (wall clock) time (h:mm:ss or m:ss): 0:09.84,c restarts              : 1655,c decisions             : 514473511      (0.00 % random) (365703 /sec),c conflicts             : 704702         (501 /sec),c propagations          : 2166367956     (1539917 /sec)
