SOLVERNAME,STD
BENCHNAME,/nfs/scratch/bzchartu/unsat_2018_solved/gto_p60c243.cnf
running lrb Bench '/nfs/scratch/bzchartu/unsat_2018_solved/gto_p60c243.cnf' on cumu02-08
Command exited with non-zero status 20
	Command being timed: "/nfs/scratch/bzchartu/programs/maplechronobt_proof_analyze/sources/simp/glucose_release -det=lrb /nfs/scratch/bzchartu/unsat_2018_solved/gto_p60c243.cnf -cpu-lim=10000 -drup-file=/local_ssd/proof.drat"
	User time (seconds): 98.28
	System time (seconds): 0.13
	Percent of CPU this job got: 99%
	Elapsed (wall clock) time (h:mm:ss or m:ss): 1:38.45
	Average shared text size (kbytes): 0
	Average unshared data size (kbytes): 0
	Average stack size (kbytes): 0
	Average total size (kbytes): 0
	Maximum resident set size (kbytes): 33092
	Average resident set size (kbytes): 0
	Major (requiring I/O) page faults: 2
	Minor (reclaiming a frame) page faults: 69626
	Voluntary context switches: 50
	Involuntary context switches: 149
	Swaps: 0
	File system inputs: 36288
	File system outputs: 440912
	Socket messages sent: 0
	Socket messages received: 0
	Signals delivered: 0
	Page size (bytes): 4096
	Exit status: 20
SOLVE_W_TIME,	Elapsed (wall clock) time (h:mm:ss or m:ss): 1:38.45
c This is MapleLCMDistChronoBT.
c WARNING: for repeatability, setting FPU to use double precision
c Analyzer is deactivated by mode: 1 and dyn: 1
c ============================[ Problem Statistics ]=============================
c |                                                                             |
c |  Number of variables:          1054                                         |
c |  Number of clauses:            2891                                         |
c |  Parse time:                   0.00 s                                       |
c |  Eliminated clauses:           0.02 Mb                                      |
c Reduced to 130 vars, 527 cls (grow=0)
c No iterative elimination performed. (vars=130, c/v ratio=4.1)
c |  Simplification time:          0.01 s                                       |
c |                                                                             |
c running deterministic with LRB
c ============================[ Search Statistics ]==============================
c | Conflicts |          ORIGINAL         |          LEARNT          | Progress |
c |           |    Vars  Clauses Literals |    Limit  Clauses Lit/Cl |          |
c ===============================================================================
c ===============================================================================
c restarts              : 4472
c conflicts             : 2592407        (26376 /sec)
c decisions             : 2940082        (0.00 % random) (29913 /sec)
c propagations          : 46224663       (470298 /sec)
c conflict literals     : 53741238       (36.13 % deleted)
c backtracks            : 2592406        (NCB 100% , CB 0%)
c Memory used           : 46.00 MB
c CPU time              : 98.288 s

s UNSATISFIABLE
DRAT_SIZE: 220448	/local_ssd/proof.drat
s UNSATISFIABLE
/local_ssd/proof.drat
	Command being timed: "/nfs/scratch/bzchartu/programs/maplechronobt_proof_analyze/drat-trim/drat-trim /nfs/scratch/bzchartu/unsat_2018_solved/gto_p60c243.cnf /local_ssd/proof.drat -L /local_ssd/proof.lrat -t 200000"
	User time (seconds): 317.24
	System time (seconds): 1.09
	Percent of CPU this job got: 99%
	Elapsed (wall clock) time (h:mm:ss or m:ss): 5:18.38
	Average shared text size (kbytes): 0
	Average unshared data size (kbytes): 0
	Average stack size (kbytes): 0
	Average total size (kbytes): 0
	Maximum resident set size (kbytes): 884008
	Average resident set size (kbytes): 0
	Major (requiring I/O) page faults: 0
	Minor (reclaiming a frame) page faults: 729220
	Voluntary context switches: 22
	Involuntary context switches: 381
	Swaps: 0
	File system inputs: 0
	File system outputs: 1384952
	Socket messages sent: 0
	Socket messages received: 0
	Signals delivered: 0
	Page size (bytes): 4096
	Exit status: 0
DRAT_W_TIME,	Elapsed (wall clock) time (h:mm:ss or m:ss): 5:18.38
c turning on binary mode checking
c parsing input formula with 1054 variables and 3721 clauses
c finished parsing, read 225735320 bytes from proof file
c detected empty clause; start verification via backward checking
c 1018 of 3721 clauses in core                            
c 2393082 of 2691043 lemmas in core using 74571229 resolution steps
c 0 RAT lemmas in core; 6 redundant literals in core lemmas
s VERIFIED
c verification time: 318.355 seconds
LRAT_SIZE: 692472	/local_ssd/proof.lrat
s VERIFIED
/local_ssd/proof.lrat
	Command being timed: "/nfs/scratch/bzchartu/programs/maplechronobt_proof_analyze/drat-trim/lrat-check /nfs/scratch/bzchartu/unsat_2018_solved/gto_p60c243.cnf /local_ssd/proof.lrat"
	User time (seconds): 17.82
	System time (seconds): 0.29
	Percent of CPU this job got: 99%
	Elapsed (wall clock) time (h:mm:ss or m:ss): 0:18.12
	Average shared text size (kbytes): 0
	Average unshared data size (kbytes): 0
	Average stack size (kbytes): 0
	Average total size (kbytes): 0
	Maximum resident set size (kbytes): 214808
	Average resident set size (kbytes): 0
	Major (requiring I/O) page faults: 0
	Minor (reclaiming a frame) page faults: 77349
	Voluntary context switches: 19
	Involuntary context switches: 7
	Swaps: 0
	File system inputs: 0
	File system outputs: 8
	Socket messages sent: 0
	Socket messages received: 0
	Signals delivered: 0
	Page size (bytes): 4096
	Exit status: 0
LRAT_W_TIME,	Elapsed (wall clock) time (h:mm:ss or m:ss): 0:18.12
c parsed a formula with 1054 variables and 3721 clauses
c VERIFIED
c Added clauses = 2396803.  Deleted clauses = 2396673.  Max live clauses = 16452
c verification time = 18.10 secs
c VERIFIED
OVERVIEW_HEADER,benchmark,solve mem,solve time,drat kb,drat sec,lrat kb,lrat sec,restarts,decisions,conflicts,propagations
OVERVIEW_CSV,/nfs/scratch/bzchartu/unsat_2018_solved/gto_p60c243.cnf,	Elapsed (wall clock) time (h:mm:ss or m:ss): 1:38.45,	Maximum resident set size (kbytes): 33092,220448	/local_ssd/proof.drat,	Elapsed (wall clock) time (h:mm:ss or m:ss): 5:18.38,692472	/local_ssd/proof.lrat,	Elapsed (wall clock) time (h:mm:ss or m:ss): 0:18.12,c restarts              : 4472,c decisions             : 2940082        (0.00 % random) (29913 /sec),c conflicts             : 2592407        (26376 /sec),c propagations          : 46224663       (470298 /sec)
