SOLVERNAME,STD
BENCHNAME,/nfs/scratch/bzchartu/unsat_2018_solved/sdiv15prop.cnf
running lrb Bench '/nfs/scratch/bzchartu/unsat_2018_solved/sdiv15prop.cnf' on cumu02-10
Command exited with non-zero status 20
	Command being timed: "/nfs/scratch/bzchartu/programs/maplechronobt_proof_analyze/sources/simp/glucose_release -det=lrb /nfs/scratch/bzchartu/unsat_2018_solved/sdiv15prop.cnf -cpu-lim=10000 -drup-file=/local_ssd/proof.drat"
	User time (seconds): 129.94
	System time (seconds): 0.10
	Percent of CPU this job got: 100%
	Elapsed (wall clock) time (h:mm:ss or m:ss): 2:10.04
	Average shared text size (kbytes): 0
	Average unshared data size (kbytes): 0
	Average stack size (kbytes): 0
	Average total size (kbytes): 0
	Maximum resident set size (kbytes): 32764
	Average resident set size (kbytes): 0
	Major (requiring I/O) page faults: 0
	Minor (reclaiming a frame) page faults: 59937
	Voluntary context switches: 21
	Involuntary context switches: 90
	Swaps: 0
	File system inputs: 256
	File system outputs: 246400
	Socket messages sent: 0
	Socket messages received: 0
	Signals delivered: 0
	Page size (bytes): 4096
	Exit status: 20
SOLVE_W_TIME,	Elapsed (wall clock) time (h:mm:ss or m:ss): 2:10.04
c This is MapleLCMDistChronoBT.
c WARNING: for repeatability, setting FPU to use double precision
c Analyzer is deactivated by mode: 1 and dyn: 1
c ============================[ Problem Statistics ]=============================
c |                                                                             |
c |  Number of variables:          3179                                         |
c |  Number of clauses:            9235                                         |
c |  Parse time:                   0.01 s                                       |
c |  Eliminated clauses:           0.08 Mb                                      |
c Reduced to 1216 vars, 5483 cls (grow=0)
c No iterative elimination performed. (vars=1216, c/v ratio=4.5)
c |  Simplification time:          0.02 s                                       |
c |                                                                             |
c running deterministic with LRB
c ============================[ Search Statistics ]==============================
c | Conflicts |          ORIGINAL         |          LEARNT          | Progress |
c |           |    Vars  Clauses Literals |    Limit  Clauses Lit/Cl |          |
c ===============================================================================
c ===============================================================================
c restarts              : 2666
c conflicts             : 1362046        (10481 /sec)
c decisions             : 1595594        (0.00 % random) (12279 /sec)
c propagations          : 290560428      (2235975 /sec)
c conflict literals     : 32528791       (66.22 % deleted)
c backtracks            : 1362045        (NCB 100% , CB 0%)
c Memory used           : 51.00 MB
c CPU time              : 129.948 s

s UNSATISFIABLE
DRAT_SIZE: 123192	/local_ssd/proof.drat
s UNSATISFIABLE
/local_ssd/proof.drat
	Command being timed: "/nfs/scratch/bzchartu/programs/maplechronobt_proof_analyze/drat-trim/drat-trim /nfs/scratch/bzchartu/unsat_2018_solved/sdiv15prop.cnf /local_ssd/proof.drat -L /local_ssd/proof.lrat -t 200000"
	User time (seconds): 492.34
	System time (seconds): 2.09
	Percent of CPU this job got: 99%
	Elapsed (wall clock) time (h:mm:ss or m:ss): 8:14.68
	Average shared text size (kbytes): 0
	Average unshared data size (kbytes): 0
	Average stack size (kbytes): 0
	Average total size (kbytes): 0
	Maximum resident set size (kbytes): 1388600
	Average resident set size (kbytes): 0
	Major (requiring I/O) page faults: 0
	Minor (reclaiming a frame) page faults: 1011931
	Voluntary context switches: 53
	Involuntary context switches: 601
	Swaps: 0
	File system inputs: 0
	File system outputs: 3389824
	Socket messages sent: 0
	Socket messages received: 0
	Signals delivered: 0
	Page size (bytes): 4096
	Exit status: 0
DRAT_W_TIME,	Elapsed (wall clock) time (h:mm:ss or m:ss): 8:14.68
c turning on binary mode checking
c parsing input formula with 3179 variables and 9236 clauses
c finished parsing, read 126146079 bytes from proof file
c detected empty clause; start verification via backward checking
c 8311 of 9236 clauses in core                            
c 1189754 of 1502473 lemmas in core using 267748844 resolution steps
c 0 RAT lemmas in core; 0 redundant literals in core lemmas
s VERIFIED
c verification time: 494.636 seconds
LRAT_SIZE: 1694912	/local_ssd/proof.lrat
s VERIFIED
/local_ssd/proof.lrat
	Command being timed: "/nfs/scratch/bzchartu/programs/maplechronobt_proof_analyze/drat-trim/lrat-check /nfs/scratch/bzchartu/unsat_2018_solved/sdiv15prop.cnf /local_ssd/proof.lrat"
	User time (seconds): 40.04
	System time (seconds): 0.51
	Percent of CPU this job got: 99%
	Elapsed (wall clock) time (h:mm:ss or m:ss): 0:40.66
	Average shared text size (kbytes): 0
	Average unshared data size (kbytes): 0
	Average stack size (kbytes): 0
	Average total size (kbytes): 0
	Maximum resident set size (kbytes): 110976
	Average resident set size (kbytes): 0
	Major (requiring I/O) page faults: 0
	Minor (reclaiming a frame) page faults: 93780
	Voluntary context switches: 29
	Involuntary context switches: 41
	Swaps: 0
	File system inputs: 0
	File system outputs: 8
	Socket messages sent: 0
	Socket messages received: 0
	Signals delivered: 0
	Page size (bytes): 4096
	Exit status: 0
LRAT_W_TIME,	Elapsed (wall clock) time (h:mm:ss or m:ss): 0:40.66
c parsed a formula with 3179 variables and 9236 clauses
c VERIFIED
c Added clauses = 1198990.  Deleted clauses = 1198542.  Max live clauses = 31109
c verification time = 40.56 secs
c VERIFIED
OVERVIEW_HEADER,benchmark,solve mem,solve time,drat kb,drat sec,lrat kb,lrat sec,restarts,decisions,conflicts,propagations
OVERVIEW_CSV,/nfs/scratch/bzchartu/unsat_2018_solved/sdiv15prop.cnf,	Elapsed (wall clock) time (h:mm:ss or m:ss): 2:10.04,	Maximum resident set size (kbytes): 32764,123192	/local_ssd/proof.drat,	Elapsed (wall clock) time (h:mm:ss or m:ss): 8:14.68,1694912	/local_ssd/proof.lrat,	Elapsed (wall clock) time (h:mm:ss or m:ss): 0:40.66,c restarts              : 2666,c decisions             : 1595594        (0.00 % random) (12279 /sec),c conflicts             : 1362046        (10481 /sec),c propagations          : 290560428      (2235975 /sec)
