SOLVERNAME,STD
BENCHNAME,/nfs/scratch/bzchartu/unsat_2018_solved/T103.2.0.cnf
running lrb Bench '/nfs/scratch/bzchartu/unsat_2018_solved/T103.2.0.cnf' on cumu02-00
Command exited with non-zero status 20
	Command being timed: "/nfs/scratch/bzchartu/programs/maplechronobt_proof_analyze/sources/simp/glucose_release -det=lrb /nfs/scratch/bzchartu/unsat_2018_solved/T103.2.0.cnf -cpu-lim=10000 -drup-file=/local_ssd/proof.drat"
	User time (seconds): 218.86
	System time (seconds): 4.86
	Percent of CPU this job got: 99%
	Elapsed (wall clock) time (h:mm:ss or m:ss): 3:43.82
	Average shared text size (kbytes): 0
	Average unshared data size (kbytes): 0
	Average stack size (kbytes): 0
	Average total size (kbytes): 0
	Maximum resident set size (kbytes): 1895840
	Average resident set size (kbytes): 0
	Major (requiring I/O) page faults: 0
	Minor (reclaiming a frame) page faults: 5835459
	Voluntary context switches: 27
	Involuntary context switches: 1333
	Swaps: 0
	File system inputs: 469752
	File system outputs: 1637584
	Socket messages sent: 0
	Socket messages received: 0
	Signals delivered: 0
	Page size (bytes): 4096
	Exit status: 20
SOLVE_W_TIME,	Elapsed (wall clock) time (h:mm:ss or m:ss): 3:43.82
c This is MapleLCMDistChronoBT.
c WARNING: for repeatability, setting FPU to use double precision
c Analyzer is deactivated by mode: 1 and dyn: 1
c ============================[ Problem Statistics ]=============================
c |                                                                             |
c |  Number of variables:       3094153                                         |
c |  Number of clauses:        10684064                                         |
c |  Parse time:                   4.23 s                                       |
c |  Eliminated clauses:         118.83 Mb                                      |
c Reduced to 564458 vars, 3368017 cls (grow=0)
c |  Eliminated clauses:         134.88 Mb                                      |
c Reduced to 367590 vars, 3416324 cls (grow=8)
c cl_inc_rate=1.014, var_dec_rate=1.536
c |  Eliminated clauses:         137.96 Mb                                      |
c Reduced to 338690 vars, 3549369 cls (grow=16)
c cl_inc_rate=1.039, var_dec_rate=1.085
c |  Eliminated clauses:         143.26 Mb                                      |
c Reduced to 300868 vars, 3737532 cls (grow=32)
c cl_inc_rate=1.053, var_dec_rate=1.126
c |  Eliminated clauses:         151.42 Mb                                      |
c Reduced to 252805 vars, 4584889 cls (grow=64)
c cl_inc_rate=1.227, var_dec_rate=1.190
c No. effective iterative eliminations: 4
c |  Simplification time:         76.60 s                                       |
c |                                                                             |
c running deterministic with LRB
c ============================[ Search Statistics ]==============================
c | Conflicts |          ORIGINAL         |          LEARNT          | Progress |
c |           |    Vars  Clauses Literals |    Limit  Clauses Lit/Cl |          |
c ===============================================================================
c ===============================================================================
c restarts              : 583
c conflicts             : 213656         (977 /sec)
c decisions             : 3191220        (0.00 % random) (14595 /sec)
c propagations          : 307553006      (1406587 /sec)
c conflict literals     : 10488480       (24.85 % deleted)
c backtracks            : 212028         (NCB 97% , CB 3%)
c Memory used           : 2143.00 MB
c CPU time              : 218.652 s

s UNSATISFIABLE
DRAT_SIZE: 818784	/local_ssd/proof.drat
s UNSATISFIABLE
/local_ssd/proof.drat
	Command being timed: "/nfs/scratch/bzchartu/programs/maplechronobt_proof_analyze/drat-trim/drat-trim /nfs/scratch/bzchartu/unsat_2018_solved/T103.2.0.cnf /local_ssd/proof.drat -L /local_ssd/proof.lrat -t 200000"
	User time (seconds): 73.58
	System time (seconds): 1.90
	Percent of CPU this job got: 99%
	Elapsed (wall clock) time (h:mm:ss or m:ss): 1:15.49
	Average shared text size (kbytes): 0
	Average unshared data size (kbytes): 0
	Average stack size (kbytes): 0
	Average total size (kbytes): 0
	Maximum resident set size (kbytes): 2404412
	Average resident set size (kbytes): 0
	Major (requiring I/O) page faults: 0
	Minor (reclaiming a frame) page faults: 1625415
	Voluntary context switches: 17
	Involuntary context switches: 56
	Swaps: 0
	File system inputs: 0
	File system outputs: 499952
	Socket messages sent: 0
	Socket messages received: 0
	Signals delivered: 0
	Page size (bytes): 4096
	Exit status: 0
DRAT_W_TIME,	Elapsed (wall clock) time (h:mm:ss or m:ss): 1:15.49
c turning on binary mode checking
c parsing input formula with 3094153 variables and 10684064 clauses
c finished parsing, read 838429959 bytes from proof file
c detected empty clause; start verification via backward checking
c 648645 of 10684064 clauses in core                            
c 896799 of 18985272 lemmas in core using 11822784 resolution steps
c 0 RAT lemmas in core; 16 redundant literals in core lemmas
s VERIFIED
c verification time: 74.653 seconds
LRAT_SIZE: 249972	/local_ssd/proof.lrat
s VERIFIED
/local_ssd/proof.lrat
	Command being timed: "/nfs/scratch/bzchartu/programs/maplechronobt_proof_analyze/drat-trim/lrat-check /nfs/scratch/bzchartu/unsat_2018_solved/T103.2.0.cnf /local_ssd/proof.lrat"
	User time (seconds): 8.87
	System time (seconds): 0.61
	Percent of CPU this job got: 99%
	Elapsed (wall clock) time (h:mm:ss or m:ss): 0:09.49
	Average shared text size (kbytes): 0
	Average unshared data size (kbytes): 0
	Average stack size (kbytes): 0
	Average total size (kbytes): 0
	Maximum resident set size (kbytes): 1347308
	Average resident set size (kbytes): 0
	Major (requiring I/O) page faults: 0
	Minor (reclaiming a frame) page faults: 409786
	Voluntary context switches: 17
	Involuntary context switches: 12
	Swaps: 0
	File system inputs: 0
	File system outputs: 8
	Socket messages sent: 0
	Socket messages received: 0
	Signals delivered: 0
	Page size (bytes): 4096
	Exit status: 0
LRAT_W_TIME,	Elapsed (wall clock) time (h:mm:ss or m:ss): 0:09.49
c parsed a formula with 3094153 variables and 10684064 clauses
c VERIFIED
c Added clauses = 11580863.  Deleted clauses = 11578220.  Max live clauses = 10684064
c verification time = 9.45 secs
c VERIFIED
OVERVIEW_HEADER,benchmark,solve mem,solve time,drat kb,drat sec,lrat kb,lrat sec,restarts,decisions,conflicts,propagations
OVERVIEW_CSV,/nfs/scratch/bzchartu/unsat_2018_solved/T103.2.0.cnf,	Elapsed (wall clock) time (h:mm:ss or m:ss): 3:43.82,	Maximum resident set size (kbytes): 1895840,818784	/local_ssd/proof.drat,	Elapsed (wall clock) time (h:mm:ss or m:ss): 1:15.49,249972	/local_ssd/proof.lrat,	Elapsed (wall clock) time (h:mm:ss or m:ss): 0:09.49,c restarts              : 583,c decisions             : 3191220        (0.00 % random) (14595 /sec),c conflicts             : 213656         (977 /sec),c propagations          : 307553006      (1406587 /sec)
