SOLVERNAME,STD
BENCHNAME,/nfs/scratch/bzchartu/unsat_2018_solved/pals_lcr-var-start-time.5_true-unreach-call.ufo.UNBOUNDED.pals.c.cnf
running lrb Bench '/nfs/scratch/bzchartu/unsat_2018_solved/pals_lcr-var-start-time.5_true-unreach-call.ufo.UNBOUNDED.pals.c.cnf' on cumu02-02
Command exited with non-zero status 20
	Command being timed: "/nfs/scratch/bzchartu/programs/maplechronobt_proof_analyze/sources/simp/glucose_release -det=lrb /nfs/scratch/bzchartu/unsat_2018_solved/pals_lcr-var-start-time.5_true-unreach-call.ufo.UNBOUNDED.pals.c.cnf -cpu-lim=10000 -drup-file=/local_ssd/proof.drat"
	User time (seconds): 181.15
	System time (seconds): 0.25
	Percent of CPU this job got: 99%
	Elapsed (wall clock) time (h:mm:ss or m:ss): 3:01.43
	Average shared text size (kbytes): 0
	Average unshared data size (kbytes): 0
	Average stack size (kbytes): 0
	Average total size (kbytes): 0
	Maximum resident set size (kbytes): 73132
	Average resident set size (kbytes): 0
	Major (requiring I/O) page faults: 2
	Minor (reclaiming a frame) page faults: 238893
	Voluntary context switches: 33
	Involuntary context switches: 197
	Swaps: 0
	File system inputs: 51808
	File system outputs: 284024
	Socket messages sent: 0
	Socket messages received: 0
	Signals delivered: 0
	Page size (bytes): 4096
	Exit status: 20
SOLVE_W_TIME,	Elapsed (wall clock) time (h:mm:ss or m:ss): 3:01.43
c This is MapleLCMDistChronoBT.
c WARNING: for repeatability, setting FPU to use double precision
c Analyzer is deactivated by mode: 1 and dyn: 1
c ============================[ Problem Statistics ]=============================
c |                                                                             |
c |  Number of variables:         81548                                         |
c |  Number of clauses:          357107                                         |
c |  Parse time:                   0.14 s                                       |
c |  Eliminated clauses:           1.80 Mb                                      |
c Reduced to 40003 vars, 231836 cls (grow=0)
c |  Eliminated clauses:           1.89 Mb                                      |
c Reduced to 38949 vars, 233599 cls (grow=8)
c cl_inc_rate=1.008, var_dec_rate=1.027
c |  Eliminated clauses:           2.14 Mb                                      |
c Reduced to 37145 vars, 260306 cls (grow=16)
c cl_inc_rate=1.114, var_dec_rate=1.049
c No. effective iterative eliminations: 2
c |  Simplification time:          0.86 s                                       |
c |                                                                             |
c running deterministic with LRB
c ============================[ Search Statistics ]==============================
c | Conflicts |          ORIGINAL         |          LEARNT          | Progress |
c |           |    Vars  Clauses Literals |    Limit  Clauses Lit/Cl |          |
c ===============================================================================
c ===============================================================================
c restarts              : 1167
c conflicts             : 521269         (2878 /sec)
c decisions             : 977890         (0.00 % random) (5398 /sec)
c propagations          : 665855268      (3675753 /sec)
c conflict literals     : 27356595       (48.62 % deleted)
c backtracks            : 521262         (NCB 100% , CB 0%)
c Memory used           : 87.00 MB
c CPU time              : 181.148 s

s UNSATISFIABLE
DRAT_SIZE: 142004	/local_ssd/proof.drat
s UNSATISFIABLE
/local_ssd/proof.drat
	Command being timed: "/nfs/scratch/bzchartu/programs/maplechronobt_proof_analyze/drat-trim/drat-trim /nfs/scratch/bzchartu/unsat_2018_solved/pals_lcr-var-start-time.5_true-unreach-call.ufo.UNBOUNDED.pals.c.cnf /local_ssd/proof.drat -L /local_ssd/proof.lrat -t 200000"
	User time (seconds): 241.42
	System time (seconds): 1.76
	Percent of CPU this job got: 100%
	Elapsed (wall clock) time (h:mm:ss or m:ss): 4:03.18
	Average shared text size (kbytes): 0
	Average unshared data size (kbytes): 0
	Average stack size (kbytes): 0
	Average total size (kbytes): 0
	Maximum resident set size (kbytes): 1173048
	Average resident set size (kbytes): 0
	Major (requiring I/O) page faults: 0
	Minor (reclaiming a frame) page faults: 778768
	Voluntary context switches: 70
	Involuntary context switches: 294
	Swaps: 0
	File system inputs: 0
	File system outputs: 3248216
	Socket messages sent: 0
	Socket messages received: 0
	Signals delivered: 0
	Page size (bytes): 4096
	Exit status: 0
DRAT_W_TIME,	Elapsed (wall clock) time (h:mm:ss or m:ss): 4:03.18
c turning on binary mode checking
c parsing input formula with 81548 variables and 358802 clauses
c finished parsing, read 145411684 bytes from proof file
c detected empty clause; start verification via backward checking
c 92259 of 358802 clauses in core                            
c 423895 of 876623 lemmas in core using 227905071 resolution steps
c 0 RAT lemmas in core; 0 redundant literals in core lemmas
s VERIFIED
c verification time: 243.134 seconds
LRAT_SIZE: 1624108	/local_ssd/proof.lrat
s VERIFIED
/local_ssd/proof.lrat
	Command being timed: "/nfs/scratch/bzchartu/programs/maplechronobt_proof_analyze/drat-trim/lrat-check /nfs/scratch/bzchartu/unsat_2018_solved/pals_lcr-var-start-time.5_true-unreach-call.ufo.UNBOUNDED.pals.c.cnf /local_ssd/proof.lrat"
	User time (seconds): 34.37
	System time (seconds): 0.44
	Percent of CPU this job got: 99%
	Elapsed (wall clock) time (h:mm:ss or m:ss): 0:34.82
	Average shared text size (kbytes): 0
	Average unshared data size (kbytes): 0
	Average stack size (kbytes): 0
	Average total size (kbytes): 0
	Maximum resident set size (kbytes): 101956
	Average resident set size (kbytes): 0
	Major (requiring I/O) page faults: 0
	Minor (reclaiming a frame) page faults: 48496
	Voluntary context switches: 17
	Involuntary context switches: 42
	Swaps: 0
	File system inputs: 0
	File system outputs: 8
	Socket messages sent: 0
	Socket messages received: 0
	Signals delivered: 0
	Page size (bytes): 4096
	Exit status: 0
LRAT_W_TIME,	Elapsed (wall clock) time (h:mm:ss or m:ss): 0:34.82
c parsed a formula with 81548 variables and 358802 clauses
c VERIFIED
c Added clauses = 782697.  Deleted clauses = 780959.  Max live clauses = 358802
c verification time = 34.81 secs
c VERIFIED
OVERVIEW_HEADER,benchmark,solve mem,solve time,drat kb,drat sec,lrat kb,lrat sec,restarts,decisions,conflicts,propagations
OVERVIEW_CSV,/nfs/scratch/bzchartu/unsat_2018_solved/pals_lcr-var-start-time.5_true-unreach-call.ufo.UNBOUNDED.pals.c.cnf,	Elapsed (wall clock) time (h:mm:ss or m:ss): 3:01.43,	Maximum resident set size (kbytes): 73132,142004	/local_ssd/proof.drat,	Elapsed (wall clock) time (h:mm:ss or m:ss): 4:03.18,1624108	/local_ssd/proof.lrat,	Elapsed (wall clock) time (h:mm:ss or m:ss): 0:34.82,c restarts              : 1167,c decisions             : 977890         (0.00 % random) (5398 /sec),c conflicts             : 521269         (2878 /sec),c propagations          : 665855268      (3675753 /sec)
