SOLVERNAME,STD
BENCHNAME,/nfs/scratch/bzchartu/unsat_2018_solved/cms-scheel-md4-families-r24-c6-p2-4-9-16-17-19.cnf
running lrb Bench '/nfs/scratch/bzchartu/unsat_2018_solved/cms-scheel-md4-families-r24-c6-p2-4-9-16-17-19.cnf' on cumu02-02
Command exited with non-zero status 20
	Command being timed: "/nfs/scratch/bzchartu/programs/maplechronobt_proof_analyze/sources/simp/glucose_release -det=lrb /nfs/scratch/bzchartu/unsat_2018_solved/cms-scheel-md4-families-r24-c6-p2-4-9-16-17-19.cnf -cpu-lim=10000 -drup-file=/local_ssd/proof.drat"
	User time (seconds): 19.20
	System time (seconds): 0.11
	Percent of CPU this job got: 98%
	Elapsed (wall clock) time (h:mm:ss or m:ss): 0:19.55
	Average shared text size (kbytes): 0
	Average unshared data size (kbytes): 0
	Average stack size (kbytes): 0
	Average total size (kbytes): 0
	Maximum resident set size (kbytes): 63232
	Average resident set size (kbytes): 0
	Major (requiring I/O) page faults: 3
	Minor (reclaiming a frame) page faults: 66956
	Voluntary context switches: 55
	Involuntary context switches: 59
	Swaps: 0
	File system inputs: 43336
	File system outputs: 214688
	Socket messages sent: 0
	Socket messages received: 0
	Signals delivered: 0
	Page size (bytes): 4096
	Exit status: 20
SOLVE_W_TIME,	Elapsed (wall clock) time (h:mm:ss or m:ss): 0:19.55
c This is MapleLCMDistChronoBT.
c WARNING: for repeatability, setting FPU to use double precision
c Analyzer is deactivated by mode: 1 and dyn: 1
c ============================[ Problem Statistics ]=============================
c |                                                                             |
c |  Number of variables:         29691                                         |
c |  Number of clauses:           91670                                         |
c |  Parse time:                   0.05 s                                       |
c |  Eliminated clauses:           0.81 Mb                                      |
c Reduced to 11530 vars, 62199 cls (grow=0)
c |  Eliminated clauses:           0.87 Mb                                      |
c Reduced to 10625 vars, 63317 cls (grow=8)
c cl_inc_rate=1.018, var_dec_rate=1.085
c |  Eliminated clauses:           0.96 Mb                                      |
c Reduced to 9962 vars, 68349 cls (grow=16)
c cl_inc_rate=1.079, var_dec_rate=1.067
c No. effective iterative eliminations: 2
c |  Simplification time:          0.25 s                                       |
c |                                                                             |
c running deterministic with LRB
c ============================[ Search Statistics ]==============================
c | Conflicts |          ORIGINAL         |          LEARNT          | Progress |
c |           |    Vars  Clauses Literals |    Limit  Clauses Lit/Cl |          |
c ===============================================================================
c ===============================================================================
c restarts              : 1090
c conflicts             : 468064         (24378 /sec)
c decisions             : 2934411        (0.00 % random) (152834 /sec)
c propagations          : 40626164       (2115946 /sec)
c conflict literals     : 20603192       (10.23 % deleted)
c backtracks            : 467572         (NCB 99% , CB 1%)
c Memory used           : 84.00 MB
c CPU time              : 19.2 s

s UNSATISFIABLE
DRAT_SIZE: 107336	/local_ssd/proof.drat
s UNSATISFIABLE
/local_ssd/proof.drat
	Command being timed: "/nfs/scratch/bzchartu/programs/maplechronobt_proof_analyze/drat-trim/drat-trim /nfs/scratch/bzchartu/unsat_2018_solved/cms-scheel-md4-families-r24-c6-p2-4-9-16-17-19.cnf /local_ssd/proof.drat -L /local_ssd/proof.lrat -t 200000"
	User time (seconds): 3.60
	System time (seconds): 0.12
	Percent of CPU this job got: 99%
	Elapsed (wall clock) time (h:mm:ss or m:ss): 0:03.72
	Average shared text size (kbytes): 0
	Average unshared data size (kbytes): 0
	Average stack size (kbytes): 0
	Average total size (kbytes): 0
	Maximum resident set size (kbytes): 170468
	Average resident set size (kbytes): 0
	Major (requiring I/O) page faults: 1
	Minor (reclaiming a frame) page faults: 76278
	Voluntary context switches: 10
	Involuntary context switches: 6
	Swaps: 0
	File system inputs: 88
	File system outputs: 4424
	Socket messages sent: 0
	Socket messages received: 0
	Signals delivered: 0
	Page size (bytes): 4096
	Exit status: 0
DRAT_W_TIME,	Elapsed (wall clock) time (h:mm:ss or m:ss): 0:03.72
c turning on binary mode checking
c parsing input formula with 29691 variables and 94139 clauses
c finished parsing, read 109909776 bytes from proof file
c detected empty clause; start verification via backward checking
c 8252 of 94139 clauses in core                            
c 17111 of 629095 lemmas in core using 102549 resolution steps
c 0 RAT lemmas in core; 0 redundant literals in core lemmas
s VERIFIED
c verification time: 3.719 seconds
LRAT_SIZE: 2208	/local_ssd/proof.lrat
s VERIFIED
/local_ssd/proof.lrat
	Command being timed: "/nfs/scratch/bzchartu/programs/maplechronobt_proof_analyze/drat-trim/lrat-check /nfs/scratch/bzchartu/unsat_2018_solved/cms-scheel-md4-families-r24-c6-p2-4-9-16-17-19.cnf /local_ssd/proof.lrat"
	User time (seconds): 0.15
	System time (seconds): 0.00
	Percent of CPU this job got: 99%
	Elapsed (wall clock) time (h:mm:ss or m:ss): 0:00.16
	Average shared text size (kbytes): 0
	Average unshared data size (kbytes): 0
	Average stack size (kbytes): 0
	Average total size (kbytes): 0
	Maximum resident set size (kbytes): 17340
	Average resident set size (kbytes): 0
	Major (requiring I/O) page faults: 0
	Minor (reclaiming a frame) page faults: 4294
	Voluntary context switches: 5
	Involuntary context switches: 1
	Swaps: 0
	File system inputs: 32
	File system outputs: 8
	Socket messages sent: 0
	Socket messages received: 0
	Signals delivered: 0
	Page size (bytes): 4096
	Exit status: 0
LRAT_W_TIME,	Elapsed (wall clock) time (h:mm:ss or m:ss): 0:00.16
c parsed a formula with 29691 variables and 94139 clauses
c VERIFIED
c Added clauses = 111250.  Deleted clauses = 111208.  Max live clauses = 94139
c verification time = 0.16 secs
c VERIFIED
OVERVIEW_HEADER,benchmark,solve mem,solve time,drat kb,drat sec,lrat kb,lrat sec,restarts,decisions,conflicts,propagations
OVERVIEW_CSV,/nfs/scratch/bzchartu/unsat_2018_solved/cms-scheel-md4-families-r24-c6-p2-4-9-16-17-19.cnf,	Elapsed (wall clock) time (h:mm:ss or m:ss): 0:19.55,	Maximum resident set size (kbytes): 63232,107336	/local_ssd/proof.drat,	Elapsed (wall clock) time (h:mm:ss or m:ss): 0:03.72,2208	/local_ssd/proof.lrat,	Elapsed (wall clock) time (h:mm:ss or m:ss): 0:00.16,c restarts              : 1090,c decisions             : 2934411        (0.00 % random) (152834 /sec),c conflicts             : 468064         (24378 /sec),c propagations          : 40626164       (2115946 /sec)
