SOLVERNAME,STD
BENCHNAME,/nfs/scratch/bzchartu/unsat_2018_solved/avg_true-unreach-call.i.cnf
running lrb Bench '/nfs/scratch/bzchartu/unsat_2018_solved/avg_true-unreach-call.i.cnf' on cumu01-13
Command exited with non-zero status 20
	Command being timed: "/nfs/scratch/bzchartu/programs/maplechronobt_proof_analyze/sources/simp/glucose_release -det=lrb /nfs/scratch/bzchartu/unsat_2018_solved/avg_true-unreach-call.i.cnf -cpu-lim=10000 -drup-file=/local_ssd/proof.drat"
	User time (seconds): 3025.81
	System time (seconds): 4.64
	Percent of CPU this job got: 99%
	Elapsed (wall clock) time (h:mm:ss or m:ss): 50:30.87
	Average shared text size (kbytes): 0
	Average unshared data size (kbytes): 0
	Average stack size (kbytes): 0
	Average total size (kbytes): 0
	Maximum resident set size (kbytes): 165412
	Average resident set size (kbytes): 0
	Major (requiring I/O) page faults: 3
	Minor (reclaiming a frame) page faults: 1485528
	Voluntary context switches: 303
	Involuntary context switches: 1959
	Swaps: 0
	File system inputs: 51048
	File system outputs: 14854952
	Socket messages sent: 0
	Socket messages received: 0
	Signals delivered: 0
	Page size (bytes): 4096
	Exit status: 20
SOLVE_W_TIME,	Elapsed (wall clock) time (h:mm:ss or m:ss): 50:30.87
c This is MapleLCMDistChronoBT.
c WARNING: for repeatability, setting FPU to use double precision
c Analyzer is deactivated by mode: 1 and dyn: 1
c ============================[ Problem Statistics ]=============================
c |                                                                             |
c |  Number of variables:         73998                                         |
c |  Number of clauses:          296809                                         |
c |  Parse time:                   0.15 s                                       |
c |  Eliminated clauses:           1.24 Mb                                      |
c Reduced to 24828 vars, 155851 cls (grow=0)
c |  Eliminated clauses:           1.73 Mb                                      |
c Reduced to 19110 vars, 152783 cls (grow=8)
c cl_inc_rate=0.980, var_dec_rate=1.299
c |  Eliminated clauses:           1.86 Mb                                      |
c Reduced to 17791 vars, 160726 cls (grow=16)
c cl_inc_rate=1.052, var_dec_rate=1.074
c |  Eliminated clauses:           2.37 Mb                                      |
c Reduced to 14196 vars, 230554 cls (grow=32)
c cl_inc_rate=1.434, var_dec_rate=1.253
c No. effective iterative eliminations: 3
c |  Simplification time:          0.74 s                                       |
c |                                                                             |
c running deterministic with LRB
c ============================[ Search Statistics ]==============================
c | Conflicts |          ORIGINAL         |          LEARNT          | Progress |
c |           |    Vars  Clauses Literals |    Limit  Clauses Lit/Cl |          |
c ===============================================================================
c ===============================================================================
c restarts              : 37553
c conflicts             : 27305644       (9024 /sec)
c decisions             : 42775530       (0.00 % random) (14137 /sec)
c propagations          : 6720460283     (2221047 /sec)
c conflict literals     : 1302959611     (36.69 % deleted)
c backtracks            : 27305498       (NCB 100% , CB 0%)
c Memory used           : 191.00 MB
c CPU time              : 3025.81 s

s UNSATISFIABLE
DRAT_SIZE: 7427472	/local_ssd/proof.drat
s UNSATISFIABLE
/local_ssd/proof.drat
	Command being timed: "/nfs/scratch/bzchartu/programs/maplechronobt_proof_analyze/drat-trim/drat-trim /nfs/scratch/bzchartu/unsat_2018_solved/avg_true-unreach-call.i.cnf /local_ssd/proof.drat -L /local_ssd/proof.lrat -t 200000"
	User time (seconds): 1714.34
	System time (seconds): 24.22
	Percent of CPU this job got: 100%
	Elapsed (wall clock) time (h:mm:ss or m:ss): 28:58.49
	Average shared text size (kbytes): 0
	Average unshared data size (kbytes): 0
	Average stack size (kbytes): 0
	Average total size (kbytes): 0
	Maximum resident set size (kbytes): 15095332
	Average resident set size (kbytes): 0
	Major (requiring I/O) page faults: 1
	Minor (reclaiming a frame) page faults: 16134598
	Voluntary context switches: 485
	Involuntary context switches: 685
	Swaps: 0
	File system inputs: 88
	File system outputs: 31074424
	Socket messages sent: 0
	Socket messages received: 0
	Signals delivered: 0
	Page size (bytes): 4096
	Exit status: 0
DRAT_W_TIME,	Elapsed (wall clock) time (h:mm:ss or m:ss): 28:58.49
c turning on binary mode checking
c parsing input formula with 73998 variables and 303969 clauses
c finished parsing, read 7605724217 bytes from proof file
c detected empty clause; start verification via backward checking
c 75525 of 303969 clauses in core                            
c 3119994 of 28278250 lemmas in core using 2177026053 resolution steps
c 0 RAT lemmas in core; 285 redundant literals in core lemmas
s VERIFIED
c verification time: 1738.043 seconds
LRAT_SIZE: 15537212	/local_ssd/proof.lrat
s VERIFIED
/local_ssd/proof.lrat
	Command being timed: "/nfs/scratch/bzchartu/programs/maplechronobt_proof_analyze/drat-trim/lrat-check /nfs/scratch/bzchartu/unsat_2018_solved/avg_true-unreach-call.i.cnf /local_ssd/proof.lrat"
	User time (seconds): 312.57
	System time (seconds): 4.36
	Percent of CPU this job got: 99%
	Elapsed (wall clock) time (h:mm:ss or m:ss): 5:17.04
	Average shared text size (kbytes): 0
	Average unshared data size (kbytes): 0
	Average stack size (kbytes): 0
	Average total size (kbytes): 0
	Maximum resident set size (kbytes): 435768
	Average resident set size (kbytes): 0
	Major (requiring I/O) page faults: 0
	Minor (reclaiming a frame) page faults: 226562
	Voluntary context switches: 30
	Involuntary context switches: 83
	Swaps: 0
	File system inputs: 32
	File system outputs: 8
	Socket messages sent: 0
	Socket messages received: 0
	Signals delivered: 0
	Page size (bytes): 4096
	Exit status: 0
LRAT_W_TIME,	Elapsed (wall clock) time (h:mm:ss or m:ss): 5:17.04
c parsed a formula with 73998 variables and 303969 clauses
c VERIFIED
c Added clauses = 3423963.  Deleted clauses = 3423564.  Max live clauses = 303969
c verification time = 316.90 secs
c VERIFIED
OVERVIEW_HEADER,benchmark,solve mem,solve time,drat kb,drat sec,lrat kb,lrat sec,restarts,decisions,conflicts,propagations
OVERVIEW_CSV,/nfs/scratch/bzchartu/unsat_2018_solved/avg_true-unreach-call.i.cnf,	Elapsed (wall clock) time (h:mm:ss or m:ss): 50:30.87,	Maximum resident set size (kbytes): 165412,7427472	/local_ssd/proof.drat,	Elapsed (wall clock) time (h:mm:ss or m:ss): 28:58.49,15537212	/local_ssd/proof.lrat,	Elapsed (wall clock) time (h:mm:ss or m:ss): 5:17.04,c restarts              : 37553,c decisions             : 42775530       (0.00 % random) (14137 /sec),c conflicts             : 27305644       (9024 /sec),c propagations          : 6720460283     (2221047 /sec)
