SOLVERNAME,STD
BENCHNAME,/nfs/scratch/bzchartu/unsat_2018_solved/e_rphp035_05.cnf
running lrb Bench '/nfs/scratch/bzchartu/unsat_2018_solved/e_rphp035_05.cnf' on cumu02-15
Command exited with non-zero status 20
	Command being timed: "/nfs/scratch/bzchartu/programs/maplechronobt_proof_analyze/sources/simp/glucose_release -det=lrb /nfs/scratch/bzchartu/unsat_2018_solved/e_rphp035_05.cnf -cpu-lim=10000 -drup-file=/local_ssd/proof.drat"
	User time (seconds): 480.97
	System time (seconds): 0.58
	Percent of CPU this job got: 99%
	Elapsed (wall clock) time (h:mm:ss or m:ss): 8:02.05
	Average shared text size (kbytes): 0
	Average unshared data size (kbytes): 0
	Average stack size (kbytes): 0
	Average total size (kbytes): 0
	Maximum resident set size (kbytes): 86208
	Average resident set size (kbytes): 0
	Major (requiring I/O) page faults: 3
	Minor (reclaiming a frame) page faults: 201895
	Voluntary context switches: 81
	Involuntary context switches: 346
	Swaps: 0
	File system inputs: 39080
	File system outputs: 1711488
	Socket messages sent: 0
	Socket messages received: 0
	Signals delivered: 0
	Page size (bytes): 4096
	Exit status: 20
SOLVE_W_TIME,	Elapsed (wall clock) time (h:mm:ss or m:ss): 8:02.05
c This is MapleLCMDistChronoBT.
c WARNING: for repeatability, setting FPU to use double precision
c Analyzer is deactivated by mode: 1 and dyn: 1
c ============================[ Problem Statistics ]=============================
c |                                                                             |
c |  Number of variables:          2960                                         |
c |  Number of clauses:            5555                                         |
c |  Parse time:                   0.00 s                                       |
c |  Eliminated clauses:           0.06 Mb                                      |
c Reduced to 310 vars, 2905 cls (grow=0)
c No iterative elimination performed. (vars=310, c/v ratio=9.4)
c |  Simplification time:          0.01 s                                       |
c |                                                                             |
c running deterministic with LRB
c ============================[ Search Statistics ]==============================
c | Conflicts |          ORIGINAL         |          LEARNT          | Progress |
c |           |    Vars  Clauses Literals |    Limit  Clauses Lit/Cl |          |
c ===============================================================================
c ===============================================================================
c restarts              : 16906
c conflicts             : 11618338       (24156 /sec)
c decisions             : 43819009       (0.00 % random) (91105 /sec)
c propagations          : 285046276      (592646 /sec)
c conflict literals     : 216630665      (30.70 % deleted)
c backtracks            : 11617882       (NCB 100% , CB 0%)
c Memory used           : 104.00 MB
c CPU time              : 480.972 s

s UNSATISFIABLE
DRAT_SIZE: 855740	/local_ssd/proof.drat
s UNSATISFIABLE
/local_ssd/proof.drat
	Command being timed: "/nfs/scratch/bzchartu/programs/maplechronobt_proof_analyze/drat-trim/drat-trim /nfs/scratch/bzchartu/unsat_2018_solved/e_rphp035_05.cnf /local_ssd/proof.drat -L /local_ssd/proof.lrat -t 200000"
	User time (seconds): 4194.36
	System time (seconds): 6.97
	Percent of CPU this job got: 100%
	Elapsed (wall clock) time (h:mm:ss or m:ss): 1:10:01
	Average shared text size (kbytes): 0
	Average unshared data size (kbytes): 0
	Average stack size (kbytes): 0
	Average total size (kbytes): 0
	Maximum resident set size (kbytes): 3186784
	Average resident set size (kbytes): 0
	Major (requiring I/O) page faults: 1
	Minor (reclaiming a frame) page faults: 7908481
	Voluntary context switches: 35
	Involuntary context switches: 4743
	Swaps: 0
	File system inputs: 88
	File system outputs: 4074992
	Socket messages sent: 0
	Socket messages received: 0
	Signals delivered: 0
	Page size (bytes): 4096
	Exit status: 0
DRAT_W_TIME,	Elapsed (wall clock) time (h:mm:ss or m:ss): 1:10:01
c turning on binary mode checking
c parsing input formula with 2960 variables and 5555 clauses
c finished parsing, read 876271781 bytes from proof file
c detected empty clause; start verification via backward checking
c 5555 of 5555 clauses in core                            
c 10849182 of 12478923 lemmas in core using 196133719 resolution steps
c 0 RAT lemmas in core; 0 redundant literals in core lemmas
s VERIFIED
c verification time: 4201.190 seconds
LRAT_SIZE: 2037492	/local_ssd/proof.lrat
s VERIFIED
/local_ssd/proof.lrat
	Command being timed: "/nfs/scratch/bzchartu/programs/maplechronobt_proof_analyze/drat-trim/lrat-check /nfs/scratch/bzchartu/unsat_2018_solved/e_rphp035_05.cnf /local_ssd/proof.lrat"
	User time (seconds): 48.99
	System time (seconds): 0.90
	Percent of CPU this job got: 99%
	Elapsed (wall clock) time (h:mm:ss or m:ss): 0:50.04
	Average shared text size (kbytes): 0
	Average unshared data size (kbytes): 0
	Average stack size (kbytes): 0
	Average total size (kbytes): 0
	Maximum resident set size (kbytes): 849444
	Average resident set size (kbytes): 0
	Major (requiring I/O) page faults: 0
	Minor (reclaiming a frame) page faults: 301757
	Voluntary context switches: 30
	Involuntary context switches: 16
	Swaps: 0
	File system inputs: 32
	File system outputs: 8
	Socket messages sent: 0
	Socket messages received: 0
	Signals delivered: 0
	Page size (bytes): 4096
	Exit status: 0
LRAT_W_TIME,	Elapsed (wall clock) time (h:mm:ss or m:ss): 0:50.04
c parsed a formula with 2960 variables and 5555 clauses
c VERIFIED
c Added clauses = 10854737.  Deleted clauses = 10854707.  Max live clauses = 61763
c verification time = 49.87 secs
c VERIFIED
OVERVIEW_HEADER,benchmark,solve mem,solve time,drat kb,drat sec,lrat kb,lrat sec,restarts,decisions,conflicts,propagations
OVERVIEW_CSV,/nfs/scratch/bzchartu/unsat_2018_solved/e_rphp035_05.cnf,	Elapsed (wall clock) time (h:mm:ss or m:ss): 8:02.05,	Maximum resident set size (kbytes): 86208,855740	/local_ssd/proof.drat,	Elapsed (wall clock) time (h:mm:ss or m:ss): 1:10:01,2037492	/local_ssd/proof.lrat,	Elapsed (wall clock) time (h:mm:ss or m:ss): 0:50.04,c restarts              : 16906,c decisions             : 43819009       (0.00 % random) (91105 /sec),c conflicts             : 11618338       (24156 /sec),c propagations          : 285046276      (592646 /sec)
