SOLVERNAME,STD
BENCHNAME,/nfs/scratch/bzchartu/unsat_2018_solved/gto_p60c241.cnf
running lrb Bench '/nfs/scratch/bzchartu/unsat_2018_solved/gto_p60c241.cnf' on cumu02-09
Command exited with non-zero status 20
	Command being timed: "/nfs/scratch/bzchartu/programs/maplechronobt_proof_analyze/sources/simp/glucose_release -det=lrb /nfs/scratch/bzchartu/unsat_2018_solved/gto_p60c241.cnf -cpu-lim=10000 -drup-file=/local_ssd/proof.drat"
	User time (seconds): 54.30
	System time (seconds): 0.08
	Percent of CPU this job got: 99%
	Elapsed (wall clock) time (h:mm:ss or m:ss): 0:54.42
	Average shared text size (kbytes): 0
	Average unshared data size (kbytes): 0
	Average stack size (kbytes): 0
	Average total size (kbytes): 0
	Maximum resident set size (kbytes): 24616
	Average resident set size (kbytes): 0
	Major (requiring I/O) page faults: 2
	Minor (reclaiming a frame) page faults: 36202
	Voluntary context switches: 37
	Involuntary context switches: 84
	Swaps: 0
	File system inputs: 36288
	File system outputs: 220536
	Socket messages sent: 0
	Socket messages received: 0
	Signals delivered: 0
	Page size (bytes): 4096
	Exit status: 20
SOLVE_W_TIME,	Elapsed (wall clock) time (h:mm:ss or m:ss): 0:54.42
c This is MapleLCMDistChronoBT.
c WARNING: for repeatability, setting FPU to use double precision
c Analyzer is deactivated by mode: 1 and dyn: 1
c ============================[ Problem Statistics ]=============================
c |                                                                             |
c |  Number of variables:          1046                                         |
c |  Number of clauses:            2849                                         |
c |  Parse time:                   0.00 s                                       |
c |  Eliminated clauses:           0.02 Mb                                      |
c Reduced to 128 vars, 513 cls (grow=0)
c No iterative elimination performed. (vars=128, c/v ratio=4.0)
c |  Simplification time:          0.01 s                                       |
c |                                                                             |
c running deterministic with LRB
c ============================[ Search Statistics ]==============================
c | Conflicts |          ORIGINAL         |          LEARNT          | Progress |
c |           |    Vars  Clauses Literals |    Limit  Clauses Lit/Cl |          |
c ===============================================================================
c ===============================================================================
c restarts              : 2554
c conflicts             : 1302824        (23991 /sec)
c decisions             : 1496611        (0.00 % random) (27560 /sec)
c propagations          : 25134568       (462849 /sec)
c conflict literals     : 26958252       (35.31 % deleted)
c backtracks            : 1302823        (NCB 100% , CB 0%)
c Memory used           : 38.00 MB
c CPU time              : 54.304 s

s UNSATISFIABLE
DRAT_SIZE: 110260	/local_ssd/proof.drat
s UNSATISFIABLE
/local_ssd/proof.drat
	Command being timed: "/nfs/scratch/bzchartu/programs/maplechronobt_proof_analyze/drat-trim/drat-trim /nfs/scratch/bzchartu/unsat_2018_solved/gto_p60c241.cnf /local_ssd/proof.drat -L /local_ssd/proof.lrat -t 200000"
	User time (seconds): 144.06
	System time (seconds): 0.58
	Percent of CPU this job got: 99%
	Elapsed (wall clock) time (h:mm:ss or m:ss): 2:24.68
	Average shared text size (kbytes): 0
	Average unshared data size (kbytes): 0
	Average stack size (kbytes): 0
	Average total size (kbytes): 0
	Maximum resident set size (kbytes): 449648
	Average resident set size (kbytes): 0
	Major (requiring I/O) page faults: 0
	Minor (reclaiming a frame) page faults: 407056
	Voluntary context switches: 15
	Involuntary context switches: 38
	Swaps: 0
	File system inputs: 0
	File system outputs: 671384
	Socket messages sent: 0
	Socket messages received: 0
	Signals delivered: 0
	Page size (bytes): 4096
	Exit status: 0
DRAT_W_TIME,	Elapsed (wall clock) time (h:mm:ss or m:ss): 2:24.68
c turning on binary mode checking
c parsing input formula with 1046 variables and 3673 clauses
c finished parsing, read 112904114 bytes from proof file
c detected empty clause; start verification via backward checking
c 1000 of 3673 clauses in core                            
c 1166121 of 1382620 lemmas in core using 37890477 resolution steps
c 0 RAT lemmas in core; 6 redundant literals in core lemmas
s VERIFIED
c verification time: 144.661 seconds
LRAT_SIZE: 335688	/local_ssd/proof.lrat
s VERIFIED
/local_ssd/proof.lrat
	Command being timed: "/nfs/scratch/bzchartu/programs/maplechronobt_proof_analyze/drat-trim/lrat-check /nfs/scratch/bzchartu/unsat_2018_solved/gto_p60c241.cnf /local_ssd/proof.lrat"
	User time (seconds): 7.93
	System time (seconds): 0.12
	Percent of CPU this job got: 99%
	Elapsed (wall clock) time (h:mm:ss or m:ss): 0:08.06
	Average shared text size (kbytes): 0
	Average unshared data size (kbytes): 0
	Average stack size (kbytes): 0
	Average total size (kbytes): 0
	Maximum resident set size (kbytes): 101144
	Average resident set size (kbytes): 0
	Major (requiring I/O) page faults: 0
	Minor (reclaiming a frame) page faults: 35344
	Voluntary context switches: 17
	Involuntary context switches: 8
	Swaps: 0
	File system inputs: 0
	File system outputs: 8
	Socket messages sent: 0
	Socket messages received: 0
	Signals delivered: 0
	Page size (bytes): 4096
	Exit status: 0
LRAT_W_TIME,	Elapsed (wall clock) time (h:mm:ss or m:ss): 0:08.06
c parsed a formula with 1046 variables and 3673 clauses
c VERIFIED
c Added clauses = 1169794.  Deleted clauses = 1169671.  Max live clauses = 11392
c verification time = 8.06 secs
c VERIFIED
OVERVIEW_HEADER,benchmark,solve mem,solve time,drat kb,drat sec,lrat kb,lrat sec,restarts,decisions,conflicts,propagations
OVERVIEW_CSV,/nfs/scratch/bzchartu/unsat_2018_solved/gto_p60c241.cnf,	Elapsed (wall clock) time (h:mm:ss or m:ss): 0:54.42,	Maximum resident set size (kbytes): 24616,110260	/local_ssd/proof.drat,	Elapsed (wall clock) time (h:mm:ss or m:ss): 2:24.68,335688	/local_ssd/proof.lrat,	Elapsed (wall clock) time (h:mm:ss or m:ss): 0:08.06,c restarts              : 2554,c decisions             : 1496611        (0.00 % random) (27560 /sec),c conflicts             : 1302824        (23991 /sec),c propagations          : 25134568       (462849 /sec)
