SOLVERNAME,STD
BENCHNAME,/nfs/scratch/bzchartu/unsat_2018_solved/Nb27T6.cnf
running lrb Bench '/nfs/scratch/bzchartu/unsat_2018_solved/Nb27T6.cnf' on cumu01-15
Command exited with non-zero status 20
	Command being timed: "/nfs/scratch/bzchartu/programs/maplechronobt_proof_analyze/sources/simp/glucose_release -det=lrb /nfs/scratch/bzchartu/unsat_2018_solved/Nb27T6.cnf -cpu-lim=10000 -drup-file=/local_ssd/proof.drat"
	User time (seconds): 207.19
	System time (seconds): 0.85
	Percent of CPU this job got: 99%
	Elapsed (wall clock) time (h:mm:ss or m:ss): 3:28.08
	Average shared text size (kbytes): 0
	Average unshared data size (kbytes): 0
	Average stack size (kbytes): 0
	Average total size (kbytes): 0
	Maximum resident set size (kbytes): 414308
	Average resident set size (kbytes): 0
	Major (requiring I/O) page faults: 0
	Minor (reclaiming a frame) page faults: 639837
	Voluntary context switches: 21
	Involuntary context switches: 239
	Swaps: 0
	File system inputs: 69200
	File system outputs: 601160
	Socket messages sent: 0
	Socket messages received: 0
	Signals delivered: 0
	Page size (bytes): 4096
	Exit status: 20
SOLVE_W_TIME,	Elapsed (wall clock) time (h:mm:ss or m:ss): 3:28.08
c This is MapleLCMDistChronoBT.
c WARNING: for repeatability, setting FPU to use double precision
c Analyzer is deactivated by mode: 1 and dyn: 1
c ============================[ Problem Statistics ]=============================
c |                                                                             |
c |  Number of variables:        348375                                         |
c |  Number of clauses:         1545480                                         |
c |  Parse time:                   0.45 s                                       |
c |  Eliminated clauses:           8.84 Mb                                      |
c Reduced to 193827 vars, 1545480 cls (grow=0)
c |  Eliminated clauses:          16.21 Mb                                      |
c Reduced to 116553 vars, 1854576 cls (grow=8)
c cl_inc_rate=1.200, var_dec_rate=1.663
c No. effective iterative eliminations: 1
c |  Simplification time:          3.10 s                                       |
c |                                                                             |
c running deterministic with LRB
c ============================[ Search Statistics ]==============================
c | Conflicts |          ORIGINAL         |          LEARNT          | Progress |
c |           |    Vars  Clauses Literals |    Limit  Clauses Lit/Cl |          |
c ===============================================================================
c ===============================================================================
c restarts              : 1652
c conflicts             : 700292         (3380 /sec)
c decisions             : 41767023       (0.00 % random) (201613 /sec)
c propagations          : 457141726      (2206666 /sec)
c conflict literals     : 41650899       (8.50 % deleted)
c backtracks            : 695416         (NCB 96% , CB 4%)
c Memory used           : 475.00 MB
c CPU time              : 207.164 s

s UNSATISFIABLE
DRAT_SIZE: 300568	/local_ssd/proof.drat
s UNSATISFIABLE
/local_ssd/proof.drat
	Command being timed: "/nfs/scratch/bzchartu/programs/maplechronobt_proof_analyze/drat-trim/drat-trim /nfs/scratch/bzchartu/unsat_2018_solved/Nb27T6.cnf /local_ssd/proof.drat -L /local_ssd/proof.lrat -t 200000"
	User time (seconds): 98.49
	System time (seconds): 0.76
	Percent of CPU this job got: 99%
	Elapsed (wall clock) time (h:mm:ss or m:ss): 1:39.27
	Average shared text size (kbytes): 0
	Average unshared data size (kbytes): 0
	Average stack size (kbytes): 0
	Average total size (kbytes): 0
	Maximum resident set size (kbytes): 619440
	Average resident set size (kbytes): 0
	Major (requiring I/O) page faults: 0
	Minor (reclaiming a frame) page faults: 514199
	Voluntary context switches: 17
	Involuntary context switches: 115
	Swaps: 0
	File system inputs: 0
	File system outputs: 400304
	Socket messages sent: 0
	Socket messages received: 0
	Signals delivered: 0
	Page size (bytes): 4096
	Exit status: 0
DRAT_W_TIME,	Elapsed (wall clock) time (h:mm:ss or m:ss): 1:39.27
c turning on binary mode checking
c parsing input formula with 348375 variables and 1545480 clauses
c finished parsing, read 307781630 bytes from proof file
c detected empty clause; start verification via backward checking
c 52948 of 1545480 clauses in core                            
c 597540 of 3248845 lemmas in core using 14363388 resolution steps
c 0 RAT lemmas in core; 0 redundant literals in core lemmas
s VERIFIED
c verification time: 99.188 seconds
LRAT_SIZE: 200148	/local_ssd/proof.lrat
s VERIFIED
/local_ssd/proof.lrat
	Command being timed: "/nfs/scratch/bzchartu/programs/maplechronobt_proof_analyze/drat-trim/lrat-check /nfs/scratch/bzchartu/unsat_2018_solved/Nb27T6.cnf /local_ssd/proof.lrat"
	User time (seconds): 4.27
	System time (seconds): 0.12
	Percent of CPU this job got: 99%
	Elapsed (wall clock) time (h:mm:ss or m:ss): 0:04.39
	Average shared text size (kbytes): 0
	Average unshared data size (kbytes): 0
	Average stack size (kbytes): 0
	Average total size (kbytes): 0
	Maximum resident set size (kbytes): 206336
	Average resident set size (kbytes): 0
	Major (requiring I/O) page faults: 0
	Minor (reclaiming a frame) page faults: 59867
	Voluntary context switches: 17
	Involuntary context switches: 5
	Swaps: 0
	File system inputs: 0
	File system outputs: 8
	Socket messages sent: 0
	Socket messages received: 0
	Signals delivered: 0
	Page size (bytes): 4096
	Exit status: 0
LRAT_W_TIME,	Elapsed (wall clock) time (h:mm:ss or m:ss): 0:04.39
c parsed a formula with 348375 variables and 1545480 clauses
c VERIFIED
c Added clauses = 2143020.  Deleted clauses = 2142990.  Max live clauses = 1545480
c verification time = 4.39 secs
c VERIFIED
OVERVIEW_HEADER,benchmark,solve mem,solve time,drat kb,drat sec,lrat kb,lrat sec,restarts,decisions,conflicts,propagations
OVERVIEW_CSV,/nfs/scratch/bzchartu/unsat_2018_solved/Nb27T6.cnf,	Elapsed (wall clock) time (h:mm:ss or m:ss): 3:28.08,	Maximum resident set size (kbytes): 414308,300568	/local_ssd/proof.drat,	Elapsed (wall clock) time (h:mm:ss or m:ss): 1:39.27,200148	/local_ssd/proof.lrat,	Elapsed (wall clock) time (h:mm:ss or m:ss): 0:04.39,c restarts              : 1652,c decisions             : 41767023       (0.00 % random) (201613 /sec),c conflicts             : 700292         (3380 /sec),c propagations          : 457141726      (2206666 /sec)
