SOLVERNAME,STD
BENCHNAME,/nfs/scratch/bzchartu/unsat_2018_solved/T125.2.0.cnf
running lrb Bench '/nfs/scratch/bzchartu/unsat_2018_solved/T125.2.0.cnf' on cumu02-07
Command exited with non-zero status 20
	Command being timed: "/nfs/scratch/bzchartu/programs/maplechronobt_proof_analyze/sources/simp/glucose_release -det=lrb /nfs/scratch/bzchartu/unsat_2018_solved/T125.2.0.cnf -cpu-lim=10000 -drup-file=/local_ssd/proof.drat"
	User time (seconds): 228.64
	System time (seconds): 3.58
	Percent of CPU this job got: 99%
	Elapsed (wall clock) time (h:mm:ss or m:ss): 3:52.29
	Average shared text size (kbytes): 0
	Average unshared data size (kbytes): 0
	Average stack size (kbytes): 0
	Average total size (kbytes): 0
	Maximum resident set size (kbytes): 2020924
	Average resident set size (kbytes): 0
	Major (requiring I/O) page faults: 0
	Minor (reclaiming a frame) page faults: 3925063
	Voluntary context switches: 29
	Involuntary context switches: 1030
	Swaps: 0
	File system inputs: 479808
	File system outputs: 1682344
	Socket messages sent: 0
	Socket messages received: 0
	Signals delivered: 0
	Page size (bytes): 4096
	Exit status: 20
SOLVE_W_TIME,	Elapsed (wall clock) time (h:mm:ss or m:ss): 3:52.29
c This is MapleLCMDistChronoBT.
c WARNING: for repeatability, setting FPU to use double precision
c Analyzer is deactivated by mode: 1 and dyn: 1
c ============================[ Problem Statistics ]=============================
c |                                                                             |
c |  Number of variables:       3163789                                         |
c |  Number of clauses:        10911218                                         |
c |  Parse time:                   4.68 s                                       |
c |  Eliminated clauses:         120.93 Mb                                      |
c Reduced to 587691 vars, 3508386 cls (grow=0)
c |  Eliminated clauses:         137.55 Mb                                      |
c Reduced to 384299 vars, 3563553 cls (grow=8)
c cl_inc_rate=1.016, var_dec_rate=1.529
c |  Eliminated clauses:         140.79 Mb                                      |
c Reduced to 353755 vars, 3706003 cls (grow=16)
c cl_inc_rate=1.040, var_dec_rate=1.086
c |  Eliminated clauses:         146.34 Mb                                      |
c Reduced to 313926 vars, 3915464 cls (grow=32)
c cl_inc_rate=1.057, var_dec_rate=1.127
c |  Eliminated clauses:         154.78 Mb                                      |
c Reduced to 264212 vars, 4791548 cls (grow=64)
c cl_inc_rate=1.224, var_dec_rate=1.188
c No. effective iterative eliminations: 4
c |  Simplification time:         80.56 s                                       |
c |                                                                             |
c running deterministic with LRB
c ============================[ Search Statistics ]==============================
c | Conflicts |          ORIGINAL         |          LEARNT          | Progress |
c |           |    Vars  Clauses Literals |    Limit  Clauses Lit/Cl |          |
c ===============================================================================
c ===============================================================================
c restarts              : 594
c conflicts             : 230261         (1008 /sec)
c decisions             : 2406606        (0.00 % random) (10535 /sec)
c propagations          : 310342086      (1358575 /sec)
c conflict literals     : 10959625       (22.66 % deleted)
c backtracks            : 229412         (NCB 99% , CB 1%)
c Memory used           : 2415.00 MB
c CPU time              : 228.432 s

s UNSATISFIABLE
DRAT_SIZE: 841164	/local_ssd/proof.drat
s UNSATISFIABLE
/local_ssd/proof.drat
	Command being timed: "/nfs/scratch/bzchartu/programs/maplechronobt_proof_analyze/drat-trim/drat-trim /nfs/scratch/bzchartu/unsat_2018_solved/T125.2.0.cnf /local_ssd/proof.drat -L /local_ssd/proof.lrat -t 200000"
	User time (seconds): 72.57
	System time (seconds): 1.93
	Percent of CPU this job got: 99%
	Elapsed (wall clock) time (h:mm:ss or m:ss): 1:14.51
	Average shared text size (kbytes): 0
	Average unshared data size (kbytes): 0
	Average stack size (kbytes): 0
	Average total size (kbytes): 0
	Maximum resident set size (kbytes): 2448360
	Average resident set size (kbytes): 0
	Major (requiring I/O) page faults: 0
	Minor (reclaiming a frame) page faults: 1616950
	Voluntary context switches: 17
	Involuntary context switches: 47
	Swaps: 0
	File system inputs: 0
	File system outputs: 478528
	Socket messages sent: 0
	Socket messages received: 0
	Signals delivered: 0
	Page size (bytes): 4096
	Exit status: 0
DRAT_W_TIME,	Elapsed (wall clock) time (h:mm:ss or m:ss): 1:14.51
c turning on binary mode checking
c parsing input formula with 3163789 variables and 10911218 clauses
c finished parsing, read 861345215 bytes from proof file
c detected empty clause; start verification via backward checking
c 453609 of 10911218 clauses in core                            
c 688323 of 19612642 lemmas in core using 12480079 resolution steps
c 0 RAT lemmas in core; 19 redundant literals in core lemmas
s VERIFIED
c verification time: 73.660 seconds
LRAT_SIZE: 239260	/local_ssd/proof.lrat
s VERIFIED
/local_ssd/proof.lrat
	Command being timed: "/nfs/scratch/bzchartu/programs/maplechronobt_proof_analyze/drat-trim/lrat-check /nfs/scratch/bzchartu/unsat_2018_solved/T125.2.0.cnf /local_ssd/proof.lrat"
	User time (seconds): 8.79
	System time (seconds): 0.60
	Percent of CPU this job got: 99%
	Elapsed (wall clock) time (h:mm:ss or m:ss): 0:09.40
	Average shared text size (kbytes): 0
	Average unshared data size (kbytes): 0
	Average stack size (kbytes): 0
	Average total size (kbytes): 0
	Maximum resident set size (kbytes): 1370176
	Average resident set size (kbytes): 0
	Major (requiring I/O) page faults: 0
	Minor (reclaiming a frame) page faults: 409011
	Voluntary context switches: 17
	Involuntary context switches: 14
	Swaps: 0
	File system inputs: 0
	File system outputs: 8
	Socket messages sent: 0
	Socket messages received: 0
	Signals delivered: 0
	Page size (bytes): 4096
	Exit status: 0
LRAT_W_TIME,	Elapsed (wall clock) time (h:mm:ss or m:ss): 0:09.40
c parsed a formula with 3163789 variables and 10911218 clauses
c VERIFIED
c Added clauses = 11599541.  Deleted clauses = 11596710.  Max live clauses = 10911218
c verification time = 9.37 secs
c VERIFIED
OVERVIEW_HEADER,benchmark,solve mem,solve time,drat kb,drat sec,lrat kb,lrat sec,restarts,decisions,conflicts,propagations
OVERVIEW_CSV,/nfs/scratch/bzchartu/unsat_2018_solved/T125.2.0.cnf,	Elapsed (wall clock) time (h:mm:ss or m:ss): 3:52.29,	Maximum resident set size (kbytes): 2020924,841164	/local_ssd/proof.drat,	Elapsed (wall clock) time (h:mm:ss or m:ss): 1:14.51,239260	/local_ssd/proof.lrat,	Elapsed (wall clock) time (h:mm:ss or m:ss): 0:09.40,c restarts              : 594,c decisions             : 2406606        (0.00 % random) (10535 /sec),c conflicts             : 230261         (1008 /sec),c propagations          : 310342086      (1358575 /sec)
