SOLVERNAME,STD
BENCHNAME,/nfs/scratch/bzchartu/unsat_2018_solved/a_rphp098_04.cnf
running lrb Bench '/nfs/scratch/bzchartu/unsat_2018_solved/a_rphp098_04.cnf' on cumu01-11
Command exited with non-zero status 20
	Command being timed: "/nfs/scratch/bzchartu/programs/maplechronobt_proof_analyze/sources/simp/glucose_release -det=lrb /nfs/scratch/bzchartu/unsat_2018_solved/a_rphp098_04.cnf -cpu-lim=10000 -drup-file=/local_ssd/proof.drat"
	User time (seconds): 4800.65
	System time (seconds): 19.97
	Percent of CPU this job got: 99%
	Elapsed (wall clock) time (h:mm:ss or m:ss): 1:20:21
	Average shared text size (kbytes): 0
	Average unshared data size (kbytes): 0
	Average stack size (kbytes): 0
	Average total size (kbytes): 0
	Maximum resident set size (kbytes): 300204
	Average resident set size (kbytes): 0
	Major (requiring I/O) page faults: 3
	Minor (reclaiming a frame) page faults: 11871547
	Voluntary context switches: 355
	Involuntary context switches: 3013
	Swaps: 0
	File system inputs: 39840
	File system outputs: 16066440
	Socket messages sent: 0
	Socket messages received: 0
	Signals delivered: 0
	Page size (bytes): 4096
	Exit status: 20
SOLVE_W_TIME,	Elapsed (wall clock) time (h:mm:ss or m:ss): 1:20:21
c This is MapleLCMDistChronoBT.
c WARNING: for repeatability, setting FPU to use double precision
c Analyzer is deactivated by mode: 1 and dyn: 1
c ============================[ Problem Statistics ]=============================
c |                                                                             |
c |  Number of variables:           833                                         |
c |  Number of clauses:           22593                                         |
c |  Parse time:                   0.00 s                                       |
c |  Eliminated clauses:           0.00 Mb                                      |
c Reduced to 734 vars, 21315 cls (grow=0)
c No iterative elimination performed. (vars=734, c/v ratio=29.0)
c |  Simplification time:          0.08 s                                       |
c |                                                                             |
c running deterministic with LRB
c ============================[ Search Statistics ]==============================
c | Conflicts |          ORIGINAL         |          LEARNT          | Progress |
c |           |    Vars  Clauses Literals |    Limit  Clauses Lit/Cl |          |
c ===============================================================================
c ===============================================================================
c restarts              : 65711
c conflicts             : 47933507       (9985 /sec)
c decisions             : 585704607      (0.00 % random) (122005 /sec)
c propagations          : 2358290473     (491244 /sec)
c conflict literals     : 2151748772     (26.82 % deleted)
c backtracks            : 46863010       (NCB 96% , CB 4%)
c Memory used           : 336.00 MB
c CPU time              : 4800.65 s

s UNSATISFIABLE
DRAT_SIZE: 8033216	/local_ssd/proof.drat
s UNSATISFIABLE
/local_ssd/proof.drat
	Command being timed: "/nfs/scratch/bzchartu/programs/maplechronobt_proof_analyze/drat-trim/drat-trim /nfs/scratch/bzchartu/unsat_2018_solved/a_rphp098_04.cnf /local_ssd/proof.drat -L /local_ssd/proof.lrat -t 200000"
	User time (seconds): 21524.47
	System time (seconds): 141.62
	Percent of CPU this job got: 100%
	Elapsed (wall clock) time (h:mm:ss or m:ss): 6:01:05
	Average shared text size (kbytes): 0
	Average unshared data size (kbytes): 0
	Average stack size (kbytes): 0
	Average total size (kbytes): 0
	Maximum resident set size (kbytes): 20317416
	Average resident set size (kbytes): 0
	Major (requiring I/O) page faults: 1
	Minor (reclaiming a frame) page faults: 225736198
	Voluntary context switches: 288
	Involuntary context switches: 7999
	Swaps: 0
	File system inputs: 88
	File system outputs: 22139016
	Socket messages sent: 0
	Socket messages received: 0
	Signals delivered: 0
	Page size (bytes): 4096
	Exit status: 0
DRAT_W_TIME,	Elapsed (wall clock) time (h:mm:ss or m:ss): 6:01:05
c turning on binary mode checking
c parsing input formula with 833 variables and 22593 clauses
c finished parsing, read 8226007160 bytes from proof file
c detected empty clause; start verification via backward checking
c 21400 of 22593 clauses in core                            
c 34359468 of 51000933 lemmas in core using 1138050279 resolution steps
c 0 RAT lemmas in core; 0 redundant literals in core lemmas
s VERIFIED
c verification time: 21664.775 seconds
LRAT_SIZE: 11069508	/local_ssd/proof.lrat
s VERIFIED
/local_ssd/proof.lrat
	Command being timed: "/nfs/scratch/bzchartu/programs/maplechronobt_proof_analyze/drat-trim/lrat-check /nfs/scratch/bzchartu/unsat_2018_solved/a_rphp098_04.cnf /local_ssd/proof.lrat"
	User time (seconds): 247.40
	System time (seconds): 4.71
	Percent of CPU this job got: 99%
	Elapsed (wall clock) time (h:mm:ss or m:ss): 4:12.24
	Average shared text size (kbytes): 0
	Average unshared data size (kbytes): 0
	Average stack size (kbytes): 0
	Average total size (kbytes): 0
	Maximum resident set size (kbytes): 4751152
	Average resident set size (kbytes): 0
	Major (requiring I/O) page faults: 0
	Minor (reclaiming a frame) page faults: 1446852
	Voluntary context switches: 30
	Involuntary context switches: 319
	Swaps: 0
	File system inputs: 32
	File system outputs: 8
	Socket messages sent: 0
	Socket messages received: 0
	Signals delivered: 0
	Page size (bytes): 4096
	Exit status: 0
LRAT_W_TIME,	Elapsed (wall clock) time (h:mm:ss or m:ss): 4:12.24
c parsed a formula with 833 variables and 22593 clauses
c VERIFIED
c Added clauses = 34382061.  Deleted clauses = 34381907.  Max live clauses = 271986
c verification time = 251.95 secs
c VERIFIED
OVERVIEW_HEADER,benchmark,solve mem,solve time,drat kb,drat sec,lrat kb,lrat sec,restarts,decisions,conflicts,propagations
OVERVIEW_CSV,/nfs/scratch/bzchartu/unsat_2018_solved/a_rphp098_04.cnf,	Elapsed (wall clock) time (h:mm:ss or m:ss): 1:20:21,	Maximum resident set size (kbytes): 300204,8033216	/local_ssd/proof.drat,	Elapsed (wall clock) time (h:mm:ss or m:ss): 6:01:05,11069508	/local_ssd/proof.lrat,	Elapsed (wall clock) time (h:mm:ss or m:ss): 4:12.24,c restarts              : 65711,c decisions             : 585704607      (0.00 % random) (122005 /sec),c conflicts             : 47933507       (9985 /sec),c propagations          : 2358290473     (491244 /sec)
