SOLVERNAME,STD
BENCHNAME,/nfs/scratch/bzchartu/unsat_2018_solved/mchess_16.cnf
running lrb Bench '/nfs/scratch/bzchartu/unsat_2018_solved/mchess_16.cnf' on cumu02-13
Command exited with non-zero status 20
	Command being timed: "/nfs/scratch/bzchartu/programs/maplechronobt_proof_analyze/sources/simp/glucose_release -det=lrb /nfs/scratch/bzchartu/unsat_2018_solved/mchess_16.cnf -cpu-lim=10000 -drup-file=/local_ssd/proof.drat"
	User time (seconds): 458.45
	System time (seconds): 0.50
	Percent of CPU this job got: 99%
	Elapsed (wall clock) time (h:mm:ss or m:ss): 7:39.00
	Average shared text size (kbytes): 0
	Average unshared data size (kbytes): 0
	Average stack size (kbytes): 0
	Average total size (kbytes): 0
	Maximum resident set size (kbytes): 58992
	Average resident set size (kbytes): 0
	Major (requiring I/O) page faults: 2
	Minor (reclaiming a frame) page faults: 109696
	Voluntary context switches: 79
	Involuntary context switches: 664
	Swaps: 0
	File system inputs: 36232
	File system outputs: 1672936
	Socket messages sent: 0
	Socket messages received: 0
	Signals delivered: 0
	Page size (bytes): 4096
	Exit status: 20
SOLVE_W_TIME,	Elapsed (wall clock) time (h:mm:ss or m:ss): 7:39.00
c This is MapleLCMDistChronoBT.
c WARNING: for repeatability, setting FPU to use double precision
c Analyzer is deactivated by mode: 1 and dyn: 1
c ============================[ Problem Statistics ]=============================
c |                                                                             |
c |  Number of variables:           480                                         |
c |  Number of clauses:            1592                                         |
c |  Parse time:                   0.00 s                                       |
c |  Eliminated clauses:           0.01 Mb                                      |
c Reduced to 329 vars, 1316 cls (grow=0)
c No iterative elimination performed. (vars=329, c/v ratio=4.0)
c |  Simplification time:          0.00 s                                       |
c |                                                                             |
c running deterministic with LRB
c ============================[ Search Statistics ]==============================
c | Conflicts |          ORIGINAL         |          LEARNT          | Progress |
c |           |    Vars  Clauses Literals |    Limit  Clauses Lit/Cl |          |
c ===============================================================================
c ===============================================================================
c restarts              : 19446
c conflicts             : 13000028       (28357 /sec)
c decisions             : 15428248       (0.00 % random) (33653 /sec)
c propagations          : 233857370      (510107 /sec)
c conflict literals     : 211594513      (32.02 % deleted)
c backtracks            : 13000027       (NCB 100% , CB 0%)
c Memory used           : 76.00 MB
c CPU time              : 458.448 s

s UNSATISFIABLE
DRAT_SIZE: 836464	/local_ssd/proof.drat
s UNSATISFIABLE
/local_ssd/proof.drat
	Command being timed: "/nfs/scratch/bzchartu/programs/maplechronobt_proof_analyze/drat-trim/drat-trim /nfs/scratch/bzchartu/unsat_2018_solved/mchess_16.cnf /local_ssd/proof.drat -L /local_ssd/proof.lrat -t 200000"
	User time (seconds): 2310.26
	System time (seconds): 5.62
	Percent of CPU this job got: 99%
	Elapsed (wall clock) time (h:mm:ss or m:ss): 38:36.24
	Average shared text size (kbytes): 0
	Average unshared data size (kbytes): 0
	Average stack size (kbytes): 0
	Average total size (kbytes): 0
	Maximum resident set size (kbytes): 3301252
	Average resident set size (kbytes): 0
	Major (requiring I/O) page faults: 0
	Minor (reclaiming a frame) page faults: 5697867
	Voluntary context switches: 53
	Involuntary context switches: 621
	Swaps: 0
	File system inputs: 0
	File system outputs: 5060512
	Socket messages sent: 0
	Socket messages received: 0
	Signals delivered: 0
	Page size (bytes): 4096
	Exit status: 0
DRAT_W_TIME,	Elapsed (wall clock) time (h:mm:ss or m:ss): 38:36.24
c turning on binary mode checking
c parsing input formula with 480 variables and 1596 clauses
c finished parsing, read 856531995 bytes from proof file
c detected empty clause; start verification via backward checking
c 1554 of 1596 clauses in core                            
c 11375775 of 13238573 lemmas in core using 234091738 resolution steps
c 0 RAT lemmas in core; 0 redundant literals in core lemmas
s VERIFIED
c verification time: 2316.133 seconds
LRAT_SIZE: 2530256	/local_ssd/proof.lrat
s VERIFIED
/local_ssd/proof.lrat
	Command being timed: "/nfs/scratch/bzchartu/programs/maplechronobt_proof_analyze/drat-trim/lrat-check /nfs/scratch/bzchartu/unsat_2018_solved/mchess_16.cnf /local_ssd/proof.lrat"
	User time (seconds): 58.13
	System time (seconds): 0.96
	Percent of CPU this job got: 99%
	Elapsed (wall clock) time (h:mm:ss or m:ss): 0:59.24
	Average shared text size (kbytes): 0
	Average unshared data size (kbytes): 0
	Average stack size (kbytes): 0
	Average total size (kbytes): 0
	Maximum resident set size (kbytes): 822604
	Average resident set size (kbytes): 0
	Major (requiring I/O) page faults: 0
	Minor (reclaiming a frame) page faults: 337758
	Voluntary context switches: 29
	Involuntary context switches: 17
	Swaps: 0
	File system inputs: 0
	File system outputs: 8
	Socket messages sent: 0
	Socket messages received: 0
	Signals delivered: 0
	Page size (bytes): 4096
	Exit status: 0
LRAT_W_TIME,	Elapsed (wall clock) time (h:mm:ss or m:ss): 0:59.24
c parsed a formula with 480 variables and 1596 clauses
c VERIFIED
c Added clauses = 11377371.  Deleted clauses = 11377343.  Max live clauses = 64974
c verification time = 59.07 secs
c VERIFIED
OVERVIEW_HEADER,benchmark,solve mem,solve time,drat kb,drat sec,lrat kb,lrat sec,restarts,decisions,conflicts,propagations
OVERVIEW_CSV,/nfs/scratch/bzchartu/unsat_2018_solved/mchess_16.cnf,	Elapsed (wall clock) time (h:mm:ss or m:ss): 7:39.00,	Maximum resident set size (kbytes): 58992,836464	/local_ssd/proof.drat,	Elapsed (wall clock) time (h:mm:ss or m:ss): 38:36.24,2530256	/local_ssd/proof.lrat,	Elapsed (wall clock) time (h:mm:ss or m:ss): 0:59.24,c restarts              : 19446,c decisions             : 15428248       (0.00 % random) (33653 /sec),c conflicts             : 13000028       (28357 /sec),c propagations          : 233857370      (510107 /sec)
