SOLVERNAME,STD
BENCHNAME,/nfs/scratch/bzchartu/unsat_2018_solved/Nb45T6.cnf
running lrb Bench '/nfs/scratch/bzchartu/unsat_2018_solved/Nb45T6.cnf' on cumu02-10
Command exited with non-zero status 20
	Command being timed: "/nfs/scratch/bzchartu/programs/maplechronobt_proof_analyze/sources/simp/glucose_release -det=lrb /nfs/scratch/bzchartu/unsat_2018_solved/Nb45T6.cnf -cpu-lim=10000 -drup-file=/local_ssd/proof.drat"
	User time (seconds): 1106.19
	System time (seconds): 4.13
	Percent of CPU this job got: 99%
	Elapsed (wall clock) time (h:mm:ss or m:ss): 18:30.38
	Average shared text size (kbytes): 0
	Average unshared data size (kbytes): 0
	Average stack size (kbytes): 0
	Average total size (kbytes): 0
	Maximum resident set size (kbytes): 1723452
	Average resident set size (kbytes): 0
	Major (requiring I/O) page faults: 2
	Minor (reclaiming a frame) page faults: 4924601
	Voluntary context switches: 37
	Involuntary context switches: 1596
	Swaps: 0
	File system inputs: 387728
	File system outputs: 858712
	Socket messages sent: 0
	Socket messages received: 0
	Signals delivered: 0
	Page size (bytes): 4096
	Exit status: 20
SOLVE_W_TIME,	Elapsed (wall clock) time (h:mm:ss or m:ss): 18:30.38
c This is MapleLCMDistChronoBT.
c WARNING: for repeatability, setting FPU to use double precision
c Analyzer is deactivated by mode: 1 and dyn: 1
c ============================[ Problem Statistics ]=============================
c |                                                                             |
c |  Number of variables:       1623099                                         |
c |  Number of clauses:         7209000                                         |
c |  Parse time:                   2.24 s                                       |
c |  Eliminated clauses:          41.25 Mb                                      |
c Reduced to 902199 vars, 7209000 cls (grow=0)
c |  Eliminated clauses:          75.63 Mb                                      |
c Reduced to 541749 vars, 8650800 cls (grow=8)
c cl_inc_rate=1.200, var_dec_rate=1.665
c No. effective iterative eliminations: 1
c |  Simplification time:         15.31 s                                       |
c |                                                                             |
c running deterministic with LRB
c ============================[ Search Statistics ]==============================
c | Conflicts |          ORIGINAL         |          LEARNT          | Progress |
c |           |    Vars  Clauses Literals |    Limit  Clauses Lit/Cl |          |
c ===============================================================================
c ===============================================================================
c restarts              : 1781
c conflicts             : 796876         (721 /sec)
c decisions             : 305948382      (0.00 % random) (276641 /sec)
c propagations          : 1895001859     (1713476 /sec)
c conflict literals     : 14628213       (22.23 % deleted)
c backtracks            : 790645         (NCB 97% , CB 3%)
c Memory used           : 1988.00 MB
c CPU time              : 1105.94 s

s UNSATISFIABLE
DRAT_SIZE: 429344	/local_ssd/proof.drat
s UNSATISFIABLE
/local_ssd/proof.drat
	Command being timed: "/nfs/scratch/bzchartu/programs/maplechronobt_proof_analyze/drat-trim/drat-trim /nfs/scratch/bzchartu/unsat_2018_solved/Nb45T6.cnf /local_ssd/proof.drat -L /local_ssd/proof.lrat -t 200000"
	User time (seconds): 218.32
	System time (seconds): 2.09
	Percent of CPU this job got: 99%
	Elapsed (wall clock) time (h:mm:ss or m:ss): 3:40.42
	Average shared text size (kbytes): 0
	Average unshared data size (kbytes): 0
	Average stack size (kbytes): 0
	Average total size (kbytes): 0
	Maximum resident set size (kbytes): 1653380
	Average resident set size (kbytes): 0
	Major (requiring I/O) page faults: 0
	Minor (reclaiming a frame) page faults: 2215986
	Voluntary context switches: 19
	Involuntary context switches: 262
	Swaps: 0
	File system inputs: 0
	File system outputs: 597008
	Socket messages sent: 0
	Socket messages received: 0
	Signals delivered: 0
	Page size (bytes): 4096
	Exit status: 0
DRAT_W_TIME,	Elapsed (wall clock) time (h:mm:ss or m:ss): 3:40.42
c turning on binary mode checking
c parsing input formula with 1623099 variables and 7209000 clauses
c finished parsing, read 439646474 bytes from proof file
c detected empty clause; start verification via backward checking
c 94035 of 7209000 clauses in core                            
c 715533 of 12420902 lemmas in core using 16651115 resolution steps
c 0 RAT lemmas in core; 0 redundant literals in core lemmas
s VERIFIED
c verification time: 220.013 seconds
LRAT_SIZE: 298500	/local_ssd/proof.lrat
s VERIFIED
/local_ssd/proof.lrat
	Command being timed: "/nfs/scratch/bzchartu/programs/maplechronobt_proof_analyze/drat-trim/lrat-check /nfs/scratch/bzchartu/unsat_2018_solved/Nb45T6.cnf /local_ssd/proof.lrat"
	User time (seconds): 8.14
	System time (seconds): 0.43
	Percent of CPU this job got: 99%
	Elapsed (wall clock) time (h:mm:ss or m:ss): 0:08.58
	Average shared text size (kbytes): 0
	Average unshared data size (kbytes): 0
	Average stack size (kbytes): 0
	Average total size (kbytes): 0
	Maximum resident set size (kbytes): 793248
	Average resident set size (kbytes): 0
	Major (requiring I/O) page faults: 0
	Minor (reclaiming a frame) page faults: 227301
	Voluntary context switches: 17
	Involuntary context switches: 9
	Swaps: 0
	File system inputs: 0
	File system outputs: 8
	Socket messages sent: 0
	Socket messages received: 0
	Signals delivered: 0
	Page size (bytes): 4096
	Exit status: 0
LRAT_W_TIME,	Elapsed (wall clock) time (h:mm:ss or m:ss): 0:08.58
c parsed a formula with 1623099 variables and 7209000 clauses
c VERIFIED
c Added clauses = 7924533.  Deleted clauses = 7924477.  Max live clauses = 7209000
c verification time = 8.55 secs
c VERIFIED
OVERVIEW_HEADER,benchmark,solve mem,solve time,drat kb,drat sec,lrat kb,lrat sec,restarts,decisions,conflicts,propagations
OVERVIEW_CSV,/nfs/scratch/bzchartu/unsat_2018_solved/Nb45T6.cnf,	Elapsed (wall clock) time (h:mm:ss or m:ss): 18:30.38,	Maximum resident set size (kbytes): 1723452,429344	/local_ssd/proof.drat,	Elapsed (wall clock) time (h:mm:ss or m:ss): 3:40.42,298500	/local_ssd/proof.lrat,	Elapsed (wall clock) time (h:mm:ss or m:ss): 0:08.58,c restarts              : 1781,c decisions             : 305948382      (0.00 % random) (276641 /sec),c conflicts             : 796876         (721 /sec),c propagations          : 1895001859     (1713476 /sec)
