SOLVERNAME,STD
BENCHNAME,/nfs/scratch/bzchartu/unsat_2018_solved/assoc_mult_err_3.c.cnf
running lrb Bench '/nfs/scratch/bzchartu/unsat_2018_solved/assoc_mult_err_3.c.cnf' on cumu01-12
Command exited with non-zero status 20
	Command being timed: "/nfs/scratch/bzchartu/programs/maplechronobt_proof_analyze/sources/simp/glucose_release -det=lrb /nfs/scratch/bzchartu/unsat_2018_solved/assoc_mult_err_3.c.cnf -cpu-lim=10000 -drup-file=/local_ssd/proof.drat"
	User time (seconds): 87.34
	System time (seconds): 0.10
	Percent of CPU this job got: 98%
	Elapsed (wall clock) time (h:mm:ss or m:ss): 1:28.43
	Average shared text size (kbytes): 0
	Average unshared data size (kbytes): 0
	Average stack size (kbytes): 0
	Average total size (kbytes): 0
	Maximum resident set size (kbytes): 48196
	Average resident set size (kbytes): 0
	Major (requiring I/O) page faults: 3
	Minor (reclaiming a frame) page faults: 75602
	Voluntary context switches: 56
	Involuntary context switches: 137
	Swaps: 0
	File system inputs: 41480
	File system outputs: 157792
	Socket messages sent: 0
	Socket messages received: 0
	Signals delivered: 0
	Page size (bytes): 4096
	Exit status: 20
SOLVE_W_TIME,	Elapsed (wall clock) time (h:mm:ss or m:ss): 1:28.43
c This is MapleLCMDistChronoBT.
c WARNING: for repeatability, setting FPU to use double precision
c Analyzer is deactivated by mode: 1 and dyn: 1
c ============================[ Problem Statistics ]=============================
c |                                                                             |
c |  Number of variables:         15499                                         |
c |  Number of clauses:           71228                                         |
c |  Parse time:                   0.05 s                                       |
c |  Eliminated clauses:           0.20 Mb                                      |
c Reduced to 11142 vars, 59790 cls (grow=0)
c |  Eliminated clauses:           0.49 Mb                                      |
c Reduced to 7808 vars, 58671 cls (grow=8)
c cl_inc_rate=0.981, var_dec_rate=1.427
c |  Eliminated clauses:           0.52 Mb                                      |
c Reduced to 7482 vars, 60891 cls (grow=16)
c cl_inc_rate=1.038, var_dec_rate=1.044
c |  Eliminated clauses:           0.70 Mb                                      |
c Reduced to 6338 vars, 85200 cls (grow=32)
c cl_inc_rate=1.399, var_dec_rate=1.180
c No. effective iterative eliminations: 3
c |  Simplification time:          0.30 s                                       |
c |                                                                             |
c running deterministic with LRB
c ============================[ Search Statistics ]==============================
c | Conflicts |          ORIGINAL         |          LEARNT          | Progress |
c |           |    Vars  Clauses Literals |    Limit  Clauses Lit/Cl |          |
c ===============================================================================
c ===============================================================================
c restarts              : 1165
c conflicts             : 482041         (5519 /sec)
c decisions             : 1170998        (0.00 % random) (13407 /sec)
c propagations          : 208812560      (2390692 /sec)
c conflict literals     : 15409084       (62.04 % deleted)
c backtracks            : 482025         (NCB 100% , CB 0%)
c Memory used           : 59.00 MB
c CPU time              : 87.344 s

s UNSATISFIABLE
DRAT_SIZE: 78888	/local_ssd/proof.drat
s UNSATISFIABLE
/local_ssd/proof.drat
	Command being timed: "/nfs/scratch/bzchartu/programs/maplechronobt_proof_analyze/drat-trim/drat-trim /nfs/scratch/bzchartu/unsat_2018_solved/assoc_mult_err_3.c.cnf /local_ssd/proof.drat -L /local_ssd/proof.lrat -t 200000"
	User time (seconds): 180.47
	System time (seconds): 3.00
	Percent of CPU this job got: 99%
	Elapsed (wall clock) time (h:mm:ss or m:ss): 3:03.49
	Average shared text size (kbytes): 0
	Average unshared data size (kbytes): 0
	Average stack size (kbytes): 0
	Average total size (kbytes): 0
	Maximum resident set size (kbytes): 2152420
	Average resident set size (kbytes): 0
	Major (requiring I/O) page faults: 1
	Minor (reclaiming a frame) page faults: 1068259
	Voluntary context switches: 53
	Involuntary context switches: 224
	Swaps: 0
	File system inputs: 88
	File system outputs: 6905632
	Socket messages sent: 0
	Socket messages received: 0
	Signals delivered: 0
	Page size (bytes): 4096
	Exit status: 0
DRAT_W_TIME,	Elapsed (wall clock) time (h:mm:ss or m:ss): 3:03.49
c turning on binary mode checking
c parsing input formula with 15499 variables and 71247 clauses
c finished parsing, read 80779446 bytes from proof file
c detected empty clause; start verification via backward checking
c 22160 of 71247 clauses in core                            
c 395268 of 687751 lemmas in core using 511661760 resolution steps
c 0 RAT lemmas in core; 0 redundant literals in core lemmas
s VERIFIED
c verification time: 183.426 seconds
LRAT_SIZE: 3452816	/local_ssd/proof.lrat
s VERIFIED
/local_ssd/proof.lrat
	Command being timed: "/nfs/scratch/bzchartu/programs/maplechronobt_proof_analyze/drat-trim/lrat-check /nfs/scratch/bzchartu/unsat_2018_solved/assoc_mult_err_3.c.cnf /local_ssd/proof.lrat"
	User time (seconds): 73.47
	System time (seconds): 0.84
	Percent of CPU this job got: 99%
	Elapsed (wall clock) time (h:mm:ss or m:ss): 1:14.32
	Average shared text size (kbytes): 0
	Average unshared data size (kbytes): 0
	Average stack size (kbytes): 0
	Average total size (kbytes): 0
	Maximum resident set size (kbytes): 39608
	Average resident set size (kbytes): 0
	Major (requiring I/O) page faults: 0
	Minor (reclaiming a frame) page faults: 38597
	Voluntary context switches: 20
	Involuntary context switches: 97
	Swaps: 0
	File system inputs: 32
	File system outputs: 8
	Socket messages sent: 0
	Socket messages received: 0
	Signals delivered: 0
	Page size (bytes): 4096
	Exit status: 0
LRAT_W_TIME,	Elapsed (wall clock) time (h:mm:ss or m:ss): 1:14.32
c parsed a formula with 15499 variables and 71247 clauses
c VERIFIED
c Added clauses = 466515.  Deleted clauses = 463847.  Max live clauses = 71247
c verification time = 74.32 secs
c VERIFIED
OVERVIEW_HEADER,benchmark,solve mem,solve time,drat kb,drat sec,lrat kb,lrat sec,restarts,decisions,conflicts,propagations
OVERVIEW_CSV,/nfs/scratch/bzchartu/unsat_2018_solved/assoc_mult_err_3.c.cnf,	Elapsed (wall clock) time (h:mm:ss or m:ss): 1:28.43,	Maximum resident set size (kbytes): 48196,78888	/local_ssd/proof.drat,	Elapsed (wall clock) time (h:mm:ss or m:ss): 3:03.49,3452816	/local_ssd/proof.lrat,	Elapsed (wall clock) time (h:mm:ss or m:ss): 1:14.32,c restarts              : 1165,c decisions             : 1170998        (0.00 % random) (13407 /sec),c conflicts             : 482041         (5519 /sec),c propagations          : 208812560      (2390692 /sec)
