SOLVERNAME,STD
BENCHNAME,/nfs/scratch/bzchartu/unsat_2018_solved/cms-scheel-md4-families-r24-c5-p1-5-10-12-18.cnf
running lrb Bench '/nfs/scratch/bzchartu/unsat_2018_solved/cms-scheel-md4-families-r24-c5-p1-5-10-12-18.cnf' on cumu01-15
Command exited with non-zero status 20
	Command being timed: "/nfs/scratch/bzchartu/programs/maplechronobt_proof_analyze/sources/simp/glucose_release -det=lrb /nfs/scratch/bzchartu/unsat_2018_solved/cms-scheel-md4-families-r24-c5-p1-5-10-12-18.cnf -cpu-lim=10000 -drup-file=/local_ssd/proof.drat"
	User time (seconds): 60.95
	System time (seconds): 0.42
	Percent of CPU this job got: 99%
	Elapsed (wall clock) time (h:mm:ss or m:ss): 1:01.73
	Average shared text size (kbytes): 0
	Average unshared data size (kbytes): 0
	Average stack size (kbytes): 0
	Average total size (kbytes): 0
	Maximum resident set size (kbytes): 84688
	Average resident set size (kbytes): 0
	Major (requiring I/O) page faults: 3
	Minor (reclaiming a frame) page faults: 289956
	Voluntary context switches: 63
	Involuntary context switches: 112
	Swaps: 0
	File system inputs: 43336
	File system outputs: 653320
	Socket messages sent: 0
	Socket messages received: 0
	Signals delivered: 0
	Page size (bytes): 4096
	Exit status: 20
SOLVE_W_TIME,	Elapsed (wall clock) time (h:mm:ss or m:ss): 1:01.73
c This is MapleLCMDistChronoBT.
c WARNING: for repeatability, setting FPU to use double precision
c Analyzer is deactivated by mode: 1 and dyn: 1
c ============================[ Problem Statistics ]=============================
c |                                                                             |
c |  Number of variables:         29690                                         |
c |  Number of clauses:           91605                                         |
c |  Parse time:                   0.04 s                                       |
c |  Eliminated clauses:           0.81 Mb                                      |
c Reduced to 11493 vars, 62134 cls (grow=0)
c |  Eliminated clauses:           0.86 Mb                                      |
c Reduced to 10597 vars, 63272 cls (grow=8)
c cl_inc_rate=1.018, var_dec_rate=1.085
c |  Eliminated clauses:           0.96 Mb                                      |
c Reduced to 9925 vars, 68380 cls (grow=16)
c cl_inc_rate=1.081, var_dec_rate=1.068
c No. effective iterative eliminations: 2
c |  Simplification time:          0.20 s                                       |
c |                                                                             |
c running deterministic with LRB
c ============================[ Search Statistics ]==============================
c | Conflicts |          ORIGINAL         |          LEARNT          | Progress |
c |           |    Vars  Clauses Literals |    Limit  Clauses Lit/Cl |          |
c ===============================================================================
c ===============================================================================
c restarts              : 3138
c conflicts             : 1599392        (26240 /sec)
c decisions             : 5832902        (0.00 % random) (95697 /sec)
c propagations          : 108288536      (1776620 /sec)
c conflict literals     : 60430779       (9.42 % deleted)
c backtracks            : 1598802        (NCB 100% , CB 0%)
c Memory used           : 102.00 MB
c CPU time              : 60.952 s

s UNSATISFIABLE
DRAT_SIZE: 326652	/local_ssd/proof.drat
s UNSATISFIABLE
/local_ssd/proof.drat
	Command being timed: "/nfs/scratch/bzchartu/programs/maplechronobt_proof_analyze/drat-trim/drat-trim /nfs/scratch/bzchartu/unsat_2018_solved/cms-scheel-md4-families-r24-c5-p1-5-10-12-18.cnf /local_ssd/proof.drat -L /local_ssd/proof.lrat -t 200000"
	User time (seconds): 10.32
	System time (seconds): 0.25
	Percent of CPU this job got: 99%
	Elapsed (wall clock) time (h:mm:ss or m:ss): 0:10.58
	Average shared text size (kbytes): 0
	Average unshared data size (kbytes): 0
	Average stack size (kbytes): 0
	Average total size (kbytes): 0
	Maximum resident set size (kbytes): 365240
	Average resident set size (kbytes): 0
	Major (requiring I/O) page faults: 1
	Minor (reclaiming a frame) page faults: 237263
	Voluntary context switches: 21
	Involuntary context switches: 13
	Swaps: 0
	File system inputs: 88
	File system outputs: 4640
	Socket messages sent: 0
	Socket messages received: 0
	Signals delivered: 0
	Page size (bytes): 4096
	Exit status: 0
DRAT_W_TIME,	Elapsed (wall clock) time (h:mm:ss or m:ss): 0:10.58
c turning on binary mode checking
c parsing input formula with 29690 variables and 94137 clauses
c finished parsing, read 334487767 bytes from proof file
c detected empty clause; start verification via backward checking
c 8543 of 94137 clauses in core                            
c 18203 of 1835287 lemmas in core using 102351 resolution steps
c 0 RAT lemmas in core; 0 redundant literals in core lemmas
s VERIFIED
c verification time: 10.561 seconds
LRAT_SIZE: 2316	/local_ssd/proof.lrat
s VERIFIED
/local_ssd/proof.lrat
	Command being timed: "/nfs/scratch/bzchartu/programs/maplechronobt_proof_analyze/drat-trim/lrat-check /nfs/scratch/bzchartu/unsat_2018_solved/cms-scheel-md4-families-r24-c5-p1-5-10-12-18.cnf /local_ssd/proof.lrat"
	User time (seconds): 0.14
	System time (seconds): 0.02
	Percent of CPU this job got: 97%
	Elapsed (wall clock) time (h:mm:ss or m:ss): 0:00.16
	Average shared text size (kbytes): 0
	Average unshared data size (kbytes): 0
	Average stack size (kbytes): 0
	Average total size (kbytes): 0
	Maximum resident set size (kbytes): 23872
	Average resident set size (kbytes): 0
	Major (requiring I/O) page faults: 0
	Minor (reclaiming a frame) page faults: 5921
	Voluntary context switches: 5
	Involuntary context switches: 1
	Swaps: 0
	File system inputs: 32
	File system outputs: 8
	Socket messages sent: 0
	Socket messages received: 0
	Signals delivered: 0
	Page size (bytes): 4096
	Exit status: 0
LRAT_W_TIME,	Elapsed (wall clock) time (h:mm:ss or m:ss): 0:00.16
c parsed a formula with 29690 variables and 94137 clauses
c VERIFIED
c Added clauses = 112340.  Deleted clauses = 112271.  Max live clauses = 94137
c verification time = 0.16 secs
c VERIFIED
OVERVIEW_HEADER,benchmark,solve mem,solve time,drat kb,drat sec,lrat kb,lrat sec,restarts,decisions,conflicts,propagations
OVERVIEW_CSV,/nfs/scratch/bzchartu/unsat_2018_solved/cms-scheel-md4-families-r24-c5-p1-5-10-12-18.cnf,	Elapsed (wall clock) time (h:mm:ss or m:ss): 1:01.73,	Maximum resident set size (kbytes): 84688,326652	/local_ssd/proof.drat,	Elapsed (wall clock) time (h:mm:ss or m:ss): 0:10.58,2316	/local_ssd/proof.lrat,	Elapsed (wall clock) time (h:mm:ss or m:ss): 0:00.16,c restarts              : 3138,c decisions             : 5832902        (0.00 % random) (95697 /sec),c conflicts             : 1599392        (26240 /sec),c propagations          : 108288536      (1776620 /sec)
