SOLVERNAME,STD
BENCHNAME,/nfs/scratch/bzchartu/unsat_2018_solved/gto_p60c238.cnf
running lrb Bench '/nfs/scratch/bzchartu/unsat_2018_solved/gto_p60c238.cnf' on cumu02-02
Command exited with non-zero status 20
	Command being timed: "/nfs/scratch/bzchartu/programs/maplechronobt_proof_analyze/sources/simp/glucose_release -det=lrb /nfs/scratch/bzchartu/unsat_2018_solved/gto_p60c238.cnf -cpu-lim=10000 -drup-file=/local_ssd/proof.drat"
	User time (seconds): 142.07
	System time (seconds): 0.22
	Percent of CPU this job got: 99%
	Elapsed (wall clock) time (h:mm:ss or m:ss): 2:22.31
	Average shared text size (kbytes): 0
	Average unshared data size (kbytes): 0
	Average stack size (kbytes): 0
	Average total size (kbytes): 0
	Maximum resident set size (kbytes): 31484
	Average resident set size (kbytes): 0
	Major (requiring I/O) page faults: 2
	Minor (reclaiming a frame) page faults: 41729
	Voluntary context switches: 36
	Involuntary context switches: 148
	Swaps: 0
	File system inputs: 36288
	File system outputs: 651280
	Socket messages sent: 0
	Socket messages received: 0
	Signals delivered: 0
	Page size (bytes): 4096
	Exit status: 20
SOLVE_W_TIME,	Elapsed (wall clock) time (h:mm:ss or m:ss): 2:22.31
c This is MapleLCMDistChronoBT.
c WARNING: for repeatability, setting FPU to use double precision
c Analyzer is deactivated by mode: 1 and dyn: 1
c ============================[ Problem Statistics ]=============================
c |                                                                             |
c |  Number of variables:          1043                                         |
c |  Number of clauses:            2829                                         |
c |  Parse time:                   0.00 s                                       |
c |  Eliminated clauses:           0.02 Mb                                      |
c Reduced to 130 vars, 538 cls (grow=0)
c No iterative elimination performed. (vars=130, c/v ratio=4.1)
c |  Simplification time:          0.01 s                                       |
c |                                                                             |
c running deterministic with LRB
c ============================[ Search Statistics ]==============================
c | Conflicts |          ORIGINAL         |          LEARNT          | Progress |
c |           |    Vars  Clauses Literals |    Limit  Clauses Lit/Cl |          |
c ===============================================================================
c ===============================================================================
c restarts              : 6665
c conflicts             : 3786924        (26654 /sec)
c decisions             : 4217945        (0.00 % random) (29688 /sec)
c propagations          : 71347293       (502177 /sec)
c conflict literals     : 79223527       (39.36 % deleted)
c backtracks            : 3786923        (NCB 100% , CB 0%)
c Memory used           : 50.00 MB
c CPU time              : 142.076 s

s UNSATISFIABLE
DRAT_SIZE: 325632	/local_ssd/proof.drat
s UNSATISFIABLE
/local_ssd/proof.drat
	Command being timed: "/nfs/scratch/bzchartu/programs/maplechronobt_proof_analyze/drat-trim/drat-trim /nfs/scratch/bzchartu/unsat_2018_solved/gto_p60c238.cnf /local_ssd/proof.drat -L /local_ssd/proof.lrat -t 200000"
	User time (seconds): 615.58
	System time (seconds): 1.64
	Percent of CPU this job got: 100%
	Elapsed (wall clock) time (h:mm:ss or m:ss): 10:17.21
	Average shared text size (kbytes): 0
	Average unshared data size (kbytes): 0
	Average stack size (kbytes): 0
	Average total size (kbytes): 0
	Maximum resident set size (kbytes): 1328644
	Average resident set size (kbytes): 0
	Major (requiring I/O) page faults: 0
	Minor (reclaiming a frame) page faults: 1202145
	Voluntary context switches: 34
	Involuntary context switches: 172
	Swaps: 0
	File system inputs: 0
	File system outputs: 2171264
	Socket messages sent: 0
	Socket messages received: 0
	Signals delivered: 0
	Page size (bytes): 4096
	Exit status: 0
DRAT_W_TIME,	Elapsed (wall clock) time (h:mm:ss or m:ss): 10:17.21
c turning on binary mode checking
c parsing input formula with 1043 variables and 3649 clauses
c finished parsing, read 333444714 bytes from proof file
c detected empty clause; start verification via backward checking
c 1011 of 3649 clauses in core                            
c 3516899 of 3915364 lemmas in core using 120342207 resolution steps
c 0 RAT lemmas in core; 5 redundant literals in core lemmas
s VERIFIED
c verification time: 617.174 seconds
LRAT_SIZE: 1085632	/local_ssd/proof.lrat
s VERIFIED
/local_ssd/proof.lrat
	Command being timed: "/nfs/scratch/bzchartu/programs/maplechronobt_proof_analyze/drat-trim/lrat-check /nfs/scratch/bzchartu/unsat_2018_solved/gto_p60c238.cnf /local_ssd/proof.lrat"
	User time (seconds): 25.02
	System time (seconds): 0.38
	Percent of CPU this job got: 99%
	Elapsed (wall clock) time (h:mm:ss or m:ss): 0:25.52
	Average shared text size (kbytes): 0
	Average unshared data size (kbytes): 0
	Average stack size (kbytes): 0
	Average total size (kbytes): 0
	Maximum resident set size (kbytes): 317772
	Average resident set size (kbytes): 0
	Major (requiring I/O) page faults: 0
	Minor (reclaiming a frame) page faults: 110943
	Voluntary context switches: 29
	Involuntary context switches: 10
	Swaps: 0
	File system inputs: 0
	File system outputs: 8
	Socket messages sent: 0
	Socket messages received: 0
	Signals delivered: 0
	Page size (bytes): 4096
	Exit status: 0
LRAT_W_TIME,	Elapsed (wall clock) time (h:mm:ss or m:ss): 0:25.52
c parsed a formula with 1043 variables and 3649 clauses
c VERIFIED
c Added clauses = 3520548.  Deleted clauses = 3520424.  Max live clauses = 18564
c verification time = 25.40 secs
c VERIFIED
OVERVIEW_HEADER,benchmark,solve mem,solve time,drat kb,drat sec,lrat kb,lrat sec,restarts,decisions,conflicts,propagations
OVERVIEW_CSV,/nfs/scratch/bzchartu/unsat_2018_solved/gto_p60c238.cnf,	Elapsed (wall clock) time (h:mm:ss or m:ss): 2:22.31,	Maximum resident set size (kbytes): 31484,325632	/local_ssd/proof.drat,	Elapsed (wall clock) time (h:mm:ss or m:ss): 10:17.21,1085632	/local_ssd/proof.lrat,	Elapsed (wall clock) time (h:mm:ss or m:ss): 0:25.52,c restarts              : 6665,c decisions             : 4217945        (0.00 % random) (29688 /sec),c conflicts             : 3786924        (26654 /sec),c propagations          : 71347293       (502177 /sec)
