SOLVERNAME,STD
BENCHNAME,/nfs/scratch/bzchartu/unsat_2018_solved/Problem14_label55_true-unreach-call.c.cnf
running lrb Bench '/nfs/scratch/bzchartu/unsat_2018_solved/Problem14_label55_true-unreach-call.c.cnf' on cumu01-08
Command exited with non-zero status 20
	Command being timed: "/nfs/scratch/bzchartu/programs/maplechronobt_proof_analyze/sources/simp/glucose_release -det=lrb /nfs/scratch/bzchartu/unsat_2018_solved/Problem14_label55_true-unreach-call.c.cnf -cpu-lim=10000 -drup-file=/local_ssd/proof.drat"
	User time (seconds): 111.89
	System time (seconds): 3.08
	Percent of CPU this job got: 99%
	Elapsed (wall clock) time (h:mm:ss or m:ss): 1:55.05
	Average shared text size (kbytes): 0
	Average unshared data size (kbytes): 0
	Average stack size (kbytes): 0
	Average total size (kbytes): 0
	Maximum resident set size (kbytes): 1390464
	Average resident set size (kbytes): 0
	Major (requiring I/O) page faults: 0
	Minor (reclaiming a frame) page faults: 3704790
	Voluntary context switches: 24
	Involuntary context switches: 1056
	Swaps: 0
	File system inputs: 360368
	File system outputs: 769168
	Socket messages sent: 0
	Socket messages received: 0
	Signals delivered: 0
	Page size (bytes): 4096
	Exit status: 20
SOLVE_W_TIME,	Elapsed (wall clock) time (h:mm:ss or m:ss): 1:55.05
c This is MapleLCMDistChronoBT.
c WARNING: for repeatability, setting FPU to use double precision
c Analyzer is deactivated by mode: 1 and dyn: 1
c ============================[ Problem Statistics ]=============================
c |                                                                             |
c |  Number of variables:       1703792                                         |
c |  Number of clauses:         7042153                                         |
c |  Parse time:                   2.82 s                                       |
c |  Eliminated clauses:          33.28 Mb                                      |
c Reduced to 796472 vars, 4239354 cls (grow=0)
c |  Eliminated clauses:          49.88 Mb                                      |
c Reduced to 588678 vars, 4379120 cls (grow=8)
c cl_inc_rate=1.033, var_dec_rate=1.353
c |  Eliminated clauses:          53.64 Mb                                      |
c Reduced to 553522 vars, 4479091 cls (grow=16)
c cl_inc_rate=1.023, var_dec_rate=1.064
c |  Eliminated clauses:          65.88 Mb                                      |
c Reduced to 462249 vars, 5380956 cls (grow=32)
c cl_inc_rate=1.201, var_dec_rate=1.197
c No. effective iterative eliminations: 3
c |  Simplification time:         43.83 s                                       |
c |                                                                             |
c running deterministic with LRB
c ============================[ Search Statistics ]==============================
c | Conflicts |          ORIGINAL         |          LEARNT          | Progress |
c |           |    Vars  Clauses Literals |    Limit  Clauses Lit/Cl |          |
c ===============================================================================
c ===============================================================================
c restarts              : 163
c conflicts             : 55285          (496 /sec)
c decisions             : 1398536        (0.00 % random) (12535 /sec)
c propagations          : 182942617      (1639741 /sec)
c conflict literals     : 1632773        (25.30 % deleted)
c backtracks            : 54521          (NCB 86% , CB 14%)
c Memory used           : 1632.00 MB
c CPU time              : 111.568 s

s UNSATISFIABLE
DRAT_SIZE: 384572	/local_ssd/proof.drat
s UNSATISFIABLE
/local_ssd/proof.drat
	Command being timed: "/nfs/scratch/bzchartu/programs/maplechronobt_proof_analyze/drat-trim/drat-trim /nfs/scratch/bzchartu/unsat_2018_solved/Problem14_label55_true-unreach-call.c.cnf /local_ssd/proof.drat -L /local_ssd/proof.lrat -t 200000"
	User time (seconds): 404.06
	System time (seconds): 2.01
	Percent of CPU this job got: 99%
	Elapsed (wall clock) time (h:mm:ss or m:ss): 6:46.10
	Average shared text size (kbytes): 0
	Average unshared data size (kbytes): 0
	Average stack size (kbytes): 0
	Average total size (kbytes): 0
	Maximum resident set size (kbytes): 1490524
	Average resident set size (kbytes): 0
	Major (requiring I/O) page faults: 0
	Minor (reclaiming a frame) page faults: 2171536
	Voluntary context switches: 17
	Involuntary context switches: 108
	Swaps: 0
	File system inputs: 0
	File system outputs: 233872
	Socket messages sent: 0
	Socket messages received: 0
	Signals delivered: 0
	Page size (bytes): 4096
	Exit status: 0
DRAT_W_TIME,	Elapsed (wall clock) time (h:mm:ss or m:ss): 6:46.10
c turning on binary mode checking
c parsing input formula with 1703792 variables and 7316918 clauses
c finished parsing, read 393799045 bytes from proof file
c detected empty clause; start verification via backward checking
c 473773 of 7316918 clauses in core                            
c 533771 of 12283462 lemmas in core using 3253864 resolution steps
c 0 RAT lemmas in core; 1365 redundant literals in core lemmas
s VERIFIED
c verification time: 405.665 seconds
LRAT_SIZE: 116932	/local_ssd/proof.lrat
s VERIFIED
/local_ssd/proof.lrat
	Command being timed: "/nfs/scratch/bzchartu/programs/maplechronobt_proof_analyze/drat-trim/lrat-check /nfs/scratch/bzchartu/unsat_2018_solved/Problem14_label55_true-unreach-call.c.cnf /local_ssd/proof.lrat"
	User time (seconds): 5.43
	System time (seconds): 0.39
	Percent of CPU this job got: 98%
	Elapsed (wall clock) time (h:mm:ss or m:ss): 0:05.93
	Average shared text size (kbytes): 0
	Average unshared data size (kbytes): 0
	Average stack size (kbytes): 0
	Average total size (kbytes): 0
	Maximum resident set size (kbytes): 799020
	Average resident set size (kbytes): 0
	Major (requiring I/O) page faults: 0
	Minor (reclaiming a frame) page faults: 238231
	Voluntary context switches: 29
	Involuntary context switches: 3
	Swaps: 0
	File system inputs: 0
	File system outputs: 8
	Socket messages sent: 0
	Socket messages received: 0
	Signals delivered: 0
	Page size (bytes): 4096
	Exit status: 0
LRAT_W_TIME,	Elapsed (wall clock) time (h:mm:ss or m:ss): 0:05.93
c parsed a formula with 1703792 variables and 7316918 clauses
c VERIFIED
c Added clauses = 7850689.  Deleted clauses = 7844072.  Max live clauses = 7316918
c verification time = 5.81 secs
c VERIFIED
OVERVIEW_HEADER,benchmark,solve mem,solve time,drat kb,drat sec,lrat kb,lrat sec,restarts,decisions,conflicts,propagations
OVERVIEW_CSV,/nfs/scratch/bzchartu/unsat_2018_solved/Problem14_label55_true-unreach-call.c.cnf,	Elapsed (wall clock) time (h:mm:ss or m:ss): 1:55.05,	Maximum resident set size (kbytes): 1390464,384572	/local_ssd/proof.drat,	Elapsed (wall clock) time (h:mm:ss or m:ss): 6:46.10,116932	/local_ssd/proof.lrat,	Elapsed (wall clock) time (h:mm:ss or m:ss): 0:05.93,c restarts              : 163,c decisions             : 1398536        (0.00 % random) (12535 /sec),c conflicts             : 55285          (496 /sec),c propagations          : 182942617      (1639741 /sec)
