SOLVERNAME,STD
BENCHNAME,/nfs/scratch/bzchartu/unsat_2018_solved/T92.2.0.cnf
running lrb Bench '/nfs/scratch/bzchartu/unsat_2018_solved/T92.2.0.cnf' on cumu01-09
Command exited with non-zero status 20
	Command being timed: "/nfs/scratch/bzchartu/programs/maplechronobt_proof_analyze/sources/simp/glucose_release -det=lrb /nfs/scratch/bzchartu/unsat_2018_solved/T92.2.0.cnf -cpu-lim=10000 -drup-file=/local_ssd/proof.drat"
	User time (seconds): 293.07
	System time (seconds): 7.13
	Percent of CPU this job got: 99%
	Elapsed (wall clock) time (h:mm:ss or m:ss): 5:00.29
	Average shared text size (kbytes): 0
	Average unshared data size (kbytes): 0
	Average stack size (kbytes): 0
	Average total size (kbytes): 0
	Maximum resident set size (kbytes): 1987524
	Average resident set size (kbytes): 0
	Major (requiring I/O) page faults: 0
	Minor (reclaiming a frame) page faults: 9777060
	Voluntary context switches: 33
	Involuntary context switches: 1565
	Swaps: 0
	File system inputs: 477936
	File system outputs: 1653624
	Socket messages sent: 0
	Socket messages received: 0
	Signals delivered: 0
	Page size (bytes): 4096
	Exit status: 20
SOLVE_W_TIME,	Elapsed (wall clock) time (h:mm:ss or m:ss): 5:00.29
c This is MapleLCMDistChronoBT.
c WARNING: for repeatability, setting FPU to use double precision
c Analyzer is deactivated by mode: 1 and dyn: 1
c ============================[ Problem Statistics ]=============================
c |                                                                             |
c |  Number of variables:       3151111                                         |
c |  Number of clauses:        10869059                                         |
c |  Parse time:                   4.63 s                                       |
c |  Eliminated clauses:         120.49 Mb                                      |
c Reduced to 585211 vars, 3490655 cls (grow=0)
c |  Eliminated clauses:         137.15 Mb                                      |
c Reduced to 381078 vars, 3536797 cls (grow=8)
c cl_inc_rate=1.013, var_dec_rate=1.536
c |  Eliminated clauses:         140.35 Mb                                      |
c Reduced to 350813 vars, 3676651 cls (grow=16)
c cl_inc_rate=1.040, var_dec_rate=1.086
c |  Eliminated clauses:         145.87 Mb                                      |
c Reduced to 311260 vars, 3881051 cls (grow=32)
c cl_inc_rate=1.056, var_dec_rate=1.127
c |  Eliminated clauses:         154.22 Mb                                      |
c Reduced to 261979 vars, 4747278 cls (grow=64)
c cl_inc_rate=1.223, var_dec_rate=1.188
c No. effective iterative eliminations: 4
c |  Simplification time:         83.09 s                                       |
c |                                                                             |
c running deterministic with LRB
c ============================[ Search Statistics ]==============================
c | Conflicts |          ORIGINAL         |          LEARNT          | Progress |
c |           |    Vars  Clauses Literals |    Limit  Clauses Lit/Cl |          |
c ===============================================================================
c ===============================================================================
c restarts              : 729
c conflicts             : 273540         (934 /sec)
c decisions             : 3269931        (0.00 % random) (11166 /sec)
c propagations          : 437344956      (1493379 /sec)
c conflict literals     : 8050595        (28.31 % deleted)
c backtracks            : 272051         (NCB 98% , CB 2%)
c Memory used           : 2396.00 MB
c CPU time              : 292.856 s

s UNSATISFIABLE
DRAT_SIZE: 826804	/local_ssd/proof.drat
s UNSATISFIABLE
/local_ssd/proof.drat
	Command being timed: "/nfs/scratch/bzchartu/programs/maplechronobt_proof_analyze/drat-trim/drat-trim /nfs/scratch/bzchartu/unsat_2018_solved/T92.2.0.cnf /local_ssd/proof.drat -L /local_ssd/proof.lrat -t 200000"
	User time (seconds): 70.88
	System time (seconds): 1.79
	Percent of CPU this job got: 99%
	Elapsed (wall clock) time (h:mm:ss or m:ss): 1:12.68
	Average shared text size (kbytes): 0
	Average unshared data size (kbytes): 0
	Average stack size (kbytes): 0
	Average total size (kbytes): 0
	Maximum resident set size (kbytes): 2403796
	Average resident set size (kbytes): 0
	Major (requiring I/O) page faults: 0
	Minor (reclaiming a frame) page faults: 1366139
	Voluntary context switches: 17
	Involuntary context switches: 71
	Swaps: 0
	File system inputs: 0
	File system outputs: 471928
	Socket messages sent: 0
	Socket messages received: 0
	Signals delivered: 0
	Page size (bytes): 4096
	Exit status: 0
DRAT_W_TIME,	Elapsed (wall clock) time (h:mm:ss or m:ss): 1:12.68
c turning on binary mode checking
c parsing input formula with 3151111 variables and 10869059 clauses
c finished parsing, read 846639112 bytes from proof file
c detected empty clause; start verification via backward checking
c 289718 of 10869059 clauses in core                            
c 548259 of 19598313 lemmas in core using 13041187 resolution steps
c 0 RAT lemmas in core; 10 redundant literals in core lemmas
s VERIFIED
c verification time: 71.782 seconds
LRAT_SIZE: 235960	/local_ssd/proof.lrat
s VERIFIED
/local_ssd/proof.lrat
	Command being timed: "/nfs/scratch/bzchartu/programs/maplechronobt_proof_analyze/drat-trim/lrat-check /nfs/scratch/bzchartu/unsat_2018_solved/T92.2.0.cnf /local_ssd/proof.lrat"
	User time (seconds): 8.65
	System time (seconds): 0.65
	Percent of CPU this job got: 99%
	Elapsed (wall clock) time (h:mm:ss or m:ss): 0:09.31
	Average shared text size (kbytes): 0
	Average unshared data size (kbytes): 0
	Average stack size (kbytes): 0
	Average total size (kbytes): 0
	Maximum resident set size (kbytes): 1364508
	Average resident set size (kbytes): 0
	Major (requiring I/O) page faults: 0
	Minor (reclaiming a frame) page faults: 409282
	Voluntary context switches: 17
	Involuntary context switches: 5
	Swaps: 0
	File system inputs: 0
	File system outputs: 8
	Socket messages sent: 0
	Socket messages received: 0
	Signals delivered: 0
	Page size (bytes): 4096
	Exit status: 0
LRAT_W_TIME,	Elapsed (wall clock) time (h:mm:ss or m:ss): 0:09.31
c parsed a formula with 3151111 variables and 10869059 clauses
c VERIFIED
c Added clauses = 11417318.  Deleted clauses = 11416772.  Max live clauses = 10869059
c verification time = 9.27 secs
c VERIFIED
OVERVIEW_HEADER,benchmark,solve mem,solve time,drat kb,drat sec,lrat kb,lrat sec,restarts,decisions,conflicts,propagations
OVERVIEW_CSV,/nfs/scratch/bzchartu/unsat_2018_solved/T92.2.0.cnf,	Elapsed (wall clock) time (h:mm:ss or m:ss): 5:00.29,	Maximum resident set size (kbytes): 1987524,826804	/local_ssd/proof.drat,	Elapsed (wall clock) time (h:mm:ss or m:ss): 1:12.68,235960	/local_ssd/proof.lrat,	Elapsed (wall clock) time (h:mm:ss or m:ss): 0:09.31,c restarts              : 729,c decisions             : 3269931        (0.00 % random) (11166 /sec),c conflicts             : 273540         (934 /sec),c propagations          : 437344956      (1493379 /sec)
