SOLVERNAME,STD
BENCHNAME,/nfs/scratch/bzchartu/unsat_2018_solved/mchess_15.cnf
running lrb Bench '/nfs/scratch/bzchartu/unsat_2018_solved/mchess_15.cnf' on cumu02-12
Command exited with non-zero status 20
	Command being timed: "/nfs/scratch/bzchartu/programs/maplechronobt_proof_analyze/sources/simp/glucose_release -det=lrb /nfs/scratch/bzchartu/unsat_2018_solved/mchess_15.cnf -cpu-lim=10000 -drup-file=/local_ssd/proof.drat"
	User time (seconds): 54.32
	System time (seconds): 0.07
	Percent of CPU this job got: 99%
	Elapsed (wall clock) time (h:mm:ss or m:ss): 0:54.42
	Average shared text size (kbytes): 0
	Average unshared data size (kbytes): 0
	Average stack size (kbytes): 0
	Average total size (kbytes): 0
	Maximum resident set size (kbytes): 33660
	Average resident set size (kbytes): 0
	Major (requiring I/O) page faults: 2
	Minor (reclaiming a frame) page faults: 39536
	Voluntary context switches: 35
	Involuntary context switches: 101
	Swaps: 0
	File system inputs: 36232
	File system outputs: 167256
	Socket messages sent: 0
	Socket messages received: 0
	Signals delivered: 0
	Page size (bytes): 4096
	Exit status: 20
SOLVE_W_TIME,	Elapsed (wall clock) time (h:mm:ss or m:ss): 0:54.42
c This is MapleLCMDistChronoBT.
c WARNING: for repeatability, setting FPU to use double precision
c Analyzer is deactivated by mode: 1 and dyn: 1
c ============================[ Problem Statistics ]=============================
c |                                                                             |
c |  Number of variables:           420                                         |
c |  Number of clauses:            1387                                         |
c |  Parse time:                   0.00 s                                       |
c |  Eliminated clauses:           0.01 Mb                                      |
c Reduced to 282 vars, 1131 cls (grow=0)
c No iterative elimination performed. (vars=282, c/v ratio=4.0)
c |  Simplification time:          0.00 s                                       |
c |                                                                             |
c running deterministic with LRB
c ============================[ Search Statistics ]==============================
c | Conflicts |          ORIGINAL         |          LEARNT          | Progress |
c |           |    Vars  Clauses Literals |    Limit  Clauses Lit/Cl |          |
c ===============================================================================
c ===============================================================================
c restarts              : 2857
c conflicts             : 1460072        (26875 /sec)
c decisions             : 1827502        (0.00 % random) (33638 /sec)
c propagations          : 25222043       (464255 /sec)
c conflict literals     : 21208566       (28.83 % deleted)
c backtracks            : 1460071        (NCB 100% , CB 0%)
c Memory used           : 50.00 MB
c CPU time              : 54.328 s

s UNSATISFIABLE
DRAT_SIZE: 83620	/local_ssd/proof.drat
s UNSATISFIABLE
/local_ssd/proof.drat
	Command being timed: "/nfs/scratch/bzchartu/programs/maplechronobt_proof_analyze/drat-trim/drat-trim /nfs/scratch/bzchartu/unsat_2018_solved/mchess_15.cnf /local_ssd/proof.drat -L /local_ssd/proof.lrat -t 200000"
	User time (seconds): 147.30
	System time (seconds): 0.40
	Percent of CPU this job got: 100%
	Elapsed (wall clock) time (h:mm:ss or m:ss): 2:27.69
	Average shared text size (kbytes): 0
	Average unshared data size (kbytes): 0
	Average stack size (kbytes): 0
	Average total size (kbytes): 0
	Maximum resident set size (kbytes): 365284
	Average resident set size (kbytes): 0
	Major (requiring I/O) page faults: 0
	Minor (reclaiming a frame) page faults: 354882
	Voluntary context switches: 12
	Involuntary context switches: 175
	Swaps: 0
	File system inputs: 0
	File system outputs: 476912
	Socket messages sent: 0
	Socket messages received: 0
	Signals delivered: 0
	Page size (bytes): 4096
	Exit status: 0
DRAT_W_TIME,	Elapsed (wall clock) time (h:mm:ss or m:ss): 2:27.69
c turning on binary mode checking
c parsing input formula with 420 variables and 1391 clauses
c finished parsing, read 85625021 bytes from proof file
c detected empty clause; start verification via backward checking
c 1314 of 1391 clauses in core                            
c 1251639 of 1582996 lemmas in core using 23916108 resolution steps
c 0 RAT lemmas in core; 0 redundant literals in core lemmas
s VERIFIED
c verification time: 147.683 seconds
LRAT_SIZE: 238452	/local_ssd/proof.lrat
s VERIFIED
/local_ssd/proof.lrat
	Command being timed: "/nfs/scratch/bzchartu/programs/maplechronobt_proof_analyze/drat-trim/lrat-check /nfs/scratch/bzchartu/unsat_2018_solved/mchess_15.cnf /local_ssd/proof.lrat"
	User time (seconds): 5.70
	System time (seconds): 0.07
	Percent of CPU this job got: 99%
	Elapsed (wall clock) time (h:mm:ss or m:ss): 0:05.78
	Average shared text size (kbytes): 0
	Average unshared data size (kbytes): 0
	Average stack size (kbytes): 0
	Average total size (kbytes): 0
	Maximum resident set size (kbytes): 80148
	Average resident set size (kbytes): 0
	Major (requiring I/O) page faults: 0
	Minor (reclaiming a frame) page faults: 32035
	Voluntary context switches: 17
	Involuntary context switches: 3
	Swaps: 0
	File system inputs: 0
	File system outputs: 8
	Socket messages sent: 0
	Socket messages received: 0
	Signals delivered: 0
	Page size (bytes): 4096
	Exit status: 0
LRAT_W_TIME,	Elapsed (wall clock) time (h:mm:ss or m:ss): 0:05.78
c parsed a formula with 420 variables and 1391 clauses
c VERIFIED
c Added clauses = 1253030.  Deleted clauses = 1252993.  Max live clauses = 20404
c verification time = 5.78 secs
c VERIFIED
OVERVIEW_HEADER,benchmark,solve mem,solve time,drat kb,drat sec,lrat kb,lrat sec,restarts,decisions,conflicts,propagations
OVERVIEW_CSV,/nfs/scratch/bzchartu/unsat_2018_solved/mchess_15.cnf,	Elapsed (wall clock) time (h:mm:ss or m:ss): 0:54.42,	Maximum resident set size (kbytes): 33660,83620	/local_ssd/proof.drat,	Elapsed (wall clock) time (h:mm:ss or m:ss): 2:27.69,238452	/local_ssd/proof.lrat,	Elapsed (wall clock) time (h:mm:ss or m:ss): 0:05.78,c restarts              : 2857,c decisions             : 1827502        (0.00 % random) (33638 /sec),c conflicts             : 1460072        (26875 /sec),c propagations          : 25222043       (464255 /sec)
