SOLVERNAME,STD
BENCHNAME,/nfs/scratch/bzchartu/unsat_2018_solved/T93.2.0.cnf
running lrb Bench '/nfs/scratch/bzchartu/unsat_2018_solved/T93.2.0.cnf' on cumu01-08
Command exited with non-zero status 20
	Command being timed: "/nfs/scratch/bzchartu/programs/maplechronobt_proof_analyze/sources/simp/glucose_release -det=lrb /nfs/scratch/bzchartu/unsat_2018_solved/T93.2.0.cnf -cpu-lim=10000 -drup-file=/local_ssd/proof.drat"
	User time (seconds): 287.97
	System time (seconds): 6.96
	Percent of CPU this job got: 99%
	Elapsed (wall clock) time (h:mm:ss or m:ss): 4:55.02
	Average shared text size (kbytes): 0
	Average unshared data size (kbytes): 0
	Average stack size (kbytes): 0
	Average total size (kbytes): 0
	Maximum resident set size (kbytes): 1997872
	Average resident set size (kbytes): 0
	Major (requiring I/O) page faults: 0
	Minor (reclaiming a frame) page faults: 9167050
	Voluntary context switches: 36
	Involuntary context switches: 1333
	Swaps: 0
	File system inputs: 480496
	File system outputs: 1703696
	Socket messages sent: 0
	Socket messages received: 0
	Signals delivered: 0
	Page size (bytes): 4096
	Exit status: 20
SOLVE_W_TIME,	Elapsed (wall clock) time (h:mm:ss or m:ss): 4:55.02
c This is MapleLCMDistChronoBT.
c WARNING: for repeatability, setting FPU to use double precision
c Analyzer is deactivated by mode: 1 and dyn: 1
c ============================[ Problem Statistics ]=============================
c |                                                                             |
c |  Number of variables:       3171415                                         |
c |  Number of clauses:        10928662                                         |
c |  Parse time:                   4.68 s                                       |
c |  Eliminated clauses:         121.14 Mb                                      |
c Reduced to 589063 vars, 3512923 cls (grow=0)
c |  Eliminated clauses:         137.79 Mb                                      |
c Reduced to 385070 vars, 3566793 cls (grow=8)
c cl_inc_rate=1.015, var_dec_rate=1.530
c |  Eliminated clauses:         141.06 Mb                                      |
c Reduced to 354288 vars, 3710330 cls (grow=16)
c cl_inc_rate=1.040, var_dec_rate=1.087
c |  Eliminated clauses:         146.66 Mb                                      |
c Reduced to 314296 vars, 3917937 cls (grow=32)
c cl_inc_rate=1.056, var_dec_rate=1.127
c |  Eliminated clauses:         155.04 Mb                                      |
c Reduced to 264916 vars, 4798677 cls (grow=64)
c cl_inc_rate=1.225, var_dec_rate=1.186
c No. effective iterative eliminations: 4
c |  Simplification time:         83.24 s                                       |
c |                                                                             |
c running deterministic with LRB
c ============================[ Search Statistics ]==============================
c | Conflicts |          ORIGINAL         |          LEARNT          | Progress |
c |           |    Vars  Clauses Literals |    Limit  Clauses Lit/Cl |          |
c ===============================================================================
c ===============================================================================
c restarts              : 771
c conflicts             : 305693         (1062 /sec)
c decisions             : 6258467        (0.00 % random) (21749 /sec)
c propagations          : 435500426      (1513394 /sec)
c conflict literals     : 10931095       (30.07 % deleted)
c backtracks            : 303326         (NCB 97% , CB 3%)
c Memory used           : 2399.00 MB
c CPU time              : 287.764 s

s UNSATISFIABLE
DRAT_SIZE: 851840	/local_ssd/proof.drat
s UNSATISFIABLE
/local_ssd/proof.drat
	Command being timed: "/nfs/scratch/bzchartu/programs/maplechronobt_proof_analyze/drat-trim/drat-trim /nfs/scratch/bzchartu/unsat_2018_solved/T93.2.0.cnf /local_ssd/proof.drat -L /local_ssd/proof.lrat -t 200000"
	User time (seconds): 107.85
	System time (seconds): 2.11
	Percent of CPU this job got: 99%
	Elapsed (wall clock) time (h:mm:ss or m:ss): 1:49.97
	Average shared text size (kbytes): 0
	Average unshared data size (kbytes): 0
	Average stack size (kbytes): 0
	Average total size (kbytes): 0
	Maximum resident set size (kbytes): 2567636
	Average resident set size (kbytes): 0
	Major (requiring I/O) page faults: 0
	Minor (reclaiming a frame) page faults: 1663560
	Voluntary context switches: 17
	Involuntary context switches: 144
	Swaps: 0
	File system inputs: 0
	File system outputs: 878224
	Socket messages sent: 0
	Socket messages received: 0
	Signals delivered: 0
	Page size (bytes): 4096
	Exit status: 0
DRAT_W_TIME,	Elapsed (wall clock) time (h:mm:ss or m:ss): 1:49.97
c turning on binary mode checking
c parsing input formula with 3171415 variables and 10928662 clauses
c finished parsing, read 872277600 bytes from proof file
c detected empty clause; start verification via backward checking
c 661943 of 10928662 clauses in core                            
c 930601 of 19731279 lemmas in core using 33605266 resolution steps
c 0 RAT lemmas in core; 55 redundant literals in core lemmas
s VERIFIED
c verification time: 109.109 seconds
LRAT_SIZE: 439108	/local_ssd/proof.lrat
s VERIFIED
/local_ssd/proof.lrat
	Command being timed: "/nfs/scratch/bzchartu/programs/maplechronobt_proof_analyze/drat-trim/lrat-check /nfs/scratch/bzchartu/unsat_2018_solved/T93.2.0.cnf /local_ssd/proof.lrat"
	User time (seconds): 12.78
	System time (seconds): 0.72
	Percent of CPU this job got: 99%
	Elapsed (wall clock) time (h:mm:ss or m:ss): 0:13.50
	Average shared text size (kbytes): 0
	Average unshared data size (kbytes): 0
	Average stack size (kbytes): 0
	Average total size (kbytes): 0
	Maximum resident set size (kbytes): 1378632
	Average resident set size (kbytes): 0
	Major (requiring I/O) page faults: 0
	Minor (reclaiming a frame) page faults: 416062
	Voluntary context switches: 17
	Involuntary context switches: 19
	Swaps: 0
	File system inputs: 0
	File system outputs: 8
	Socket messages sent: 0
	Socket messages received: 0
	Signals delivered: 0
	Page size (bytes): 4096
	Exit status: 0
LRAT_W_TIME,	Elapsed (wall clock) time (h:mm:ss or m:ss): 0:13.50
c parsed a formula with 3171415 variables and 10928662 clauses
c VERIFIED
c Added clauses = 11859263.  Deleted clauses = 11856380.  Max live clauses = 10928662
c verification time = 13.46 secs
c VERIFIED
OVERVIEW_HEADER,benchmark,solve mem,solve time,drat kb,drat sec,lrat kb,lrat sec,restarts,decisions,conflicts,propagations
OVERVIEW_CSV,/nfs/scratch/bzchartu/unsat_2018_solved/T93.2.0.cnf,	Elapsed (wall clock) time (h:mm:ss or m:ss): 4:55.02,	Maximum resident set size (kbytes): 1997872,851840	/local_ssd/proof.drat,	Elapsed (wall clock) time (h:mm:ss or m:ss): 1:49.97,439108	/local_ssd/proof.lrat,	Elapsed (wall clock) time (h:mm:ss or m:ss): 0:13.50,c restarts              : 771,c decisions             : 6258467        (0.00 % random) (21749 /sec),c conflicts             : 305693         (1062 /sec),c propagations          : 435500426      (1513394 /sec)
