SOLVERNAME,STD
BENCHNAME,/nfs/scratch/bzchartu/unsat_2018_solved/a_rphp055_04.cnf
running lrb Bench '/nfs/scratch/bzchartu/unsat_2018_solved/a_rphp055_04.cnf' on cumu01-08
Command exited with non-zero status 20
	Command being timed: "/nfs/scratch/bzchartu/programs/maplechronobt_proof_analyze/sources/simp/glucose_release -det=lrb /nfs/scratch/bzchartu/unsat_2018_solved/a_rphp055_04.cnf -cpu-lim=10000 -drup-file=/local_ssd/proof.drat"
	User time (seconds): 223.75
	System time (seconds): 0.39
	Percent of CPU this job got: 99%
	Elapsed (wall clock) time (h:mm:ss or m:ss): 3:44.87
	Average shared text size (kbytes): 0
	Average unshared data size (kbytes): 0
	Average stack size (kbytes): 0
	Average total size (kbytes): 0
	Maximum resident set size (kbytes): 69920
	Average resident set size (kbytes): 0
	Major (requiring I/O) page faults: 3
	Minor (reclaiming a frame) page faults: 262241
	Voluntary context switches: 72
	Involuntary context switches: 190
	Swaps: 0
	File system inputs: 39200
	File system outputs: 764176
	Socket messages sent: 0
	Socket messages received: 0
	Signals delivered: 0
	Page size (bytes): 4096
	Exit status: 20
SOLVE_W_TIME,	Elapsed (wall clock) time (h:mm:ss or m:ss): 3:44.87
c This is MapleLCMDistChronoBT.
c WARNING: for repeatability, setting FPU to use double precision
c Analyzer is deactivated by mode: 1 and dyn: 1
c ============================[ Problem Statistics ]=============================
c |                                                                             |
c |  Number of variables:           467                                         |
c |  Number of clauses:            7278                                         |
c |  Parse time:                   0.01 s                                       |
c |  Eliminated clauses:           0.00 Mb                                      |
c Reduced to 411 vars, 6868 cls (grow=0)
c No iterative elimination performed. (vars=411, c/v ratio=16.7)
c |  Simplification time:          0.02 s                                       |
c |                                                                             |
c running deterministic with LRB
c ============================[ Search Statistics ]==============================
c | Conflicts |          ORIGINAL         |          LEARNT          | Progress |
c |           |    Vars  Clauses Literals |    Limit  Clauses Lit/Cl |          |
c ===============================================================================
c ===============================================================================
c restarts              : 6290
c conflicts             : 3596980        (16075 /sec)
c decisions             : 34921201       (0.00 % random) (156068 /sec)
c propagations          : 129864665      (580385 /sec)
c conflict literals     : 102865867      (24.38 % deleted)
c backtracks            : 3590646        (NCB 100% , CB 0%)
c Memory used           : 82.00 MB
c CPU time              : 223.756 s

s UNSATISFIABLE
DRAT_SIZE: 382080	/local_ssd/proof.drat
s UNSATISFIABLE
/local_ssd/proof.drat
	Command being timed: "/nfs/scratch/bzchartu/programs/maplechronobt_proof_analyze/drat-trim/drat-trim /nfs/scratch/bzchartu/unsat_2018_solved/a_rphp055_04.cnf /local_ssd/proof.drat -L /local_ssd/proof.lrat -t 200000"
	User time (seconds): 600.12
	System time (seconds): 1.70
	Percent of CPU this job got: 99%
	Elapsed (wall clock) time (h:mm:ss or m:ss): 10:01.87
	Average shared text size (kbytes): 0
	Average unshared data size (kbytes): 0
	Average stack size (kbytes): 0
	Average total size (kbytes): 0
	Maximum resident set size (kbytes): 1283108
	Average resident set size (kbytes): 0
	Major (requiring I/O) page faults: 1
	Minor (reclaiming a frame) page faults: 1337752
	Voluntary context switches: 42
	Involuntary context switches: 155
	Swaps: 0
	File system inputs: 88
	File system outputs: 1457048
	Socket messages sent: 0
	Socket messages received: 0
	Signals delivered: 0
	Page size (bytes): 4096
	Exit status: 0
DRAT_W_TIME,	Elapsed (wall clock) time (h:mm:ss or m:ss): 10:01.87
c turning on binary mode checking
c parsing input formula with 467 variables and 7278 clauses
c finished parsing, read 391248519 bytes from proof file
c detected empty clause; start verification via backward checking
c 6855 of 7278 clauses in core                            
c 3309356 of 4443435 lemmas in core using 75684789 resolution steps
c 0 RAT lemmas in core; 0 redundant literals in core lemmas
s VERIFIED
c verification time: 601.822 seconds
LRAT_SIZE: 728524	/local_ssd/proof.lrat
s VERIFIED
/local_ssd/proof.lrat
	Command being timed: "/nfs/scratch/bzchartu/programs/maplechronobt_proof_analyze/drat-trim/lrat-check /nfs/scratch/bzchartu/unsat_2018_solved/a_rphp055_04.cnf /local_ssd/proof.lrat"
	User time (seconds): 16.76
	System time (seconds): 0.27
	Percent of CPU this job got: 99%
	Elapsed (wall clock) time (h:mm:ss or m:ss): 0:17.14
	Average shared text size (kbytes): 0
	Average unshared data size (kbytes): 0
	Average stack size (kbytes): 0
	Average total size (kbytes): 0
	Maximum resident set size (kbytes): 312052
	Average resident set size (kbytes): 0
	Major (requiring I/O) page faults: 0
	Minor (reclaiming a frame) page faults: 92700
	Voluntary context switches: 30
	Involuntary context switches: 26
	Swaps: 0
	File system inputs: 32
	File system outputs: 8
	Socket messages sent: 0
	Socket messages received: 0
	Signals delivered: 0
	Page size (bytes): 4096
	Exit status: 0
LRAT_W_TIME,	Elapsed (wall clock) time (h:mm:ss or m:ss): 0:17.14
c parsed a formula with 467 variables and 7278 clauses
c VERIFIED
c Added clauses = 3316634.  Deleted clauses = 3316591.  Max live clauses = 49382
c verification time = 17.03 secs
c VERIFIED
OVERVIEW_HEADER,benchmark,solve mem,solve time,drat kb,drat sec,lrat kb,lrat sec,restarts,decisions,conflicts,propagations
OVERVIEW_CSV,/nfs/scratch/bzchartu/unsat_2018_solved/a_rphp055_04.cnf,	Elapsed (wall clock) time (h:mm:ss or m:ss): 3:44.87,	Maximum resident set size (kbytes): 69920,382080	/local_ssd/proof.drat,	Elapsed (wall clock) time (h:mm:ss or m:ss): 10:01.87,728524	/local_ssd/proof.lrat,	Elapsed (wall clock) time (h:mm:ss or m:ss): 0:17.14,c restarts              : 6290,c decisions             : 34921201       (0.00 % random) (156068 /sec),c conflicts             : 3596980        (16075 /sec),c propagations          : 129864665      (580385 /sec)
