SOLVERNAME,STD
BENCHNAME,/nfs/scratch/bzchartu/unsat_2018_solved/ae_rphp075_04.cnf
running lrb Bench '/nfs/scratch/bzchartu/unsat_2018_solved/ae_rphp075_04.cnf' on cumu01-04
Command exited with non-zero status 20
	Command being timed: "/nfs/scratch/bzchartu/programs/maplechronobt_proof_analyze/sources/simp/glucose_release -det=lrb /nfs/scratch/bzchartu/unsat_2018_solved/ae_rphp075_04.cnf -cpu-lim=10000 -drup-file=/local_ssd/proof.drat"
	User time (seconds): 1058.84
	System time (seconds): 1.40
	Percent of CPU this job got: 99%
	Elapsed (wall clock) time (h:mm:ss or m:ss): 17:40.49
	Average shared text size (kbytes): 0
	Average unshared data size (kbytes): 0
	Average stack size (kbytes): 0
	Average total size (kbytes): 0
	Maximum resident set size (kbytes): 160688
	Average resident set size (kbytes): 0
	Major (requiring I/O) page faults: 3
	Minor (reclaiming a frame) page faults: 528662
	Voluntary context switches: 123
	Involuntary context switches: 580
	Swaps: 0
	File system inputs: 39680
	File system outputs: 3596744
	Socket messages sent: 0
	Socket messages received: 0
	Signals delivered: 0
	Page size (bytes): 4096
	Exit status: 20
SOLVE_W_TIME,	Elapsed (wall clock) time (h:mm:ss or m:ss): 17:40.49
c This is MapleLCMDistChronoBT.
c WARNING: for repeatability, setting FPU to use double precision
c Analyzer is deactivated by mode: 1 and dyn: 1
c ============================[ Problem Statistics ]=============================
c |                                                                             |
c |  Number of variables:          9325                                         |
c |  Number of clauses:           21986                                         |
c |  Parse time:                   0.02 s                                       |
c |  Eliminated clauses:           0.20 Mb                                      |
c Reduced to 560 vars, 12552 cls (grow=0)
c No iterative elimination performed. (vars=560, c/v ratio=22.4)
c |  Simplification time:          0.06 s                                       |
c |                                                                             |
c running deterministic with LRB
c ============================[ Search Statistics ]==============================
c | Conflicts |          ORIGINAL         |          LEARNT          | Progress |
c |           |    Vars  Clauses Literals |    Limit  Clauses Lit/Cl |          |
c ===============================================================================
c ===============================================================================
c restarts              : 22181
c conflicts             : 14704402       (13887 /sec)
c decisions             : 176370626      (0.00 % random) (166570 /sec)
c propagations          : 671867806      (634534 /sec)
c conflict literals     : 475698617      (23.97 % deleted)
c backtracks            : 14534044       (NCB 98% , CB 2%)
c Memory used           : 181.00 MB
c CPU time              : 1058.84 s

s UNSATISFIABLE
DRAT_SIZE: 1798368	/local_ssd/proof.drat
s UNSATISFIABLE
/local_ssd/proof.drat
	Command being timed: "/nfs/scratch/bzchartu/programs/maplechronobt_proof_analyze/drat-trim/drat-trim /nfs/scratch/bzchartu/unsat_2018_solved/ae_rphp075_04.cnf /local_ssd/proof.drat -L /local_ssd/proof.lrat -t 200000"
	User time (seconds): 4688.15
	System time (seconds): 15.57
	Percent of CPU this job got: 100%
	Elapsed (wall clock) time (h:mm:ss or m:ss): 1:18:23
	Average shared text size (kbytes): 0
	Average unshared data size (kbytes): 0
	Average stack size (kbytes): 0
	Average total size (kbytes): 0
	Maximum resident set size (kbytes): 5370588
	Average resident set size (kbytes): 0
	Major (requiring I/O) page faults: 1
	Minor (reclaiming a frame) page faults: 19555077
	Voluntary context switches: 72
	Involuntary context switches: 1260
	Swaps: 0
	File system inputs: 88
	File system outputs: 6325272
	Socket messages sent: 0
	Socket messages received: 0
	Signals delivered: 0
	Page size (bytes): 4096
	Exit status: 0
DRAT_W_TIME,	Elapsed (wall clock) time (h:mm:ss or m:ss): 1:18:23
c turning on binary mode checking
c parsing input formula with 9325 variables and 21986 clauses
c finished parsing, read 1841524133 bytes from proof file
c detected empty clause; start verification via backward checking
c 21252 of 21986 clauses in core                            
c 12441370 of 16666892 lemmas in core using 312419568 resolution steps
c 0 RAT lemmas in core; 0 redundant literals in core lemmas
s VERIFIED
c verification time: 4703.519 seconds
LRAT_SIZE: 3162636	/local_ssd/proof.lrat
s VERIFIED
/local_ssd/proof.lrat
	Command being timed: "/nfs/scratch/bzchartu/programs/maplechronobt_proof_analyze/drat-trim/lrat-check /nfs/scratch/bzchartu/unsat_2018_solved/ae_rphp075_04.cnf /local_ssd/proof.lrat"
	User time (seconds): 70.94
	System time (seconds): 1.24
	Percent of CPU this job got: 99%
	Elapsed (wall clock) time (h:mm:ss or m:ss): 1:12.32
	Average shared text size (kbytes): 0
	Average unshared data size (kbytes): 0
	Average stack size (kbytes): 0
	Average total size (kbytes): 0
	Maximum resident set size (kbytes): 1327656
	Average resident set size (kbytes): 0
	Major (requiring I/O) page faults: 0
	Minor (reclaiming a frame) page faults: 401308
	Voluntary context switches: 30
	Involuntary context switches: 92
	Swaps: 0
	File system inputs: 32
	File system outputs: 8
	Socket messages sent: 0
	Socket messages received: 0
	Signals delivered: 0
	Page size (bytes): 4096
	Exit status: 0
LRAT_W_TIME,	Elapsed (wall clock) time (h:mm:ss or m:ss): 1:12.32
c parsed a formula with 9325 variables and 21986 clauses
c VERIFIED
c Added clauses = 12463356.  Deleted clauses = 12463285.  Max live clauses = 127720
c verification time = 72.14 secs
c VERIFIED
OVERVIEW_HEADER,benchmark,solve mem,solve time,drat kb,drat sec,lrat kb,lrat sec,restarts,decisions,conflicts,propagations
OVERVIEW_CSV,/nfs/scratch/bzchartu/unsat_2018_solved/ae_rphp075_04.cnf,	Elapsed (wall clock) time (h:mm:ss or m:ss): 17:40.49,	Maximum resident set size (kbytes): 160688,1798368	/local_ssd/proof.drat,	Elapsed (wall clock) time (h:mm:ss or m:ss): 1:18:23,3162636	/local_ssd/proof.lrat,	Elapsed (wall clock) time (h:mm:ss or m:ss): 1:12.32,c restarts              : 22181,c decisions             : 176370626      (0.00 % random) (166570 /sec),c conflicts             : 14704402       (13887 /sec),c propagations          : 671867806      (634534 /sec)
