SOLVERNAME,STD
BENCHNAME,/nfs/scratch/bzchartu/unsat_2018_solved/T84.2.0.cnf
running lrb Bench '/nfs/scratch/bzchartu/unsat_2018_solved/T84.2.0.cnf' on cumu02-02
Command exited with non-zero status 20
	Command being timed: "/nfs/scratch/bzchartu/programs/maplechronobt_proof_analyze/sources/simp/glucose_release -det=lrb /nfs/scratch/bzchartu/unsat_2018_solved/T84.2.0.cnf -cpu-lim=10000 -drup-file=/local_ssd/proof.drat"
	User time (seconds): 233.35
	System time (seconds): 5.67
	Percent of CPU this job got: 99%
	Elapsed (wall clock) time (h:mm:ss or m:ss): 3:59.06
	Average shared text size (kbytes): 0
	Average unshared data size (kbytes): 0
	Average stack size (kbytes): 0
	Average total size (kbytes): 0
	Maximum resident set size (kbytes): 1949720
	Average resident set size (kbytes): 0
	Major (requiring I/O) page faults: 0
	Minor (reclaiming a frame) page faults: 7751186
	Voluntary context switches: 26
	Involuntary context switches: 1030
	Swaps: 0
	File system inputs: 475160
	File system outputs: 1621880
	Socket messages sent: 0
	Socket messages received: 0
	Signals delivered: 0
	Page size (bytes): 4096
	Exit status: 20
SOLVE_W_TIME,	Elapsed (wall clock) time (h:mm:ss or m:ss): 3:59.06
c This is MapleLCMDistChronoBT.
c WARNING: for repeatability, setting FPU to use double precision
c Analyzer is deactivated by mode: 1 and dyn: 1
c ============================[ Problem Statistics ]=============================
c |                                                                             |
c |  Number of variables:       3130396                                         |
c |  Number of clauses:        10804148                                         |
c |  Parse time:                   4.50 s                                       |
c |  Eliminated clauses:         119.76 Mb                                      |
c Reduced to 579641 vars, 3448137 cls (grow=0)
c |  Eliminated clauses:         136.19 Mb                                      |
c Reduced to 378230 vars, 3499711 cls (grow=8)
c cl_inc_rate=1.015, var_dec_rate=1.533
c |  Eliminated clauses:         139.32 Mb                                      |
c Reduced to 348712 vars, 3639499 cls (grow=16)
c cl_inc_rate=1.040, var_dec_rate=1.085
c |  Eliminated clauses:         144.76 Mb                                      |
c Reduced to 309770 vars, 3840295 cls (grow=32)
c cl_inc_rate=1.055, var_dec_rate=1.126
c |  Eliminated clauses:         153.06 Mb                                      |
c Reduced to 260794 vars, 4705106 cls (grow=64)
c cl_inc_rate=1.225, var_dec_rate=1.188
c No. effective iterative eliminations: 4
c |  Simplification time:         79.05 s                                       |
c |                                                                             |
c running deterministic with LRB
c ============================[ Search Statistics ]==============================
c | Conflicts |          ORIGINAL         |          LEARNT          | Progress |
c |           |    Vars  Clauses Literals |    Limit  Clauses Lit/Cl |          |
c ===============================================================================
c ===============================================================================
c restarts              : 629
c conflicts             : 250239         (1073 /sec)
c decisions             : 5055105        (0.00 % random) (21682 /sec)
c propagations          : 359362455      (1541376 /sec)
c conflict literals     : 7193238        (27.39 % deleted)
c backtracks            : 248608         (NCB 97% , CB 3%)
c Memory used           : 2200.00 MB
c CPU time              : 233.144 s

s UNSATISFIABLE
DRAT_SIZE: 810932	/local_ssd/proof.drat
s UNSATISFIABLE
/local_ssd/proof.drat
	Command being timed: "/nfs/scratch/bzchartu/programs/maplechronobt_proof_analyze/drat-trim/drat-trim /nfs/scratch/bzchartu/unsat_2018_solved/T84.2.0.cnf /local_ssd/proof.drat -L /local_ssd/proof.lrat -t 200000"
	User time (seconds): 70.94
	System time (seconds): 2.87
	Percent of CPU this job got: 99%
	Elapsed (wall clock) time (h:mm:ss or m:ss): 1:13.82
	Average shared text size (kbytes): 0
	Average unshared data size (kbytes): 0
	Average stack size (kbytes): 0
	Average total size (kbytes): 0
	Maximum resident set size (kbytes): 2411384
	Average resident set size (kbytes): 0
	Major (requiring I/O) page faults: 0
	Minor (reclaiming a frame) page faults: 3061453
	Voluntary context switches: 17
	Involuntary context switches: 76
	Swaps: 0
	File system inputs: 0
	File system outputs: 501360
	Socket messages sent: 0
	Socket messages received: 0
	Signals delivered: 0
	Page size (bytes): 4096
	Exit status: 0
DRAT_W_TIME,	Elapsed (wall clock) time (h:mm:ss or m:ss): 1:13.82
c turning on binary mode checking
c parsing input formula with 3130396 variables and 10804148 clauses
c finished parsing, read 830386558 bytes from proof file
c detected empty clause; start verification via backward checking
c 452380 of 10804148 clauses in core                            
c 689042 of 19361635 lemmas in core using 13885738 resolution steps
c 0 RAT lemmas in core; 4 redundant literals in core lemmas
s VERIFIED
c verification time: 72.983 seconds
LRAT_SIZE: 250676	/local_ssd/proof.lrat
s VERIFIED
/local_ssd/proof.lrat
	Command being timed: "/nfs/scratch/bzchartu/programs/maplechronobt_proof_analyze/drat-trim/lrat-check /nfs/scratch/bzchartu/unsat_2018_solved/T84.2.0.cnf /local_ssd/proof.lrat"
	User time (seconds): 9.04
	System time (seconds): 0.61
	Percent of CPU this job got: 99%
	Elapsed (wall clock) time (h:mm:ss or m:ss): 0:09.66
	Average shared text size (kbytes): 0
	Average unshared data size (kbytes): 0
	Average stack size (kbytes): 0
	Average total size (kbytes): 0
	Maximum resident set size (kbytes): 1356388
	Average resident set size (kbytes): 0
	Major (requiring I/O) page faults: 0
	Minor (reclaiming a frame) page faults: 393360
	Voluntary context switches: 17
	Involuntary context switches: 7
	Swaps: 0
	File system inputs: 0
	File system outputs: 8
	Socket messages sent: 0
	Socket messages received: 0
	Signals delivered: 0
	Page size (bytes): 4096
	Exit status: 0
LRAT_W_TIME,	Elapsed (wall clock) time (h:mm:ss or m:ss): 0:09.66
c parsed a formula with 3130396 variables and 10804148 clauses
c VERIFIED
c Added clauses = 11493190.  Deleted clauses = 11491150.  Max live clauses = 10804148
c verification time = 9.62 secs
c VERIFIED
OVERVIEW_HEADER,benchmark,solve mem,solve time,drat kb,drat sec,lrat kb,lrat sec,restarts,decisions,conflicts,propagations
OVERVIEW_CSV,/nfs/scratch/bzchartu/unsat_2018_solved/T84.2.0.cnf,	Elapsed (wall clock) time (h:mm:ss or m:ss): 3:59.06,	Maximum resident set size (kbytes): 1949720,810932	/local_ssd/proof.drat,	Elapsed (wall clock) time (h:mm:ss or m:ss): 1:13.82,250676	/local_ssd/proof.lrat,	Elapsed (wall clock) time (h:mm:ss or m:ss): 0:09.66,c restarts              : 629,c decisions             : 5055105        (0.00 % random) (21682 /sec),c conflicts             : 250239         (1073 /sec),c propagations          : 359362455      (1541376 /sec)
