SOLVERNAME,STD
BENCHNAME,/nfs/scratch/bzchartu/unsat_2018_solved/gto_p60c231_1.cnf
running lrb Bench '/nfs/scratch/bzchartu/unsat_2018_solved/gto_p60c231_1.cnf' on cumu02-01
Command exited with non-zero status 20
	Command being timed: "/nfs/scratch/bzchartu/programs/maplechronobt_proof_analyze/sources/simp/glucose_release -det=lrb /nfs/scratch/bzchartu/unsat_2018_solved/gto_p60c231_1.cnf -cpu-lim=10000 -drup-file=/local_ssd/proof.drat"
	User time (seconds): 47.87
	System time (seconds): 0.06
	Percent of CPU this job got: 99%
	Elapsed (wall clock) time (h:mm:ss or m:ss): 0:47.94
	Average shared text size (kbytes): 0
	Average unshared data size (kbytes): 0
	Average stack size (kbytes): 0
	Average total size (kbytes): 0
	Maximum resident set size (kbytes): 23704
	Average resident set size (kbytes): 0
	Major (requiring I/O) page faults: 0
	Minor (reclaiming a frame) page faults: 32924
	Voluntary context switches: 19
	Involuntary context switches: 30
	Swaps: 0
	File system inputs: 88
	File system outputs: 214992
	Socket messages sent: 0
	Socket messages received: 0
	Signals delivered: 0
	Page size (bytes): 4096
	Exit status: 20
SOLVE_W_TIME,	Elapsed (wall clock) time (h:mm:ss or m:ss): 0:47.94
c This is MapleLCMDistChronoBT.
c WARNING: for repeatability, setting FPU to use double precision
c Analyzer is deactivated by mode: 1 and dyn: 1
c ============================[ Problem Statistics ]=============================
c |                                                                             |
c |  Number of variables:          1019                                         |
c |  Number of clauses:            2715                                         |
c |  Parse time:                   0.00 s                                       |
c |  Eliminated clauses:           0.02 Mb                                      |
c Reduced to 118 vars, 485 cls (grow=0)
c No iterative elimination performed. (vars=118, c/v ratio=4.1)
c |  Simplification time:          0.01 s                                       |
c |                                                                             |
c running deterministic with LRB
c ============================[ Search Statistics ]==============================
c | Conflicts |          ORIGINAL         |          LEARNT          | Progress |
c |           |    Vars  Clauses Literals |    Limit  Clauses Lit/Cl |          |
c ===============================================================================
c ===============================================================================
c restarts              : 2416
c conflicts             : 1261662        (26355 /sec)
c decisions             : 1416857        (0.00 % random) (29597 /sec)
c propagations          : 22636904       (472863 /sec)
c conflict literals     : 26253500       (37.84 % deleted)
c backtracks            : 1261661        (NCB 100% , CB 0%)
c Memory used           : 37.00 MB
c CPU time              : 47.872 s

s UNSATISFIABLE
DRAT_SIZE: 107488	/local_ssd/proof.drat
s UNSATISFIABLE
/local_ssd/proof.drat
	Command being timed: "/nfs/scratch/bzchartu/programs/maplechronobt_proof_analyze/drat-trim/drat-trim /nfs/scratch/bzchartu/unsat_2018_solved/gto_p60c231_1.cnf /local_ssd/proof.drat -L /local_ssd/proof.lrat -t 200000"
	User time (seconds): 122.26
	System time (seconds): 0.48
	Percent of CPU this job got: 99%
	Elapsed (wall clock) time (h:mm:ss or m:ss): 2:02.77
	Average shared text size (kbytes): 0
	Average unshared data size (kbytes): 0
	Average stack size (kbytes): 0
	Average total size (kbytes): 0
	Maximum resident set size (kbytes): 435592
	Average resident set size (kbytes): 0
	Major (requiring I/O) page faults: 0
	Minor (reclaiming a frame) page faults: 313391
	Voluntary context switches: 19
	Involuntary context switches: 32
	Swaps: 0
	File system inputs: 0
	File system outputs: 646976
	Socket messages sent: 0
	Socket messages received: 0
	Signals delivered: 0
	Page size (bytes): 4096
	Exit status: 0
DRAT_W_TIME,	Elapsed (wall clock) time (h:mm:ss or m:ss): 2:02.77
c turning on binary mode checking
c parsing input formula with 1019 variables and 3517 clauses
c finished parsing, read 110067632 bytes from proof file
c detected empty clause; start verification via backward checking
c 950 of 3517 clauses in core                            
c 1142771 of 1319974 lemmas in core using 35913774 resolution steps
c 0 RAT lemmas in core; 5 redundant literals in core lemmas
s VERIFIED
c verification time: 122.758 seconds
LRAT_SIZE: 323484	/local_ssd/proof.lrat
s VERIFIED
/local_ssd/proof.lrat
	Command being timed: "/nfs/scratch/bzchartu/programs/maplechronobt_proof_analyze/drat-trim/lrat-check /nfs/scratch/bzchartu/unsat_2018_solved/gto_p60c231_1.cnf /local_ssd/proof.lrat"
	User time (seconds): 7.63
	System time (seconds): 0.17
	Percent of CPU this job got: 99%
	Elapsed (wall clock) time (h:mm:ss or m:ss): 0:07.81
	Average shared text size (kbytes): 0
	Average unshared data size (kbytes): 0
	Average stack size (kbytes): 0
	Average total size (kbytes): 0
	Maximum resident set size (kbytes): 104256
	Average resident set size (kbytes): 0
	Major (requiring I/O) page faults: 0
	Minor (reclaiming a frame) page faults: 40802
	Voluntary context switches: 17
	Involuntary context switches: 3
	Swaps: 0
	File system inputs: 0
	File system outputs: 8
	Socket messages sent: 0
	Socket messages received: 0
	Signals delivered: 0
	Page size (bytes): 4096
	Exit status: 0
LRAT_W_TIME,	Elapsed (wall clock) time (h:mm:ss or m:ss): 0:07.81
c parsed a formula with 1019 variables and 3517 clauses
c VERIFIED
c Added clauses = 1146288.  Deleted clauses = 1146175.  Max live clauses = 10062
c verification time = 7.80 secs
c VERIFIED
OVERVIEW_HEADER,benchmark,solve mem,solve time,drat kb,drat sec,lrat kb,lrat sec,restarts,decisions,conflicts,propagations
OVERVIEW_CSV,/nfs/scratch/bzchartu/unsat_2018_solved/gto_p60c231_1.cnf,	Elapsed (wall clock) time (h:mm:ss or m:ss): 0:47.94,	Maximum resident set size (kbytes): 23704,107488	/local_ssd/proof.drat,	Elapsed (wall clock) time (h:mm:ss or m:ss): 2:02.77,323484	/local_ssd/proof.lrat,	Elapsed (wall clock) time (h:mm:ss or m:ss): 0:07.81,c restarts              : 2416,c decisions             : 1416857        (0.00 % random) (29597 /sec),c conflicts             : 1261662        (26355 /sec),c propagations          : 22636904       (472863 /sec)
