SOLVERNAME,STD
BENCHNAME,/nfs/scratch/bzchartu/unsat_2018_solved/Nb42T6.cnf
running lrb Bench '/nfs/scratch/bzchartu/unsat_2018_solved/Nb42T6.cnf' on cumu02-09
Command exited with non-zero status 20
	Command being timed: "/nfs/scratch/bzchartu/programs/maplechronobt_proof_analyze/sources/simp/glucose_release -det=lrb /nfs/scratch/bzchartu/unsat_2018_solved/Nb42T6.cnf -cpu-lim=10000 -drup-file=/local_ssd/proof.drat"
	User time (seconds): 746.12
	System time (seconds): 2.33
	Percent of CPU this job got: 99%
	Elapsed (wall clock) time (h:mm:ss or m:ss): 12:28.55
	Average shared text size (kbytes): 0
	Average unshared data size (kbytes): 0
	Average stack size (kbytes): 0
	Average total size (kbytes): 0
	Maximum resident set size (kbytes): 1402240
	Average resident set size (kbytes): 0
	Major (requiring I/O) page faults: 0
	Minor (reclaiming a frame) page faults: 3088164
	Voluntary context switches: 17
	Involuntary context switches: 1619
	Swaps: 0
	File system inputs: 272048
	File system outputs: 627640
	Socket messages sent: 0
	Socket messages received: 0
	Signals delivered: 0
	Page size (bytes): 4096
	Exit status: 20
SOLVE_W_TIME,	Elapsed (wall clock) time (h:mm:ss or m:ss): 12:28.55
c This is MapleLCMDistChronoBT.
c WARNING: for repeatability, setting FPU to use double precision
c Analyzer is deactivated by mode: 1 and dyn: 1
c ============================[ Problem Statistics ]=============================
c |                                                                             |
c |  Number of variables:       1318710                                         |
c |  Number of clauses:         5856480                                         |
c |  Parse time:                   1.74 s                                       |
c |  Eliminated clauses:          33.51 Mb                                      |
c Reduced to 733062 vars, 5856480 cls (grow=0)
c |  Eliminated clauses:          61.44 Mb                                      |
c Reduced to 440238 vars, 7027776 cls (grow=8)
c cl_inc_rate=1.200, var_dec_rate=1.665
c No. effective iterative eliminations: 1
c |  Simplification time:         12.42 s                                       |
c |                                                                             |
c running deterministic with LRB
c ============================[ Search Statistics ]==============================
c | Conflicts |          ORIGINAL         |          LEARNT          | Progress |
c |           |    Vars  Clauses Literals |    Limit  Clauses Lit/Cl |          |
c ===============================================================================
c ===============================================================================
c restarts              : 1500
c conflicts             : 667475         (895 /sec)
c decisions             : 171159465      (0.00 % random) (229458 /sec)
c propagations          : 1439549742     (1929878 /sec)
c conflict literals     : 15497051       (18.96 % deleted)
c backtracks            : 663069         (NCB 97% , CB 3%)
c Memory used           : 1572.00 MB
c CPU time              : 745.928 s

s UNSATISFIABLE
DRAT_SIZE: 313812	/local_ssd/proof.drat
s UNSATISFIABLE
/local_ssd/proof.drat
	Command being timed: "/nfs/scratch/bzchartu/programs/maplechronobt_proof_analyze/drat-trim/drat-trim /nfs/scratch/bzchartu/unsat_2018_solved/Nb42T6.cnf /local_ssd/proof.drat -L /local_ssd/proof.lrat -t 200000"
	User time (seconds): 159.62
	System time (seconds): 1.62
	Percent of CPU this job got: 99%
	Elapsed (wall clock) time (h:mm:ss or m:ss): 2:41.26
	Average shared text size (kbytes): 0
	Average unshared data size (kbytes): 0
	Average stack size (kbytes): 0
	Average total size (kbytes): 0
	Maximum resident set size (kbytes): 1352704
	Average resident set size (kbytes): 0
	Major (requiring I/O) page faults: 0
	Minor (reclaiming a frame) page faults: 1642588
	Voluntary context switches: 19
	Involuntary context switches: 202
	Swaps: 0
	File system inputs: 0
	File system outputs: 471168
	Socket messages sent: 0
	Socket messages received: 0
	Signals delivered: 0
	Page size (bytes): 4096
	Exit status: 0
DRAT_W_TIME,	Elapsed (wall clock) time (h:mm:ss or m:ss): 2:41.26
c turning on binary mode checking
c parsing input formula with 1318710 variables and 5856480 clauses
c finished parsing, read 321341310 bytes from proof file
c detected empty clause; start verification via backward checking
c 87629 of 5856480 clauses in core                            
c 623785 of 10134820 lemmas in core using 13371851 resolution steps
c 0 RAT lemmas in core; 0 redundant literals in core lemmas
s VERIFIED
c verification time: 160.940 seconds
LRAT_SIZE: 235580	/local_ssd/proof.lrat
s VERIFIED
/local_ssd/proof.lrat
	Command being timed: "/nfs/scratch/bzchartu/programs/maplechronobt_proof_analyze/drat-trim/lrat-check /nfs/scratch/bzchartu/unsat_2018_solved/Nb42T6.cnf /local_ssd/proof.lrat"
	User time (seconds): 6.47
	System time (seconds): 0.34
	Percent of CPU this job got: 99%
	Elapsed (wall clock) time (h:mm:ss or m:ss): 0:06.81
	Average shared text size (kbytes): 0
	Average unshared data size (kbytes): 0
	Average stack size (kbytes): 0
	Average total size (kbytes): 0
	Maximum resident set size (kbytes): 645684
	Average resident set size (kbytes): 0
	Major (requiring I/O) page faults: 0
	Minor (reclaiming a frame) page faults: 187437
	Voluntary context switches: 17
	Involuntary context switches: 4
	Swaps: 0
	File system inputs: 0
	File system outputs: 8
	Socket messages sent: 0
	Socket messages received: 0
	Signals delivered: 0
	Page size (bytes): 4096
	Exit status: 0
LRAT_W_TIME,	Elapsed (wall clock) time (h:mm:ss or m:ss): 0:06.81
c parsed a formula with 1318710 variables and 5856480 clauses
c VERIFIED
c Added clauses = 6480265.  Deleted clauses = 6480236.  Max live clauses = 5856480
c verification time = 6.80 secs
c VERIFIED
OVERVIEW_HEADER,benchmark,solve mem,solve time,drat kb,drat sec,lrat kb,lrat sec,restarts,decisions,conflicts,propagations
OVERVIEW_CSV,/nfs/scratch/bzchartu/unsat_2018_solved/Nb42T6.cnf,	Elapsed (wall clock) time (h:mm:ss or m:ss): 12:28.55,	Maximum resident set size (kbytes): 1402240,313812	/local_ssd/proof.drat,	Elapsed (wall clock) time (h:mm:ss or m:ss): 2:41.26,235580	/local_ssd/proof.lrat,	Elapsed (wall clock) time (h:mm:ss or m:ss): 0:06.81,c restarts              : 1500,c decisions             : 171159465      (0.00 % random) (229458 /sec),c conflicts             : 667475         (895 /sec),c propagations          : 1439549742     (1929878 /sec)
