SOLVERNAME,STD
BENCHNAME,/nfs/scratch/bzchartu/unsat_2018_solved/gto_p60c235.cnf
running lrb Bench '/nfs/scratch/bzchartu/unsat_2018_solved/gto_p60c235.cnf' on cumu01-12
Command exited with non-zero status 20
	Command being timed: "/nfs/scratch/bzchartu/programs/maplechronobt_proof_analyze/sources/simp/glucose_release -det=lrb /nfs/scratch/bzchartu/unsat_2018_solved/gto_p60c235.cnf -cpu-lim=10000 -drup-file=/local_ssd/proof.drat"
	User time (seconds): 131.91
	System time (seconds): 0.27
	Percent of CPU this job got: 99%
	Elapsed (wall clock) time (h:mm:ss or m:ss): 2:12.20
	Average shared text size (kbytes): 0
	Average unshared data size (kbytes): 0
	Average stack size (kbytes): 0
	Average total size (kbytes): 0
	Maximum resident set size (kbytes): 34096
	Average resident set size (kbytes): 0
	Major (requiring I/O) page faults: 0
	Minor (reclaiming a frame) page faults: 115297
	Voluntary context switches: 33
	Involuntary context switches: 160
	Swaps: 0
	File system inputs: 88
	File system outputs: 665192
	Socket messages sent: 0
	Socket messages received: 0
	Signals delivered: 0
	Page size (bytes): 4096
	Exit status: 20
SOLVE_W_TIME,	Elapsed (wall clock) time (h:mm:ss or m:ss): 2:12.20
c This is MapleLCMDistChronoBT.
c WARNING: for repeatability, setting FPU to use double precision
c Analyzer is deactivated by mode: 1 and dyn: 1
c ============================[ Problem Statistics ]=============================
c |                                                                             |
c |  Number of variables:          1031                                         |
c |  Number of clauses:            2772                                         |
c |  Parse time:                   0.00 s                                       |
c |  Eliminated clauses:           0.02 Mb                                      |
c Reduced to 127 vars, 520 cls (grow=0)
c No iterative elimination performed. (vars=127, c/v ratio=4.1)
c |  Simplification time:          0.01 s                                       |
c |                                                                             |
c running deterministic with LRB
c ============================[ Search Statistics ]==============================
c | Conflicts |          ORIGINAL         |          LEARNT          | Progress |
c |           |    Vars  Clauses Literals |    Limit  Clauses Lit/Cl |          |
c ===============================================================================
c ===============================================================================
c restarts              : 6353
c conflicts             : 3693778        (28002 /sec)
c decisions             : 4120297        (0.00 % random) (31235 /sec)
c propagations          : 66032099       (500577 /sec)
c conflict literals     : 81207415       (38.65 % deleted)
c backtracks            : 3693777        (NCB 100% , CB 0%)
c Memory used           : 51.00 MB
c CPU time              : 131.912 s

s UNSATISFIABLE
DRAT_SIZE: 332588	/local_ssd/proof.drat
s UNSATISFIABLE
/local_ssd/proof.drat
	Command being timed: "/nfs/scratch/bzchartu/programs/maplechronobt_proof_analyze/drat-trim/drat-trim /nfs/scratch/bzchartu/unsat_2018_solved/gto_p60c235.cnf /local_ssd/proof.drat -L /local_ssd/proof.lrat -t 200000"
	User time (seconds): 486.48
	System time (seconds): 1.92
	Percent of CPU this job got: 99%
	Elapsed (wall clock) time (h:mm:ss or m:ss): 8:08.41
	Average shared text size (kbytes): 0
	Average unshared data size (kbytes): 0
	Average stack size (kbytes): 0
	Average total size (kbytes): 0
	Maximum resident set size (kbytes): 1305904
	Average resident set size (kbytes): 0
	Major (requiring I/O) page faults: 0
	Minor (reclaiming a frame) page faults: 1094985
	Voluntary context switches: 36
	Involuntary context switches: 142
	Swaps: 0
	File system inputs: 0
	File system outputs: 2082720
	Socket messages sent: 0
	Socket messages received: 0
	Signals delivered: 0
	Page size (bytes): 4096
	Exit status: 0
DRAT_W_TIME,	Elapsed (wall clock) time (h:mm:ss or m:ss): 8:08.41
c turning on binary mode checking
c parsing input formula with 1031 variables and 3583 clauses
c finished parsing, read 340568136 bytes from proof file
c detected empty clause; start verification via backward checking
c 985 of 3583 clauses in core                            
c 3388809 of 3786707 lemmas in core using 113655456 resolution steps
c 0 RAT lemmas in core; 5 redundant literals in core lemmas
s VERIFIED
c verification time: 488.359 seconds
LRAT_SIZE: 1041360	/local_ssd/proof.lrat
s VERIFIED
/local_ssd/proof.lrat
	Command being timed: "/nfs/scratch/bzchartu/programs/maplechronobt_proof_analyze/drat-trim/lrat-check /nfs/scratch/bzchartu/unsat_2018_solved/gto_p60c235.cnf /local_ssd/proof.lrat"
	User time (seconds): 24.16
	System time (seconds): 0.34
	Percent of CPU this job got: 99%
	Elapsed (wall clock) time (h:mm:ss or m:ss): 0:24.63
	Average shared text size (kbytes): 0
	Average unshared data size (kbytes): 0
	Average stack size (kbytes): 0
	Average total size (kbytes): 0
	Maximum resident set size (kbytes): 320196
	Average resident set size (kbytes): 0
	Major (requiring I/O) page faults: 0
	Minor (reclaiming a frame) page faults: 105035
	Voluntary context switches: 29
	Involuntary context switches: 8
	Swaps: 0
	File system inputs: 0
	File system outputs: 8
	Socket messages sent: 0
	Socket messages received: 0
	Signals delivered: 0
	Page size (bytes): 4096
	Exit status: 0
LRAT_W_TIME,	Elapsed (wall clock) time (h:mm:ss or m:ss): 0:24.63
c parsed a formula with 1031 variables and 3583 clauses
c VERIFIED
c Added clauses = 3392392.  Deleted clauses = 3392274.  Max live clauses = 15576
c verification time = 24.49 secs
c VERIFIED
OVERVIEW_HEADER,benchmark,solve mem,solve time,drat kb,drat sec,lrat kb,lrat sec,restarts,decisions,conflicts,propagations
OVERVIEW_CSV,/nfs/scratch/bzchartu/unsat_2018_solved/gto_p60c235.cnf,	Elapsed (wall clock) time (h:mm:ss or m:ss): 2:12.20,	Maximum resident set size (kbytes): 34096,332588	/local_ssd/proof.drat,	Elapsed (wall clock) time (h:mm:ss or m:ss): 8:08.41,1041360	/local_ssd/proof.lrat,	Elapsed (wall clock) time (h:mm:ss or m:ss): 0:24.63,c restarts              : 6353,c decisions             : 4120297        (0.00 % random) (31235 /sec),c conflicts             : 3693778        (28002 /sec),c propagations          : 66032099       (500577 /sec)
