SOLVERNAME,STD
BENCHNAME,/nfs/scratch/bzchartu/unsat_2018_solved/ae_rphp055_04.cnf
running lrb Bench '/nfs/scratch/bzchartu/unsat_2018_solved/ae_rphp055_04.cnf' on cumu01-03
Command exited with non-zero status 20
	Command being timed: "/nfs/scratch/bzchartu/programs/maplechronobt_proof_analyze/sources/simp/glucose_release -det=lrb /nfs/scratch/bzchartu/unsat_2018_solved/ae_rphp055_04.cnf -cpu-lim=10000 -drup-file=/local_ssd/proof.drat"
	User time (seconds): 171.86
	System time (seconds): 0.29
	Percent of CPU this job got: 99%
	Elapsed (wall clock) time (h:mm:ss or m:ss): 2:52.55
	Average shared text size (kbytes): 0
	Average unshared data size (kbytes): 0
	Average stack size (kbytes): 0
	Average total size (kbytes): 0
	Maximum resident set size (kbytes): 67224
	Average resident set size (kbytes): 0
	Major (requiring I/O) page faults: 3
	Minor (reclaiming a frame) page faults: 118172
	Voluntary context switches: 66
	Involuntary context switches: 162
	Swaps: 0
	File system inputs: 39320
	File system outputs: 607504
	Socket messages sent: 0
	Socket messages received: 0
	Signals delivered: 0
	Page size (bytes): 4096
	Exit status: 20
SOLVE_W_TIME,	Elapsed (wall clock) time (h:mm:ss or m:ss): 2:52.55
c This is MapleLCMDistChronoBT.
c WARNING: for repeatability, setting FPU to use double precision
c Analyzer is deactivated by mode: 1 and dyn: 1
c ============================[ Problem Statistics ]=============================
c |                                                                             |
c |  Number of variables:          5185                                         |
c |  Number of clauses:           11996                                         |
c |  Parse time:                   0.01 s                                       |
c |  Eliminated clauses:           0.11 Mb                                      |
c Reduced to 410 vars, 6867 cls (grow=0)
c No iterative elimination performed. (vars=410, c/v ratio=16.7)
c |  Simplification time:          0.03 s                                       |
c |                                                                             |
c running deterministic with LRB
c ============================[ Search Statistics ]==============================
c | Conflicts |          ORIGINAL         |          LEARNT          | Progress |
c |           |    Vars  Clauses Literals |    Limit  Clauses Lit/Cl |          |
c ===============================================================================
c ===============================================================================
c restarts              : 5896
c conflicts             : 3268445        (19018 /sec)
c decisions             : 30645651       (0.00 % random) (178318 /sec)
c propagations          : 124923735      (726892 /sec)
c conflict literals     : 80391900       (25.12 % deleted)
c backtracks            : 3265392        (NCB 100% , CB 0%)
c Memory used           : 90.00 MB
c CPU time              : 171.86 s

s UNSATISFIABLE
DRAT_SIZE: 303744	/local_ssd/proof.drat
s UNSATISFIABLE
/local_ssd/proof.drat
	Command being timed: "/nfs/scratch/bzchartu/programs/maplechronobt_proof_analyze/drat-trim/drat-trim /nfs/scratch/bzchartu/unsat_2018_solved/ae_rphp055_04.cnf /local_ssd/proof.drat -L /local_ssd/proof.lrat -t 200000"
	User time (seconds): 471.32
	System time (seconds): 1.42
	Percent of CPU this job got: 99%
	Elapsed (wall clock) time (h:mm:ss or m:ss): 7:52.76
	Average shared text size (kbytes): 0
	Average unshared data size (kbytes): 0
	Average stack size (kbytes): 0
	Average total size (kbytes): 0
	Maximum resident set size (kbytes): 1057168
	Average resident set size (kbytes): 0
	Major (requiring I/O) page faults: 1
	Minor (reclaiming a frame) page faults: 1072219
	Voluntary context switches: 27
	Involuntary context switches: 549
	Swaps: 0
	File system inputs: 88
	File system outputs: 1223608
	Socket messages sent: 0
	Socket messages received: 0
	Signals delivered: 0
	Page size (bytes): 4096
	Exit status: 0
DRAT_W_TIME,	Elapsed (wall clock) time (h:mm:ss or m:ss): 7:52.76
c turning on binary mode checking
c parsing input formula with 5185 variables and 11996 clauses
c finished parsing, read 311032574 bytes from proof file
c detected empty clause; start verification via backward checking
c 11531 of 11996 clauses in core                            
c 2937966 of 4035907 lemmas in core using 63470698 resolution steps
c 0 RAT lemmas in core; 0 redundant literals in core lemmas
s VERIFIED
c verification time: 472.725 seconds
LRAT_SIZE: 611800	/local_ssd/proof.lrat
s VERIFIED
/local_ssd/proof.lrat
	Command being timed: "/nfs/scratch/bzchartu/programs/maplechronobt_proof_analyze/drat-trim/lrat-check /nfs/scratch/bzchartu/unsat_2018_solved/ae_rphp055_04.cnf /local_ssd/proof.lrat"
	User time (seconds): 14.22
	System time (seconds): 0.19
	Percent of CPU this job got: 99%
	Elapsed (wall clock) time (h:mm:ss or m:ss): 0:14.56
	Average shared text size (kbytes): 0
	Average unshared data size (kbytes): 0
	Average stack size (kbytes): 0
	Average total size (kbytes): 0
	Maximum resident set size (kbytes): 251944
	Average resident set size (kbytes): 0
	Major (requiring I/O) page faults: 0
	Minor (reclaiming a frame) page faults: 87546
	Voluntary context switches: 30
	Involuntary context switches: 19
	Swaps: 0
	File system inputs: 32
	File system outputs: 8
	Socket messages sent: 0
	Socket messages received: 0
	Signals delivered: 0
	Page size (bytes): 4096
	Exit status: 0
LRAT_W_TIME,	Elapsed (wall clock) time (h:mm:ss or m:ss): 0:14.56
c parsed a formula with 5185 variables and 11996 clauses
c VERIFIED
c Added clauses = 2949962.  Deleted clauses = 2949911.  Max live clauses = 44596
c verification time = 14.41 secs
c VERIFIED
OVERVIEW_HEADER,benchmark,solve mem,solve time,drat kb,drat sec,lrat kb,lrat sec,restarts,decisions,conflicts,propagations
OVERVIEW_CSV,/nfs/scratch/bzchartu/unsat_2018_solved/ae_rphp055_04.cnf,	Elapsed (wall clock) time (h:mm:ss or m:ss): 2:52.55,	Maximum resident set size (kbytes): 67224,303744	/local_ssd/proof.drat,	Elapsed (wall clock) time (h:mm:ss or m:ss): 7:52.76,611800	/local_ssd/proof.lrat,	Elapsed (wall clock) time (h:mm:ss or m:ss): 0:14.56,c restarts              : 5896,c decisions             : 30645651       (0.00 % random) (178318 /sec),c conflicts             : 3268445        (19018 /sec),c propagations          : 124923735      (726892 /sec)
